[0.663s] Invoking command in '/home/e-yanthra/Documents/ar_ws/build/sam_bot_nav2_gz': CMAKE_PREFIX_PATH=/home/e-yanthra/Documents/ar_ws/install/ign_ros2_control:/home/e-yanthra/Documents/ar_ws/install/sam_bot_nav2_gz:/home/e-yanthra/Documents/ar_ws/install/navi_test:/home/e-yanthra/Documents/ar_ws/install/ign_ros2_control_demos:/home/e-yanthra/Documents/ar_ws/install/gz_ros2_control_tests:/home/e-yanthra/asc/asc_ws/install/rplidar_ros:/home/e-yanthra/eyrc_hb/hb_task6_ws/install/my_robot_interfaces:/home/e-yanthra/eyrc_hb/hb_task5_ws/install/my_robot_interfaces:/home/e-yanthra/eyrc_hb/hb_task4_ws/install/my_robot_interfaces:/home/e-yanthra/eyrc_hb/hb_task_2_ws/install/my_robot_interfaces:/home/e-yanthra/eyrc_hb/hb_task_2_ws/install/hb_world:/home/e-yanthra/eyrc_hb/hb_task_2_ws/install/hb_bot:/home/e-yanthra/eyrc_hb/hb_task1b_ws/install/my_robot_interfaces:/home/e-yanthra/eyrc_hb/hb_task1a_ws/install/turtlesim:/home/e-yanthra/asc/asc_ws/install/locomotion:/home/e-yanthra/robocon/install/listener:/home/e-yanthra/eyrc_hb/hb_task6_ws/install/hb_task6:/home/e-yanthra/eyrc_hb/hb_task5_ws/install/hb_task5b:/home/e-yanthra/eyrc_hb/hb_task5_ws/install/hb_task4b:/home/e-yanthra/eyrc_hb/hb_task4_ws/install/hb_task4b:/home/e-yanthra/eyrc_hb/hb_task_2_ws/install/hb_task2b:/home/e-yanthra/eyrc_hb/hb_task_2_ws/install/hb_task2a:/home/e-yanthra/eyrc_hb/hb_task1b_ws/install/hb_task_1b:/home/e-yanthra/eyrc_hb/hb_task1a_ws/install/hb_task_1a:/opt/ros/humble CONDA_PROMPT_MODIFIER=(base) /usr/bin/cmake --build /home/e-yanthra/Documents/ar_ws/build/sam_bot_nav2_gz -- -j8 -l8
[0.783s] Invoked command in '/home/e-yanthra/Documents/ar_ws/build/sam_bot_nav2_gz' returned '0': CMAKE_PREFIX_PATH=/home/e-yanthra/Documents/ar_ws/install/ign_ros2_control:/home/e-yanthra/Documents/ar_ws/install/sam_bot_nav2_gz:/home/e-yanthra/Documents/ar_ws/install/navi_test:/home/e-yanthra/Documents/ar_ws/install/ign_ros2_control_demos:/home/e-yanthra/Documents/ar_ws/install/gz_ros2_control_tests:/home/e-yanthra/asc/asc_ws/install/rplidar_ros:/home/e-yanthra/eyrc_hb/hb_task6_ws/install/my_robot_interfaces:/home/e-yanthra/eyrc_hb/hb_task5_ws/install/my_robot_interfaces:/home/e-yanthra/eyrc_hb/hb_task4_ws/install/my_robot_interfaces:/home/e-yanthra/eyrc_hb/hb_task_2_ws/install/my_robot_interfaces:/home/e-yanthra/eyrc_hb/hb_task_2_ws/install/hb_world:/home/e-yanthra/eyrc_hb/hb_task_2_ws/install/hb_bot:/home/e-yanthra/eyrc_hb/hb_task1b_ws/install/my_robot_interfaces:/home/e-yanthra/eyrc_hb/hb_task1a_ws/install/turtlesim:/home/e-yanthra/asc/asc_ws/install/locomotion:/home/e-yanthra/robocon/install/listener:/home/e-yanthra/eyrc_hb/hb_task6_ws/install/hb_task6:/home/e-yanthra/eyrc_hb/hb_task5_ws/install/hb_task5b:/home/e-yanthra/eyrc_hb/hb_task5_ws/install/hb_task4b:/home/e-yanthra/eyrc_hb/hb_task4_ws/install/hb_task4b:/home/e-yanthra/eyrc_hb/hb_task_2_ws/install/hb_task2b:/home/e-yanthra/eyrc_hb/hb_task_2_ws/install/hb_task2a:/home/e-yanthra/eyrc_hb/hb_task1b_ws/install/hb_task_1b:/home/e-yanthra/eyrc_hb/hb_task1a_ws/install/hb_task_1a:/opt/ros/humble CONDA_PROMPT_MODIFIER=(base) /usr/bin/cmake --build /home/e-yanthra/Documents/ar_ws/build/sam_bot_nav2_gz -- -j8 -l8
[0.983s] Invoking command in '/home/e-yanthra/Documents/ar_ws/build/sam_bot_nav2_gz': CMAKE_PREFIX_PATH=/home/e-yanthra/Documents/ar_ws/install/ign_ros2_control:/home/e-yanthra/Documents/ar_ws/install/sam_bot_nav2_gz:/home/e-yanthra/Documents/ar_ws/install/navi_test:/home/e-yanthra/Documents/ar_ws/install/ign_ros2_control_demos:/home/e-yanthra/Documents/ar_ws/install/gz_ros2_control_tests:/home/e-yanthra/asc/asc_ws/install/rplidar_ros:/home/e-yanthra/eyrc_hb/hb_task6_ws/install/my_robot_interfaces:/home/e-yanthra/eyrc_hb/hb_task5_ws/install/my_robot_interfaces:/home/e-yanthra/eyrc_hb/hb_task4_ws/install/my_robot_interfaces:/home/e-yanthra/eyrc_hb/hb_task_2_ws/install/my_robot_interfaces:/home/e-yanthra/eyrc_hb/hb_task_2_ws/install/hb_world:/home/e-yanthra/eyrc_hb/hb_task_2_ws/install/hb_bot:/home/e-yanthra/eyrc_hb/hb_task1b_ws/install/my_robot_interfaces:/home/e-yanthra/eyrc_hb/hb_task1a_ws/install/turtlesim:/home/e-yanthra/asc/asc_ws/install/locomotion:/home/e-yanthra/robocon/install/listener:/home/e-yanthra/eyrc_hb/hb_task6_ws/install/hb_task6:/home/e-yanthra/eyrc_hb/hb_task5_ws/install/hb_task5b:/home/e-yanthra/eyrc_hb/hb_task5_ws/install/hb_task4b:/home/e-yanthra/eyrc_hb/hb_task4_ws/install/hb_task4b:/home/e-yanthra/eyrc_hb/hb_task_2_ws/install/hb_task2b:/home/e-yanthra/eyrc_hb/hb_task_2_ws/install/hb_task2a:/home/e-yanthra/eyrc_hb/hb_task1b_ws/install/hb_task_1b:/home/e-yanthra/eyrc_hb/hb_task1a_ws/install/hb_task_1a:/opt/ros/humble CONDA_PROMPT_MODIFIER=(base) /usr/bin/cmake --install /home/e-yanthra/Documents/ar_ws/build/sam_bot_nav2_gz
[1.017s] -- Install configuration: ""
[1.018s] -- Up-to-date: /home/e-yanthra/Documents/ar_ws/install/sam_bot_nav2_gz/share/sam_bot_nav2_gz/src
[1.018s] -- Up-to-date: /home/e-yanthra/Documents/ar_ws/install/sam_bot_nav2_gz/share/sam_bot_nav2_gz/src/description
[1.018s] -- Up-to-date: /home/e-yanthra/Documents/ar_ws/install/sam_bot_nav2_gz/share/sam_bot_nav2_gz/src/description/sam_bot_description.urdf
[1.018s] -- Up-to-date: /home/e-yanthra/Documents/ar_ws/install/sam_bot_nav2_gz/share/sam_bot_nav2_gz/scripts
[1.019s] -- Up-to-date: /home/e-yanthra/Documents/ar_ws/install/sam_bot_nav2_gz/share/sam_bot_nav2_gz/scripts/follow_waypoints.py
[1.019s] -- Up-to-date: /home/e-yanthra/Documents/ar_ws/install/sam_bot_nav2_gz/share/sam_bot_nav2_gz/scripts/reach_goal.py
[1.019s] -- Up-to-date: /home/e-yanthra/Documents/ar_ws/install/sam_bot_nav2_gz/share/sam_bot_nav2_gz/scripts/__init__.py
[1.020s] -- Up-to-date: /home/e-yanthra/Documents/ar_ws/install/sam_bot_nav2_gz/share/sam_bot_nav2_gz/launch
[1.021s] -- Up-to-date: /home/e-yanthra/Documents/ar_ws/install/sam_bot_nav2_gz/share/sam_bot_nav2_gz/launch/display.launch.py
[1.021s] -- Up-to-date: /home/e-yanthra/Documents/ar_ws/install/sam_bot_nav2_gz/share/sam_bot_nav2_gz/launch/ar_test.launch.py
[1.021s] -- Up-to-date: /home/e-yanthra/Documents/ar_ws/install/sam_bot_nav2_gz/share/sam_bot_nav2_gz/launch/complete_navigation.launch.py
[1.022s] -- Up-to-date: /home/e-yanthra/Documents/ar_ws/install/sam_bot_nav2_gz/share/sam_bot_nav2_gz/rviz
[1.022s] -- Up-to-date: /home/e-yanthra/Documents/ar_ws/install/sam_bot_nav2_gz/share/sam_bot_nav2_gz/rviz/navigation_config.rviz
[1.022s] -- Up-to-date: /home/e-yanthra/Documents/ar_ws/install/sam_bot_nav2_gz/share/sam_bot_nav2_gz/rviz/urdf_config.rviz
[1.023s] -- Up-to-date: /home/e-yanthra/Documents/ar_ws/install/sam_bot_nav2_gz/share/sam_bot_nav2_gz/config
[1.023s] -- Up-to-date: /home/e-yanthra/Documents/ar_ws/install/sam_bot_nav2_gz/share/sam_bot_nav2_gz/config/nav2_params.yaml
[1.024s] -- Up-to-date: /home/e-yanthra/Documents/ar_ws/install/sam_bot_nav2_gz/share/sam_bot_nav2_gz/config/diff_drive_controller_velocity.yaml
[1.024s] -- Up-to-date: /home/e-yanthra/Documents/ar_ws/install/sam_bot_nav2_gz/share/sam_bot_nav2_gz/config/ekf.yaml
[1.025s] -- Up-to-date: /home/e-yanthra/Documents/ar_ws/install/sam_bot_nav2_gz/share/sam_bot_nav2_gz/world
[1.025s] -- Up-to-date: /home/e-yanthra/Documents/ar_ws/install/sam_bot_nav2_gz/share/sam_bot_nav2_gz/world/empty.sdf
[1.025s] -- Up-to-date: /home/e-yanthra/Documents/ar_ws/install/sam_bot_nav2_gz/share/sam_bot_nav2_gz/models
[1.025s] -- Up-to-date: /home/e-yanthra/Documents/ar_ws/install/sam_bot_nav2_gz/share/sam_bot_nav2_gz/models/Grey Wall Small
[1.026s] -- Up-to-date: /home/e-yanthra/Documents/ar_ws/install/sam_bot_nav2_gz/share/sam_bot_nav2_gz/models/Grey Wall Small/model.sdf
[1.026s] -- Up-to-date: /home/e-yanthra/Documents/ar_ws/install/sam_bot_nav2_gz/share/sam_bot_nav2_gz/models/Grey Wall Small/model-1_3.sdf
[1.026s] -- Up-to-date: /home/e-yanthra/Documents/ar_ws/install/sam_bot_nav2_gz/share/sam_bot_nav2_gz/models/Grey Wall Small/model-1_4.sdf
[1.026s] -- Up-to-date: /home/e-yanthra/Documents/ar_ws/install/sam_bot_nav2_gz/share/sam_bot_nav2_gz/models/Grey Wall Small/materials
[1.026s] -- Up-to-date: /home/e-yanthra/Documents/ar_ws/install/sam_bot_nav2_gz/share/sam_bot_nav2_gz/models/Grey Wall Small/materials/scripts
[1.027s] -- Up-to-date: /home/e-yanthra/Documents/ar_ws/install/sam_bot_nav2_gz/share/sam_bot_nav2_gz/models/Grey Wall Small/materials/scripts/grey_wall.material
[1.027s] -- Up-to-date: /home/e-yanthra/Documents/ar_ws/install/sam_bot_nav2_gz/share/sam_bot_nav2_gz/models/Grey Wall Small/materials/textures
[1.027s] -- Up-to-date: /home/e-yanthra/Documents/ar_ws/install/sam_bot_nav2_gz/share/sam_bot_nav2_gz/models/Grey Wall Small/materials/textures/grey_wall.png
[1.027s] -- Up-to-date: /home/e-yanthra/Documents/ar_ws/install/sam_bot_nav2_gz/share/sam_bot_nav2_gz/models/Grey Wall Small/model.config
[1.027s] -- Up-to-date: /home/e-yanthra/Documents/ar_ws/install/sam_bot_nav2_gz/share/sam_bot_nav2_gz/models/Grey Wall Small/thumbnails
[1.027s] -- Up-to-date: /home/e-yanthra/Documents/ar_ws/install/sam_bot_nav2_gz/share/sam_bot_nav2_gz/models/Grey Wall Small/thumbnails/2.png
[1.028s] -- Up-to-date: /home/e-yanthra/Documents/ar_ws/install/sam_bot_nav2_gz/share/sam_bot_nav2_gz/models/Grey Wall Small/thumbnails/5.png
[1.028s] -- Up-to-date: /home/e-yanthra/Documents/ar_ws/install/sam_bot_nav2_gz/share/sam_bot_nav2_gz/models/Grey Wall Small/thumbnails/1.png
[1.028s] -- Up-to-date: /home/e-yanthra/Documents/ar_ws/install/sam_bot_nav2_gz/share/sam_bot_nav2_gz/models/Grey Wall Small/thumbnails/4.png
[1.028s] -- Up-to-date: /home/e-yanthra/Documents/ar_ws/install/sam_bot_nav2_gz/share/sam_bot_nav2_gz/models/Grey Wall Small/thumbnails/3.png
[1.028s] -- Up-to-date: /home/e-yanthra/Documents/ar_ws/install/sam_bot_nav2_gz/share/sam_bot_nav2_gz/models/obstacle box
[1.029s] -- Up-to-date: /home/e-yanthra/Documents/ar_ws/install/sam_bot_nav2_gz/share/sam_bot_nav2_gz/models/obstacle box/model.sdf
[1.029s] -- Up-to-date: /home/e-yanthra/Documents/ar_ws/install/sam_bot_nav2_gz/share/sam_bot_nav2_gz/models/obstacle box/model-1_3.sdf
[1.029s] -- Up-to-date: /home/e-yanthra/Documents/ar_ws/install/sam_bot_nav2_gz/share/sam_bot_nav2_gz/models/obstacle box/model-1_4.sdf
[1.029s] -- Up-to-date: /home/e-yanthra/Documents/ar_ws/install/sam_bot_nav2_gz/share/sam_bot_nav2_gz/models/obstacle box/materials
[1.029s] -- Up-to-date: /home/e-yanthra/Documents/ar_ws/install/sam_bot_nav2_gz/share/sam_bot_nav2_gz/models/obstacle box/materials/scripts
[1.029s] -- Up-to-date: /home/e-yanthra/Documents/ar_ws/install/sam_bot_nav2_gz/share/sam_bot_nav2_gz/models/obstacle box/materials/scripts/grey_wall.material
[1.030s] -- Up-to-date: /home/e-yanthra/Documents/ar_ws/install/sam_bot_nav2_gz/share/sam_bot_nav2_gz/models/obstacle box/materials/textures
[1.030s] -- Up-to-date: /home/e-yanthra/Documents/ar_ws/install/sam_bot_nav2_gz/share/sam_bot_nav2_gz/models/obstacle box/materials/textures/grey_wall.png
[1.030s] -- Up-to-date: /home/e-yanthra/Documents/ar_ws/install/sam_bot_nav2_gz/share/sam_bot_nav2_gz/models/obstacle box/model.config
[1.030s] -- Up-to-date: /home/e-yanthra/Documents/ar_ws/install/sam_bot_nav2_gz/share/sam_bot_nav2_gz/models/obstacle box/thumbnails
[1.030s] -- Up-to-date: /home/e-yanthra/Documents/ar_ws/install/sam_bot_nav2_gz/share/sam_bot_nav2_gz/models/obstacle box/thumbnails/2.png
[1.031s] -- Up-to-date: /home/e-yanthra/Documents/ar_ws/install/sam_bot_nav2_gz/share/sam_bot_nav2_gz/models/obstacle box/thumbnails/5.png
[1.031s] -- Up-to-date: /home/e-yanthra/Documents/ar_ws/install/sam_bot_nav2_gz/share/sam_bot_nav2_gz/models/obstacle box/thumbnails/1.png
[1.031s] -- Up-to-date: /home/e-yanthra/Documents/ar_ws/install/sam_bot_nav2_gz/share/sam_bot_nav2_gz/models/obstacle box/thumbnails/4.png
[1.031s] -- Up-to-date: /home/e-yanthra/Documents/ar_ws/install/sam_bot_nav2_gz/share/sam_bot_nav2_gz/models/obstacle box/thumbnails/3.png
[1.031s] -- Up-to-date: /home/e-yanthra/Documents/ar_ws/install/sam_bot_nav2_gz/share/sam_bot_nav2_gz/models/Grey Wall
[1.032s] -- Up-to-date: /home/e-yanthra/Documents/ar_ws/install/sam_bot_nav2_gz/share/sam_bot_nav2_gz/models/Grey Wall/model.sdf
[1.032s] -- Up-to-date: /home/e-yanthra/Documents/ar_ws/install/sam_bot_nav2_gz/share/sam_bot_nav2_gz/models/Grey Wall/model-1_3.sdf
[1.032s] -- Up-to-date: /home/e-yanthra/Documents/ar_ws/install/sam_bot_nav2_gz/share/sam_bot_nav2_gz/models/Grey Wall/model-1_4.sdf
[1.032s] -- Up-to-date: /home/e-yanthra/Documents/ar_ws/install/sam_bot_nav2_gz/share/sam_bot_nav2_gz/models/Grey Wall/materials
[1.032s] -- Up-to-date: /home/e-yanthra/Documents/ar_ws/install/sam_bot_nav2_gz/share/sam_bot_nav2_gz/models/Grey Wall/materials/scripts
[1.032s] -- Up-to-date: /home/e-yanthra/Documents/ar_ws/install/sam_bot_nav2_gz/share/sam_bot_nav2_gz/models/Grey Wall/materials/scripts/grey_wall.material
[1.033s] -- Up-to-date: /home/e-yanthra/Documents/ar_ws/install/sam_bot_nav2_gz/share/sam_bot_nav2_gz/models/Grey Wall/materials/textures
[1.033s] -- Up-to-date: /home/e-yanthra/Documents/ar_ws/install/sam_bot_nav2_gz/share/sam_bot_nav2_gz/models/Grey Wall/materials/textures/grey_wall.png
[1.033s] -- Up-to-date: /home/e-yanthra/Documents/ar_ws/install/sam_bot_nav2_gz/share/sam_bot_nav2_gz/models/Grey Wall/model.config
[1.033s] -- Up-to-date: /home/e-yanthra/Documents/ar_ws/install/sam_bot_nav2_gz/share/sam_bot_nav2_gz/models/Grey Wall/thumbnails
[1.033s] -- Up-to-date: /home/e-yanthra/Documents/ar_ws/install/sam_bot_nav2_gz/share/sam_bot_nav2_gz/models/Grey Wall/thumbnails/2.png
[1.034s] -- Up-to-date: /home/e-yanthra/Documents/ar_ws/install/sam_bot_nav2_gz/share/sam_bot_nav2_gz/models/Grey Wall/thumbnails/5.png
[1.034s] -- Up-to-date: /home/e-yanthra/Documents/ar_ws/install/sam_bot_nav2_gz/share/sam_bot_nav2_gz/models/Grey Wall/thumbnails/1.png
[1.034s] -- Up-to-date: /home/e-yanthra/Documents/ar_ws/install/sam_bot_nav2_gz/share/sam_bot_nav2_gz/models/Grey Wall/thumbnails/4.png
[1.034s] -- Up-to-date: /home/e-yanthra/Documents/ar_ws/install/sam_bot_nav2_gz/share/sam_bot_nav2_gz/models/Grey Wall/thumbnails/3.png
[1.034s] -- Up-to-date: /home/e-yanthra/Documents/ar_ws/install/sam_bot_nav2_gz/share/sam_bot_nav2_gz/models/TurtlebotArena
[1.035s] -- Up-to-date: /home/e-yanthra/Documents/ar_ws/install/sam_bot_nav2_gz/share/sam_bot_nav2_gz/models/TurtlebotArena/model.sdf
[1.035s] -- Up-to-date: /home/e-yanthra/Documents/ar_ws/install/sam_bot_nav2_gz/share/sam_bot_nav2_gz/models/TurtlebotArena/meshes
[1.035s] -- Up-to-date: /home/e-yanthra/Documents/ar_ws/install/sam_bot_nav2_gz/share/sam_bot_nav2_gz/models/TurtlebotArena/meshes/hexagon.dae
[1.035s] -- Up-to-date: /home/e-yanthra/Documents/ar_ws/install/sam_bot_nav2_gz/share/sam_bot_nav2_gz/models/TurtlebotArena/meshes/wall.dae
[1.035s] -- Up-to-date: /home/e-yanthra/Documents/ar_ws/install/sam_bot_nav2_gz/share/sam_bot_nav2_gz/models/TurtlebotArena/model.config
[1.036s] -- Up-to-date: /home/e-yanthra/Documents/ar_ws/install/sam_bot_nav2_gz/lib/sam_bot_nav2_gz/reach_goal.py
[1.036s] -- Up-to-date: /home/e-yanthra/Documents/ar_ws/install/sam_bot_nav2_gz/lib/sam_bot_nav2_gz/follow_waypoints.py
[1.036s] -- Up-to-date: /home/e-yanthra/Documents/ar_ws/install/sam_bot_nav2_gz/share/ament_index/resource_index/package_run_dependencies/sam_bot_nav2_gz
[1.036s] -- Up-to-date: /home/e-yanthra/Documents/ar_ws/install/sam_bot_nav2_gz/share/ament_index/resource_index/parent_prefix_path/sam_bot_nav2_gz
[1.037s] -- Up-to-date: /home/e-yanthra/Documents/ar_ws/install/sam_bot_nav2_gz/share/sam_bot_nav2_gz/environment/ament_prefix_path.sh
[1.037s] -- Up-to-date: /home/e-yanthra/Documents/ar_ws/install/sam_bot_nav2_gz/share/sam_bot_nav2_gz/environment/ament_prefix_path.dsv
[1.037s] -- Up-to-date: /home/e-yanthra/Documents/ar_ws/install/sam_bot_nav2_gz/share/sam_bot_nav2_gz/environment/path.sh
[1.037s] -- Up-to-date: /home/e-yanthra/Documents/ar_ws/install/sam_bot_nav2_gz/share/sam_bot_nav2_gz/environment/path.dsv
[1.037s] -- Up-to-date: /home/e-yanthra/Documents/ar_ws/install/sam_bot_nav2_gz/share/sam_bot_nav2_gz/local_setup.bash
[1.037s] -- Up-to-date: /home/e-yanthra/Documents/ar_ws/install/sam_bot_nav2_gz/share/sam_bot_nav2_gz/local_setup.sh
[1.038s] -- Up-to-date: /home/e-yanthra/Documents/ar_ws/install/sam_bot_nav2_gz/share/sam_bot_nav2_gz/local_setup.zsh
[1.038s] -- Up-to-date: /home/e-yanthra/Documents/ar_ws/install/sam_bot_nav2_gz/share/sam_bot_nav2_gz/local_setup.dsv
[1.038s] -- Installing: /home/e-yanthra/Documents/ar_ws/install/sam_bot_nav2_gz/share/sam_bot_nav2_gz/package.dsv
[1.039s] -- Up-to-date: /home/e-yanthra/Documents/ar_ws/install/sam_bot_nav2_gz/share/ament_index/resource_index/packages/sam_bot_nav2_gz
[1.039s] -- Up-to-date: /home/e-yanthra/Documents/ar_ws/install/sam_bot_nav2_gz/share/sam_bot_nav2_gz/cmake/sam_bot_nav2_gzConfig.cmake
[1.039s] -- Up-to-date: /home/e-yanthra/Documents/ar_ws/install/sam_bot_nav2_gz/share/sam_bot_nav2_gz/cmake/sam_bot_nav2_gzConfig-version.cmake
[1.040s] -- Up-to-date: /home/e-yanthra/Documents/ar_ws/install/sam_bot_nav2_gz/share/sam_bot_nav2_gz/package.xml
[1.067s] Invoked command in '/home/e-yanthra/Documents/ar_ws/build/sam_bot_nav2_gz' returned '0': CMAKE_PREFIX_PATH=/home/e-yanthra/Documents/ar_ws/install/ign_ros2_control:/home/e-yanthra/Documents/ar_ws/install/sam_bot_nav2_gz:/home/e-yanthra/Documents/ar_ws/install/navi_test:/home/e-yanthra/Documents/ar_ws/install/ign_ros2_control_demos:/home/e-yanthra/Documents/ar_ws/install/gz_ros2_control_tests:/home/e-yanthra/asc/asc_ws/install/rplidar_ros:/home/e-yanthra/eyrc_hb/hb_task6_ws/install/my_robot_interfaces:/home/e-yanthra/eyrc_hb/hb_task5_ws/install/my_robot_interfaces:/home/e-yanthra/eyrc_hb/hb_task4_ws/install/my_robot_interfaces:/home/e-yanthra/eyrc_hb/hb_task_2_ws/install/my_robot_interfaces:/home/e-yanthra/eyrc_hb/hb_task_2_ws/install/hb_world:/home/e-yanthra/eyrc_hb/hb_task_2_ws/install/hb_bot:/home/e-yanthra/eyrc_hb/hb_task1b_ws/install/my_robot_interfaces:/home/e-yanthra/eyrc_hb/hb_task1a_ws/install/turtlesim:/home/e-yanthra/asc/asc_ws/install/locomotion:/home/e-yanthra/robocon/install/listener:/home/e-yanthra/eyrc_hb/hb_task6_ws/install/hb_task6:/home/e-yanthra/eyrc_hb/hb_task5_ws/install/hb_task5b:/home/e-yanthra/eyrc_hb/hb_task5_ws/install/hb_task4b:/home/e-yanthra/eyrc_hb/hb_task4_ws/install/hb_task4b:/home/e-yanthra/eyrc_hb/hb_task_2_ws/install/hb_task2b:/home/e-yanthra/eyrc_hb/hb_task_2_ws/install/hb_task2a:/home/e-yanthra/eyrc_hb/hb_task1b_ws/install/hb_task_1b:/home/e-yanthra/eyrc_hb/hb_task1a_ws/install/hb_task_1a:/opt/ros/humble CONDA_PROMPT_MODIFIER=(base) /usr/bin/cmake --install /home/e-yanthra/Documents/ar_ws/build/sam_bot_nav2_gz
