[0.994s] Invoking command in '/home/e-yanthra/Documents/ar_ws/build/ign_ros2_control': CMAKE_PREFIX_PATH=${CMAKE_PREFIX_PATH}:/home/e-yanthra/asc/asc_ws/install/locomotion:/home/e-yanthra/robocon/install/listener:/home/e-yanthra/eyrc_hb/hb_task6_ws/install/hb_task6:/home/e-yanthra/eyrc_hb/hb_task5_ws/install/hb_task5b:/home/e-yanthra/eyrc_hb/hb_task5_ws/install/hb_task4b:/home/e-yanthra/eyrc_hb/hb_task4_ws/install/hb_task4b:/home/e-yanthra/eyrc_hb/hb_task_2_ws/install/hb_task2b:/home/e-yanthra/eyrc_hb/hb_task_2_ws/install/hb_task2a:/home/e-yanthra/eyrc_hb/hb_task1b_ws/install/hb_task_1b:/home/e-yanthra/eyrc_hb/hb_task1a_ws/install/hb_task_1a:/opt/ros/humble /usr/bin/cmake --build /home/e-yanthra/Documents/ar_ws/build/ign_ros2_control -- -j8 -l8
[1.169s] [ 50%] Built target ign_hardware_plugins
[1.170s] [100%] Built target ign_ros2_control-system
[1.208s] Invoked command in '/home/e-yanthra/Documents/ar_ws/build/ign_ros2_control' returned '0': CMAKE_PREFIX_PATH=${CMAKE_PREFIX_PATH}:/home/e-yanthra/asc/asc_ws/install/locomotion:/home/e-yanthra/robocon/install/listener:/home/e-yanthra/eyrc_hb/hb_task6_ws/install/hb_task6:/home/e-yanthra/eyrc_hb/hb_task5_ws/install/hb_task5b:/home/e-yanthra/eyrc_hb/hb_task5_ws/install/hb_task4b:/home/e-yanthra/eyrc_hb/hb_task4_ws/install/hb_task4b:/home/e-yanthra/eyrc_hb/hb_task_2_ws/install/hb_task2b:/home/e-yanthra/eyrc_hb/hb_task_2_ws/install/hb_task2a:/home/e-yanthra/eyrc_hb/hb_task1b_ws/install/hb_task_1b:/home/e-yanthra/eyrc_hb/hb_task1a_ws/install/hb_task_1a:/opt/ros/humble /usr/bin/cmake --build /home/e-yanthra/Documents/ar_ws/build/ign_ros2_control -- -j8 -l8
[1.334s] Invoking command in '/home/e-yanthra/Documents/ar_ws/build/ign_ros2_control': CMAKE_PREFIX_PATH=${CMAKE_PREFIX_PATH}:/home/e-yanthra/asc/asc_ws/install/locomotion:/home/e-yanthra/robocon/install/listener:/home/e-yanthra/eyrc_hb/hb_task6_ws/install/hb_task6:/home/e-yanthra/eyrc_hb/hb_task5_ws/install/hb_task5b:/home/e-yanthra/eyrc_hb/hb_task5_ws/install/hb_task4b:/home/e-yanthra/eyrc_hb/hb_task4_ws/install/hb_task4b:/home/e-yanthra/eyrc_hb/hb_task_2_ws/install/hb_task2b:/home/e-yanthra/eyrc_hb/hb_task_2_ws/install/hb_task2a:/home/e-yanthra/eyrc_hb/hb_task1b_ws/install/hb_task_1b:/home/e-yanthra/eyrc_hb/hb_task1a_ws/install/hb_task_1a:/opt/ros/humble /usr/bin/cmake --install /home/e-yanthra/Documents/ar_ws/build/ign_ros2_control
[1.356s] -- Install configuration: ""
[1.359s] -- Up-to-date: /home/e-yanthra/Documents/ar_ws/install/ign_ros2_control/lib/libign_hardware_plugins.so
[1.359s] -- Up-to-date: /home/e-yanthra/Documents/ar_ws/install/ign_ros2_control/include
[1.360s] -- Up-to-date: /home/e-yanthra/Documents/ar_ws/install/ign_ros2_control/include/ign_ros2_control
[1.360s] -- Up-to-date: /home/e-yanthra/Documents/ar_ws/install/ign_ros2_control/include/ign_ros2_control/ign_system_interface.hpp
[1.361s] -- Up-to-date: /home/e-yanthra/Documents/ar_ws/install/ign_ros2_control/include/ign_ros2_control/ign_system.hpp
[1.361s] -- Up-to-date: /home/e-yanthra/Documents/ar_ws/install/ign_ros2_control/include/ign_ros2_control/ign_ros2_control_plugin.hpp
[1.361s] -- Up-to-date: /home/e-yanthra/Documents/ar_ws/install/ign_ros2_control/share/ign_ros2_control/environment/library_path.sh
[1.361s] -- Up-to-date: /home/e-yanthra/Documents/ar_ws/install/ign_ros2_control/share/ign_ros2_control/environment/library_path.dsv
[1.362s] -- Up-to-date: /home/e-yanthra/Documents/ar_ws/install/ign_ros2_control/lib/libign_ros2_control-system.so
[1.362s] -- Up-to-date: /home/e-yanthra/Documents/ar_ws/install/ign_ros2_control/share/ign_ros2_control/ign_hardware_plugins.xml
[1.362s] -- Up-to-date: /home/e-yanthra/Documents/ar_ws/install/ign_ros2_control/share/ament_index/resource_index/package_run_dependencies/ign_ros2_control
[1.362s] -- Up-to-date: /home/e-yanthra/Documents/ar_ws/install/ign_ros2_control/share/ament_index/resource_index/parent_prefix_path/ign_ros2_control
[1.363s] -- Up-to-date: /home/e-yanthra/Documents/ar_ws/install/ign_ros2_control/share/ign_ros2_control/environment/ament_prefix_path.sh
[1.363s] -- Up-to-date: /home/e-yanthra/Documents/ar_ws/install/ign_ros2_control/share/ign_ros2_control/environment/ament_prefix_path.dsv
[1.363s] -- Up-to-date: /home/e-yanthra/Documents/ar_ws/install/ign_ros2_control/share/ign_ros2_control/environment/path.sh
[1.368s] -- Up-to-date: /home/e-yanthra/Documents/ar_ws/install/ign_ros2_control/share/ign_ros2_control/environment/path.dsv
[1.368s] -- Up-to-date: /home/e-yanthra/Documents/ar_ws/install/ign_ros2_control/share/ign_ros2_control/local_setup.bash
[1.369s] -- Up-to-date: /home/e-yanthra/Documents/ar_ws/install/ign_ros2_control/share/ign_ros2_control/local_setup.sh
[1.370s] -- Up-to-date: /home/e-yanthra/Documents/ar_ws/install/ign_ros2_control/share/ign_ros2_control/local_setup.zsh
[1.371s] -- Up-to-date: /home/e-yanthra/Documents/ar_ws/install/ign_ros2_control/share/ign_ros2_control/local_setup.dsv
[1.372s] -- Installing: /home/e-yanthra/Documents/ar_ws/install/ign_ros2_control/share/ign_ros2_control/package.dsv
[1.373s] -- Up-to-date: /home/e-yanthra/Documents/ar_ws/install/ign_ros2_control/share/ament_index/resource_index/packages/ign_ros2_control
[1.374s] -- Up-to-date: /home/e-yanthra/Documents/ar_ws/install/ign_ros2_control/share/ament_index/resource_index/ign_ros2_control__pluginlib__plugin/ign_ros2_control
[1.374s] -- Up-to-date: /home/e-yanthra/Documents/ar_ws/install/ign_ros2_control/share/ign_ros2_control/cmake/ament_cmake_export_include_directories-extras.cmake
[1.375s] -- Up-to-date: /home/e-yanthra/Documents/ar_ws/install/ign_ros2_control/share/ign_ros2_control/cmake/ament_cmake_export_libraries-extras.cmake
[1.375s] -- Up-to-date: /home/e-yanthra/Documents/ar_ws/install/ign_ros2_control/share/ign_ros2_control/cmake/ign_ros2_controlConfig.cmake
[1.376s] -- Up-to-date: /home/e-yanthra/Documents/ar_ws/install/ign_ros2_control/share/ign_ros2_control/cmake/ign_ros2_controlConfig-version.cmake
[1.376s] -- Up-to-date: /home/e-yanthra/Documents/ar_ws/install/ign_ros2_control/share/ign_ros2_control/package.xml
[1.377s] Invoked command in '/home/e-yanthra/Documents/ar_ws/build/ign_ros2_control' returned '0': CMAKE_PREFIX_PATH=${CMAKE_PREFIX_PATH}:/home/e-yanthra/asc/asc_ws/install/locomotion:/home/e-yanthra/robocon/install/listener:/home/e-yanthra/eyrc_hb/hb_task6_ws/install/hb_task6:/home/e-yanthra/eyrc_hb/hb_task5_ws/install/hb_task5b:/home/e-yanthra/eyrc_hb/hb_task5_ws/install/hb_task4b:/home/e-yanthra/eyrc_hb/hb_task4_ws/install/hb_task4b:/home/e-yanthra/eyrc_hb/hb_task_2_ws/install/hb_task2b:/home/e-yanthra/eyrc_hb/hb_task_2_ws/install/hb_task2a:/home/e-yanthra/eyrc_hb/hb_task1b_ws/install/hb_task_1b:/home/e-yanthra/eyrc_hb/hb_task1a_ws/install/hb_task_1a:/opt/ros/humble /usr/bin/cmake --install /home/e-yanthra/Documents/ar_ws/build/ign_ros2_control
