[1.684s] Invoking command in '/home/e-yanthra/Documents/ar_ws/build/ign_ros2_control_demos': CMAKE_PREFIX_PATH=/home/e-yanthra/Documents/ar_ws/install/ign_ros2_control:/home/e-yanthra/Documents/ar_ws/install/sam_bot_nav2_gz:/home/e-yanthra/Documents/ar_ws/install/navi_test:/home/e-yanthra/Documents/ar_ws/install/ign_ros2_control_demos:/home/e-yanthra/Documents/ar_ws/install/gz_ros2_control_tests:/home/e-yanthra/asc/asc_ws/install/rplidar_ros:/home/e-yanthra/eyrc_hb/hb_task6_ws/install/my_robot_interfaces:/home/e-yanthra/eyrc_hb/hb_task5_ws/install/my_robot_interfaces:/home/e-yanthra/eyrc_hb/hb_task4_ws/install/my_robot_interfaces:/home/e-yanthra/eyrc_hb/hb_task_2_ws/install/my_robot_interfaces:/home/e-yanthra/eyrc_hb/hb_task_2_ws/install/hb_world:/home/e-yanthra/eyrc_hb/hb_task_2_ws/install/hb_bot:/home/e-yanthra/eyrc_hb/hb_task1b_ws/install/my_robot_interfaces:/home/e-yanthra/eyrc_hb/hb_task1a_ws/install/turtlesim:/home/e-yanthra/asc/asc_ws/install/locomotion:/home/e-yanthra/robocon/install/listener:/home/e-yanthra/eyrc_hb/hb_task6_ws/install/hb_task6:/home/e-yanthra/eyrc_hb/hb_task5_ws/install/hb_task5b:/home/e-yanthra/eyrc_hb/hb_task5_ws/install/hb_task4b:/home/e-yanthra/eyrc_hb/hb_task4_ws/install/hb_task4b:/home/e-yanthra/eyrc_hb/hb_task_2_ws/install/hb_task2b:/home/e-yanthra/eyrc_hb/hb_task_2_ws/install/hb_task2a:/home/e-yanthra/eyrc_hb/hb_task1b_ws/install/hb_task_1b:/home/e-yanthra/eyrc_hb/hb_task1a_ws/install/hb_task_1a:/opt/ros/humble CONDA_PROMPT_MODIFIER=(base) /usr/bin/cmake --build /home/e-yanthra/Documents/ar_ws/build/ign_ros2_control_demos -- -j8 -l8
[2.037s] [ 14%] Built target example_position
[2.220s] [ 28%] Built target example_gripper
[2.403s] [ 42%] Built target example_ackermann_drive
[2.567s] [ 57%] Built target example_tricycle_drive
[2.715s] [ 71%] Built target example_diff_drive
[2.894s] [ 85%] Built target example_effort
[3.017s] [100%] Built target example_velocity
[3.701s] Invoked command in '/home/e-yanthra/Documents/ar_ws/build/ign_ros2_control_demos' returned '0': CMAKE_PREFIX_PATH=/home/e-yanthra/Documents/ar_ws/install/ign_ros2_control:/home/e-yanthra/Documents/ar_ws/install/sam_bot_nav2_gz:/home/e-yanthra/Documents/ar_ws/install/navi_test:/home/e-yanthra/Documents/ar_ws/install/ign_ros2_control_demos:/home/e-yanthra/Documents/ar_ws/install/gz_ros2_control_tests:/home/e-yanthra/asc/asc_ws/install/rplidar_ros:/home/e-yanthra/eyrc_hb/hb_task6_ws/install/my_robot_interfaces:/home/e-yanthra/eyrc_hb/hb_task5_ws/install/my_robot_interfaces:/home/e-yanthra/eyrc_hb/hb_task4_ws/install/my_robot_interfaces:/home/e-yanthra/eyrc_hb/hb_task_2_ws/install/my_robot_interfaces:/home/e-yanthra/eyrc_hb/hb_task_2_ws/install/hb_world:/home/e-yanthra/eyrc_hb/hb_task_2_ws/install/hb_bot:/home/e-yanthra/eyrc_hb/hb_task1b_ws/install/my_robot_interfaces:/home/e-yanthra/eyrc_hb/hb_task1a_ws/install/turtlesim:/home/e-yanthra/asc/asc_ws/install/locomotion:/home/e-yanthra/robocon/install/listener:/home/e-yanthra/eyrc_hb/hb_task6_ws/install/hb_task6:/home/e-yanthra/eyrc_hb/hb_task5_ws/install/hb_task5b:/home/e-yanthra/eyrc_hb/hb_task5_ws/install/hb_task4b:/home/e-yanthra/eyrc_hb/hb_task4_ws/install/hb_task4b:/home/e-yanthra/eyrc_hb/hb_task_2_ws/install/hb_task2b:/home/e-yanthra/eyrc_hb/hb_task_2_ws/install/hb_task2a:/home/e-yanthra/eyrc_hb/hb_task1b_ws/install/hb_task_1b:/home/e-yanthra/eyrc_hb/hb_task1a_ws/install/hb_task_1a:/opt/ros/humble CONDA_PROMPT_MODIFIER=(base) /usr/bin/cmake --build /home/e-yanthra/Documents/ar_ws/build/ign_ros2_control_demos -- -j8 -l8
[3.970s] Invoking command in '/home/e-yanthra/Documents/ar_ws/build/ign_ros2_control_demos': CMAKE_PREFIX_PATH=/home/e-yanthra/Documents/ar_ws/install/ign_ros2_control:/home/e-yanthra/Documents/ar_ws/install/sam_bot_nav2_gz:/home/e-yanthra/Documents/ar_ws/install/navi_test:/home/e-yanthra/Documents/ar_ws/install/ign_ros2_control_demos:/home/e-yanthra/Documents/ar_ws/install/gz_ros2_control_tests:/home/e-yanthra/asc/asc_ws/install/rplidar_ros:/home/e-yanthra/eyrc_hb/hb_task6_ws/install/my_robot_interfaces:/home/e-yanthra/eyrc_hb/hb_task5_ws/install/my_robot_interfaces:/home/e-yanthra/eyrc_hb/hb_task4_ws/install/my_robot_interfaces:/home/e-yanthra/eyrc_hb/hb_task_2_ws/install/my_robot_interfaces:/home/e-yanthra/eyrc_hb/hb_task_2_ws/install/hb_world:/home/e-yanthra/eyrc_hb/hb_task_2_ws/install/hb_bot:/home/e-yanthra/eyrc_hb/hb_task1b_ws/install/my_robot_interfaces:/home/e-yanthra/eyrc_hb/hb_task1a_ws/install/turtlesim:/home/e-yanthra/asc/asc_ws/install/locomotion:/home/e-yanthra/robocon/install/listener:/home/e-yanthra/eyrc_hb/hb_task6_ws/install/hb_task6:/home/e-yanthra/eyrc_hb/hb_task5_ws/install/hb_task5b:/home/e-yanthra/eyrc_hb/hb_task5_ws/install/hb_task4b:/home/e-yanthra/eyrc_hb/hb_task4_ws/install/hb_task4b:/home/e-yanthra/eyrc_hb/hb_task_2_ws/install/hb_task2b:/home/e-yanthra/eyrc_hb/hb_task_2_ws/install/hb_task2a:/home/e-yanthra/eyrc_hb/hb_task1b_ws/install/hb_task_1b:/home/e-yanthra/eyrc_hb/hb_task1a_ws/install/hb_task_1a:/opt/ros/humble CONDA_PROMPT_MODIFIER=(base) /usr/bin/cmake --install /home/e-yanthra/Documents/ar_ws/build/ign_ros2_control_demos
[4.002s] -- Install configuration: ""
[4.003s] -- Up-to-date: /home/e-yanthra/Documents/ar_ws/install/ign_ros2_control_demos/share/ign_ros2_control_demos//launch
[4.003s] -- Up-to-date: /home/e-yanthra/Documents/ar_ws/install/ign_ros2_control_demos/share/ign_ros2_control_demos//launch/cart_example_position.launch.py
[4.003s] -- Up-to-date: /home/e-yanthra/Documents/ar_ws/install/ign_ros2_control_demos/share/ign_ros2_control_demos//launch/diff_drive_example.launch.py
[4.003s] -- Up-to-date: /home/e-yanthra/Documents/ar_ws/install/ign_ros2_control_demos/share/ign_ros2_control_demos//launch/gripper_mimic_joint_example.launch.py
[4.003s] -- Up-to-date: /home/e-yanthra/Documents/ar_ws/install/ign_ros2_control_demos/share/ign_ros2_control_demos//launch/diff_drive_example_namespaced.launch.py
[4.004s] -- Up-to-date: /home/e-yanthra/Documents/ar_ws/install/ign_ros2_control_demos/share/ign_ros2_control_demos//launch/pendulum_example_position.launch.py
[4.009s] -- Up-to-date: /home/e-yanthra/Documents/ar_ws/install/ign_ros2_control_demos/share/ign_ros2_control_demos//launch/tricycle_drive_example.launch.py
[4.009s] -- Up-to-date: /home/e-yanthra/Documents/ar_ws/install/ign_ros2_control_demos/share/ign_ros2_control_demos//launch/cart_example_velocity.launch.py
[4.010s] -- Up-to-date: /home/e-yanthra/Documents/ar_ws/install/ign_ros2_control_demos/share/ign_ros2_control_demos//launch/cart_example_effort.launch.py
[4.010s] -- Up-to-date: /home/e-yanthra/Documents/ar_ws/install/ign_ros2_control_demos/share/ign_ros2_control_demos//launch/pendulum_example_effort.launch.py
[4.011s] -- Up-to-date: /home/e-yanthra/Documents/ar_ws/install/ign_ros2_control_demos/share/ign_ros2_control_demos//launch/ackermann_drive_example.launch.py
[4.011s] -- Up-to-date: /home/e-yanthra/Documents/ar_ws/install/ign_ros2_control_demos/share/ign_ros2_control_demos//config
[4.012s] -- Up-to-date: /home/e-yanthra/Documents/ar_ws/install/ign_ros2_control_demos/share/ign_ros2_control_demos//config/tricycle_drive_controller.yaml
[4.012s] -- Up-to-date: /home/e-yanthra/Documents/ar_ws/install/ign_ros2_control_demos/share/ign_ros2_control_demos//config/gripper_controller.yaml
[4.012s] -- Up-to-date: /home/e-yanthra/Documents/ar_ws/install/ign_ros2_control_demos/share/ign_ros2_control_demos//config/ackermann_drive_controller.yaml
[4.013s] -- Up-to-date: /home/e-yanthra/Documents/ar_ws/install/ign_ros2_control_demos/share/ign_ros2_control_demos//config/cart_controller_effort.yaml
[4.013s] -- Up-to-date: /home/e-yanthra/Documents/ar_ws/install/ign_ros2_control_demos/share/ign_ros2_control_demos//config/cart_controller_velocity.yaml
[4.013s] -- Up-to-date: /home/e-yanthra/Documents/ar_ws/install/ign_ros2_control_demos/share/ign_ros2_control_demos//config/diff_drive_controller.yaml
[4.013s] -- Up-to-date: /home/e-yanthra/Documents/ar_ws/install/ign_ros2_control_demos/share/ign_ros2_control_demos//config/cart_controller_position.yaml
[4.014s] -- Up-to-date: /home/e-yanthra/Documents/ar_ws/install/ign_ros2_control_demos/share/ign_ros2_control_demos//urdf
[4.017s] -- Up-to-date: /home/e-yanthra/Documents/ar_ws/install/ign_ros2_control_demos/share/ign_ros2_control_demos//urdf/test_diff_drive.xacro.urdf
[4.018s] -- Up-to-date: /home/e-yanthra/Documents/ar_ws/install/ign_ros2_control_demos/share/ign_ros2_control_demos//urdf/test_tricycle_drive.xacro.urdf
[4.019s] -- Up-to-date: /home/e-yanthra/Documents/ar_ws/install/ign_ros2_control_demos/share/ign_ros2_control_demos//urdf/test_pendulum_effort.xacro.urdf
[4.019s] -- Up-to-date: /home/e-yanthra/Documents/ar_ws/install/ign_ros2_control_demos/share/ign_ros2_control_demos//urdf/test_cart_position.xacro.urdf
[4.019s] -- Up-to-date: /home/e-yanthra/Documents/ar_ws/install/ign_ros2_control_demos/share/ign_ros2_control_demos//urdf/test_pendulum_position.xacro.urdf
[4.020s] -- Up-to-date: /home/e-yanthra/Documents/ar_ws/install/ign_ros2_control_demos/share/ign_ros2_control_demos//urdf/test_cart_effort.xacro.urdf
[4.021s] -- Up-to-date: /home/e-yanthra/Documents/ar_ws/install/ign_ros2_control_demos/share/ign_ros2_control_demos//urdf/test_cart_velocity.xacro.urdf
[4.021s] -- Up-to-date: /home/e-yanthra/Documents/ar_ws/install/ign_ros2_control_demos/share/ign_ros2_control_demos//urdf/test_gripper_mimic_joint.xacro.urdf
[4.021s] -- Up-to-date: /home/e-yanthra/Documents/ar_ws/install/ign_ros2_control_demos/share/ign_ros2_control_demos//urdf/test_ackermann_drive.xacro.urdf
[4.021s] -- Up-to-date: /home/e-yanthra/Documents/ar_ws/install/ign_ros2_control_demos/lib/ign_ros2_control_demos/example_position
[4.022s] -- Up-to-date: /home/e-yanthra/Documents/ar_ws/install/ign_ros2_control_demos/lib/ign_ros2_control_demos/example_velocity
[4.022s] -- Up-to-date: /home/e-yanthra/Documents/ar_ws/install/ign_ros2_control_demos/lib/ign_ros2_control_demos/example_effort
[4.022s] -- Up-to-date: /home/e-yanthra/Documents/ar_ws/install/ign_ros2_control_demos/lib/ign_ros2_control_demos/example_diff_drive
[4.022s] -- Up-to-date: /home/e-yanthra/Documents/ar_ws/install/ign_ros2_control_demos/lib/ign_ros2_control_demos/example_tricycle_drive
[4.022s] -- Up-to-date: /home/e-yanthra/Documents/ar_ws/install/ign_ros2_control_demos/lib/ign_ros2_control_demos/example_ackermann_drive
[4.023s] -- Up-to-date: /home/e-yanthra/Documents/ar_ws/install/ign_ros2_control_demos/lib/ign_ros2_control_demos/example_gripper
[4.023s] -- Up-to-date: /home/e-yanthra/Documents/ar_ws/install/ign_ros2_control_demos/share/ament_index/resource_index/package_run_dependencies/ign_ros2_control_demos
[4.028s] -- Up-to-date: /home/e-yanthra/Documents/ar_ws/install/ign_ros2_control_demos/share/ament_index/resource_index/parent_prefix_path/ign_ros2_control_demos
[4.029s] -- Up-to-date: /home/e-yanthra/Documents/ar_ws/install/ign_ros2_control_demos/share/ign_ros2_control_demos/environment/ament_prefix_path.sh
[4.029s] -- Up-to-date: /home/e-yanthra/Documents/ar_ws/install/ign_ros2_control_demos/share/ign_ros2_control_demos/environment/ament_prefix_path.dsv
[4.029s] -- Up-to-date: /home/e-yanthra/Documents/ar_ws/install/ign_ros2_control_demos/share/ign_ros2_control_demos/environment/path.sh
[4.030s] -- Up-to-date: /home/e-yanthra/Documents/ar_ws/install/ign_ros2_control_demos/share/ign_ros2_control_demos/environment/path.dsv
[4.030s] -- Up-to-date: /home/e-yanthra/Documents/ar_ws/install/ign_ros2_control_demos/share/ign_ros2_control_demos/local_setup.bash
[4.030s] -- Up-to-date: /home/e-yanthra/Documents/ar_ws/install/ign_ros2_control_demos/share/ign_ros2_control_demos/local_setup.sh
[4.030s] -- Up-to-date: /home/e-yanthra/Documents/ar_ws/install/ign_ros2_control_demos/share/ign_ros2_control_demos/local_setup.zsh
[4.030s] -- Up-to-date: /home/e-yanthra/Documents/ar_ws/install/ign_ros2_control_demos/share/ign_ros2_control_demos/local_setup.dsv
[4.031s] -- Installing: /home/e-yanthra/Documents/ar_ws/install/ign_ros2_control_demos/share/ign_ros2_control_demos/package.dsv
[4.031s] -- Up-to-date: /home/e-yanthra/Documents/ar_ws/install/ign_ros2_control_demos/share/ament_index/resource_index/packages/ign_ros2_control_demos
[4.031s] -- Up-to-date: /home/e-yanthra/Documents/ar_ws/install/ign_ros2_control_demos/share/ign_ros2_control_demos/cmake/ign_ros2_control_demosConfig.cmake
[4.031s] -- Up-to-date: /home/e-yanthra/Documents/ar_ws/install/ign_ros2_control_demos/share/ign_ros2_control_demos/cmake/ign_ros2_control_demosConfig-version.cmake
[4.031s] -- Up-to-date: /home/e-yanthra/Documents/ar_ws/install/ign_ros2_control_demos/share/ign_ros2_control_demos/package.xml
[4.035s] Invoked command in '/home/e-yanthra/Documents/ar_ws/build/ign_ros2_control_demos' returned '0': CMAKE_PREFIX_PATH=/home/e-yanthra/Documents/ar_ws/install/ign_ros2_control:/home/e-yanthra/Documents/ar_ws/install/sam_bot_nav2_gz:/home/e-yanthra/Documents/ar_ws/install/navi_test:/home/e-yanthra/Documents/ar_ws/install/ign_ros2_control_demos:/home/e-yanthra/Documents/ar_ws/install/gz_ros2_control_tests:/home/e-yanthra/asc/asc_ws/install/rplidar_ros:/home/e-yanthra/eyrc_hb/hb_task6_ws/install/my_robot_interfaces:/home/e-yanthra/eyrc_hb/hb_task5_ws/install/my_robot_interfaces:/home/e-yanthra/eyrc_hb/hb_task4_ws/install/my_robot_interfaces:/home/e-yanthra/eyrc_hb/hb_task_2_ws/install/my_robot_interfaces:/home/e-yanthra/eyrc_hb/hb_task_2_ws/install/hb_world:/home/e-yanthra/eyrc_hb/hb_task_2_ws/install/hb_bot:/home/e-yanthra/eyrc_hb/hb_task1b_ws/install/my_robot_interfaces:/home/e-yanthra/eyrc_hb/hb_task1a_ws/install/turtlesim:/home/e-yanthra/asc/asc_ws/install/locomotion:/home/e-yanthra/robocon/install/listener:/home/e-yanthra/eyrc_hb/hb_task6_ws/install/hb_task6:/home/e-yanthra/eyrc_hb/hb_task5_ws/install/hb_task5b:/home/e-yanthra/eyrc_hb/hb_task5_ws/install/hb_task4b:/home/e-yanthra/eyrc_hb/hb_task4_ws/install/hb_task4b:/home/e-yanthra/eyrc_hb/hb_task_2_ws/install/hb_task2b:/home/e-yanthra/eyrc_hb/hb_task_2_ws/install/hb_task2a:/home/e-yanthra/eyrc_hb/hb_task1b_ws/install/hb_task_1b:/home/e-yanthra/eyrc_hb/hb_task1a_ws/install/hb_task_1a:/opt/ros/humble CONDA_PROMPT_MODIFIER=(base) /usr/bin/cmake --install /home/e-yanthra/Documents/ar_ws/build/ign_ros2_control_demos
