[2.455s] DEBUG:colcon:Command line arguments: ['/usr/bin/colcon', 'build']
[2.455s] DEBUG:colcon:Parsed command line arguments: Namespace(log_base=None, log_level=None, verb_name='build', build_base='build', install_base='install', merge_install=False, symlink_install=False, test_result_base=None, continue_on_error=False, executor='parallel', parallel_workers=8, event_handlers=None, ignore_user_meta=False, metas=['./colcon.meta'], base_paths=['.'], packages_ignore=None, packages_ignore_regex=None, paths=None, packages_up_to=None, packages_up_to_regex=None, packages_above=None, packages_above_and_dependencies=None, packages_above_depth=None, packages_select_by_dep=None, packages_skip_by_dep=None, packages_skip_up_to=None, packages_select_build_failed=False, packages_skip_build_finished=False, packages_select_test_failures=False, packages_skip_test_passed=False, packages_select=None, packages_skip=None, packages_select_regex=None, packages_skip_regex=None, packages_start=None, packages_end=None, allow_overriding=[], cmake_args=None, cmake_target=None, cmake_target_skip_unavailable=False, cmake_clean_cache=False, cmake_clean_first=False, cmake_force_configure=False, ament_cmake_args=None, catkin_cmake_args=None, catkin_skip_building_tests=False, verb_parser=<colcon_defaults.argument_parser.defaults.DefaultArgumentsDecorator object at 0x7fc430d5ff10>, verb_extension=<colcon_core.verb.build.BuildVerb object at 0x7fc430e8b700>, main=<bound method BuildVerb.main of <colcon_core.verb.build.BuildVerb object at 0x7fc430e8b700>>)
[2.629s] Level 1:colcon.colcon_core.package_discovery:discover_packages(colcon_meta) check parameters
[2.629s] Level 1:colcon.colcon_core.package_discovery:discover_packages(recursive) check parameters
[2.630s] Level 1:colcon.colcon_core.package_discovery:discover_packages(ignore) check parameters
[2.630s] Level 1:colcon.colcon_core.package_discovery:discover_packages(path) check parameters
[2.630s] Level 1:colcon.colcon_core.package_discovery:discover_packages(colcon_meta) discover
[2.630s] Level 1:colcon.colcon_core.package_discovery:discover_packages(recursive) discover
[2.630s] INFO:colcon.colcon_core.package_discovery:Crawling recursively for packages in '/home/e-yanthra/Documents/ar_ws'
[2.630s] Level 1:colcon.colcon_core.package_identification:_identify(.) by extensions ['ignore', 'ignore_ament_install']
[2.630s] Level 1:colcon.colcon_core.package_identification:_identify(.) by extension 'ignore'
[2.631s] Level 1:colcon.colcon_core.package_identification:_identify(.) by extension 'ignore_ament_install'
[2.631s] Level 1:colcon.colcon_core.package_identification:_identify(.) by extensions ['colcon_pkg']
[2.631s] Level 1:colcon.colcon_core.package_identification:_identify(.) by extension 'colcon_pkg'
[2.631s] Level 1:colcon.colcon_core.package_identification:_identify(.) by extensions ['colcon_meta']
[2.631s] Level 1:colcon.colcon_core.package_identification:_identify(.) by extension 'colcon_meta'
[2.631s] Level 1:colcon.colcon_core.package_identification:_identify(.) by extensions ['ros']
[2.631s] Level 1:colcon.colcon_core.package_identification:_identify(.) by extension 'ros'
[2.675s] Level 1:colcon.colcon_core.package_identification:_identify(.) by extensions ['cmake', 'python']
[2.675s] Level 1:colcon.colcon_core.package_identification:_identify(.) by extension 'cmake'
[2.675s] Level 1:colcon.colcon_core.package_identification:_identify(.) by extension 'python'
[2.675s] Level 1:colcon.colcon_core.package_identification:_identify(.) by extensions ['python_setup_py']
[2.676s] Level 1:colcon.colcon_core.package_identification:_identify(.) by extension 'python_setup_py'
[2.676s] Level 1:colcon.colcon_core.package_identification:_identify(build) by extensions ['ignore', 'ignore_ament_install']
[2.676s] Level 1:colcon.colcon_core.package_identification:_identify(build) by extension 'ignore'
[2.676s] Level 1:colcon.colcon_core.package_identification:_identify(build) ignored
[2.677s] Level 1:colcon.colcon_core.package_identification:_identify(install) by extensions ['ignore', 'ignore_ament_install']
[2.677s] Level 1:colcon.colcon_core.package_identification:_identify(install) by extension 'ignore'
[2.677s] Level 1:colcon.colcon_core.package_identification:_identify(install) ignored
[2.677s] Level 1:colcon.colcon_core.package_identification:_identify(log) by extensions ['ignore', 'ignore_ament_install']
[2.677s] Level 1:colcon.colcon_core.package_identification:_identify(log) by extension 'ignore'
[2.677s] Level 1:colcon.colcon_core.package_identification:_identify(log) ignored
[2.677s] Level 1:colcon.colcon_core.package_identification:_identify(navi_test) by extensions ['ignore', 'ignore_ament_install']
[2.678s] Level 1:colcon.colcon_core.package_identification:_identify(navi_test) by extension 'ignore'
[2.678s] Level 1:colcon.colcon_core.package_identification:_identify(navi_test) by extension 'ignore_ament_install'
[2.678s] Level 1:colcon.colcon_core.package_identification:_identify(navi_test) by extensions ['colcon_pkg']
[2.678s] Level 1:colcon.colcon_core.package_identification:_identify(navi_test) by extension 'colcon_pkg'
[2.678s] Level 1:colcon.colcon_core.package_identification:_identify(navi_test) by extensions ['colcon_meta']
[2.678s] Level 1:colcon.colcon_core.package_identification:_identify(navi_test) by extension 'colcon_meta'
[2.678s] Level 1:colcon.colcon_core.package_identification:_identify(navi_test) by extensions ['ros']
[2.678s] Level 1:colcon.colcon_core.package_identification:_identify(navi_test) by extension 'ros'
[2.685s] DEBUG:colcon.colcon_core.package_identification:Package 'navi_test' with type 'ros.ament_cmake' and name 'navi_test'
[2.685s] Level 1:colcon.colcon_core.package_identification:_identify(navigation2_ignition_gazebo_example) by extensions ['ignore', 'ignore_ament_install']
[2.685s] Level 1:colcon.colcon_core.package_identification:_identify(navigation2_ignition_gazebo_example) by extension 'ignore'
[2.686s] Level 1:colcon.colcon_core.package_identification:_identify(navigation2_ignition_gazebo_example) by extension 'ignore_ament_install'
[2.686s] Level 1:colcon.colcon_core.package_identification:_identify(navigation2_ignition_gazebo_example) by extensions ['colcon_pkg']
[2.686s] Level 1:colcon.colcon_core.package_identification:_identify(navigation2_ignition_gazebo_example) by extension 'colcon_pkg'
[2.686s] Level 1:colcon.colcon_core.package_identification:_identify(navigation2_ignition_gazebo_example) by extensions ['colcon_meta']
[2.686s] Level 1:colcon.colcon_core.package_identification:_identify(navigation2_ignition_gazebo_example) by extension 'colcon_meta'
[2.686s] Level 1:colcon.colcon_core.package_identification:_identify(navigation2_ignition_gazebo_example) by extensions ['ros']
[2.686s] Level 1:colcon.colcon_core.package_identification:_identify(navigation2_ignition_gazebo_example) by extension 'ros'
[2.686s] Level 1:colcon.colcon_core.package_identification:_identify(navigation2_ignition_gazebo_example) by extensions ['cmake', 'python']
[2.686s] Level 1:colcon.colcon_core.package_identification:_identify(navigation2_ignition_gazebo_example) by extension 'cmake'
[2.686s] Level 1:colcon.colcon_core.package_identification:_identify(navigation2_ignition_gazebo_example) by extension 'python'
[2.686s] Level 1:colcon.colcon_core.package_identification:_identify(navigation2_ignition_gazebo_example) by extensions ['python_setup_py']
[2.687s] Level 1:colcon.colcon_core.package_identification:_identify(navigation2_ignition_gazebo_example) by extension 'python_setup_py'
[2.687s] Level 1:colcon.colcon_core.package_identification:_identify(navigation2_ignition_gazebo_example/rerun) by extensions ['ignore', 'ignore_ament_install']
[2.687s] Level 1:colcon.colcon_core.package_identification:_identify(navigation2_ignition_gazebo_example/rerun) by extension 'ignore'
[2.687s] Level 1:colcon.colcon_core.package_identification:_identify(navigation2_ignition_gazebo_example/rerun) ignored
[2.687s] Level 1:colcon.colcon_core.package_identification:_identify(navigation2_ignition_gazebo_example/src) by extensions ['ignore', 'ignore_ament_install']
[2.687s] Level 1:colcon.colcon_core.package_identification:_identify(navigation2_ignition_gazebo_example/src) by extension 'ignore'
[2.687s] Level 1:colcon.colcon_core.package_identification:_identify(navigation2_ignition_gazebo_example/src) by extension 'ignore_ament_install'
[2.688s] Level 1:colcon.colcon_core.package_identification:_identify(navigation2_ignition_gazebo_example/src) by extensions ['colcon_pkg']
[2.688s] Level 1:colcon.colcon_core.package_identification:_identify(navigation2_ignition_gazebo_example/src) by extension 'colcon_pkg'
[2.688s] Level 1:colcon.colcon_core.package_identification:_identify(navigation2_ignition_gazebo_example/src) by extensions ['colcon_meta']
[2.688s] Level 1:colcon.colcon_core.package_identification:_identify(navigation2_ignition_gazebo_example/src) by extension 'colcon_meta'
[2.688s] Level 1:colcon.colcon_core.package_identification:_identify(navigation2_ignition_gazebo_example/src) by extensions ['ros']
[2.688s] Level 1:colcon.colcon_core.package_identification:_identify(navigation2_ignition_gazebo_example/src) by extension 'ros'
[2.688s] Level 1:colcon.colcon_core.package_identification:_identify(navigation2_ignition_gazebo_example/src) by extensions ['cmake', 'python']
[2.688s] Level 1:colcon.colcon_core.package_identification:_identify(navigation2_ignition_gazebo_example/src) by extension 'cmake'
[2.688s] Level 1:colcon.colcon_core.package_identification:_identify(navigation2_ignition_gazebo_example/src) by extension 'python'
[2.688s] Level 1:colcon.colcon_core.package_identification:_identify(navigation2_ignition_gazebo_example/src) by extensions ['python_setup_py']
[2.688s] Level 1:colcon.colcon_core.package_identification:_identify(navigation2_ignition_gazebo_example/src) by extension 'python_setup_py'
[2.689s] Level 1:colcon.colcon_core.package_identification:_identify(navigation2_ignition_gazebo_example/src/sam_bot_nav2_gz) by extensions ['ignore', 'ignore_ament_install']
[2.689s] Level 1:colcon.colcon_core.package_identification:_identify(navigation2_ignition_gazebo_example/src/sam_bot_nav2_gz) by extension 'ignore'
[2.689s] Level 1:colcon.colcon_core.package_identification:_identify(navigation2_ignition_gazebo_example/src/sam_bot_nav2_gz) by extension 'ignore_ament_install'
[2.689s] Level 1:colcon.colcon_core.package_identification:_identify(navigation2_ignition_gazebo_example/src/sam_bot_nav2_gz) by extensions ['colcon_pkg']
[2.689s] Level 1:colcon.colcon_core.package_identification:_identify(navigation2_ignition_gazebo_example/src/sam_bot_nav2_gz) by extension 'colcon_pkg'
[2.689s] Level 1:colcon.colcon_core.package_identification:_identify(navigation2_ignition_gazebo_example/src/sam_bot_nav2_gz) by extensions ['colcon_meta']
[2.689s] Level 1:colcon.colcon_core.package_identification:_identify(navigation2_ignition_gazebo_example/src/sam_bot_nav2_gz) by extension 'colcon_meta'
[2.689s] Level 1:colcon.colcon_core.package_identification:_identify(navigation2_ignition_gazebo_example/src/sam_bot_nav2_gz) by extensions ['ros']
[2.689s] Level 1:colcon.colcon_core.package_identification:_identify(navigation2_ignition_gazebo_example/src/sam_bot_nav2_gz) by extension 'ros'
[2.691s] DEBUG:colcon.colcon_core.package_identification:Package 'navigation2_ignition_gazebo_example/src/sam_bot_nav2_gz' with type 'ros.ament_cmake' and name 'sam_bot_nav2_gz'
[2.691s] Level 1:colcon.colcon_core.package_identification:_identify(src) by extensions ['ignore', 'ignore_ament_install']
[2.691s] Level 1:colcon.colcon_core.package_identification:_identify(src) by extension 'ignore'
[2.691s] Level 1:colcon.colcon_core.package_identification:_identify(src) by extension 'ignore_ament_install'
[2.692s] Level 1:colcon.colcon_core.package_identification:_identify(src) by extensions ['colcon_pkg']
[2.692s] Level 1:colcon.colcon_core.package_identification:_identify(src) by extension 'colcon_pkg'
[2.692s] Level 1:colcon.colcon_core.package_identification:_identify(src) by extensions ['colcon_meta']
[2.692s] Level 1:colcon.colcon_core.package_identification:_identify(src) by extension 'colcon_meta'
[2.692s] Level 1:colcon.colcon_core.package_identification:_identify(src) by extensions ['ros']
[2.692s] Level 1:colcon.colcon_core.package_identification:_identify(src) by extension 'ros'
[2.692s] Level 1:colcon.colcon_core.package_identification:_identify(src) by extensions ['cmake', 'python']
[2.692s] Level 1:colcon.colcon_core.package_identification:_identify(src) by extension 'cmake'
[2.692s] Level 1:colcon.colcon_core.package_identification:_identify(src) by extension 'python'
[2.692s] Level 1:colcon.colcon_core.package_identification:_identify(src) by extensions ['python_setup_py']
[2.692s] Level 1:colcon.colcon_core.package_identification:_identify(src) by extension 'python_setup_py'
[2.692s] Level 1:colcon.colcon_core.package_discovery:discover_packages(recursive) using defaults
[2.693s] Level 1:colcon.colcon_core.package_discovery:discover_packages(ignore) discover
[2.693s] Level 1:colcon.colcon_core.package_discovery:discover_packages(ignore) using defaults
[2.693s] Level 1:colcon.colcon_core.package_discovery:discover_packages(path) discover
[2.693s] Level 1:colcon.colcon_core.package_discovery:discover_packages(path) using defaults
[2.938s] Level 1:colcon.colcon_core.package_discovery:discover_packages(prefix_path) check parameters
[2.939s] Level 1:colcon.colcon_core.package_discovery:discover_packages(prefix_path) discover
[3.024s] DEBUG:colcon.colcon_installed_package_information.package_discovery:Found 1 installed packages in /home/e-yanthra/Documents/ar_ws/install
[3.063s] DEBUG:colcon.colcon_installed_package_information.package_discovery:Found 2 installed packages in /home/e-yanthra/asc/asc_ws/install
[3.099s] DEBUG:colcon.colcon_installed_package_information.package_discovery:Found 1 installed packages in /home/e-yanthra/robocon/install
[3.134s] DEBUG:colcon.colcon_installed_package_information.package_discovery:Found 2 installed packages in /home/e-yanthra/eyrc_hb/hb_task6_ws/install
[3.168s] DEBUG:colcon.colcon_installed_package_information.package_discovery:Found 3 installed packages in /home/e-yanthra/eyrc_hb/hb_task5_ws/install
[3.204s] DEBUG:colcon.colcon_installed_package_information.package_discovery:Found 2 installed packages in /home/e-yanthra/eyrc_hb/hb_task4_ws/install
[3.244s] DEBUG:colcon.colcon_installed_package_information.package_discovery:Found 5 installed packages in /home/e-yanthra/eyrc_hb/hb_task_2_ws/install
[3.281s] DEBUG:colcon.colcon_installed_package_information.package_discovery:Found 2 installed packages in /home/e-yanthra/eyrc_hb/hb_task1b_ws/install
[3.334s] DEBUG:colcon.colcon_installed_package_information.package_discovery:Found 2 installed packages in /home/e-yanthra/eyrc_hb/hb_task1a_ws/install
[3.370s] DEBUG:colcon.colcon_installed_package_information.package_discovery:Found 374 installed packages in /opt/ros/humble
[3.374s] Level 1:colcon.colcon_core.package_discovery:discover_packages(prefix_path) using defaults
[3.562s] Level 5:colcon.colcon_core.verb:set package 'navi_test' build argument 'cmake_args' from command line to 'None'
[3.563s] Level 5:colcon.colcon_core.verb:set package 'navi_test' build argument 'cmake_target' from command line to 'None'
[3.563s] Level 5:colcon.colcon_core.verb:set package 'navi_test' build argument 'cmake_target_skip_unavailable' from command line to 'False'
[3.563s] Level 5:colcon.colcon_core.verb:set package 'navi_test' build argument 'cmake_clean_cache' from command line to 'False'
[3.563s] Level 5:colcon.colcon_core.verb:set package 'navi_test' build argument 'cmake_clean_first' from command line to 'False'
[3.563s] Level 5:colcon.colcon_core.verb:set package 'navi_test' build argument 'cmake_force_configure' from command line to 'False'
[3.563s] Level 5:colcon.colcon_core.verb:set package 'navi_test' build argument 'ament_cmake_args' from command line to 'None'
[3.563s] Level 5:colcon.colcon_core.verb:set package 'navi_test' build argument 'catkin_cmake_args' from command line to 'None'
[3.563s] Level 5:colcon.colcon_core.verb:set package 'navi_test' build argument 'catkin_skip_building_tests' from command line to 'False'
[3.563s] DEBUG:colcon.colcon_core.verb:Building package 'navi_test' with the following arguments: {'ament_cmake_args': None, 'build_base': '/home/e-yanthra/Documents/ar_ws/build/navi_test', 'catkin_cmake_args': None, 'catkin_skip_building_tests': False, 'cmake_args': None, 'cmake_clean_cache': False, 'cmake_clean_first': False, 'cmake_force_configure': False, 'cmake_target': None, 'cmake_target_skip_unavailable': False, 'install_base': '/home/e-yanthra/Documents/ar_ws/install/navi_test', 'merge_install': False, 'path': '/home/e-yanthra/Documents/ar_ws/navi_test', 'symlink_install': False, 'test_result_base': None}
[3.597s] Level 5:colcon.colcon_core.verb:set package 'sam_bot_nav2_gz' build argument 'cmake_args' from command line to 'None'
[3.597s] Level 5:colcon.colcon_core.verb:set package 'sam_bot_nav2_gz' build argument 'cmake_target' from command line to 'None'
[3.597s] Level 5:colcon.colcon_core.verb:set package 'sam_bot_nav2_gz' build argument 'cmake_target_skip_unavailable' from command line to 'False'
[3.598s] Level 5:colcon.colcon_core.verb:set package 'sam_bot_nav2_gz' build argument 'cmake_clean_cache' from command line to 'False'
[3.598s] Level 5:colcon.colcon_core.verb:set package 'sam_bot_nav2_gz' build argument 'cmake_clean_first' from command line to 'False'
[3.598s] Level 5:colcon.colcon_core.verb:set package 'sam_bot_nav2_gz' build argument 'cmake_force_configure' from command line to 'False'
[3.598s] Level 5:colcon.colcon_core.verb:set package 'sam_bot_nav2_gz' build argument 'ament_cmake_args' from command line to 'None'
[3.598s] Level 5:colcon.colcon_core.verb:set package 'sam_bot_nav2_gz' build argument 'catkin_cmake_args' from command line to 'None'
[3.598s] Level 5:colcon.colcon_core.verb:set package 'sam_bot_nav2_gz' build argument 'catkin_skip_building_tests' from command line to 'False'
[3.598s] DEBUG:colcon.colcon_core.verb:Building package 'sam_bot_nav2_gz' with the following arguments: {'ament_cmake_args': None, 'build_base': '/home/e-yanthra/Documents/ar_ws/build/sam_bot_nav2_gz', 'catkin_cmake_args': None, 'catkin_skip_building_tests': False, 'cmake_args': None, 'cmake_clean_cache': False, 'cmake_clean_first': False, 'cmake_force_configure': False, 'cmake_target': None, 'cmake_target_skip_unavailable': False, 'install_base': '/home/e-yanthra/Documents/ar_ws/install/sam_bot_nav2_gz', 'merge_install': False, 'path': '/home/e-yanthra/Documents/ar_ws/navigation2_ignition_gazebo_example/src/sam_bot_nav2_gz', 'symlink_install': False, 'test_result_base': None}
[3.631s] INFO:colcon.colcon_core.executor:Executing jobs using 'parallel' executor
[3.672s] DEBUG:colcon.colcon_parallel_executor.executor.parallel:run_until_complete
[3.672s] INFO:colcon.colcon_ros.task.ament_cmake.build:Building ROS package in '/home/e-yanthra/Documents/ar_ws/navi_test' with build type 'ament_cmake'
[3.672s] INFO:colcon.colcon_cmake.task.cmake.build:Building CMake package in '/home/e-yanthra/Documents/ar_ws/navi_test'
[3.717s] INFO:colcon.colcon_core.plugin_system:Skipping extension 'colcon_core.shell.bat': Not used on non-Windows systems
[3.717s] INFO:colcon.colcon_core.shell:Skip shell extension 'powershell' for command environment: Not usable outside of PowerShell
[3.718s] DEBUG:colcon.colcon_core.shell:Skip shell extension 'dsv' for command environment
[4.132s] INFO:colcon.colcon_ros.task.ament_cmake.build:Building ROS package in '/home/e-yanthra/Documents/ar_ws/navigation2_ignition_gazebo_example/src/sam_bot_nav2_gz' with build type 'ament_cmake'
[4.133s] INFO:colcon.colcon_cmake.task.cmake.build:Building CMake package in '/home/e-yanthra/Documents/ar_ws/navigation2_ignition_gazebo_example/src/sam_bot_nav2_gz'
[4.171s] INFO:colcon.colcon_core.shell:Skip shell extension 'powershell' for command environment: Not usable outside of PowerShell
[4.172s] DEBUG:colcon.colcon_core.shell:Skip shell extension 'dsv' for command environment
[4.592s] DEBUG:colcon.colcon_core.event_handler.log_command:Invoking command in '/home/e-yanthra/Documents/ar_ws/build/navi_test': CMAKE_PREFIX_PATH=${CMAKE_PREFIX_PATH}:/home/e-yanthra/asc/asc_ws/install/locomotion:/home/e-yanthra/robocon/install/listener:/home/e-yanthra/eyrc_hb/hb_task6_ws/install/hb_task6:/home/e-yanthra/eyrc_hb/hb_task5_ws/install/hb_task5b:/home/e-yanthra/eyrc_hb/hb_task5_ws/install/hb_task4b:/home/e-yanthra/eyrc_hb/hb_task4_ws/install/hb_task4b:/home/e-yanthra/eyrc_hb/hb_task_2_ws/install/hb_task2b:/home/e-yanthra/eyrc_hb/hb_task_2_ws/install/hb_task2a:/home/e-yanthra/eyrc_hb/hb_task1b_ws/install/hb_task_1b:/home/e-yanthra/eyrc_hb/hb_task1a_ws/install/hb_task_1a:/opt/ros/humble CONDA_PROMPT_MODIFIER=(base) /usr/bin/cmake --build /home/e-yanthra/Documents/ar_ws/build/navi_test -- -j8 -l8
[4.601s] DEBUG:colcon.colcon_core.event_handler.log_command:Invoking command in '/home/e-yanthra/Documents/ar_ws/build/sam_bot_nav2_gz': CMAKE_PREFIX_PATH=${CMAKE_PREFIX_PATH}:/home/e-yanthra/asc/asc_ws/install/locomotion:/home/e-yanthra/robocon/install/listener:/home/e-yanthra/eyrc_hb/hb_task6_ws/install/hb_task6:/home/e-yanthra/eyrc_hb/hb_task5_ws/install/hb_task5b:/home/e-yanthra/eyrc_hb/hb_task5_ws/install/hb_task4b:/home/e-yanthra/eyrc_hb/hb_task4_ws/install/hb_task4b:/home/e-yanthra/eyrc_hb/hb_task_2_ws/install/hb_task2b:/home/e-yanthra/eyrc_hb/hb_task_2_ws/install/hb_task2a:/home/e-yanthra/eyrc_hb/hb_task1b_ws/install/hb_task_1b:/home/e-yanthra/eyrc_hb/hb_task1a_ws/install/hb_task_1a:/opt/ros/humble CONDA_PROMPT_MODIFIER=(base) /usr/bin/cmake /home/e-yanthra/Documents/ar_ws/navigation2_ignition_gazebo_example/src/sam_bot_nav2_gz -DCMAKE_INSTALL_PREFIX=/home/e-yanthra/Documents/ar_ws/install/sam_bot_nav2_gz
[4.755s] DEBUG:colcon.colcon_core.event_handler.log_command:Invoked command in '/home/e-yanthra/Documents/ar_ws/build/navi_test' returned '0': CMAKE_PREFIX_PATH=${CMAKE_PREFIX_PATH}:/home/e-yanthra/asc/asc_ws/install/locomotion:/home/e-yanthra/robocon/install/listener:/home/e-yanthra/eyrc_hb/hb_task6_ws/install/hb_task6:/home/e-yanthra/eyrc_hb/hb_task5_ws/install/hb_task5b:/home/e-yanthra/eyrc_hb/hb_task5_ws/install/hb_task4b:/home/e-yanthra/eyrc_hb/hb_task4_ws/install/hb_task4b:/home/e-yanthra/eyrc_hb/hb_task_2_ws/install/hb_task2b:/home/e-yanthra/eyrc_hb/hb_task_2_ws/install/hb_task2a:/home/e-yanthra/eyrc_hb/hb_task1b_ws/install/hb_task_1b:/home/e-yanthra/eyrc_hb/hb_task1a_ws/install/hb_task_1a:/opt/ros/humble CONDA_PROMPT_MODIFIER=(base) /usr/bin/cmake --build /home/e-yanthra/Documents/ar_ws/build/navi_test -- -j8 -l8
[4.840s] DEBUG:colcon.colcon_core.event_handler.log_command:Invoking command in '/home/e-yanthra/Documents/ar_ws/build/navi_test': CMAKE_PREFIX_PATH=${CMAKE_PREFIX_PATH}:/home/e-yanthra/asc/asc_ws/install/locomotion:/home/e-yanthra/robocon/install/listener:/home/e-yanthra/eyrc_hb/hb_task6_ws/install/hb_task6:/home/e-yanthra/eyrc_hb/hb_task5_ws/install/hb_task5b:/home/e-yanthra/eyrc_hb/hb_task5_ws/install/hb_task4b:/home/e-yanthra/eyrc_hb/hb_task4_ws/install/hb_task4b:/home/e-yanthra/eyrc_hb/hb_task_2_ws/install/hb_task2b:/home/e-yanthra/eyrc_hb/hb_task_2_ws/install/hb_task2a:/home/e-yanthra/eyrc_hb/hb_task1b_ws/install/hb_task_1b:/home/e-yanthra/eyrc_hb/hb_task1a_ws/install/hb_task_1a:/opt/ros/humble CONDA_PROMPT_MODIFIER=(base) /usr/bin/cmake --install /home/e-yanthra/Documents/ar_ws/build/navi_test
[4.864s] Level 1:colcon.colcon_core.environment:create_environment_scripts_only(navi_test)
[4.866s] DEBUG:colcon.colcon_core.event_handler.log_command:Invoked command in '/home/e-yanthra/Documents/ar_ws/build/navi_test' returned '0': CMAKE_PREFIX_PATH=${CMAKE_PREFIX_PATH}:/home/e-yanthra/asc/asc_ws/install/locomotion:/home/e-yanthra/robocon/install/listener:/home/e-yanthra/eyrc_hb/hb_task6_ws/install/hb_task6:/home/e-yanthra/eyrc_hb/hb_task5_ws/install/hb_task5b:/home/e-yanthra/eyrc_hb/hb_task5_ws/install/hb_task4b:/home/e-yanthra/eyrc_hb/hb_task4_ws/install/hb_task4b:/home/e-yanthra/eyrc_hb/hb_task_2_ws/install/hb_task2b:/home/e-yanthra/eyrc_hb/hb_task_2_ws/install/hb_task2a:/home/e-yanthra/eyrc_hb/hb_task1b_ws/install/hb_task_1b:/home/e-yanthra/eyrc_hb/hb_task1a_ws/install/hb_task_1a:/opt/ros/humble CONDA_PROMPT_MODIFIER=(base) /usr/bin/cmake --install /home/e-yanthra/Documents/ar_ws/build/navi_test
[4.934s] Level 1:colcon.colcon_core.environment:checking '/home/e-yanthra/Documents/ar_ws/install/navi_test' for CMake module files
[4.936s] Level 1:colcon.colcon_core.environment:checking '/home/e-yanthra/Documents/ar_ws/install/navi_test' for CMake config files
[4.936s] Level 1:colcon.colcon_core.shell:create_environment_hook('navi_test', 'cmake_prefix_path')
[4.974s] INFO:colcon.colcon_core.shell:Creating environment hook '/home/e-yanthra/Documents/ar_ws/install/navi_test/share/navi_test/hook/cmake_prefix_path.ps1'
[4.977s] INFO:colcon.colcon_core.shell:Creating environment descriptor '/home/e-yanthra/Documents/ar_ws/install/navi_test/share/navi_test/hook/cmake_prefix_path.dsv'
[4.980s] INFO:colcon.colcon_core.shell:Creating environment hook '/home/e-yanthra/Documents/ar_ws/install/navi_test/share/navi_test/hook/cmake_prefix_path.sh'
[4.982s] Level 1:colcon.colcon_core.environment:checking '/home/e-yanthra/Documents/ar_ws/install/navi_test/lib'
[4.982s] Level 1:colcon.colcon_core.environment:checking '/home/e-yanthra/Documents/ar_ws/install/navi_test/bin'
[4.982s] Level 1:colcon.colcon_core.environment:checking '/home/e-yanthra/Documents/ar_ws/install/navi_test/lib/pkgconfig/navi_test.pc'
[4.983s] Level 1:colcon.colcon_core.environment:checking '/home/e-yanthra/Documents/ar_ws/install/navi_test/lib/python3.10/site-packages'
[4.984s] Level 1:colcon.colcon_core.environment:checking '/home/e-yanthra/Documents/ar_ws/install/navi_test/bin'
[5.021s] INFO:colcon.colcon_core.shell:Creating package script '/home/e-yanthra/Documents/ar_ws/install/navi_test/share/navi_test/package.ps1'
[5.023s] INFO:colcon.colcon_core.shell:Creating package descriptor '/home/e-yanthra/Documents/ar_ws/install/navi_test/share/navi_test/package.dsv'
[5.025s] INFO:colcon.colcon_core.shell:Creating package script '/home/e-yanthra/Documents/ar_ws/install/navi_test/share/navi_test/package.sh'
[5.026s] INFO:colcon.colcon_core.shell:Creating package script '/home/e-yanthra/Documents/ar_ws/install/navi_test/share/navi_test/package.bash'
[5.028s] INFO:colcon.colcon_core.shell:Creating package script '/home/e-yanthra/Documents/ar_ws/install/navi_test/share/navi_test/package.zsh'
[5.030s] Level 1:colcon.colcon_core.environment:create_file_with_runtime_dependencies(/home/e-yanthra/Documents/ar_ws/install/navi_test/share/colcon-core/packages/navi_test)
[5.144s] Level 1:colcon.colcon_core.environment:create_environment_scripts_only(navi_test)
[5.185s] Level 1:colcon.colcon_core.environment:checking '/home/e-yanthra/Documents/ar_ws/install/navi_test' for CMake module files
[5.187s] Level 1:colcon.colcon_core.environment:checking '/home/e-yanthra/Documents/ar_ws/install/navi_test' for CMake config files
[5.187s] Level 1:colcon.colcon_core.shell:create_environment_hook('navi_test', 'cmake_prefix_path')
[5.228s] INFO:colcon.colcon_core.shell:Creating environment hook '/home/e-yanthra/Documents/ar_ws/install/navi_test/share/navi_test/hook/cmake_prefix_path.ps1'
[5.229s] INFO:colcon.colcon_core.shell:Creating environment descriptor '/home/e-yanthra/Documents/ar_ws/install/navi_test/share/navi_test/hook/cmake_prefix_path.dsv'
[5.230s] INFO:colcon.colcon_core.shell:Creating environment hook '/home/e-yanthra/Documents/ar_ws/install/navi_test/share/navi_test/hook/cmake_prefix_path.sh'
[5.232s] Level 1:colcon.colcon_core.environment:checking '/home/e-yanthra/Documents/ar_ws/install/navi_test/lib'
[5.232s] Level 1:colcon.colcon_core.environment:checking '/home/e-yanthra/Documents/ar_ws/install/navi_test/bin'
[5.232s] Level 1:colcon.colcon_core.environment:checking '/home/e-yanthra/Documents/ar_ws/install/navi_test/lib/pkgconfig/navi_test.pc'
[5.233s] Level 1:colcon.colcon_core.environment:checking '/home/e-yanthra/Documents/ar_ws/install/navi_test/lib/python3.10/site-packages'
[5.234s] Level 1:colcon.colcon_core.environment:checking '/home/e-yanthra/Documents/ar_ws/install/navi_test/bin'
[5.276s] INFO:colcon.colcon_core.shell:Creating package script '/home/e-yanthra/Documents/ar_ws/install/navi_test/share/navi_test/package.ps1'
[5.277s] INFO:colcon.colcon_core.shell:Creating package descriptor '/home/e-yanthra/Documents/ar_ws/install/navi_test/share/navi_test/package.dsv'
[5.278s] INFO:colcon.colcon_core.shell:Creating package script '/home/e-yanthra/Documents/ar_ws/install/navi_test/share/navi_test/package.sh'
[5.279s] INFO:colcon.colcon_core.shell:Creating package script '/home/e-yanthra/Documents/ar_ws/install/navi_test/share/navi_test/package.bash'
[5.281s] INFO:colcon.colcon_core.shell:Creating package script '/home/e-yanthra/Documents/ar_ws/install/navi_test/share/navi_test/package.zsh'
[5.283s] Level 1:colcon.colcon_core.environment:create_file_with_runtime_dependencies(/home/e-yanthra/Documents/ar_ws/install/navi_test/share/colcon-core/packages/navi_test)
[7.018s] DEBUG:colcon.colcon_core.event_handler.log_command:Invoked command in '/home/e-yanthra/Documents/ar_ws/build/sam_bot_nav2_gz' returned '0': CMAKE_PREFIX_PATH=${CMAKE_PREFIX_PATH}:/home/e-yanthra/asc/asc_ws/install/locomotion:/home/e-yanthra/robocon/install/listener:/home/e-yanthra/eyrc_hb/hb_task6_ws/install/hb_task6:/home/e-yanthra/eyrc_hb/hb_task5_ws/install/hb_task5b:/home/e-yanthra/eyrc_hb/hb_task5_ws/install/hb_task4b:/home/e-yanthra/eyrc_hb/hb_task4_ws/install/hb_task4b:/home/e-yanthra/eyrc_hb/hb_task_2_ws/install/hb_task2b:/home/e-yanthra/eyrc_hb/hb_task_2_ws/install/hb_task2a:/home/e-yanthra/eyrc_hb/hb_task1b_ws/install/hb_task_1b:/home/e-yanthra/eyrc_hb/hb_task1a_ws/install/hb_task_1a:/opt/ros/humble CONDA_PROMPT_MODIFIER=(base) /usr/bin/cmake /home/e-yanthra/Documents/ar_ws/navigation2_ignition_gazebo_example/src/sam_bot_nav2_gz -DCMAKE_INSTALL_PREFIX=/home/e-yanthra/Documents/ar_ws/install/sam_bot_nav2_gz
[7.019s] DEBUG:colcon.colcon_core.event_handler.log_command:Invoking command in '/home/e-yanthra/Documents/ar_ws/build/sam_bot_nav2_gz': CMAKE_PREFIX_PATH=${CMAKE_PREFIX_PATH}:/home/e-yanthra/asc/asc_ws/install/locomotion:/home/e-yanthra/robocon/install/listener:/home/e-yanthra/eyrc_hb/hb_task6_ws/install/hb_task6:/home/e-yanthra/eyrc_hb/hb_task5_ws/install/hb_task5b:/home/e-yanthra/eyrc_hb/hb_task5_ws/install/hb_task4b:/home/e-yanthra/eyrc_hb/hb_task4_ws/install/hb_task4b:/home/e-yanthra/eyrc_hb/hb_task_2_ws/install/hb_task2b:/home/e-yanthra/eyrc_hb/hb_task_2_ws/install/hb_task2a:/home/e-yanthra/eyrc_hb/hb_task1b_ws/install/hb_task_1b:/home/e-yanthra/eyrc_hb/hb_task1a_ws/install/hb_task_1a:/opt/ros/humble CONDA_PROMPT_MODIFIER=(base) /usr/bin/cmake --build /home/e-yanthra/Documents/ar_ws/build/sam_bot_nav2_gz -- -j8 -l8
[7.118s] DEBUG:colcon.colcon_core.event_handler.log_command:Invoked command in '/home/e-yanthra/Documents/ar_ws/build/sam_bot_nav2_gz' returned '0': CMAKE_PREFIX_PATH=${CMAKE_PREFIX_PATH}:/home/e-yanthra/asc/asc_ws/install/locomotion:/home/e-yanthra/robocon/install/listener:/home/e-yanthra/eyrc_hb/hb_task6_ws/install/hb_task6:/home/e-yanthra/eyrc_hb/hb_task5_ws/install/hb_task5b:/home/e-yanthra/eyrc_hb/hb_task5_ws/install/hb_task4b:/home/e-yanthra/eyrc_hb/hb_task4_ws/install/hb_task4b:/home/e-yanthra/eyrc_hb/hb_task_2_ws/install/hb_task2b:/home/e-yanthra/eyrc_hb/hb_task_2_ws/install/hb_task2a:/home/e-yanthra/eyrc_hb/hb_task1b_ws/install/hb_task_1b:/home/e-yanthra/eyrc_hb/hb_task1a_ws/install/hb_task_1a:/opt/ros/humble CONDA_PROMPT_MODIFIER=(base) /usr/bin/cmake --build /home/e-yanthra/Documents/ar_ws/build/sam_bot_nav2_gz -- -j8 -l8
[7.187s] DEBUG:colcon.colcon_core.event_handler.log_command:Invoking command in '/home/e-yanthra/Documents/ar_ws/build/sam_bot_nav2_gz': CMAKE_PREFIX_PATH=${CMAKE_PREFIX_PATH}:/home/e-yanthra/asc/asc_ws/install/locomotion:/home/e-yanthra/robocon/install/listener:/home/e-yanthra/eyrc_hb/hb_task6_ws/install/hb_task6:/home/e-yanthra/eyrc_hb/hb_task5_ws/install/hb_task5b:/home/e-yanthra/eyrc_hb/hb_task5_ws/install/hb_task4b:/home/e-yanthra/eyrc_hb/hb_task4_ws/install/hb_task4b:/home/e-yanthra/eyrc_hb/hb_task_2_ws/install/hb_task2b:/home/e-yanthra/eyrc_hb/hb_task_2_ws/install/hb_task2a:/home/e-yanthra/eyrc_hb/hb_task1b_ws/install/hb_task_1b:/home/e-yanthra/eyrc_hb/hb_task1a_ws/install/hb_task_1a:/opt/ros/humble CONDA_PROMPT_MODIFIER=(base) /usr/bin/cmake --install /home/e-yanthra/Documents/ar_ws/build/sam_bot_nav2_gz
[7.226s] Level 1:colcon.colcon_core.environment:create_environment_scripts_only(sam_bot_nav2_gz)
[7.227s] DEBUG:colcon.colcon_core.event_handler.log_command:Invoked command in '/home/e-yanthra/Documents/ar_ws/build/sam_bot_nav2_gz' returned '0': CMAKE_PREFIX_PATH=${CMAKE_PREFIX_PATH}:/home/e-yanthra/asc/asc_ws/install/locomotion:/home/e-yanthra/robocon/install/listener:/home/e-yanthra/eyrc_hb/hb_task6_ws/install/hb_task6:/home/e-yanthra/eyrc_hb/hb_task5_ws/install/hb_task5b:/home/e-yanthra/eyrc_hb/hb_task5_ws/install/hb_task4b:/home/e-yanthra/eyrc_hb/hb_task4_ws/install/hb_task4b:/home/e-yanthra/eyrc_hb/hb_task_2_ws/install/hb_task2b:/home/e-yanthra/eyrc_hb/hb_task_2_ws/install/hb_task2a:/home/e-yanthra/eyrc_hb/hb_task1b_ws/install/hb_task_1b:/home/e-yanthra/eyrc_hb/hb_task1a_ws/install/hb_task_1a:/opt/ros/humble CONDA_PROMPT_MODIFIER=(base) /usr/bin/cmake --install /home/e-yanthra/Documents/ar_ws/build/sam_bot_nav2_gz
[7.274s] Level 1:colcon.colcon_core.environment:checking '/home/e-yanthra/Documents/ar_ws/install/sam_bot_nav2_gz' for CMake module files
[7.275s] Level 1:colcon.colcon_core.environment:checking '/home/e-yanthra/Documents/ar_ws/install/sam_bot_nav2_gz' for CMake config files
[7.275s] Level 1:colcon.colcon_core.shell:create_environment_hook('sam_bot_nav2_gz', 'cmake_prefix_path')
[7.316s] INFO:colcon.colcon_core.shell:Creating environment hook '/home/e-yanthra/Documents/ar_ws/install/sam_bot_nav2_gz/share/sam_bot_nav2_gz/hook/cmake_prefix_path.ps1'
[7.317s] INFO:colcon.colcon_core.shell:Creating environment descriptor '/home/e-yanthra/Documents/ar_ws/install/sam_bot_nav2_gz/share/sam_bot_nav2_gz/hook/cmake_prefix_path.dsv'
[7.318s] INFO:colcon.colcon_core.shell:Creating environment hook '/home/e-yanthra/Documents/ar_ws/install/sam_bot_nav2_gz/share/sam_bot_nav2_gz/hook/cmake_prefix_path.sh'
[7.319s] Level 1:colcon.colcon_core.environment:checking '/home/e-yanthra/Documents/ar_ws/install/sam_bot_nav2_gz/lib'
[7.320s] Level 1:colcon.colcon_core.environment:checking '/home/e-yanthra/Documents/ar_ws/install/sam_bot_nav2_gz/bin'
[7.320s] Level 1:colcon.colcon_core.environment:checking '/home/e-yanthra/Documents/ar_ws/install/sam_bot_nav2_gz/lib/pkgconfig/sam_bot_nav2_gz.pc'
[7.321s] Level 1:colcon.colcon_core.environment:checking '/home/e-yanthra/Documents/ar_ws/install/sam_bot_nav2_gz/lib/python3.10/site-packages'
[7.321s] Level 1:colcon.colcon_core.environment:checking '/home/e-yanthra/Documents/ar_ws/install/sam_bot_nav2_gz/bin'
[7.363s] INFO:colcon.colcon_core.shell:Creating package script '/home/e-yanthra/Documents/ar_ws/install/sam_bot_nav2_gz/share/sam_bot_nav2_gz/package.ps1'
[7.365s] INFO:colcon.colcon_core.shell:Creating package descriptor '/home/e-yanthra/Documents/ar_ws/install/sam_bot_nav2_gz/share/sam_bot_nav2_gz/package.dsv'
[7.366s] INFO:colcon.colcon_core.shell:Creating package script '/home/e-yanthra/Documents/ar_ws/install/sam_bot_nav2_gz/share/sam_bot_nav2_gz/package.sh'
[7.367s] INFO:colcon.colcon_core.shell:Creating package script '/home/e-yanthra/Documents/ar_ws/install/sam_bot_nav2_gz/share/sam_bot_nav2_gz/package.bash'
[7.368s] INFO:colcon.colcon_core.shell:Creating package script '/home/e-yanthra/Documents/ar_ws/install/sam_bot_nav2_gz/share/sam_bot_nav2_gz/package.zsh'
[7.368s] Level 1:colcon.colcon_core.environment:create_file_with_runtime_dependencies(/home/e-yanthra/Documents/ar_ws/install/sam_bot_nav2_gz/share/colcon-core/packages/sam_bot_nav2_gz)
[7.466s] Level 1:colcon.colcon_core.environment:create_environment_scripts_only(sam_bot_nav2_gz)
[7.505s] Level 1:colcon.colcon_core.environment:checking '/home/e-yanthra/Documents/ar_ws/install/sam_bot_nav2_gz' for CMake module files
[7.506s] Level 1:colcon.colcon_core.environment:checking '/home/e-yanthra/Documents/ar_ws/install/sam_bot_nav2_gz' for CMake config files
[7.507s] Level 1:colcon.colcon_core.shell:create_environment_hook('sam_bot_nav2_gz', 'cmake_prefix_path')
[7.543s] INFO:colcon.colcon_core.shell:Creating environment hook '/home/e-yanthra/Documents/ar_ws/install/sam_bot_nav2_gz/share/sam_bot_nav2_gz/hook/cmake_prefix_path.ps1'
[7.544s] INFO:colcon.colcon_core.shell:Creating environment descriptor '/home/e-yanthra/Documents/ar_ws/install/sam_bot_nav2_gz/share/sam_bot_nav2_gz/hook/cmake_prefix_path.dsv'
[7.545s] INFO:colcon.colcon_core.shell:Creating environment hook '/home/e-yanthra/Documents/ar_ws/install/sam_bot_nav2_gz/share/sam_bot_nav2_gz/hook/cmake_prefix_path.sh'
[7.546s] Level 1:colcon.colcon_core.environment:checking '/home/e-yanthra/Documents/ar_ws/install/sam_bot_nav2_gz/lib'
[7.547s] Level 1:colcon.colcon_core.environment:checking '/home/e-yanthra/Documents/ar_ws/install/sam_bot_nav2_gz/bin'
[7.547s] Level 1:colcon.colcon_core.environment:checking '/home/e-yanthra/Documents/ar_ws/install/sam_bot_nav2_gz/lib/pkgconfig/sam_bot_nav2_gz.pc'
[7.547s] Level 1:colcon.colcon_core.environment:checking '/home/e-yanthra/Documents/ar_ws/install/sam_bot_nav2_gz/lib/python3.10/site-packages'
[7.548s] Level 1:colcon.colcon_core.environment:checking '/home/e-yanthra/Documents/ar_ws/install/sam_bot_nav2_gz/bin'
[7.584s] INFO:colcon.colcon_core.shell:Creating package script '/home/e-yanthra/Documents/ar_ws/install/sam_bot_nav2_gz/share/sam_bot_nav2_gz/package.ps1'
[7.585s] INFO:colcon.colcon_core.shell:Creating package descriptor '/home/e-yanthra/Documents/ar_ws/install/sam_bot_nav2_gz/share/sam_bot_nav2_gz/package.dsv'
[7.587s] INFO:colcon.colcon_core.shell:Creating package script '/home/e-yanthra/Documents/ar_ws/install/sam_bot_nav2_gz/share/sam_bot_nav2_gz/package.sh'
[7.587s] INFO:colcon.colcon_core.shell:Creating package script '/home/e-yanthra/Documents/ar_ws/install/sam_bot_nav2_gz/share/sam_bot_nav2_gz/package.bash'
[7.588s] INFO:colcon.colcon_core.shell:Creating package script '/home/e-yanthra/Documents/ar_ws/install/sam_bot_nav2_gz/share/sam_bot_nav2_gz/package.zsh'
[7.589s] Level 1:colcon.colcon_core.environment:create_file_with_runtime_dependencies(/home/e-yanthra/Documents/ar_ws/install/sam_bot_nav2_gz/share/colcon-core/packages/sam_bot_nav2_gz)
[7.589s] DEBUG:colcon.colcon_parallel_executor.executor.parallel:closing loop
[7.589s] DEBUG:colcon.colcon_parallel_executor.executor.parallel:loop closed
[7.590s] DEBUG:colcon.colcon_parallel_executor.executor.parallel:run_until_complete finished with '0'
[7.590s] DEBUG:colcon.colcon_core.event_reactor:joining thread
[7.645s] INFO:colcon.colcon_core.plugin_system:Skipping extension 'colcon_notification.desktop_notification.notify_send': Could not find 'notify-send'
[7.645s] INFO:colcon.colcon_core.plugin_system:Skipping extension 'colcon_notification.desktop_notification.terminal_notifier': Not used on non-Darwin systems
[7.645s] INFO:colcon.colcon_core.plugin_system:Skipping extension 'colcon_notification.desktop_notification.win32': Not used on non-Windows systems
[7.645s] INFO:colcon.colcon_notification.desktop_notification:Sending desktop notification using 'notify2'
[7.667s] DEBUG:colcon.colcon_core.event_reactor:joined thread
[7.709s] INFO:colcon.colcon_core.shell:Creating prefix script '/home/e-yanthra/Documents/ar_ws/install/local_setup.ps1'
[7.711s] INFO:colcon.colcon_core.shell:Creating prefix util module '/home/e-yanthra/Documents/ar_ws/install/_local_setup_util_ps1.py'
[7.716s] INFO:colcon.colcon_core.shell:Creating prefix chain script '/home/e-yanthra/Documents/ar_ws/install/setup.ps1'
[7.759s] INFO:colcon.colcon_core.shell:Creating prefix script '/home/e-yanthra/Documents/ar_ws/install/local_setup.sh'
[7.762s] INFO:colcon.colcon_core.shell:Creating prefix util module '/home/e-yanthra/Documents/ar_ws/install/_local_setup_util_sh.py'
[7.764s] INFO:colcon.colcon_core.shell:Creating prefix chain script '/home/e-yanthra/Documents/ar_ws/install/setup.sh'
[7.814s] INFO:colcon.colcon_core.shell:Creating prefix script '/home/e-yanthra/Documents/ar_ws/install/local_setup.bash'
[7.816s] INFO:colcon.colcon_core.shell:Creating prefix chain script '/home/e-yanthra/Documents/ar_ws/install/setup.bash'
[7.861s] INFO:colcon.colcon_core.shell:Creating prefix script '/home/e-yanthra/Documents/ar_ws/install/local_setup.zsh'
[7.862s] INFO:colcon.colcon_core.shell:Creating prefix chain script '/home/e-yanthra/Documents/ar_ws/install/setup.zsh'
