[0.785s] Invoking command in '/home/e-yanthra/Documents/ar_ws/build/sam_bot_nav2_gz': CMAKE_PREFIX_PATH=/home/e-yanthra/Documents/ar_ws/install/ign_ros2_control:/home/e-yanthra/Documents/ar_ws/install/sam_bot_nav2_gz:/home/e-yanthra/Documents/ar_ws/install/navi_test:/home/e-yanthra/Documents/ar_ws/install/ign_ros2_control_demos:/home/e-yanthra/Documents/ar_ws/install/gz_ros2_control_tests:/home/e-yanthra/asc/asc_ws/install/rplidar_ros:/home/e-yanthra/eyrc_hb/hb_task6_ws/install/my_robot_interfaces:/home/e-yanthra/eyrc_hb/hb_task5_ws/install/my_robot_interfaces:/home/e-yanthra/eyrc_hb/hb_task4_ws/install/my_robot_interfaces:/home/e-yanthra/eyrc_hb/hb_task_2_ws/install/my_robot_interfaces:/home/e-yanthra/eyrc_hb/hb_task_2_ws/install/hb_world:/home/e-yanthra/eyrc_hb/hb_task_2_ws/install/hb_bot:/home/e-yanthra/eyrc_hb/hb_task1b_ws/install/my_robot_interfaces:/home/e-yanthra/eyrc_hb/hb_task1a_ws/install/turtlesim:/home/e-yanthra/asc/asc_ws/install/locomotion:/home/e-yanthra/robocon/install/listener:/home/e-yanthra/eyrc_hb/hb_task6_ws/install/hb_task6:/home/e-yanthra/eyrc_hb/hb_task5_ws/install/hb_task5b:/home/e-yanthra/eyrc_hb/hb_task5_ws/install/hb_task4b:/home/e-yanthra/eyrc_hb/hb_task4_ws/install/hb_task4b:/home/e-yanthra/eyrc_hb/hb_task_2_ws/install/hb_task2b:/home/e-yanthra/eyrc_hb/hb_task_2_ws/install/hb_task2a:/home/e-yanthra/eyrc_hb/hb_task1b_ws/install/hb_task_1b:/home/e-yanthra/eyrc_hb/hb_task1a_ws/install/hb_task_1a:/opt/ros/humble /usr/bin/cmake --build /home/e-yanthra/Documents/ar_ws/build/sam_bot_nav2_gz -- -j8 -l8
[0.970s] Invoked command in '/home/e-yanthra/Documents/ar_ws/build/sam_bot_nav2_gz' returned '0': CMAKE_PREFIX_PATH=/home/e-yanthra/Documents/ar_ws/install/ign_ros2_control:/home/e-yanthra/Documents/ar_ws/install/sam_bot_nav2_gz:/home/e-yanthra/Documents/ar_ws/install/navi_test:/home/e-yanthra/Documents/ar_ws/install/ign_ros2_control_demos:/home/e-yanthra/Documents/ar_ws/install/gz_ros2_control_tests:/home/e-yanthra/asc/asc_ws/install/rplidar_ros:/home/e-yanthra/eyrc_hb/hb_task6_ws/install/my_robot_interfaces:/home/e-yanthra/eyrc_hb/hb_task5_ws/install/my_robot_interfaces:/home/e-yanthra/eyrc_hb/hb_task4_ws/install/my_robot_interfaces:/home/e-yanthra/eyrc_hb/hb_task_2_ws/install/my_robot_interfaces:/home/e-yanthra/eyrc_hb/hb_task_2_ws/install/hb_world:/home/e-yanthra/eyrc_hb/hb_task_2_ws/install/hb_bot:/home/e-yanthra/eyrc_hb/hb_task1b_ws/install/my_robot_interfaces:/home/e-yanthra/eyrc_hb/hb_task1a_ws/install/turtlesim:/home/e-yanthra/asc/asc_ws/install/locomotion:/home/e-yanthra/robocon/install/listener:/home/e-yanthra/eyrc_hb/hb_task6_ws/install/hb_task6:/home/e-yanthra/eyrc_hb/hb_task5_ws/install/hb_task5b:/home/e-yanthra/eyrc_hb/hb_task5_ws/install/hb_task4b:/home/e-yanthra/eyrc_hb/hb_task4_ws/install/hb_task4b:/home/e-yanthra/eyrc_hb/hb_task_2_ws/install/hb_task2b:/home/e-yanthra/eyrc_hb/hb_task_2_ws/install/hb_task2a:/home/e-yanthra/eyrc_hb/hb_task1b_ws/install/hb_task_1b:/home/e-yanthra/eyrc_hb/hb_task1a_ws/install/hb_task_1a:/opt/ros/humble /usr/bin/cmake --build /home/e-yanthra/Documents/ar_ws/build/sam_bot_nav2_gz -- -j8 -l8
[1.174s] Invoking command in '/home/e-yanthra/Documents/ar_ws/build/sam_bot_nav2_gz': CMAKE_PREFIX_PATH=/home/e-yanthra/Documents/ar_ws/install/ign_ros2_control:/home/e-yanthra/Documents/ar_ws/install/sam_bot_nav2_gz:/home/e-yanthra/Documents/ar_ws/install/navi_test:/home/e-yanthra/Documents/ar_ws/install/ign_ros2_control_demos:/home/e-yanthra/Documents/ar_ws/install/gz_ros2_control_tests:/home/e-yanthra/asc/asc_ws/install/rplidar_ros:/home/e-yanthra/eyrc_hb/hb_task6_ws/install/my_robot_interfaces:/home/e-yanthra/eyrc_hb/hb_task5_ws/install/my_robot_interfaces:/home/e-yanthra/eyrc_hb/hb_task4_ws/install/my_robot_interfaces:/home/e-yanthra/eyrc_hb/hb_task_2_ws/install/my_robot_interfaces:/home/e-yanthra/eyrc_hb/hb_task_2_ws/install/hb_world:/home/e-yanthra/eyrc_hb/hb_task_2_ws/install/hb_bot:/home/e-yanthra/eyrc_hb/hb_task1b_ws/install/my_robot_interfaces:/home/e-yanthra/eyrc_hb/hb_task1a_ws/install/turtlesim:/home/e-yanthra/asc/asc_ws/install/locomotion:/home/e-yanthra/robocon/install/listener:/home/e-yanthra/eyrc_hb/hb_task6_ws/install/hb_task6:/home/e-yanthra/eyrc_hb/hb_task5_ws/install/hb_task5b:/home/e-yanthra/eyrc_hb/hb_task5_ws/install/hb_task4b:/home/e-yanthra/eyrc_hb/hb_task4_ws/install/hb_task4b:/home/e-yanthra/eyrc_hb/hb_task_2_ws/install/hb_task2b:/home/e-yanthra/eyrc_hb/hb_task_2_ws/install/hb_task2a:/home/e-yanthra/eyrc_hb/hb_task1b_ws/install/hb_task_1b:/home/e-yanthra/eyrc_hb/hb_task1a_ws/install/hb_task_1a:/opt/ros/humble /usr/bin/cmake --install /home/e-yanthra/Documents/ar_ws/build/sam_bot_nav2_gz
[1.203s] -- Install configuration: ""
[1.203s] -- Up-to-date: /home/e-yanthra/Documents/ar_ws/install/sam_bot_nav2_gz/share/sam_bot_nav2_gz/src
[1.204s] -- Up-to-date: /home/e-yanthra/Documents/ar_ws/install/sam_bot_nav2_gz/share/sam_bot_nav2_gz/src/description
[1.204s] -- Up-to-date: /home/e-yanthra/Documents/ar_ws/install/sam_bot_nav2_gz/share/sam_bot_nav2_gz/src/description/sam_bot_description.urdf
[1.205s] -- Up-to-date: /home/e-yanthra/Documents/ar_ws/install/sam_bot_nav2_gz/share/sam_bot_nav2_gz/scripts
[1.205s] -- Up-to-date: /home/e-yanthra/Documents/ar_ws/install/sam_bot_nav2_gz/share/sam_bot_nav2_gz/scripts/follow_waypoints.py
[1.205s] -- Up-to-date: /home/e-yanthra/Documents/ar_ws/install/sam_bot_nav2_gz/share/sam_bot_nav2_gz/scripts/reach_goal.py
[1.208s] -- Up-to-date: /home/e-yanthra/Documents/ar_ws/install/sam_bot_nav2_gz/share/sam_bot_nav2_gz/scripts/__init__.py
[1.208s] -- Up-to-date: /home/e-yanthra/Documents/ar_ws/install/sam_bot_nav2_gz/share/sam_bot_nav2_gz/launch
[1.209s] -- Up-to-date: /home/e-yanthra/Documents/ar_ws/install/sam_bot_nav2_gz/share/sam_bot_nav2_gz/launch/display.launch.py
[1.209s] -- Up-to-date: /home/e-yanthra/Documents/ar_ws/install/sam_bot_nav2_gz/share/sam_bot_nav2_gz/launch/ar_test.launch.py
[1.209s] -- Up-to-date: /home/e-yanthra/Documents/ar_ws/install/sam_bot_nav2_gz/share/sam_bot_nav2_gz/launch/complete_navigation.launch.py
[1.209s] -- Up-to-date: /home/e-yanthra/Documents/ar_ws/install/sam_bot_nav2_gz/share/sam_bot_nav2_gz/rviz
[1.209s] -- Up-to-date: /home/e-yanthra/Documents/ar_ws/install/sam_bot_nav2_gz/share/sam_bot_nav2_gz/rviz/navigation_config.rviz
[1.210s] -- Up-to-date: /home/e-yanthra/Documents/ar_ws/install/sam_bot_nav2_gz/share/sam_bot_nav2_gz/rviz/urdf_config.rviz
[1.210s] -- Up-to-date: /home/e-yanthra/Documents/ar_ws/install/sam_bot_nav2_gz/share/sam_bot_nav2_gz/config
[1.210s] -- Up-to-date: /home/e-yanthra/Documents/ar_ws/install/sam_bot_nav2_gz/share/sam_bot_nav2_gz/config/nav2_params.yaml
[1.210s] -- Up-to-date: /home/e-yanthra/Documents/ar_ws/install/sam_bot_nav2_gz/share/sam_bot_nav2_gz/config/diff_drive_controller_velocity.yaml
[1.211s] -- Up-to-date: /home/e-yanthra/Documents/ar_ws/install/sam_bot_nav2_gz/share/sam_bot_nav2_gz/config/ekf.yaml
[1.211s] -- Up-to-date: /home/e-yanthra/Documents/ar_ws/install/sam_bot_nav2_gz/share/sam_bot_nav2_gz/world
[1.211s] -- Up-to-date: /home/e-yanthra/Documents/ar_ws/install/sam_bot_nav2_gz/share/sam_bot_nav2_gz/world/empty.sdf
[1.211s] -- Up-to-date: /home/e-yanthra/Documents/ar_ws/install/sam_bot_nav2_gz/share/sam_bot_nav2_gz/models
[1.212s] -- Up-to-date: /home/e-yanthra/Documents/ar_ws/install/sam_bot_nav2_gz/share/sam_bot_nav2_gz/models/Grey Wall Small
[1.212s] -- Up-to-date: /home/e-yanthra/Documents/ar_ws/install/sam_bot_nav2_gz/share/sam_bot_nav2_gz/models/Grey Wall Small/model.sdf
[1.213s] -- Up-to-date: /home/e-yanthra/Documents/ar_ws/install/sam_bot_nav2_gz/share/sam_bot_nav2_gz/models/Grey Wall Small/model-1_3.sdf
[1.213s] -- Up-to-date: /home/e-yanthra/Documents/ar_ws/install/sam_bot_nav2_gz/share/sam_bot_nav2_gz/models/Grey Wall Small/model-1_4.sdf
[1.213s] -- Up-to-date: /home/e-yanthra/Documents/ar_ws/install/sam_bot_nav2_gz/share/sam_bot_nav2_gz/models/Grey Wall Small/materials
[1.214s] -- Up-to-date: /home/e-yanthra/Documents/ar_ws/install/sam_bot_nav2_gz/share/sam_bot_nav2_gz/models/Grey Wall Small/materials/scripts
[1.214s] -- Up-to-date: /home/e-yanthra/Documents/ar_ws/install/sam_bot_nav2_gz/share/sam_bot_nav2_gz/models/Grey Wall Small/materials/scripts/grey_wall.material
[1.215s] -- Up-to-date: /home/e-yanthra/Documents/ar_ws/install/sam_bot_nav2_gz/share/sam_bot_nav2_gz/models/Grey Wall Small/materials/textures
[1.215s] -- Up-to-date: /home/e-yanthra/Documents/ar_ws/install/sam_bot_nav2_gz/share/sam_bot_nav2_gz/models/Grey Wall Small/materials/textures/grey_wall.png
[1.216s] -- Up-to-date: /home/e-yanthra/Documents/ar_ws/install/sam_bot_nav2_gz/share/sam_bot_nav2_gz/models/Grey Wall Small/model.config
[1.216s] -- Up-to-date: /home/e-yanthra/Documents/ar_ws/install/sam_bot_nav2_gz/share/sam_bot_nav2_gz/models/Grey Wall Small/thumbnails
[1.216s] -- Up-to-date: /home/e-yanthra/Documents/ar_ws/install/sam_bot_nav2_gz/share/sam_bot_nav2_gz/models/Grey Wall Small/thumbnails/2.png
[1.216s] -- Up-to-date: /home/e-yanthra/Documents/ar_ws/install/sam_bot_nav2_gz/share/sam_bot_nav2_gz/models/Grey Wall Small/thumbnails/5.png
[1.217s] -- Up-to-date: /home/e-yanthra/Documents/ar_ws/install/sam_bot_nav2_gz/share/sam_bot_nav2_gz/models/Grey Wall Small/thumbnails/1.png
[1.217s] -- Up-to-date: /home/e-yanthra/Documents/ar_ws/install/sam_bot_nav2_gz/share/sam_bot_nav2_gz/models/Grey Wall Small/thumbnails/4.png
[1.217s] -- Up-to-date: /home/e-yanthra/Documents/ar_ws/install/sam_bot_nav2_gz/share/sam_bot_nav2_gz/models/Grey Wall Small/thumbnails/3.png
[1.217s] -- Up-to-date: /home/e-yanthra/Documents/ar_ws/install/sam_bot_nav2_gz/share/sam_bot_nav2_gz/models/obstacle box
[1.217s] -- Up-to-date: /home/e-yanthra/Documents/ar_ws/install/sam_bot_nav2_gz/share/sam_bot_nav2_gz/models/obstacle box/model.sdf
[1.218s] -- Up-to-date: /home/e-yanthra/Documents/ar_ws/install/sam_bot_nav2_gz/share/sam_bot_nav2_gz/models/obstacle box/model-1_3.sdf
[1.225s] -- Up-to-date: /home/e-yanthra/Documents/ar_ws/install/sam_bot_nav2_gz/share/sam_bot_nav2_gz/models/obstacle box/model-1_4.sdf
[1.225s] -- Up-to-date: /home/e-yanthra/Documents/ar_ws/install/sam_bot_nav2_gz/share/sam_bot_nav2_gz/models/obstacle box/materials
[1.225s] -- Up-to-date: /home/e-yanthra/Documents/ar_ws/install/sam_bot_nav2_gz/share/sam_bot_nav2_gz/models/obstacle box/materials/scripts
[1.226s] -- Up-to-date: /home/e-yanthra/Documents/ar_ws/install/sam_bot_nav2_gz/share/sam_bot_nav2_gz/models/obstacle box/materials/scripts/grey_wall.material
[1.227s] -- Up-to-date: /home/e-yanthra/Documents/ar_ws/install/sam_bot_nav2_gz/share/sam_bot_nav2_gz/models/obstacle box/materials/textures
[1.227s] -- Up-to-date: /home/e-yanthra/Documents/ar_ws/install/sam_bot_nav2_gz/share/sam_bot_nav2_gz/models/obstacle box/materials/textures/grey_wall.png
[1.227s] -- Up-to-date: /home/e-yanthra/Documents/ar_ws/install/sam_bot_nav2_gz/share/sam_bot_nav2_gz/models/obstacle box/model.config
[1.227s] -- Up-to-date: /home/e-yanthra/Documents/ar_ws/install/sam_bot_nav2_gz/share/sam_bot_nav2_gz/models/obstacle box/thumbnails
[1.232s] -- Up-to-date: /home/e-yanthra/Documents/ar_ws/install/sam_bot_nav2_gz/share/sam_bot_nav2_gz/models/obstacle box/thumbnails/2.png
[1.233s] -- Up-to-date: /home/e-yanthra/Documents/ar_ws/install/sam_bot_nav2_gz/share/sam_bot_nav2_gz/models/obstacle box/thumbnails/5.png
[1.234s] -- Up-to-date: /home/e-yanthra/Documents/ar_ws/install/sam_bot_nav2_gz/share/sam_bot_nav2_gz/models/obstacle box/thumbnails/1.png
[1.234s] -- Up-to-date: /home/e-yanthra/Documents/ar_ws/install/sam_bot_nav2_gz/share/sam_bot_nav2_gz/models/obstacle box/thumbnails/4.png
[1.234s] -- Up-to-date: /home/e-yanthra/Documents/ar_ws/install/sam_bot_nav2_gz/share/sam_bot_nav2_gz/models/obstacle box/thumbnails/3.png
[1.234s] -- Up-to-date: /home/e-yanthra/Documents/ar_ws/install/sam_bot_nav2_gz/share/sam_bot_nav2_gz/models/Grey Wall
[1.234s] -- Up-to-date: /home/e-yanthra/Documents/ar_ws/install/sam_bot_nav2_gz/share/sam_bot_nav2_gz/models/Grey Wall/model.sdf
[1.235s] -- Up-to-date: /home/e-yanthra/Documents/ar_ws/install/sam_bot_nav2_gz/share/sam_bot_nav2_gz/models/Grey Wall/model-1_3.sdf
[1.235s] -- Up-to-date: /home/e-yanthra/Documents/ar_ws/install/sam_bot_nav2_gz/share/sam_bot_nav2_gz/models/Grey Wall/model-1_4.sdf
[1.235s] -- Up-to-date: /home/e-yanthra/Documents/ar_ws/install/sam_bot_nav2_gz/share/sam_bot_nav2_gz/models/Grey Wall/materials
[1.235s] -- Up-to-date: /home/e-yanthra/Documents/ar_ws/install/sam_bot_nav2_gz/share/sam_bot_nav2_gz/models/Grey Wall/materials/scripts
[1.236s] -- Up-to-date: /home/e-yanthra/Documents/ar_ws/install/sam_bot_nav2_gz/share/sam_bot_nav2_gz/models/Grey Wall/materials/scripts/grey_wall.material
[1.236s] -- Up-to-date: /home/e-yanthra/Documents/ar_ws/install/sam_bot_nav2_gz/share/sam_bot_nav2_gz/models/Grey Wall/materials/textures
[1.238s] -- Up-to-date: /home/e-yanthra/Documents/ar_ws/install/sam_bot_nav2_gz/share/sam_bot_nav2_gz/models/Grey Wall/materials/textures/grey_wall.png
[1.239s] -- Up-to-date: /home/e-yanthra/Documents/ar_ws/install/sam_bot_nav2_gz/share/sam_bot_nav2_gz/models/Grey Wall/model.config
[1.239s] -- Up-to-date: /home/e-yanthra/Documents/ar_ws/install/sam_bot_nav2_gz/share/sam_bot_nav2_gz/models/Grey Wall/thumbnails
[1.239s] -- Up-to-date: /home/e-yanthra/Documents/ar_ws/install/sam_bot_nav2_gz/share/sam_bot_nav2_gz/models/Grey Wall/thumbnails/2.png
[1.239s] -- Up-to-date: /home/e-yanthra/Documents/ar_ws/install/sam_bot_nav2_gz/share/sam_bot_nav2_gz/models/Grey Wall/thumbnails/5.png
[1.240s] -- Up-to-date: /home/e-yanthra/Documents/ar_ws/install/sam_bot_nav2_gz/share/sam_bot_nav2_gz/models/Grey Wall/thumbnails/1.png
[1.240s] -- Up-to-date: /home/e-yanthra/Documents/ar_ws/install/sam_bot_nav2_gz/share/sam_bot_nav2_gz/models/Grey Wall/thumbnails/4.png
[1.240s] -- Up-to-date: /home/e-yanthra/Documents/ar_ws/install/sam_bot_nav2_gz/share/sam_bot_nav2_gz/models/Grey Wall/thumbnails/3.png
[1.240s] -- Up-to-date: /home/e-yanthra/Documents/ar_ws/install/sam_bot_nav2_gz/share/sam_bot_nav2_gz/models/TurtlebotArena
[1.241s] -- Up-to-date: /home/e-yanthra/Documents/ar_ws/install/sam_bot_nav2_gz/share/sam_bot_nav2_gz/models/TurtlebotArena/model.sdf
[1.242s] -- Up-to-date: /home/e-yanthra/Documents/ar_ws/install/sam_bot_nav2_gz/share/sam_bot_nav2_gz/models/TurtlebotArena/meshes
[1.246s] -- Up-to-date: /home/e-yanthra/Documents/ar_ws/install/sam_bot_nav2_gz/share/sam_bot_nav2_gz/models/TurtlebotArena/meshes/hexagon.dae
[1.247s] -- Up-to-date: /home/e-yanthra/Documents/ar_ws/install/sam_bot_nav2_gz/share/sam_bot_nav2_gz/models/TurtlebotArena/meshes/wall.dae
[1.247s] -- Up-to-date: /home/e-yanthra/Documents/ar_ws/install/sam_bot_nav2_gz/share/sam_bot_nav2_gz/models/TurtlebotArena/model.config
[1.247s] -- Up-to-date: /home/e-yanthra/Documents/ar_ws/install/sam_bot_nav2_gz/lib/sam_bot_nav2_gz/reach_goal.py
[1.247s] -- Up-to-date: /home/e-yanthra/Documents/ar_ws/install/sam_bot_nav2_gz/lib/sam_bot_nav2_gz/follow_waypoints.py
[1.248s] -- Up-to-date: /home/e-yanthra/Documents/ar_ws/install/sam_bot_nav2_gz/share/ament_index/resource_index/package_run_dependencies/sam_bot_nav2_gz
[1.248s] -- Up-to-date: /home/e-yanthra/Documents/ar_ws/install/sam_bot_nav2_gz/share/ament_index/resource_index/parent_prefix_path/sam_bot_nav2_gz
[1.248s] -- Up-to-date: /home/e-yanthra/Documents/ar_ws/install/sam_bot_nav2_gz/share/sam_bot_nav2_gz/environment/ament_prefix_path.sh
[1.250s] -- Up-to-date: /home/e-yanthra/Documents/ar_ws/install/sam_bot_nav2_gz/share/sam_bot_nav2_gz/environment/ament_prefix_path.dsv
[1.250s] -- Up-to-date: /home/e-yanthra/Documents/ar_ws/install/sam_bot_nav2_gz/share/sam_bot_nav2_gz/environment/path.sh
[1.250s] -- Up-to-date: /home/e-yanthra/Documents/ar_ws/install/sam_bot_nav2_gz/share/sam_bot_nav2_gz/environment/path.dsv
[1.250s] -- Up-to-date: /home/e-yanthra/Documents/ar_ws/install/sam_bot_nav2_gz/share/sam_bot_nav2_gz/local_setup.bash
[1.251s] -- Up-to-date: /home/e-yanthra/Documents/ar_ws/install/sam_bot_nav2_gz/share/sam_bot_nav2_gz/local_setup.sh
[1.251s] -- Up-to-date: /home/e-yanthra/Documents/ar_ws/install/sam_bot_nav2_gz/share/sam_bot_nav2_gz/local_setup.zsh
[1.251s] -- Up-to-date: /home/e-yanthra/Documents/ar_ws/install/sam_bot_nav2_gz/share/sam_bot_nav2_gz/local_setup.dsv
[1.251s] -- Installing: /home/e-yanthra/Documents/ar_ws/install/sam_bot_nav2_gz/share/sam_bot_nav2_gz/package.dsv
[1.252s] -- Up-to-date: /home/e-yanthra/Documents/ar_ws/install/sam_bot_nav2_gz/share/ament_index/resource_index/packages/sam_bot_nav2_gz
[1.252s] -- Up-to-date: /home/e-yanthra/Documents/ar_ws/install/sam_bot_nav2_gz/share/sam_bot_nav2_gz/cmake/sam_bot_nav2_gzConfig.cmake
[1.252s] -- Up-to-date: /home/e-yanthra/Documents/ar_ws/install/sam_bot_nav2_gz/share/sam_bot_nav2_gz/cmake/sam_bot_nav2_gzConfig-version.cmake
[1.252s] -- Up-to-date: /home/e-yanthra/Documents/ar_ws/install/sam_bot_nav2_gz/share/sam_bot_nav2_gz/package.xml
[1.253s] Invoked command in '/home/e-yanthra/Documents/ar_ws/build/sam_bot_nav2_gz' returned '0': CMAKE_PREFIX_PATH=/home/e-yanthra/Documents/ar_ws/install/ign_ros2_control:/home/e-yanthra/Documents/ar_ws/install/sam_bot_nav2_gz:/home/e-yanthra/Documents/ar_ws/install/navi_test:/home/e-yanthra/Documents/ar_ws/install/ign_ros2_control_demos:/home/e-yanthra/Documents/ar_ws/install/gz_ros2_control_tests:/home/e-yanthra/asc/asc_ws/install/rplidar_ros:/home/e-yanthra/eyrc_hb/hb_task6_ws/install/my_robot_interfaces:/home/e-yanthra/eyrc_hb/hb_task5_ws/install/my_robot_interfaces:/home/e-yanthra/eyrc_hb/hb_task4_ws/install/my_robot_interfaces:/home/e-yanthra/eyrc_hb/hb_task_2_ws/install/my_robot_interfaces:/home/e-yanthra/eyrc_hb/hb_task_2_ws/install/hb_world:/home/e-yanthra/eyrc_hb/hb_task_2_ws/install/hb_bot:/home/e-yanthra/eyrc_hb/hb_task1b_ws/install/my_robot_interfaces:/home/e-yanthra/eyrc_hb/hb_task1a_ws/install/turtlesim:/home/e-yanthra/asc/asc_ws/install/locomotion:/home/e-yanthra/robocon/install/listener:/home/e-yanthra/eyrc_hb/hb_task6_ws/install/hb_task6:/home/e-yanthra/eyrc_hb/hb_task5_ws/install/hb_task5b:/home/e-yanthra/eyrc_hb/hb_task5_ws/install/hb_task4b:/home/e-yanthra/eyrc_hb/hb_task4_ws/install/hb_task4b:/home/e-yanthra/eyrc_hb/hb_task_2_ws/install/hb_task2b:/home/e-yanthra/eyrc_hb/hb_task_2_ws/install/hb_task2a:/home/e-yanthra/eyrc_hb/hb_task1b_ws/install/hb_task_1b:/home/e-yanthra/eyrc_hb/hb_task1a_ws/install/hb_task_1a:/opt/ros/humble /usr/bin/cmake --install /home/e-yanthra/Documents/ar_ws/build/sam_bot_nav2_gz
