[1.767s] DEBUG:colcon:Command line arguments: ['/usr/bin/colcon', 'build']
[1.767s] DEBUG:colcon:Parsed command line arguments: Namespace(log_base=None, log_level=None, verb_name='build', build_base='build', install_base='install', merge_install=False, symlink_install=False, test_result_base=None, continue_on_error=False, executor='parallel', parallel_workers=8, event_handlers=None, ignore_user_meta=False, metas=['./colcon.meta'], base_paths=['.'], packages_ignore=None, packages_ignore_regex=None, paths=None, packages_up_to=None, packages_up_to_regex=None, packages_above=None, packages_above_and_dependencies=None, packages_above_depth=None, packages_select_by_dep=None, packages_skip_by_dep=None, packages_skip_up_to=None, packages_select_build_failed=False, packages_skip_build_finished=False, packages_select_test_failures=False, packages_skip_test_passed=False, packages_select=None, packages_skip=None, packages_select_regex=None, packages_skip_regex=None, packages_start=None, packages_end=None, allow_overriding=[], cmake_args=None, cmake_target=None, cmake_target_skip_unavailable=False, cmake_clean_cache=False, cmake_clean_first=False, cmake_force_configure=False, ament_cmake_args=None, catkin_cmake_args=None, catkin_skip_building_tests=False, verb_parser=<colcon_defaults.argument_parser.defaults.DefaultArgumentsDecorator object at 0x7f0ea9aa7910>, verb_extension=<colcon_core.verb.build.BuildVerb object at 0x7f0ea9bd3190>, main=<bound method BuildVerb.main of <colcon_core.verb.build.BuildVerb object at 0x7f0ea9bd3190>>)
[1.903s] Level 1:colcon.colcon_core.package_discovery:discover_packages(colcon_meta) check parameters
[1.904s] Level 1:colcon.colcon_core.package_discovery:discover_packages(recursive) check parameters
[1.904s] Level 1:colcon.colcon_core.package_discovery:discover_packages(ignore) check parameters
[1.904s] Level 1:colcon.colcon_core.package_discovery:discover_packages(path) check parameters
[1.904s] Level 1:colcon.colcon_core.package_discovery:discover_packages(colcon_meta) discover
[1.904s] Level 1:colcon.colcon_core.package_discovery:discover_packages(recursive) discover
[1.904s] INFO:colcon.colcon_core.package_discovery:Crawling recursively for packages in '/home/e-yanthra/Documents/ar_ws'
[1.904s] Level 1:colcon.colcon_core.package_identification:_identify(.) by extensions ['ignore', 'ignore_ament_install']
[1.904s] Level 1:colcon.colcon_core.package_identification:_identify(.) by extension 'ignore'
[1.904s] Level 1:colcon.colcon_core.package_identification:_identify(.) by extension 'ignore_ament_install'
[1.904s] Level 1:colcon.colcon_core.package_identification:_identify(.) by extensions ['colcon_pkg']
[1.905s] Level 1:colcon.colcon_core.package_identification:_identify(.) by extension 'colcon_pkg'
[1.905s] Level 1:colcon.colcon_core.package_identification:_identify(.) by extensions ['colcon_meta']
[1.905s] Level 1:colcon.colcon_core.package_identification:_identify(.) by extension 'colcon_meta'
[1.905s] Level 1:colcon.colcon_core.package_identification:_identify(.) by extensions ['ros']
[1.905s] Level 1:colcon.colcon_core.package_identification:_identify(.) by extension 'ros'
[1.930s] Level 1:colcon.colcon_core.package_identification:_identify(.) by extensions ['cmake', 'python']
[1.930s] Level 1:colcon.colcon_core.package_identification:_identify(.) by extension 'cmake'
[1.930s] Level 1:colcon.colcon_core.package_identification:_identify(.) by extension 'python'
[1.930s] Level 1:colcon.colcon_core.package_identification:_identify(.) by extensions ['python_setup_py']
[1.930s] Level 1:colcon.colcon_core.package_identification:_identify(.) by extension 'python_setup_py'
[1.931s] Level 1:colcon.colcon_core.package_identification:_identify(build) by extensions ['ignore', 'ignore_ament_install']
[1.931s] Level 1:colcon.colcon_core.package_identification:_identify(build) by extension 'ignore'
[1.931s] Level 1:colcon.colcon_core.package_identification:_identify(build) ignored
[1.931s] Level 1:colcon.colcon_core.package_identification:_identify(install) by extensions ['ignore', 'ignore_ament_install']
[1.931s] Level 1:colcon.colcon_core.package_identification:_identify(install) by extension 'ignore'
[1.931s] Level 1:colcon.colcon_core.package_identification:_identify(install) ignored
[1.931s] Level 1:colcon.colcon_core.package_identification:_identify(log) by extensions ['ignore', 'ignore_ament_install']
[1.932s] Level 1:colcon.colcon_core.package_identification:_identify(log) by extension 'ignore'
[1.932s] Level 1:colcon.colcon_core.package_identification:_identify(log) ignored
[1.932s] Level 1:colcon.colcon_core.package_identification:_identify(navi_test) by extensions ['ignore', 'ignore_ament_install']
[1.932s] Level 1:colcon.colcon_core.package_identification:_identify(navi_test) by extension 'ignore'
[1.932s] Level 1:colcon.colcon_core.package_identification:_identify(navi_test) by extension 'ignore_ament_install'
[1.932s] Level 1:colcon.colcon_core.package_identification:_identify(navi_test) by extensions ['colcon_pkg']
[1.932s] Level 1:colcon.colcon_core.package_identification:_identify(navi_test) by extension 'colcon_pkg'
[1.932s] Level 1:colcon.colcon_core.package_identification:_identify(navi_test) by extensions ['colcon_meta']
[1.932s] Level 1:colcon.colcon_core.package_identification:_identify(navi_test) by extension 'colcon_meta'
[1.932s] Level 1:colcon.colcon_core.package_identification:_identify(navi_test) by extensions ['ros']
[1.932s] Level 1:colcon.colcon_core.package_identification:_identify(navi_test) by extension 'ros'
[1.937s] DEBUG:colcon.colcon_core.package_identification:Package 'navi_test' with type 'ros.ament_cmake' and name 'navi_test'
[1.937s] Level 1:colcon.colcon_core.package_identification:_identify(src) by extensions ['ignore', 'ignore_ament_install']
[1.937s] Level 1:colcon.colcon_core.package_identification:_identify(src) by extension 'ignore'
[1.937s] Level 1:colcon.colcon_core.package_identification:_identify(src) by extension 'ignore_ament_install'
[1.937s] Level 1:colcon.colcon_core.package_identification:_identify(src) by extensions ['colcon_pkg']
[1.937s] Level 1:colcon.colcon_core.package_identification:_identify(src) by extension 'colcon_pkg'
[1.937s] Level 1:colcon.colcon_core.package_identification:_identify(src) by extensions ['colcon_meta']
[1.937s] Level 1:colcon.colcon_core.package_identification:_identify(src) by extension 'colcon_meta'
[1.937s] Level 1:colcon.colcon_core.package_identification:_identify(src) by extensions ['ros']
[1.937s] Level 1:colcon.colcon_core.package_identification:_identify(src) by extension 'ros'
[1.938s] Level 1:colcon.colcon_core.package_identification:_identify(src) by extensions ['cmake', 'python']
[1.938s] Level 1:colcon.colcon_core.package_identification:_identify(src) by extension 'cmake'
[1.938s] Level 1:colcon.colcon_core.package_identification:_identify(src) by extension 'python'
[1.938s] Level 1:colcon.colcon_core.package_identification:_identify(src) by extensions ['python_setup_py']
[1.938s] Level 1:colcon.colcon_core.package_identification:_identify(src) by extension 'python_setup_py'
[1.938s] Level 1:colcon.colcon_core.package_discovery:discover_packages(recursive) using defaults
[1.938s] Level 1:colcon.colcon_core.package_discovery:discover_packages(ignore) discover
[1.938s] Level 1:colcon.colcon_core.package_discovery:discover_packages(ignore) using defaults
[1.938s] Level 1:colcon.colcon_core.package_discovery:discover_packages(path) discover
[1.938s] Level 1:colcon.colcon_core.package_discovery:discover_packages(path) using defaults
[2.116s] Level 1:colcon.colcon_core.package_discovery:discover_packages(prefix_path) check parameters
[2.116s] Level 1:colcon.colcon_core.package_discovery:discover_packages(prefix_path) discover
[2.184s] DEBUG:colcon.colcon_installed_package_information.package_discovery:Found 2 installed packages in /home/e-yanthra/asc/asc_ws/install
[2.207s] DEBUG:colcon.colcon_installed_package_information.package_discovery:Found 1 installed packages in /home/e-yanthra/robocon/install
[2.231s] DEBUG:colcon.colcon_installed_package_information.package_discovery:Found 2 installed packages in /home/e-yanthra/eyrc_hb/hb_task6_ws/install
[2.258s] DEBUG:colcon.colcon_installed_package_information.package_discovery:Found 3 installed packages in /home/e-yanthra/eyrc_hb/hb_task5_ws/install
[2.283s] DEBUG:colcon.colcon_installed_package_information.package_discovery:Found 2 installed packages in /home/e-yanthra/eyrc_hb/hb_task4_ws/install
[2.307s] DEBUG:colcon.colcon_installed_package_information.package_discovery:Found 5 installed packages in /home/e-yanthra/eyrc_hb/hb_task_2_ws/install
[2.332s] DEBUG:colcon.colcon_installed_package_information.package_discovery:Found 2 installed packages in /home/e-yanthra/eyrc_hb/hb_task1b_ws/install
[2.360s] DEBUG:colcon.colcon_installed_package_information.package_discovery:Found 2 installed packages in /home/e-yanthra/eyrc_hb/hb_task1a_ws/install
[2.409s] DEBUG:colcon.colcon_installed_package_information.package_discovery:Found 325 installed packages in /opt/ros/humble
[2.411s] Level 1:colcon.colcon_core.package_discovery:discover_packages(prefix_path) using defaults
[2.594s] Level 5:colcon.colcon_core.verb:set package 'navi_test' build argument 'cmake_args' from command line to 'None'
[2.594s] Level 5:colcon.colcon_core.verb:set package 'navi_test' build argument 'cmake_target' from command line to 'None'
[2.594s] Level 5:colcon.colcon_core.verb:set package 'navi_test' build argument 'cmake_target_skip_unavailable' from command line to 'False'
[2.594s] Level 5:colcon.colcon_core.verb:set package 'navi_test' build argument 'cmake_clean_cache' from command line to 'False'
[2.594s] Level 5:colcon.colcon_core.verb:set package 'navi_test' build argument 'cmake_clean_first' from command line to 'False'
[2.594s] Level 5:colcon.colcon_core.verb:set package 'navi_test' build argument 'cmake_force_configure' from command line to 'False'
[2.594s] Level 5:colcon.colcon_core.verb:set package 'navi_test' build argument 'ament_cmake_args' from command line to 'None'
[2.594s] Level 5:colcon.colcon_core.verb:set package 'navi_test' build argument 'catkin_cmake_args' from command line to 'None'
[2.595s] Level 5:colcon.colcon_core.verb:set package 'navi_test' build argument 'catkin_skip_building_tests' from command line to 'False'
[2.595s] DEBUG:colcon.colcon_core.verb:Building package 'navi_test' with the following arguments: {'ament_cmake_args': None, 'build_base': '/home/e-yanthra/Documents/ar_ws/build/navi_test', 'catkin_cmake_args': None, 'catkin_skip_building_tests': False, 'cmake_args': None, 'cmake_clean_cache': False, 'cmake_clean_first': False, 'cmake_force_configure': False, 'cmake_target': None, 'cmake_target_skip_unavailable': False, 'install_base': '/home/e-yanthra/Documents/ar_ws/install/navi_test', 'merge_install': False, 'path': '/home/e-yanthra/Documents/ar_ws/navi_test', 'symlink_install': False, 'test_result_base': None}
[2.618s] INFO:colcon.colcon_core.executor:Executing jobs using 'parallel' executor
[2.642s] DEBUG:colcon.colcon_parallel_executor.executor.parallel:run_until_complete
[2.642s] INFO:colcon.colcon_ros.task.ament_cmake.build:Building ROS package in '/home/e-yanthra/Documents/ar_ws/navi_test' with build type 'ament_cmake'
[2.642s] INFO:colcon.colcon_cmake.task.cmake.build:Building CMake package in '/home/e-yanthra/Documents/ar_ws/navi_test'
[2.672s] INFO:colcon.colcon_core.plugin_system:Skipping extension 'colcon_core.shell.bat': Not used on non-Windows systems
[2.673s] INFO:colcon.colcon_core.shell:Skip shell extension 'powershell' for command environment: Not usable outside of PowerShell
[2.673s] DEBUG:colcon.colcon_core.shell:Skip shell extension 'dsv' for command environment
[2.938s] DEBUG:colcon.colcon_core.event_handler.log_command:Invoking command in '/home/e-yanthra/Documents/ar_ws/build/navi_test': CMAKE_PREFIX_PATH=${CMAKE_PREFIX_PATH}:/home/e-yanthra/asc/asc_ws/install/locomotion:/home/e-yanthra/robocon/install/listener:/home/e-yanthra/eyrc_hb/hb_task6_ws/install/hb_task6:/home/e-yanthra/eyrc_hb/hb_task5_ws/install/hb_task5b:/home/e-yanthra/eyrc_hb/hb_task5_ws/install/hb_task4b:/home/e-yanthra/eyrc_hb/hb_task4_ws/install/hb_task4b:/home/e-yanthra/eyrc_hb/hb_task_2_ws/install/hb_task2b:/home/e-yanthra/eyrc_hb/hb_task_2_ws/install/hb_task2a:/home/e-yanthra/eyrc_hb/hb_task1b_ws/install/hb_task_1b:/home/e-yanthra/eyrc_hb/hb_task1a_ws/install/hb_task_1a:/opt/ros/humble CONDA_PROMPT_MODIFIER=(base) /usr/bin/cmake --build /home/e-yanthra/Documents/ar_ws/build/navi_test -- -j8 -l8
[3.078s] DEBUG:colcon.colcon_core.event_handler.log_command:Invoked command in '/home/e-yanthra/Documents/ar_ws/build/navi_test' returned '0': CMAKE_PREFIX_PATH=${CMAKE_PREFIX_PATH}:/home/e-yanthra/asc/asc_ws/install/locomotion:/home/e-yanthra/robocon/install/listener:/home/e-yanthra/eyrc_hb/hb_task6_ws/install/hb_task6:/home/e-yanthra/eyrc_hb/hb_task5_ws/install/hb_task5b:/home/e-yanthra/eyrc_hb/hb_task5_ws/install/hb_task4b:/home/e-yanthra/eyrc_hb/hb_task4_ws/install/hb_task4b:/home/e-yanthra/eyrc_hb/hb_task_2_ws/install/hb_task2b:/home/e-yanthra/eyrc_hb/hb_task_2_ws/install/hb_task2a:/home/e-yanthra/eyrc_hb/hb_task1b_ws/install/hb_task_1b:/home/e-yanthra/eyrc_hb/hb_task1a_ws/install/hb_task_1a:/opt/ros/humble CONDA_PROMPT_MODIFIER=(base) /usr/bin/cmake --build /home/e-yanthra/Documents/ar_ws/build/navi_test -- -j8 -l8
[3.138s] DEBUG:colcon.colcon_core.event_handler.log_command:Invoking command in '/home/e-yanthra/Documents/ar_ws/build/navi_test': CMAKE_PREFIX_PATH=${CMAKE_PREFIX_PATH}:/home/e-yanthra/asc/asc_ws/install/locomotion:/home/e-yanthra/robocon/install/listener:/home/e-yanthra/eyrc_hb/hb_task6_ws/install/hb_task6:/home/e-yanthra/eyrc_hb/hb_task5_ws/install/hb_task5b:/home/e-yanthra/eyrc_hb/hb_task5_ws/install/hb_task4b:/home/e-yanthra/eyrc_hb/hb_task4_ws/install/hb_task4b:/home/e-yanthra/eyrc_hb/hb_task_2_ws/install/hb_task2b:/home/e-yanthra/eyrc_hb/hb_task_2_ws/install/hb_task2a:/home/e-yanthra/eyrc_hb/hb_task1b_ws/install/hb_task_1b:/home/e-yanthra/eyrc_hb/hb_task1a_ws/install/hb_task_1a:/opt/ros/humble CONDA_PROMPT_MODIFIER=(base) /usr/bin/cmake --install /home/e-yanthra/Documents/ar_ws/build/navi_test
[3.166s] Level 1:colcon.colcon_core.environment:create_environment_scripts_only(navi_test)
[3.167s] DEBUG:colcon.colcon_core.event_handler.log_command:Invoked command in '/home/e-yanthra/Documents/ar_ws/build/navi_test' returned '0': CMAKE_PREFIX_PATH=${CMAKE_PREFIX_PATH}:/home/e-yanthra/asc/asc_ws/install/locomotion:/home/e-yanthra/robocon/install/listener:/home/e-yanthra/eyrc_hb/hb_task6_ws/install/hb_task6:/home/e-yanthra/eyrc_hb/hb_task5_ws/install/hb_task5b:/home/e-yanthra/eyrc_hb/hb_task5_ws/install/hb_task4b:/home/e-yanthra/eyrc_hb/hb_task4_ws/install/hb_task4b:/home/e-yanthra/eyrc_hb/hb_task_2_ws/install/hb_task2b:/home/e-yanthra/eyrc_hb/hb_task_2_ws/install/hb_task2a:/home/e-yanthra/eyrc_hb/hb_task1b_ws/install/hb_task_1b:/home/e-yanthra/eyrc_hb/hb_task1a_ws/install/hb_task_1a:/opt/ros/humble CONDA_PROMPT_MODIFIER=(base) /usr/bin/cmake --install /home/e-yanthra/Documents/ar_ws/build/navi_test
[3.198s] Level 1:colcon.colcon_core.environment:checking '/home/e-yanthra/Documents/ar_ws/install/navi_test' for CMake module files
[3.199s] Level 1:colcon.colcon_core.environment:checking '/home/e-yanthra/Documents/ar_ws/install/navi_test' for CMake config files
[3.200s] Level 1:colcon.colcon_core.shell:create_environment_hook('navi_test', 'cmake_prefix_path')
[3.223s] INFO:colcon.colcon_core.shell:Creating environment hook '/home/e-yanthra/Documents/ar_ws/install/navi_test/share/navi_test/hook/cmake_prefix_path.ps1'
[3.224s] INFO:colcon.colcon_core.shell:Creating environment descriptor '/home/e-yanthra/Documents/ar_ws/install/navi_test/share/navi_test/hook/cmake_prefix_path.dsv'
[3.225s] INFO:colcon.colcon_core.shell:Creating environment hook '/home/e-yanthra/Documents/ar_ws/install/navi_test/share/navi_test/hook/cmake_prefix_path.sh'
[3.227s] Level 1:colcon.colcon_core.environment:checking '/home/e-yanthra/Documents/ar_ws/install/navi_test/lib'
[3.228s] Level 1:colcon.colcon_core.environment:checking '/home/e-yanthra/Documents/ar_ws/install/navi_test/bin'
[3.228s] Level 1:colcon.colcon_core.environment:checking '/home/e-yanthra/Documents/ar_ws/install/navi_test/lib/pkgconfig/navi_test.pc'
[3.228s] Level 1:colcon.colcon_core.environment:checking '/home/e-yanthra/Documents/ar_ws/install/navi_test/lib/python3.10/site-packages'
[3.229s] Level 1:colcon.colcon_core.environment:checking '/home/e-yanthra/Documents/ar_ws/install/navi_test/bin'
[3.253s] INFO:colcon.colcon_core.shell:Creating package script '/home/e-yanthra/Documents/ar_ws/install/navi_test/share/navi_test/package.ps1'
[3.254s] INFO:colcon.colcon_core.shell:Creating package descriptor '/home/e-yanthra/Documents/ar_ws/install/navi_test/share/navi_test/package.dsv'
[3.255s] INFO:colcon.colcon_core.shell:Creating package script '/home/e-yanthra/Documents/ar_ws/install/navi_test/share/navi_test/package.sh'
[3.256s] INFO:colcon.colcon_core.shell:Creating package script '/home/e-yanthra/Documents/ar_ws/install/navi_test/share/navi_test/package.bash'
[3.257s] INFO:colcon.colcon_core.shell:Creating package script '/home/e-yanthra/Documents/ar_ws/install/navi_test/share/navi_test/package.zsh'
[3.259s] Level 1:colcon.colcon_core.environment:create_file_with_runtime_dependencies(/home/e-yanthra/Documents/ar_ws/install/navi_test/share/colcon-core/packages/navi_test)
[3.336s] Level 1:colcon.colcon_core.environment:create_environment_scripts_only(navi_test)
[3.365s] Level 1:colcon.colcon_core.environment:checking '/home/e-yanthra/Documents/ar_ws/install/navi_test' for CMake module files
[3.366s] Level 1:colcon.colcon_core.environment:checking '/home/e-yanthra/Documents/ar_ws/install/navi_test' for CMake config files
[3.367s] Level 1:colcon.colcon_core.shell:create_environment_hook('navi_test', 'cmake_prefix_path')
[3.395s] INFO:colcon.colcon_core.shell:Creating environment hook '/home/e-yanthra/Documents/ar_ws/install/navi_test/share/navi_test/hook/cmake_prefix_path.ps1'
[3.397s] INFO:colcon.colcon_core.shell:Creating environment descriptor '/home/e-yanthra/Documents/ar_ws/install/navi_test/share/navi_test/hook/cmake_prefix_path.dsv'
[3.397s] INFO:colcon.colcon_core.shell:Creating environment hook '/home/e-yanthra/Documents/ar_ws/install/navi_test/share/navi_test/hook/cmake_prefix_path.sh'
[3.398s] Level 1:colcon.colcon_core.environment:checking '/home/e-yanthra/Documents/ar_ws/install/navi_test/lib'
[3.399s] Level 1:colcon.colcon_core.environment:checking '/home/e-yanthra/Documents/ar_ws/install/navi_test/bin'
[3.399s] Level 1:colcon.colcon_core.environment:checking '/home/e-yanthra/Documents/ar_ws/install/navi_test/lib/pkgconfig/navi_test.pc'
[3.399s] Level 1:colcon.colcon_core.environment:checking '/home/e-yanthra/Documents/ar_ws/install/navi_test/lib/python3.10/site-packages'
[3.400s] Level 1:colcon.colcon_core.environment:checking '/home/e-yanthra/Documents/ar_ws/install/navi_test/bin'
[3.432s] INFO:colcon.colcon_core.shell:Creating package script '/home/e-yanthra/Documents/ar_ws/install/navi_test/share/navi_test/package.ps1'
[3.433s] INFO:colcon.colcon_core.shell:Creating package descriptor '/home/e-yanthra/Documents/ar_ws/install/navi_test/share/navi_test/package.dsv'
[3.433s] INFO:colcon.colcon_core.shell:Creating package script '/home/e-yanthra/Documents/ar_ws/install/navi_test/share/navi_test/package.sh'
[3.434s] INFO:colcon.colcon_core.shell:Creating package script '/home/e-yanthra/Documents/ar_ws/install/navi_test/share/navi_test/package.bash'
[3.434s] INFO:colcon.colcon_core.shell:Creating package script '/home/e-yanthra/Documents/ar_ws/install/navi_test/share/navi_test/package.zsh'
[3.434s] Level 1:colcon.colcon_core.environment:create_file_with_runtime_dependencies(/home/e-yanthra/Documents/ar_ws/install/navi_test/share/colcon-core/packages/navi_test)
[3.435s] DEBUG:colcon.colcon_parallel_executor.executor.parallel:closing loop
[3.435s] DEBUG:colcon.colcon_parallel_executor.executor.parallel:loop closed
[3.435s] DEBUG:colcon.colcon_parallel_executor.executor.parallel:run_until_complete finished with '0'
[3.435s] DEBUG:colcon.colcon_core.event_reactor:joining thread
[3.473s] INFO:colcon.colcon_core.plugin_system:Skipping extension 'colcon_notification.desktop_notification.notify_send': Could not find 'notify-send'
[3.473s] INFO:colcon.colcon_core.plugin_system:Skipping extension 'colcon_notification.desktop_notification.terminal_notifier': Not used on non-Darwin systems
[3.473s] INFO:colcon.colcon_core.plugin_system:Skipping extension 'colcon_notification.desktop_notification.win32': Not used on non-Windows systems
[3.473s] INFO:colcon.colcon_notification.desktop_notification:Sending desktop notification using 'notify2'
[3.486s] DEBUG:colcon.colcon_core.event_reactor:joined thread
[3.515s] INFO:colcon.colcon_core.shell:Creating prefix script '/home/e-yanthra/Documents/ar_ws/install/local_setup.ps1'
[3.516s] INFO:colcon.colcon_core.shell:Creating prefix util module '/home/e-yanthra/Documents/ar_ws/install/_local_setup_util_ps1.py'
[3.519s] INFO:colcon.colcon_core.shell:Creating prefix chain script '/home/e-yanthra/Documents/ar_ws/install/setup.ps1'
[3.548s] INFO:colcon.colcon_core.shell:Creating prefix script '/home/e-yanthra/Documents/ar_ws/install/local_setup.sh'
[3.549s] INFO:colcon.colcon_core.shell:Creating prefix util module '/home/e-yanthra/Documents/ar_ws/install/_local_setup_util_sh.py'
[3.550s] INFO:colcon.colcon_core.shell:Creating prefix chain script '/home/e-yanthra/Documents/ar_ws/install/setup.sh'
[3.575s] INFO:colcon.colcon_core.shell:Creating prefix script '/home/e-yanthra/Documents/ar_ws/install/local_setup.bash'
[3.577s] INFO:colcon.colcon_core.shell:Creating prefix chain script '/home/e-yanthra/Documents/ar_ws/install/setup.bash'
[3.617s] INFO:colcon.colcon_core.shell:Creating prefix script '/home/e-yanthra/Documents/ar_ws/install/local_setup.zsh'
[3.618s] INFO:colcon.colcon_core.shell:Creating prefix chain script '/home/e-yanthra/Documents/ar_ws/install/setup.zsh'
