[1.292s] Invoking command in '/home/e-yanthra/Documents/ar_ws/build/ign_ros2_control': CMAKE_PREFIX_PATH=${CMAKE_PREFIX_PATH}:/home/e-yanthra/asc/asc_ws/install/locomotion:/home/e-yanthra/robocon/install/listener:/home/e-yanthra/eyrc_hb/hb_task6_ws/install/hb_task6:/home/e-yanthra/eyrc_hb/hb_task5_ws/install/hb_task5b:/home/e-yanthra/eyrc_hb/hb_task5_ws/install/hb_task4b:/home/e-yanthra/eyrc_hb/hb_task4_ws/install/hb_task4b:/home/e-yanthra/eyrc_hb/hb_task_2_ws/install/hb_task2b:/home/e-yanthra/eyrc_hb/hb_task_2_ws/install/hb_task2a:/home/e-yanthra/eyrc_hb/hb_task1b_ws/install/hb_task_1b:/home/e-yanthra/eyrc_hb/hb_task1a_ws/install/hb_task_1a:/opt/ros/humble /usr/bin/cmake --build /home/e-yanthra/Documents/ar_ws/build/ign_ros2_control -- -j8 -l8
[1.702s] [ 50%] Built target ign_ros2_control-system
[1.795s] [100%] Built target ign_hardware_plugins
[1.828s] Invoked command in '/home/e-yanthra/Documents/ar_ws/build/ign_ros2_control' returned '0': CMAKE_PREFIX_PATH=${CMAKE_PREFIX_PATH}:/home/e-yanthra/asc/asc_ws/install/locomotion:/home/e-yanthra/robocon/install/listener:/home/e-yanthra/eyrc_hb/hb_task6_ws/install/hb_task6:/home/e-yanthra/eyrc_hb/hb_task5_ws/install/hb_task5b:/home/e-yanthra/eyrc_hb/hb_task5_ws/install/hb_task4b:/home/e-yanthra/eyrc_hb/hb_task4_ws/install/hb_task4b:/home/e-yanthra/eyrc_hb/hb_task_2_ws/install/hb_task2b:/home/e-yanthra/eyrc_hb/hb_task_2_ws/install/hb_task2a:/home/e-yanthra/eyrc_hb/hb_task1b_ws/install/hb_task_1b:/home/e-yanthra/eyrc_hb/hb_task1a_ws/install/hb_task_1a:/opt/ros/humble /usr/bin/cmake --build /home/e-yanthra/Documents/ar_ws/build/ign_ros2_control -- -j8 -l8
[1.947s] Invoking command in '/home/e-yanthra/Documents/ar_ws/build/ign_ros2_control': CMAKE_PREFIX_PATH=${CMAKE_PREFIX_PATH}:/home/e-yanthra/asc/asc_ws/install/locomotion:/home/e-yanthra/robocon/install/listener:/home/e-yanthra/eyrc_hb/hb_task6_ws/install/hb_task6:/home/e-yanthra/eyrc_hb/hb_task5_ws/install/hb_task5b:/home/e-yanthra/eyrc_hb/hb_task5_ws/install/hb_task4b:/home/e-yanthra/eyrc_hb/hb_task4_ws/install/hb_task4b:/home/e-yanthra/eyrc_hb/hb_task_2_ws/install/hb_task2b:/home/e-yanthra/eyrc_hb/hb_task_2_ws/install/hb_task2a:/home/e-yanthra/eyrc_hb/hb_task1b_ws/install/hb_task_1b:/home/e-yanthra/eyrc_hb/hb_task1a_ws/install/hb_task_1a:/opt/ros/humble /usr/bin/cmake --install /home/e-yanthra/Documents/ar_ws/build/ign_ros2_control
[1.970s] -- Install configuration: ""
[1.971s] -- Up-to-date: /home/e-yanthra/Documents/ar_ws/install/ign_ros2_control/lib/libign_hardware_plugins.so
[1.972s] -- Up-to-date: /home/e-yanthra/Documents/ar_ws/install/ign_ros2_control/include
[1.972s] -- Up-to-date: /home/e-yanthra/Documents/ar_ws/install/ign_ros2_control/include/ign_ros2_control
[1.973s] -- Up-to-date: /home/e-yanthra/Documents/ar_ws/install/ign_ros2_control/include/ign_ros2_control/ign_system_interface.hpp
[1.973s] -- Up-to-date: /home/e-yanthra/Documents/ar_ws/install/ign_ros2_control/include/ign_ros2_control/ign_system.hpp
[1.974s] -- Up-to-date: /home/e-yanthra/Documents/ar_ws/install/ign_ros2_control/include/ign_ros2_control/ign_ros2_control_plugin.hpp
[1.974s] -- Up-to-date: /home/e-yanthra/Documents/ar_ws/install/ign_ros2_control/share/ign_ros2_control/environment/library_path.sh
[1.974s] -- Up-to-date: /home/e-yanthra/Documents/ar_ws/install/ign_ros2_control/share/ign_ros2_control/environment/library_path.dsv
[1.976s] -- Up-to-date: /home/e-yanthra/Documents/ar_ws/install/ign_ros2_control/lib/libign_ros2_control-system.so
[1.977s] -- Up-to-date: /home/e-yanthra/Documents/ar_ws/install/ign_ros2_control/share/ign_ros2_control/ign_hardware_plugins.xml
[1.977s] -- Up-to-date: /home/e-yanthra/Documents/ar_ws/install/ign_ros2_control/share/ament_index/resource_index/package_run_dependencies/ign_ros2_control
[1.977s] -- Up-to-date: /home/e-yanthra/Documents/ar_ws/install/ign_ros2_control/share/ament_index/resource_index/parent_prefix_path/ign_ros2_control
[1.978s] -- Up-to-date: /home/e-yanthra/Documents/ar_ws/install/ign_ros2_control/share/ign_ros2_control/environment/ament_prefix_path.sh
[1.979s] -- Up-to-date: /home/e-yanthra/Documents/ar_ws/install/ign_ros2_control/share/ign_ros2_control/environment/ament_prefix_path.dsv
[1.980s] -- Up-to-date: /home/e-yanthra/Documents/ar_ws/install/ign_ros2_control/share/ign_ros2_control/environment/path.sh
[1.981s] -- Up-to-date: /home/e-yanthra/Documents/ar_ws/install/ign_ros2_control/share/ign_ros2_control/environment/path.dsv
[1.983s] -- Up-to-date: /home/e-yanthra/Documents/ar_ws/install/ign_ros2_control/share/ign_ros2_control/local_setup.bash
[1.985s] -- Up-to-date: /home/e-yanthra/Documents/ar_ws/install/ign_ros2_control/share/ign_ros2_control/local_setup.sh
[1.985s] -- Up-to-date: /home/e-yanthra/Documents/ar_ws/install/ign_ros2_control/share/ign_ros2_control/local_setup.zsh
[1.986s] -- Up-to-date: /home/e-yanthra/Documents/ar_ws/install/ign_ros2_control/share/ign_ros2_control/local_setup.dsv
[1.986s] -- Installing: /home/e-yanthra/Documents/ar_ws/install/ign_ros2_control/share/ign_ros2_control/package.dsv
[1.987s] -- Up-to-date: /home/e-yanthra/Documents/ar_ws/install/ign_ros2_control/share/ament_index/resource_index/packages/ign_ros2_control
[1.987s] -- Up-to-date: /home/e-yanthra/Documents/ar_ws/install/ign_ros2_control/share/ament_index/resource_index/ign_ros2_control__pluginlib__plugin/ign_ros2_control
[1.987s] -- Up-to-date: /home/e-yanthra/Documents/ar_ws/install/ign_ros2_control/share/ign_ros2_control/cmake/ament_cmake_export_include_directories-extras.cmake
[1.987s] -- Up-to-date: /home/e-yanthra/Documents/ar_ws/install/ign_ros2_control/share/ign_ros2_control/cmake/ament_cmake_export_libraries-extras.cmake
[1.987s] -- Up-to-date: /home/e-yanthra/Documents/ar_ws/install/ign_ros2_control/share/ign_ros2_control/cmake/ign_ros2_controlConfig.cmake
[1.988s] -- Up-to-date: /home/e-yanthra/Documents/ar_ws/install/ign_ros2_control/share/ign_ros2_control/cmake/ign_ros2_controlConfig-version.cmake
[1.988s] -- Up-to-date: /home/e-yanthra/Documents/ar_ws/install/ign_ros2_control/share/ign_ros2_control/package.xml
[2.182s] Invoked command in '/home/e-yanthra/Documents/ar_ws/build/ign_ros2_control' returned '0': CMAKE_PREFIX_PATH=${CMAKE_PREFIX_PATH}:/home/e-yanthra/asc/asc_ws/install/locomotion:/home/e-yanthra/robocon/install/listener:/home/e-yanthra/eyrc_hb/hb_task6_ws/install/hb_task6:/home/e-yanthra/eyrc_hb/hb_task5_ws/install/hb_task5b:/home/e-yanthra/eyrc_hb/hb_task5_ws/install/hb_task4b:/home/e-yanthra/eyrc_hb/hb_task4_ws/install/hb_task4b:/home/e-yanthra/eyrc_hb/hb_task_2_ws/install/hb_task2b:/home/e-yanthra/eyrc_hb/hb_task_2_ws/install/hb_task2a:/home/e-yanthra/eyrc_hb/hb_task1b_ws/install/hb_task_1b:/home/e-yanthra/eyrc_hb/hb_task1a_ws/install/hb_task_1a:/opt/ros/humble /usr/bin/cmake --install /home/e-yanthra/Documents/ar_ws/build/ign_ros2_control
