[1.037s] Invoking command in '/home/e-yanthra/Documents/ar_ws/build/ign_ros2_control_demos': CMAKE_PREFIX_PATH=/home/e-yanthra/Documents/ar_ws/install/ign_ros2_control:/home/e-yanthra/Documents/ar_ws/install/sam_bot_nav2_gz:/home/e-yanthra/Documents/ar_ws/install/navi_test:/home/e-yanthra/Documents/ar_ws/install/ign_ros2_control_demos:/home/e-yanthra/Documents/ar_ws/install/gz_ros2_control_tests:/home/e-yanthra/asc/asc_ws/install/rplidar_ros:/home/e-yanthra/eyrc_hb/hb_task6_ws/install/my_robot_interfaces:/home/e-yanthra/eyrc_hb/hb_task5_ws/install/my_robot_interfaces:/home/e-yanthra/eyrc_hb/hb_task4_ws/install/my_robot_interfaces:/home/e-yanthra/eyrc_hb/hb_task_2_ws/install/my_robot_interfaces:/home/e-yanthra/eyrc_hb/hb_task_2_ws/install/hb_world:/home/e-yanthra/eyrc_hb/hb_task_2_ws/install/hb_bot:/home/e-yanthra/eyrc_hb/hb_task1b_ws/install/my_robot_interfaces:/home/e-yanthra/eyrc_hb/hb_task1a_ws/install/turtlesim:/home/e-yanthra/asc/asc_ws/install/locomotion:/home/e-yanthra/robocon/install/listener:/home/e-yanthra/eyrc_hb/hb_task6_ws/install/hb_task6:/home/e-yanthra/eyrc_hb/hb_task5_ws/install/hb_task5b:/home/e-yanthra/eyrc_hb/hb_task5_ws/install/hb_task4b:/home/e-yanthra/eyrc_hb/hb_task4_ws/install/hb_task4b:/home/e-yanthra/eyrc_hb/hb_task_2_ws/install/hb_task2b:/home/e-yanthra/eyrc_hb/hb_task_2_ws/install/hb_task2a:/home/e-yanthra/eyrc_hb/hb_task1b_ws/install/hb_task_1b:/home/e-yanthra/eyrc_hb/hb_task1a_ws/install/hb_task_1a:/opt/ros/humble /usr/bin/cmake --build /home/e-yanthra/Documents/ar_ws/build/ign_ros2_control_demos -- -j8 -l8
[1.224s] [ 14%] Built target example_position
[1.243s] [ 28%] Built target example_velocity
[1.254s] [ 42%] Built target example_ackermann_drive
[1.266s] [ 57%] Built target example_effort
[1.289s] [ 71%] Built target example_tricycle_drive
[1.309s] [ 85%] Built target example_diff_drive
[1.363s] [100%] Built target example_gripper
[1.565s] Invoked command in '/home/e-yanthra/Documents/ar_ws/build/ign_ros2_control_demos' returned '0': CMAKE_PREFIX_PATH=/home/e-yanthra/Documents/ar_ws/install/ign_ros2_control:/home/e-yanthra/Documents/ar_ws/install/sam_bot_nav2_gz:/home/e-yanthra/Documents/ar_ws/install/navi_test:/home/e-yanthra/Documents/ar_ws/install/ign_ros2_control_demos:/home/e-yanthra/Documents/ar_ws/install/gz_ros2_control_tests:/home/e-yanthra/asc/asc_ws/install/rplidar_ros:/home/e-yanthra/eyrc_hb/hb_task6_ws/install/my_robot_interfaces:/home/e-yanthra/eyrc_hb/hb_task5_ws/install/my_robot_interfaces:/home/e-yanthra/eyrc_hb/hb_task4_ws/install/my_robot_interfaces:/home/e-yanthra/eyrc_hb/hb_task_2_ws/install/my_robot_interfaces:/home/e-yanthra/eyrc_hb/hb_task_2_ws/install/hb_world:/home/e-yanthra/eyrc_hb/hb_task_2_ws/install/hb_bot:/home/e-yanthra/eyrc_hb/hb_task1b_ws/install/my_robot_interfaces:/home/e-yanthra/eyrc_hb/hb_task1a_ws/install/turtlesim:/home/e-yanthra/asc/asc_ws/install/locomotion:/home/e-yanthra/robocon/install/listener:/home/e-yanthra/eyrc_hb/hb_task6_ws/install/hb_task6:/home/e-yanthra/eyrc_hb/hb_task5_ws/install/hb_task5b:/home/e-yanthra/eyrc_hb/hb_task5_ws/install/hb_task4b:/home/e-yanthra/eyrc_hb/hb_task4_ws/install/hb_task4b:/home/e-yanthra/eyrc_hb/hb_task_2_ws/install/hb_task2b:/home/e-yanthra/eyrc_hb/hb_task_2_ws/install/hb_task2a:/home/e-yanthra/eyrc_hb/hb_task1b_ws/install/hb_task_1b:/home/e-yanthra/eyrc_hb/hb_task1a_ws/install/hb_task_1a:/opt/ros/humble /usr/bin/cmake --build /home/e-yanthra/Documents/ar_ws/build/ign_ros2_control_demos -- -j8 -l8
[1.794s] Invoking command in '/home/e-yanthra/Documents/ar_ws/build/ign_ros2_control_demos': CMAKE_PREFIX_PATH=/home/e-yanthra/Documents/ar_ws/install/ign_ros2_control:/home/e-yanthra/Documents/ar_ws/install/sam_bot_nav2_gz:/home/e-yanthra/Documents/ar_ws/install/navi_test:/home/e-yanthra/Documents/ar_ws/install/ign_ros2_control_demos:/home/e-yanthra/Documents/ar_ws/install/gz_ros2_control_tests:/home/e-yanthra/asc/asc_ws/install/rplidar_ros:/home/e-yanthra/eyrc_hb/hb_task6_ws/install/my_robot_interfaces:/home/e-yanthra/eyrc_hb/hb_task5_ws/install/my_robot_interfaces:/home/e-yanthra/eyrc_hb/hb_task4_ws/install/my_robot_interfaces:/home/e-yanthra/eyrc_hb/hb_task_2_ws/install/my_robot_interfaces:/home/e-yanthra/eyrc_hb/hb_task_2_ws/install/hb_world:/home/e-yanthra/eyrc_hb/hb_task_2_ws/install/hb_bot:/home/e-yanthra/eyrc_hb/hb_task1b_ws/install/my_robot_interfaces:/home/e-yanthra/eyrc_hb/hb_task1a_ws/install/turtlesim:/home/e-yanthra/asc/asc_ws/install/locomotion:/home/e-yanthra/robocon/install/listener:/home/e-yanthra/eyrc_hb/hb_task6_ws/install/hb_task6:/home/e-yanthra/eyrc_hb/hb_task5_ws/install/hb_task5b:/home/e-yanthra/eyrc_hb/hb_task5_ws/install/hb_task4b:/home/e-yanthra/eyrc_hb/hb_task4_ws/install/hb_task4b:/home/e-yanthra/eyrc_hb/hb_task_2_ws/install/hb_task2b:/home/e-yanthra/eyrc_hb/hb_task_2_ws/install/hb_task2a:/home/e-yanthra/eyrc_hb/hb_task1b_ws/install/hb_task_1b:/home/e-yanthra/eyrc_hb/hb_task1a_ws/install/hb_task_1a:/opt/ros/humble /usr/bin/cmake --install /home/e-yanthra/Documents/ar_ws/build/ign_ros2_control_demos
[2.049s] -- Install configuration: ""
[2.050s] -- Up-to-date: /home/e-yanthra/Documents/ar_ws/install/ign_ros2_control_demos/share/ign_ros2_control_demos//launch
[2.051s] -- Up-to-date: /home/e-yanthra/Documents/ar_ws/install/ign_ros2_control_demos/share/ign_ros2_control_demos//launch/cart_example_position.launch.py
[2.052s] -- Up-to-date: /home/e-yanthra/Documents/ar_ws/install/ign_ros2_control_demos/share/ign_ros2_control_demos//launch/diff_drive_example.launch.py
[2.052s] -- Up-to-date: /home/e-yanthra/Documents/ar_ws/install/ign_ros2_control_demos/share/ign_ros2_control_demos//launch/gripper_mimic_joint_example.launch.py
[2.053s] -- Up-to-date: /home/e-yanthra/Documents/ar_ws/install/ign_ros2_control_demos/share/ign_ros2_control_demos//launch/diff_drive_example_namespaced.launch.py
[2.053s] -- Up-to-date: /home/e-yanthra/Documents/ar_ws/install/ign_ros2_control_demos/share/ign_ros2_control_demos//launch/pendulum_example_position.launch.py
[2.054s] -- Up-to-date: /home/e-yanthra/Documents/ar_ws/install/ign_ros2_control_demos/share/ign_ros2_control_demos//launch/tricycle_drive_example.launch.py
[2.054s] -- Up-to-date: /home/e-yanthra/Documents/ar_ws/install/ign_ros2_control_demos/share/ign_ros2_control_demos//launch/cart_example_velocity.launch.py
[2.055s] -- Up-to-date: /home/e-yanthra/Documents/ar_ws/install/ign_ros2_control_demos/share/ign_ros2_control_demos//launch/cart_example_effort.launch.py
[2.056s] -- Up-to-date: /home/e-yanthra/Documents/ar_ws/install/ign_ros2_control_demos/share/ign_ros2_control_demos//launch/pendulum_example_effort.launch.py
[2.057s] -- Up-to-date: /home/e-yanthra/Documents/ar_ws/install/ign_ros2_control_demos/share/ign_ros2_control_demos//launch/ackermann_drive_example.launch.py
[2.057s] -- Up-to-date: /home/e-yanthra/Documents/ar_ws/install/ign_ros2_control_demos/share/ign_ros2_control_demos//config
[2.059s] -- Up-to-date: /home/e-yanthra/Documents/ar_ws/install/ign_ros2_control_demos/share/ign_ros2_control_demos//config/tricycle_drive_controller.yaml
[2.060s] -- Up-to-date: /home/e-yanthra/Documents/ar_ws/install/ign_ros2_control_demos/share/ign_ros2_control_demos//config/gripper_controller.yaml
[2.061s] -- Up-to-date: /home/e-yanthra/Documents/ar_ws/install/ign_ros2_control_demos/share/ign_ros2_control_demos//config/ackermann_drive_controller.yaml
[2.061s] -- Up-to-date: /home/e-yanthra/Documents/ar_ws/install/ign_ros2_control_demos/share/ign_ros2_control_demos//config/cart_controller_effort.yaml
[2.061s] -- Up-to-date: /home/e-yanthra/Documents/ar_ws/install/ign_ros2_control_demos/share/ign_ros2_control_demos//config/cart_controller_velocity.yaml
[2.061s] -- Up-to-date: /home/e-yanthra/Documents/ar_ws/install/ign_ros2_control_demos/share/ign_ros2_control_demos//config/diff_drive_controller.yaml
[2.061s] -- Up-to-date: /home/e-yanthra/Documents/ar_ws/install/ign_ros2_control_demos/share/ign_ros2_control_demos//config/cart_controller_position.yaml
[2.062s] -- Up-to-date: /home/e-yanthra/Documents/ar_ws/install/ign_ros2_control_demos/share/ign_ros2_control_demos//urdf
[2.062s] -- Up-to-date: /home/e-yanthra/Documents/ar_ws/install/ign_ros2_control_demos/share/ign_ros2_control_demos//urdf/test_diff_drive.xacro.urdf
[2.063s] -- Up-to-date: /home/e-yanthra/Documents/ar_ws/install/ign_ros2_control_demos/share/ign_ros2_control_demos//urdf/test_tricycle_drive.xacro.urdf
[2.063s] -- Up-to-date: /home/e-yanthra/Documents/ar_ws/install/ign_ros2_control_demos/share/ign_ros2_control_demos//urdf/test_pendulum_effort.xacro.urdf
[2.063s] -- Up-to-date: /home/e-yanthra/Documents/ar_ws/install/ign_ros2_control_demos/share/ign_ros2_control_demos//urdf/test_cart_position.xacro.urdf
[2.064s] -- Up-to-date: /home/e-yanthra/Documents/ar_ws/install/ign_ros2_control_demos/share/ign_ros2_control_demos//urdf/test_pendulum_position.xacro.urdf
[2.065s] -- Up-to-date: /home/e-yanthra/Documents/ar_ws/install/ign_ros2_control_demos/share/ign_ros2_control_demos//urdf/test_cart_effort.xacro.urdf
[2.066s] -- Up-to-date: /home/e-yanthra/Documents/ar_ws/install/ign_ros2_control_demos/share/ign_ros2_control_demos//urdf/test_cart_velocity.xacro.urdf
[2.067s] -- Up-to-date: /home/e-yanthra/Documents/ar_ws/install/ign_ros2_control_demos/share/ign_ros2_control_demos//urdf/test_gripper_mimic_joint.xacro.urdf
[2.068s] -- Up-to-date: /home/e-yanthra/Documents/ar_ws/install/ign_ros2_control_demos/share/ign_ros2_control_demos//urdf/test_ackermann_drive.xacro.urdf
[2.069s] -- Up-to-date: /home/e-yanthra/Documents/ar_ws/install/ign_ros2_control_demos/lib/ign_ros2_control_demos/example_position
[2.070s] -- Up-to-date: /home/e-yanthra/Documents/ar_ws/install/ign_ros2_control_demos/lib/ign_ros2_control_demos/example_velocity
[2.070s] -- Up-to-date: /home/e-yanthra/Documents/ar_ws/install/ign_ros2_control_demos/lib/ign_ros2_control_demos/example_effort
[2.071s] -- Up-to-date: /home/e-yanthra/Documents/ar_ws/install/ign_ros2_control_demos/lib/ign_ros2_control_demos/example_diff_drive
[2.071s] -- Up-to-date: /home/e-yanthra/Documents/ar_ws/install/ign_ros2_control_demos/lib/ign_ros2_control_demos/example_tricycle_drive
[2.072s] -- Up-to-date: /home/e-yanthra/Documents/ar_ws/install/ign_ros2_control_demos/lib/ign_ros2_control_demos/example_ackermann_drive
[2.073s] -- Up-to-date: /home/e-yanthra/Documents/ar_ws/install/ign_ros2_control_demos/lib/ign_ros2_control_demos/example_gripper
[2.073s] -- Up-to-date: /home/e-yanthra/Documents/ar_ws/install/ign_ros2_control_demos/share/ament_index/resource_index/package_run_dependencies/ign_ros2_control_demos
[2.074s] -- Up-to-date: /home/e-yanthra/Documents/ar_ws/install/ign_ros2_control_demos/share/ament_index/resource_index/parent_prefix_path/ign_ros2_control_demos
[2.077s] -- Up-to-date: /home/e-yanthra/Documents/ar_ws/install/ign_ros2_control_demos/share/ign_ros2_control_demos/environment/ament_prefix_path.sh
[2.077s] -- Up-to-date: /home/e-yanthra/Documents/ar_ws/install/ign_ros2_control_demos/share/ign_ros2_control_demos/environment/ament_prefix_path.dsv
[2.077s] -- Up-to-date: /home/e-yanthra/Documents/ar_ws/install/ign_ros2_control_demos/share/ign_ros2_control_demos/environment/path.sh
[2.077s] -- Up-to-date: /home/e-yanthra/Documents/ar_ws/install/ign_ros2_control_demos/share/ign_ros2_control_demos/environment/path.dsv
[2.077s] -- Up-to-date: /home/e-yanthra/Documents/ar_ws/install/ign_ros2_control_demos/share/ign_ros2_control_demos/local_setup.bash
[2.078s] -- Up-to-date: /home/e-yanthra/Documents/ar_ws/install/ign_ros2_control_demos/share/ign_ros2_control_demos/local_setup.sh
[2.078s] -- Up-to-date: /home/e-yanthra/Documents/ar_ws/install/ign_ros2_control_demos/share/ign_ros2_control_demos/local_setup.zsh
[2.078s] -- Up-to-date: /home/e-yanthra/Documents/ar_ws/install/ign_ros2_control_demos/share/ign_ros2_control_demos/local_setup.dsv
[2.080s] -- Installing: /home/e-yanthra/Documents/ar_ws/install/ign_ros2_control_demos/share/ign_ros2_control_demos/package.dsv
[2.081s] -- Up-to-date: /home/e-yanthra/Documents/ar_ws/install/ign_ros2_control_demos/share/ament_index/resource_index/packages/ign_ros2_control_demos
[2.081s] -- Up-to-date: /home/e-yanthra/Documents/ar_ws/install/ign_ros2_control_demos/share/ign_ros2_control_demos/cmake/ign_ros2_control_demosConfig.cmake
[2.082s] -- Up-to-date: /home/e-yanthra/Documents/ar_ws/install/ign_ros2_control_demos/share/ign_ros2_control_demos/cmake/ign_ros2_control_demosConfig-version.cmake
[2.083s] -- Up-to-date: /home/e-yanthra/Documents/ar_ws/install/ign_ros2_control_demos/share/ign_ros2_control_demos/package.xml
[2.269s] Invoked command in '/home/e-yanthra/Documents/ar_ws/build/ign_ros2_control_demos' returned '0': CMAKE_PREFIX_PATH=/home/e-yanthra/Documents/ar_ws/install/ign_ros2_control:/home/e-yanthra/Documents/ar_ws/install/sam_bot_nav2_gz:/home/e-yanthra/Documents/ar_ws/install/navi_test:/home/e-yanthra/Documents/ar_ws/install/ign_ros2_control_demos:/home/e-yanthra/Documents/ar_ws/install/gz_ros2_control_tests:/home/e-yanthra/asc/asc_ws/install/rplidar_ros:/home/e-yanthra/eyrc_hb/hb_task6_ws/install/my_robot_interfaces:/home/e-yanthra/eyrc_hb/hb_task5_ws/install/my_robot_interfaces:/home/e-yanthra/eyrc_hb/hb_task4_ws/install/my_robot_interfaces:/home/e-yanthra/eyrc_hb/hb_task_2_ws/install/my_robot_interfaces:/home/e-yanthra/eyrc_hb/hb_task_2_ws/install/hb_world:/home/e-yanthra/eyrc_hb/hb_task_2_ws/install/hb_bot:/home/e-yanthra/eyrc_hb/hb_task1b_ws/install/my_robot_interfaces:/home/e-yanthra/eyrc_hb/hb_task1a_ws/install/turtlesim:/home/e-yanthra/asc/asc_ws/install/locomotion:/home/e-yanthra/robocon/install/listener:/home/e-yanthra/eyrc_hb/hb_task6_ws/install/hb_task6:/home/e-yanthra/eyrc_hb/hb_task5_ws/install/hb_task5b:/home/e-yanthra/eyrc_hb/hb_task5_ws/install/hb_task4b:/home/e-yanthra/eyrc_hb/hb_task4_ws/install/hb_task4b:/home/e-yanthra/eyrc_hb/hb_task_2_ws/install/hb_task2b:/home/e-yanthra/eyrc_hb/hb_task_2_ws/install/hb_task2a:/home/e-yanthra/eyrc_hb/hb_task1b_ws/install/hb_task_1b:/home/e-yanthra/eyrc_hb/hb_task1a_ws/install/hb_task_1a:/opt/ros/humble /usr/bin/cmake --install /home/e-yanthra/Documents/ar_ws/build/ign_ros2_control_demos
