[1.081s] Invoking command in '/home/e-yanthra/Documents/ar_ws/build/ign_ros2_control_demos': CMAKE_PREFIX_PATH=/home/e-yanthra/Documents/ar_ws/install/ign_ros2_control:/home/e-yanthra/Documents/ar_ws/install/sam_bot_nav2_gz:/home/e-yanthra/Documents/ar_ws/install/navi_test:/home/e-yanthra/Documents/ar_ws/install/ign_ros2_control_demos:/home/e-yanthra/Documents/ar_ws/install/gz_ros2_control_tests:/home/e-yanthra/asc/asc_ws/install/rplidar_ros:/home/e-yanthra/eyrc_hb/hb_task6_ws/install/my_robot_interfaces:/home/e-yanthra/eyrc_hb/hb_task5_ws/install/my_robot_interfaces:/home/e-yanthra/eyrc_hb/hb_task4_ws/install/my_robot_interfaces:/home/e-yanthra/eyrc_hb/hb_task_2_ws/install/my_robot_interfaces:/home/e-yanthra/eyrc_hb/hb_task_2_ws/install/hb_world:/home/e-yanthra/eyrc_hb/hb_task_2_ws/install/hb_bot:/home/e-yanthra/eyrc_hb/hb_task1b_ws/install/my_robot_interfaces:/home/e-yanthra/eyrc_hb/hb_task1a_ws/install/turtlesim:/home/e-yanthra/asc/asc_ws/install/locomotion:/home/e-yanthra/robocon/install/listener:/home/e-yanthra/eyrc_hb/hb_task6_ws/install/hb_task6:/home/e-yanthra/eyrc_hb/hb_task5_ws/install/hb_task5b:/home/e-yanthra/eyrc_hb/hb_task5_ws/install/hb_task4b:/home/e-yanthra/eyrc_hb/hb_task4_ws/install/hb_task4b:/home/e-yanthra/eyrc_hb/hb_task_2_ws/install/hb_task2b:/home/e-yanthra/eyrc_hb/hb_task_2_ws/install/hb_task2a:/home/e-yanthra/eyrc_hb/hb_task1b_ws/install/hb_task_1b:/home/e-yanthra/eyrc_hb/hb_task1a_ws/install/hb_task_1a:/opt/ros/humble /usr/bin/cmake --build /home/e-yanthra/Documents/ar_ws/build/ign_ros2_control_demos -- -j8 -l8
[1.331s] [ 14%] Built target example_effort
[1.346s] [ 28%] Built target example_diff_drive
[1.351s] [ 42%] Built target example_ackermann_drive
[1.358s] [ 57%] Built target example_gripper
[1.366s] [ 71%] Built target example_velocity
[1.372s] [ 85%] Built target example_tricycle_drive
[1.374s] [100%] Built target example_position
[1.411s] Invoked command in '/home/e-yanthra/Documents/ar_ws/build/ign_ros2_control_demos' returned '0': CMAKE_PREFIX_PATH=/home/e-yanthra/Documents/ar_ws/install/ign_ros2_control:/home/e-yanthra/Documents/ar_ws/install/sam_bot_nav2_gz:/home/e-yanthra/Documents/ar_ws/install/navi_test:/home/e-yanthra/Documents/ar_ws/install/ign_ros2_control_demos:/home/e-yanthra/Documents/ar_ws/install/gz_ros2_control_tests:/home/e-yanthra/asc/asc_ws/install/rplidar_ros:/home/e-yanthra/eyrc_hb/hb_task6_ws/install/my_robot_interfaces:/home/e-yanthra/eyrc_hb/hb_task5_ws/install/my_robot_interfaces:/home/e-yanthra/eyrc_hb/hb_task4_ws/install/my_robot_interfaces:/home/e-yanthra/eyrc_hb/hb_task_2_ws/install/my_robot_interfaces:/home/e-yanthra/eyrc_hb/hb_task_2_ws/install/hb_world:/home/e-yanthra/eyrc_hb/hb_task_2_ws/install/hb_bot:/home/e-yanthra/eyrc_hb/hb_task1b_ws/install/my_robot_interfaces:/home/e-yanthra/eyrc_hb/hb_task1a_ws/install/turtlesim:/home/e-yanthra/asc/asc_ws/install/locomotion:/home/e-yanthra/robocon/install/listener:/home/e-yanthra/eyrc_hb/hb_task6_ws/install/hb_task6:/home/e-yanthra/eyrc_hb/hb_task5_ws/install/hb_task5b:/home/e-yanthra/eyrc_hb/hb_task5_ws/install/hb_task4b:/home/e-yanthra/eyrc_hb/hb_task4_ws/install/hb_task4b:/home/e-yanthra/eyrc_hb/hb_task_2_ws/install/hb_task2b:/home/e-yanthra/eyrc_hb/hb_task_2_ws/install/hb_task2a:/home/e-yanthra/eyrc_hb/hb_task1b_ws/install/hb_task_1b:/home/e-yanthra/eyrc_hb/hb_task1a_ws/install/hb_task_1a:/opt/ros/humble /usr/bin/cmake --build /home/e-yanthra/Documents/ar_ws/build/ign_ros2_control_demos -- -j8 -l8
[1.652s] Invoking command in '/home/e-yanthra/Documents/ar_ws/build/ign_ros2_control_demos': CMAKE_PREFIX_PATH=/home/e-yanthra/Documents/ar_ws/install/ign_ros2_control:/home/e-yanthra/Documents/ar_ws/install/sam_bot_nav2_gz:/home/e-yanthra/Documents/ar_ws/install/navi_test:/home/e-yanthra/Documents/ar_ws/install/ign_ros2_control_demos:/home/e-yanthra/Documents/ar_ws/install/gz_ros2_control_tests:/home/e-yanthra/asc/asc_ws/install/rplidar_ros:/home/e-yanthra/eyrc_hb/hb_task6_ws/install/my_robot_interfaces:/home/e-yanthra/eyrc_hb/hb_task5_ws/install/my_robot_interfaces:/home/e-yanthra/eyrc_hb/hb_task4_ws/install/my_robot_interfaces:/home/e-yanthra/eyrc_hb/hb_task_2_ws/install/my_robot_interfaces:/home/e-yanthra/eyrc_hb/hb_task_2_ws/install/hb_world:/home/e-yanthra/eyrc_hb/hb_task_2_ws/install/hb_bot:/home/e-yanthra/eyrc_hb/hb_task1b_ws/install/my_robot_interfaces:/home/e-yanthra/eyrc_hb/hb_task1a_ws/install/turtlesim:/home/e-yanthra/asc/asc_ws/install/locomotion:/home/e-yanthra/robocon/install/listener:/home/e-yanthra/eyrc_hb/hb_task6_ws/install/hb_task6:/home/e-yanthra/eyrc_hb/hb_task5_ws/install/hb_task5b:/home/e-yanthra/eyrc_hb/hb_task5_ws/install/hb_task4b:/home/e-yanthra/eyrc_hb/hb_task4_ws/install/hb_task4b:/home/e-yanthra/eyrc_hb/hb_task_2_ws/install/hb_task2b:/home/e-yanthra/eyrc_hb/hb_task_2_ws/install/hb_task2a:/home/e-yanthra/eyrc_hb/hb_task1b_ws/install/hb_task_1b:/home/e-yanthra/eyrc_hb/hb_task1a_ws/install/hb_task_1a:/opt/ros/humble /usr/bin/cmake --install /home/e-yanthra/Documents/ar_ws/build/ign_ros2_control_demos
[1.680s] -- Install configuration: ""
[1.680s] -- Up-to-date: /home/e-yanthra/Documents/ar_ws/install/ign_ros2_control_demos/share/ign_ros2_control_demos//launch
[1.681s] -- Up-to-date: /home/e-yanthra/Documents/ar_ws/install/ign_ros2_control_demos/share/ign_ros2_control_demos//launch/cart_example_position.launch.py
[1.682s] -- Up-to-date: /home/e-yanthra/Documents/ar_ws/install/ign_ros2_control_demos/share/ign_ros2_control_demos//launch/diff_drive_example.launch.py
[1.682s] -- Up-to-date: /home/e-yanthra/Documents/ar_ws/install/ign_ros2_control_demos/share/ign_ros2_control_demos//launch/gripper_mimic_joint_example.launch.py
[1.683s] -- Up-to-date: /home/e-yanthra/Documents/ar_ws/install/ign_ros2_control_demos/share/ign_ros2_control_demos//launch/diff_drive_example_namespaced.launch.py
[1.683s] -- Up-to-date: /home/e-yanthra/Documents/ar_ws/install/ign_ros2_control_demos/share/ign_ros2_control_demos//launch/pendulum_example_position.launch.py
[1.683s] -- Up-to-date: /home/e-yanthra/Documents/ar_ws/install/ign_ros2_control_demos/share/ign_ros2_control_demos//launch/tricycle_drive_example.launch.py
[1.683s] -- Up-to-date: /home/e-yanthra/Documents/ar_ws/install/ign_ros2_control_demos/share/ign_ros2_control_demos//launch/cart_example_velocity.launch.py
[1.683s] -- Up-to-date: /home/e-yanthra/Documents/ar_ws/install/ign_ros2_control_demos/share/ign_ros2_control_demos//launch/cart_example_effort.launch.py
[1.684s] -- Up-to-date: /home/e-yanthra/Documents/ar_ws/install/ign_ros2_control_demos/share/ign_ros2_control_demos//launch/pendulum_example_effort.launch.py
[1.684s] -- Up-to-date: /home/e-yanthra/Documents/ar_ws/install/ign_ros2_control_demos/share/ign_ros2_control_demos//launch/ackermann_drive_example.launch.py
[1.684s] -- Up-to-date: /home/e-yanthra/Documents/ar_ws/install/ign_ros2_control_demos/share/ign_ros2_control_demos//config
[1.684s] -- Up-to-date: /home/e-yanthra/Documents/ar_ws/install/ign_ros2_control_demos/share/ign_ros2_control_demos//config/tricycle_drive_controller.yaml
[1.688s] -- Up-to-date: /home/e-yanthra/Documents/ar_ws/install/ign_ros2_control_demos/share/ign_ros2_control_demos//config/gripper_controller.yaml
[1.689s] -- Up-to-date: /home/e-yanthra/Documents/ar_ws/install/ign_ros2_control_demos/share/ign_ros2_control_demos//config/ackermann_drive_controller.yaml
[1.691s] -- Up-to-date: /home/e-yanthra/Documents/ar_ws/install/ign_ros2_control_demos/share/ign_ros2_control_demos//config/cart_controller_effort.yaml
[1.692s] -- Up-to-date: /home/e-yanthra/Documents/ar_ws/install/ign_ros2_control_demos/share/ign_ros2_control_demos//config/cart_controller_velocity.yaml
[1.692s] -- Up-to-date: /home/e-yanthra/Documents/ar_ws/install/ign_ros2_control_demos/share/ign_ros2_control_demos//config/diff_drive_controller.yaml
[1.692s] -- Up-to-date: /home/e-yanthra/Documents/ar_ws/install/ign_ros2_control_demos/share/ign_ros2_control_demos//config/cart_controller_position.yaml
[1.692s] -- Up-to-date: /home/e-yanthra/Documents/ar_ws/install/ign_ros2_control_demos/share/ign_ros2_control_demos//urdf
[1.693s] -- Up-to-date: /home/e-yanthra/Documents/ar_ws/install/ign_ros2_control_demos/share/ign_ros2_control_demos//urdf/test_diff_drive.xacro.urdf
[1.693s] -- Up-to-date: /home/e-yanthra/Documents/ar_ws/install/ign_ros2_control_demos/share/ign_ros2_control_demos//urdf/test_tricycle_drive.xacro.urdf
[1.693s] -- Up-to-date: /home/e-yanthra/Documents/ar_ws/install/ign_ros2_control_demos/share/ign_ros2_control_demos//urdf/test_pendulum_effort.xacro.urdf
[1.694s] -- Up-to-date: /home/e-yanthra/Documents/ar_ws/install/ign_ros2_control_demos/share/ign_ros2_control_demos//urdf/test_cart_position.xacro.urdf
[1.695s] -- Up-to-date: /home/e-yanthra/Documents/ar_ws/install/ign_ros2_control_demos/share/ign_ros2_control_demos//urdf/test_pendulum_position.xacro.urdf
[1.695s] -- Up-to-date: /home/e-yanthra/Documents/ar_ws/install/ign_ros2_control_demos/share/ign_ros2_control_demos//urdf/test_cart_effort.xacro.urdf
[1.696s] -- Up-to-date: /home/e-yanthra/Documents/ar_ws/install/ign_ros2_control_demos/share/ign_ros2_control_demos//urdf/test_cart_velocity.xacro.urdf
[1.697s] -- Up-to-date: /home/e-yanthra/Documents/ar_ws/install/ign_ros2_control_demos/share/ign_ros2_control_demos//urdf/test_gripper_mimic_joint.xacro.urdf
[1.697s] -- Up-to-date: /home/e-yanthra/Documents/ar_ws/install/ign_ros2_control_demos/share/ign_ros2_control_demos//urdf/test_ackermann_drive.xacro.urdf
[1.699s] -- Up-to-date: /home/e-yanthra/Documents/ar_ws/install/ign_ros2_control_demos/lib/ign_ros2_control_demos/example_position
[1.699s] -- Up-to-date: /home/e-yanthra/Documents/ar_ws/install/ign_ros2_control_demos/lib/ign_ros2_control_demos/example_velocity
[1.700s] -- Up-to-date: /home/e-yanthra/Documents/ar_ws/install/ign_ros2_control_demos/lib/ign_ros2_control_demos/example_effort
[1.702s] -- Up-to-date: /home/e-yanthra/Documents/ar_ws/install/ign_ros2_control_demos/lib/ign_ros2_control_demos/example_diff_drive
[1.703s] -- Up-to-date: /home/e-yanthra/Documents/ar_ws/install/ign_ros2_control_demos/lib/ign_ros2_control_demos/example_tricycle_drive
[1.704s] -- Up-to-date: /home/e-yanthra/Documents/ar_ws/install/ign_ros2_control_demos/lib/ign_ros2_control_demos/example_ackermann_drive
[1.706s] -- Up-to-date: /home/e-yanthra/Documents/ar_ws/install/ign_ros2_control_demos/lib/ign_ros2_control_demos/example_gripper
[1.706s] -- Up-to-date: /home/e-yanthra/Documents/ar_ws/install/ign_ros2_control_demos/share/ament_index/resource_index/package_run_dependencies/ign_ros2_control_demos
[1.706s] -- Up-to-date: /home/e-yanthra/Documents/ar_ws/install/ign_ros2_control_demos/share/ament_index/resource_index/parent_prefix_path/ign_ros2_control_demos
[1.706s] -- Up-to-date: /home/e-yanthra/Documents/ar_ws/install/ign_ros2_control_demos/share/ign_ros2_control_demos/environment/ament_prefix_path.sh
[1.707s] -- Up-to-date: /home/e-yanthra/Documents/ar_ws/install/ign_ros2_control_demos/share/ign_ros2_control_demos/environment/ament_prefix_path.dsv
[1.707s] -- Up-to-date: /home/e-yanthra/Documents/ar_ws/install/ign_ros2_control_demos/share/ign_ros2_control_demos/environment/path.sh
[1.708s] -- Up-to-date: /home/e-yanthra/Documents/ar_ws/install/ign_ros2_control_demos/share/ign_ros2_control_demos/environment/path.dsv
[1.708s] -- Up-to-date: /home/e-yanthra/Documents/ar_ws/install/ign_ros2_control_demos/share/ign_ros2_control_demos/local_setup.bash
[1.708s] -- Up-to-date: /home/e-yanthra/Documents/ar_ws/install/ign_ros2_control_demos/share/ign_ros2_control_demos/local_setup.sh
[1.708s] -- Up-to-date: /home/e-yanthra/Documents/ar_ws/install/ign_ros2_control_demos/share/ign_ros2_control_demos/local_setup.zsh
[1.712s] -- Up-to-date: /home/e-yanthra/Documents/ar_ws/install/ign_ros2_control_demos/share/ign_ros2_control_demos/local_setup.dsv
[1.713s] -- Installing: /home/e-yanthra/Documents/ar_ws/install/ign_ros2_control_demos/share/ign_ros2_control_demos/package.dsv
[1.713s] -- Up-to-date: /home/e-yanthra/Documents/ar_ws/install/ign_ros2_control_demos/share/ament_index/resource_index/packages/ign_ros2_control_demos
[1.717s] -- Up-to-date: /home/e-yanthra/Documents/ar_ws/install/ign_ros2_control_demos/share/ign_ros2_control_demos/cmake/ign_ros2_control_demosConfig.cmake
[1.717s] -- Up-to-date: /home/e-yanthra/Documents/ar_ws/install/ign_ros2_control_demos/share/ign_ros2_control_demos/cmake/ign_ros2_control_demosConfig-version.cmake
[1.717s] -- Up-to-date: /home/e-yanthra/Documents/ar_ws/install/ign_ros2_control_demos/share/ign_ros2_control_demos/package.xml
[2.087s] Invoked command in '/home/e-yanthra/Documents/ar_ws/build/ign_ros2_control_demos' returned '0': CMAKE_PREFIX_PATH=/home/e-yanthra/Documents/ar_ws/install/ign_ros2_control:/home/e-yanthra/Documents/ar_ws/install/sam_bot_nav2_gz:/home/e-yanthra/Documents/ar_ws/install/navi_test:/home/e-yanthra/Documents/ar_ws/install/ign_ros2_control_demos:/home/e-yanthra/Documents/ar_ws/install/gz_ros2_control_tests:/home/e-yanthra/asc/asc_ws/install/rplidar_ros:/home/e-yanthra/eyrc_hb/hb_task6_ws/install/my_robot_interfaces:/home/e-yanthra/eyrc_hb/hb_task5_ws/install/my_robot_interfaces:/home/e-yanthra/eyrc_hb/hb_task4_ws/install/my_robot_interfaces:/home/e-yanthra/eyrc_hb/hb_task_2_ws/install/my_robot_interfaces:/home/e-yanthra/eyrc_hb/hb_task_2_ws/install/hb_world:/home/e-yanthra/eyrc_hb/hb_task_2_ws/install/hb_bot:/home/e-yanthra/eyrc_hb/hb_task1b_ws/install/my_robot_interfaces:/home/e-yanthra/eyrc_hb/hb_task1a_ws/install/turtlesim:/home/e-yanthra/asc/asc_ws/install/locomotion:/home/e-yanthra/robocon/install/listener:/home/e-yanthra/eyrc_hb/hb_task6_ws/install/hb_task6:/home/e-yanthra/eyrc_hb/hb_task5_ws/install/hb_task5b:/home/e-yanthra/eyrc_hb/hb_task5_ws/install/hb_task4b:/home/e-yanthra/eyrc_hb/hb_task4_ws/install/hb_task4b:/home/e-yanthra/eyrc_hb/hb_task_2_ws/install/hb_task2b:/home/e-yanthra/eyrc_hb/hb_task_2_ws/install/hb_task2a:/home/e-yanthra/eyrc_hb/hb_task1b_ws/install/hb_task_1b:/home/e-yanthra/eyrc_hb/hb_task1a_ws/install/hb_task_1a:/opt/ros/humble /usr/bin/cmake --install /home/e-yanthra/Documents/ar_ws/build/ign_ros2_control_demos
