[0.906s] Invoking command in '/home/e-yanthra/Documents/ar_ws/build/ign_ros2_control_demos': CMAKE_PREFIX_PATH=/home/e-yanthra/Documents/ar_ws/install/ign_ros2_control:/home/e-yanthra/Documents/ar_ws/install/sam_bot_nav2_gz:/home/e-yanthra/Documents/ar_ws/install/navi_test:/home/e-yanthra/Documents/ar_ws/install/ign_ros2_control_demos:/home/e-yanthra/Documents/ar_ws/install/gz_ros2_control_tests:/home/e-yanthra/asc/asc_ws/install/rplidar_ros:/home/e-yanthra/eyrc_hb/hb_task6_ws/install/my_robot_interfaces:/home/e-yanthra/eyrc_hb/hb_task5_ws/install/my_robot_interfaces:/home/e-yanthra/eyrc_hb/hb_task4_ws/install/my_robot_interfaces:/home/e-yanthra/eyrc_hb/hb_task_2_ws/install/my_robot_interfaces:/home/e-yanthra/eyrc_hb/hb_task_2_ws/install/hb_world:/home/e-yanthra/eyrc_hb/hb_task_2_ws/install/hb_bot:/home/e-yanthra/eyrc_hb/hb_task1b_ws/install/my_robot_interfaces:/home/e-yanthra/eyrc_hb/hb_task1a_ws/install/turtlesim:/home/e-yanthra/asc/asc_ws/install/locomotion:/home/e-yanthra/robocon/install/listener:/home/e-yanthra/eyrc_hb/hb_task6_ws/install/hb_task6:/home/e-yanthra/eyrc_hb/hb_task5_ws/install/hb_task5b:/home/e-yanthra/eyrc_hb/hb_task5_ws/install/hb_task4b:/home/e-yanthra/eyrc_hb/hb_task4_ws/install/hb_task4b:/home/e-yanthra/eyrc_hb/hb_task_2_ws/install/hb_task2b:/home/e-yanthra/eyrc_hb/hb_task_2_ws/install/hb_task2a:/home/e-yanthra/eyrc_hb/hb_task1b_ws/install/hb_task_1b:/home/e-yanthra/eyrc_hb/hb_task1a_ws/install/hb_task_1a:/opt/ros/humble /usr/bin/cmake --build /home/e-yanthra/Documents/ar_ws/build/ign_ros2_control_demos -- -j8 -l8
[1.051s] [ 14%] Built target example_effort
[1.053s] [ 28%] Built target example_velocity
[1.060s] [ 42%] Built target example_diff_drive
[1.062s] [ 57%] Built target example_position
[1.066s] [ 71%] Built target example_tricycle_drive
[1.142s] [ 85%] Built target example_ackermann_drive
[1.144s] [100%] Built target example_gripper
[1.292s] Invoked command in '/home/e-yanthra/Documents/ar_ws/build/ign_ros2_control_demos' returned '0': CMAKE_PREFIX_PATH=/home/e-yanthra/Documents/ar_ws/install/ign_ros2_control:/home/e-yanthra/Documents/ar_ws/install/sam_bot_nav2_gz:/home/e-yanthra/Documents/ar_ws/install/navi_test:/home/e-yanthra/Documents/ar_ws/install/ign_ros2_control_demos:/home/e-yanthra/Documents/ar_ws/install/gz_ros2_control_tests:/home/e-yanthra/asc/asc_ws/install/rplidar_ros:/home/e-yanthra/eyrc_hb/hb_task6_ws/install/my_robot_interfaces:/home/e-yanthra/eyrc_hb/hb_task5_ws/install/my_robot_interfaces:/home/e-yanthra/eyrc_hb/hb_task4_ws/install/my_robot_interfaces:/home/e-yanthra/eyrc_hb/hb_task_2_ws/install/my_robot_interfaces:/home/e-yanthra/eyrc_hb/hb_task_2_ws/install/hb_world:/home/e-yanthra/eyrc_hb/hb_task_2_ws/install/hb_bot:/home/e-yanthra/eyrc_hb/hb_task1b_ws/install/my_robot_interfaces:/home/e-yanthra/eyrc_hb/hb_task1a_ws/install/turtlesim:/home/e-yanthra/asc/asc_ws/install/locomotion:/home/e-yanthra/robocon/install/listener:/home/e-yanthra/eyrc_hb/hb_task6_ws/install/hb_task6:/home/e-yanthra/eyrc_hb/hb_task5_ws/install/hb_task5b:/home/e-yanthra/eyrc_hb/hb_task5_ws/install/hb_task4b:/home/e-yanthra/eyrc_hb/hb_task4_ws/install/hb_task4b:/home/e-yanthra/eyrc_hb/hb_task_2_ws/install/hb_task2b:/home/e-yanthra/eyrc_hb/hb_task_2_ws/install/hb_task2a:/home/e-yanthra/eyrc_hb/hb_task1b_ws/install/hb_task_1b:/home/e-yanthra/eyrc_hb/hb_task1a_ws/install/hb_task_1a:/opt/ros/humble /usr/bin/cmake --build /home/e-yanthra/Documents/ar_ws/build/ign_ros2_control_demos -- -j8 -l8
[1.704s] Invoking command in '/home/e-yanthra/Documents/ar_ws/build/ign_ros2_control_demos': CMAKE_PREFIX_PATH=/home/e-yanthra/Documents/ar_ws/install/ign_ros2_control:/home/e-yanthra/Documents/ar_ws/install/sam_bot_nav2_gz:/home/e-yanthra/Documents/ar_ws/install/navi_test:/home/e-yanthra/Documents/ar_ws/install/ign_ros2_control_demos:/home/e-yanthra/Documents/ar_ws/install/gz_ros2_control_tests:/home/e-yanthra/asc/asc_ws/install/rplidar_ros:/home/e-yanthra/eyrc_hb/hb_task6_ws/install/my_robot_interfaces:/home/e-yanthra/eyrc_hb/hb_task5_ws/install/my_robot_interfaces:/home/e-yanthra/eyrc_hb/hb_task4_ws/install/my_robot_interfaces:/home/e-yanthra/eyrc_hb/hb_task_2_ws/install/my_robot_interfaces:/home/e-yanthra/eyrc_hb/hb_task_2_ws/install/hb_world:/home/e-yanthra/eyrc_hb/hb_task_2_ws/install/hb_bot:/home/e-yanthra/eyrc_hb/hb_task1b_ws/install/my_robot_interfaces:/home/e-yanthra/eyrc_hb/hb_task1a_ws/install/turtlesim:/home/e-yanthra/asc/asc_ws/install/locomotion:/home/e-yanthra/robocon/install/listener:/home/e-yanthra/eyrc_hb/hb_task6_ws/install/hb_task6:/home/e-yanthra/eyrc_hb/hb_task5_ws/install/hb_task5b:/home/e-yanthra/eyrc_hb/hb_task5_ws/install/hb_task4b:/home/e-yanthra/eyrc_hb/hb_task4_ws/install/hb_task4b:/home/e-yanthra/eyrc_hb/hb_task_2_ws/install/hb_task2b:/home/e-yanthra/eyrc_hb/hb_task_2_ws/install/hb_task2a:/home/e-yanthra/eyrc_hb/hb_task1b_ws/install/hb_task_1b:/home/e-yanthra/eyrc_hb/hb_task1a_ws/install/hb_task_1a:/opt/ros/humble /usr/bin/cmake --install /home/e-yanthra/Documents/ar_ws/build/ign_ros2_control_demos
[1.718s] -- Install configuration: ""
[1.720s] -- Up-to-date: /home/e-yanthra/Documents/ar_ws/install/ign_ros2_control_demos/share/ign_ros2_control_demos//launch
[1.720s] -- Up-to-date: /home/e-yanthra/Documents/ar_ws/install/ign_ros2_control_demos/share/ign_ros2_control_demos//launch/cart_example_position.launch.py
[1.721s] -- Up-to-date: /home/e-yanthra/Documents/ar_ws/install/ign_ros2_control_demos/share/ign_ros2_control_demos//launch/diff_drive_example.launch.py
[1.723s] -- Up-to-date: /home/e-yanthra/Documents/ar_ws/install/ign_ros2_control_demos/share/ign_ros2_control_demos//launch/gripper_mimic_joint_example.launch.py
[1.724s] -- Up-to-date: /home/e-yanthra/Documents/ar_ws/install/ign_ros2_control_demos/share/ign_ros2_control_demos//launch/diff_drive_example_namespaced.launch.py
[1.725s] -- Up-to-date: /home/e-yanthra/Documents/ar_ws/install/ign_ros2_control_demos/share/ign_ros2_control_demos//launch/pendulum_example_position.launch.py
[1.725s] -- Up-to-date: /home/e-yanthra/Documents/ar_ws/install/ign_ros2_control_demos/share/ign_ros2_control_demos//launch/tricycle_drive_example.launch.py
[1.727s] -- Up-to-date: /home/e-yanthra/Documents/ar_ws/install/ign_ros2_control_demos/share/ign_ros2_control_demos//launch/cart_example_velocity.launch.py
[1.728s] -- Up-to-date: /home/e-yanthra/Documents/ar_ws/install/ign_ros2_control_demos/share/ign_ros2_control_demos//launch/cart_example_effort.launch.py
[1.729s] -- Up-to-date: /home/e-yanthra/Documents/ar_ws/install/ign_ros2_control_demos/share/ign_ros2_control_demos//launch/pendulum_example_effort.launch.py
[1.731s] -- Up-to-date: /home/e-yanthra/Documents/ar_ws/install/ign_ros2_control_demos/share/ign_ros2_control_demos//launch/ackermann_drive_example.launch.py
[1.731s] -- Up-to-date: /home/e-yanthra/Documents/ar_ws/install/ign_ros2_control_demos/share/ign_ros2_control_demos//config
[1.733s] -- Up-to-date: /home/e-yanthra/Documents/ar_ws/install/ign_ros2_control_demos/share/ign_ros2_control_demos//config/tricycle_drive_controller.yaml
[1.734s] -- Up-to-date: /home/e-yanthra/Documents/ar_ws/install/ign_ros2_control_demos/share/ign_ros2_control_demos//config/gripper_controller.yaml
[1.734s] -- Up-to-date: /home/e-yanthra/Documents/ar_ws/install/ign_ros2_control_demos/share/ign_ros2_control_demos//config/ackermann_drive_controller.yaml
[1.735s] -- Up-to-date: /home/e-yanthra/Documents/ar_ws/install/ign_ros2_control_demos/share/ign_ros2_control_demos//config/cart_controller_effort.yaml
[1.737s] -- Up-to-date: /home/e-yanthra/Documents/ar_ws/install/ign_ros2_control_demos/share/ign_ros2_control_demos//config/cart_controller_velocity.yaml
[1.738s] -- Up-to-date: /home/e-yanthra/Documents/ar_ws/install/ign_ros2_control_demos/share/ign_ros2_control_demos//config/diff_drive_controller.yaml
[1.740s] -- Up-to-date: /home/e-yanthra/Documents/ar_ws/install/ign_ros2_control_demos/share/ign_ros2_control_demos//config/cart_controller_position.yaml
[1.741s] -- Up-to-date: /home/e-yanthra/Documents/ar_ws/install/ign_ros2_control_demos/share/ign_ros2_control_demos//urdf
[1.742s] -- Up-to-date: /home/e-yanthra/Documents/ar_ws/install/ign_ros2_control_demos/share/ign_ros2_control_demos//urdf/test_diff_drive.xacro.urdf
[1.742s] -- Up-to-date: /home/e-yanthra/Documents/ar_ws/install/ign_ros2_control_demos/share/ign_ros2_control_demos//urdf/test_tricycle_drive.xacro.urdf
[1.743s] -- Up-to-date: /home/e-yanthra/Documents/ar_ws/install/ign_ros2_control_demos/share/ign_ros2_control_demos//urdf/test_pendulum_effort.xacro.urdf
[1.744s] -- Up-to-date: /home/e-yanthra/Documents/ar_ws/install/ign_ros2_control_demos/share/ign_ros2_control_demos//urdf/test_cart_position.xacro.urdf
[1.744s] -- Up-to-date: /home/e-yanthra/Documents/ar_ws/install/ign_ros2_control_demos/share/ign_ros2_control_demos//urdf/test_pendulum_position.xacro.urdf
[1.745s] -- Up-to-date: /home/e-yanthra/Documents/ar_ws/install/ign_ros2_control_demos/share/ign_ros2_control_demos//urdf/test_cart_effort.xacro.urdf
[1.746s] -- Up-to-date: /home/e-yanthra/Documents/ar_ws/install/ign_ros2_control_demos/share/ign_ros2_control_demos//urdf/test_cart_velocity.xacro.urdf
[1.746s] -- Up-to-date: /home/e-yanthra/Documents/ar_ws/install/ign_ros2_control_demos/share/ign_ros2_control_demos//urdf/test_gripper_mimic_joint.xacro.urdf
[1.747s] -- Up-to-date: /home/e-yanthra/Documents/ar_ws/install/ign_ros2_control_demos/share/ign_ros2_control_demos//urdf/test_ackermann_drive.xacro.urdf
[1.747s] -- Up-to-date: /home/e-yanthra/Documents/ar_ws/install/ign_ros2_control_demos/lib/ign_ros2_control_demos/example_position
[1.748s] -- Up-to-date: /home/e-yanthra/Documents/ar_ws/install/ign_ros2_control_demos/lib/ign_ros2_control_demos/example_velocity
[1.750s] -- Up-to-date: /home/e-yanthra/Documents/ar_ws/install/ign_ros2_control_demos/lib/ign_ros2_control_demos/example_effort
[1.751s] -- Up-to-date: /home/e-yanthra/Documents/ar_ws/install/ign_ros2_control_demos/lib/ign_ros2_control_demos/example_diff_drive
[1.751s] -- Up-to-date: /home/e-yanthra/Documents/ar_ws/install/ign_ros2_control_demos/lib/ign_ros2_control_demos/example_tricycle_drive
[1.752s] -- Up-to-date: /home/e-yanthra/Documents/ar_ws/install/ign_ros2_control_demos/lib/ign_ros2_control_demos/example_ackermann_drive
[1.753s] -- Up-to-date: /home/e-yanthra/Documents/ar_ws/install/ign_ros2_control_demos/lib/ign_ros2_control_demos/example_gripper
[1.753s] -- Up-to-date: /home/e-yanthra/Documents/ar_ws/install/ign_ros2_control_demos/share/ament_index/resource_index/package_run_dependencies/ign_ros2_control_demos
[1.754s] -- Up-to-date: /home/e-yanthra/Documents/ar_ws/install/ign_ros2_control_demos/share/ament_index/resource_index/parent_prefix_path/ign_ros2_control_demos
[1.755s] -- Up-to-date: /home/e-yanthra/Documents/ar_ws/install/ign_ros2_control_demos/share/ign_ros2_control_demos/environment/ament_prefix_path.sh
[1.755s] -- Up-to-date: /home/e-yanthra/Documents/ar_ws/install/ign_ros2_control_demos/share/ign_ros2_control_demos/environment/ament_prefix_path.dsv
[1.757s] -- Up-to-date: /home/e-yanthra/Documents/ar_ws/install/ign_ros2_control_demos/share/ign_ros2_control_demos/environment/path.sh
[1.758s] -- Up-to-date: /home/e-yanthra/Documents/ar_ws/install/ign_ros2_control_demos/share/ign_ros2_control_demos/environment/path.dsv
[1.758s] -- Up-to-date: /home/e-yanthra/Documents/ar_ws/install/ign_ros2_control_demos/share/ign_ros2_control_demos/local_setup.bash
[1.759s] -- Up-to-date: /home/e-yanthra/Documents/ar_ws/install/ign_ros2_control_demos/share/ign_ros2_control_demos/local_setup.sh
[1.759s] -- Up-to-date: /home/e-yanthra/Documents/ar_ws/install/ign_ros2_control_demos/share/ign_ros2_control_demos/local_setup.zsh
[1.760s] -- Up-to-date: /home/e-yanthra/Documents/ar_ws/install/ign_ros2_control_demos/share/ign_ros2_control_demos/local_setup.dsv
[1.760s] -- Installing: /home/e-yanthra/Documents/ar_ws/install/ign_ros2_control_demos/share/ign_ros2_control_demos/package.dsv
[1.761s] -- Up-to-date: /home/e-yanthra/Documents/ar_ws/install/ign_ros2_control_demos/share/ament_index/resource_index/packages/ign_ros2_control_demos
[1.762s] -- Up-to-date: /home/e-yanthra/Documents/ar_ws/install/ign_ros2_control_demos/share/ign_ros2_control_demos/cmake/ign_ros2_control_demosConfig.cmake
[1.763s] -- Up-to-date: /home/e-yanthra/Documents/ar_ws/install/ign_ros2_control_demos/share/ign_ros2_control_demos/cmake/ign_ros2_control_demosConfig-version.cmake
[1.764s] -- Up-to-date: /home/e-yanthra/Documents/ar_ws/install/ign_ros2_control_demos/share/ign_ros2_control_demos/package.xml
[1.903s] Invoked command in '/home/e-yanthra/Documents/ar_ws/build/ign_ros2_control_demos' returned '0': CMAKE_PREFIX_PATH=/home/e-yanthra/Documents/ar_ws/install/ign_ros2_control:/home/e-yanthra/Documents/ar_ws/install/sam_bot_nav2_gz:/home/e-yanthra/Documents/ar_ws/install/navi_test:/home/e-yanthra/Documents/ar_ws/install/ign_ros2_control_demos:/home/e-yanthra/Documents/ar_ws/install/gz_ros2_control_tests:/home/e-yanthra/asc/asc_ws/install/rplidar_ros:/home/e-yanthra/eyrc_hb/hb_task6_ws/install/my_robot_interfaces:/home/e-yanthra/eyrc_hb/hb_task5_ws/install/my_robot_interfaces:/home/e-yanthra/eyrc_hb/hb_task4_ws/install/my_robot_interfaces:/home/e-yanthra/eyrc_hb/hb_task_2_ws/install/my_robot_interfaces:/home/e-yanthra/eyrc_hb/hb_task_2_ws/install/hb_world:/home/e-yanthra/eyrc_hb/hb_task_2_ws/install/hb_bot:/home/e-yanthra/eyrc_hb/hb_task1b_ws/install/my_robot_interfaces:/home/e-yanthra/eyrc_hb/hb_task1a_ws/install/turtlesim:/home/e-yanthra/asc/asc_ws/install/locomotion:/home/e-yanthra/robocon/install/listener:/home/e-yanthra/eyrc_hb/hb_task6_ws/install/hb_task6:/home/e-yanthra/eyrc_hb/hb_task5_ws/install/hb_task5b:/home/e-yanthra/eyrc_hb/hb_task5_ws/install/hb_task4b:/home/e-yanthra/eyrc_hb/hb_task4_ws/install/hb_task4b:/home/e-yanthra/eyrc_hb/hb_task_2_ws/install/hb_task2b:/home/e-yanthra/eyrc_hb/hb_task_2_ws/install/hb_task2a:/home/e-yanthra/eyrc_hb/hb_task1b_ws/install/hb_task_1b:/home/e-yanthra/eyrc_hb/hb_task1a_ws/install/hb_task_1a:/opt/ros/humble /usr/bin/cmake --install /home/e-yanthra/Documents/ar_ws/build/ign_ros2_control_demos
