[2.333s] DEBUG:colcon:Command line arguments: ['/usr/bin/colcon', 'build']
[2.333s] DEBUG:colcon:Parsed command line arguments: Namespace(log_base=None, log_level=None, verb_name='build', build_base='build', install_base='install', merge_install=False, symlink_install=False, test_result_base=None, continue_on_error=False, executor='parallel', parallel_workers=8, event_handlers=None, ignore_user_meta=False, metas=['./colcon.meta'], base_paths=['.'], packages_ignore=None, packages_ignore_regex=None, paths=None, packages_up_to=None, packages_up_to_regex=None, packages_above=None, packages_above_and_dependencies=None, packages_above_depth=None, packages_select_by_dep=None, packages_skip_by_dep=None, packages_skip_up_to=None, packages_select_build_failed=False, packages_skip_build_finished=False, packages_select_test_failures=False, packages_skip_test_passed=False, packages_select=None, packages_skip=None, packages_select_regex=None, packages_skip_regex=None, packages_start=None, packages_end=None, allow_overriding=[], cmake_args=None, cmake_target=None, cmake_target_skip_unavailable=False, cmake_clean_cache=False, cmake_clean_first=False, cmake_force_configure=False, ament_cmake_args=None, catkin_cmake_args=None, catkin_skip_building_tests=False, verb_parser=<colcon_defaults.argument_parser.defaults.DefaultArgumentsDecorator object at 0x7fef43e90160>, verb_extension=<colcon_core.verb.build.BuildVerb object at 0x7fef43fa3c40>, main=<bound method BuildVerb.main of <colcon_core.verb.build.BuildVerb object at 0x7fef43fa3c40>>)
[2.473s] Level 1:colcon.colcon_core.package_discovery:discover_packages(colcon_meta) check parameters
[2.473s] Level 1:colcon.colcon_core.package_discovery:discover_packages(recursive) check parameters
[2.473s] Level 1:colcon.colcon_core.package_discovery:discover_packages(ignore) check parameters
[2.473s] Level 1:colcon.colcon_core.package_discovery:discover_packages(path) check parameters
[2.474s] Level 1:colcon.colcon_core.package_discovery:discover_packages(colcon_meta) discover
[2.474s] Level 1:colcon.colcon_core.package_discovery:discover_packages(recursive) discover
[2.474s] INFO:colcon.colcon_core.package_discovery:Crawling recursively for packages in '/home/e-yanthra/Documents/ar_ws'
[2.474s] Level 1:colcon.colcon_core.package_identification:_identify(.) by extensions ['ignore', 'ignore_ament_install']
[2.474s] Level 1:colcon.colcon_core.package_identification:_identify(.) by extension 'ignore'
[2.475s] Level 1:colcon.colcon_core.package_identification:_identify(.) by extension 'ignore_ament_install'
[2.475s] Level 1:colcon.colcon_core.package_identification:_identify(.) by extensions ['colcon_pkg']
[2.475s] Level 1:colcon.colcon_core.package_identification:_identify(.) by extension 'colcon_pkg'
[2.475s] Level 1:colcon.colcon_core.package_identification:_identify(.) by extensions ['colcon_meta']
[2.475s] Level 1:colcon.colcon_core.package_identification:_identify(.) by extension 'colcon_meta'
[2.475s] Level 1:colcon.colcon_core.package_identification:_identify(.) by extensions ['ros']
[2.475s] Level 1:colcon.colcon_core.package_identification:_identify(.) by extension 'ros'
[2.507s] Level 1:colcon.colcon_core.package_identification:_identify(.) by extensions ['cmake', 'python']
[2.508s] Level 1:colcon.colcon_core.package_identification:_identify(.) by extension 'cmake'
[2.508s] Level 1:colcon.colcon_core.package_identification:_identify(.) by extension 'python'
[2.508s] Level 1:colcon.colcon_core.package_identification:_identify(.) by extensions ['python_setup_py']
[2.508s] Level 1:colcon.colcon_core.package_identification:_identify(.) by extension 'python_setup_py'
[2.508s] Level 1:colcon.colcon_core.package_identification:_identify(Grey Wall) by extensions ['ignore', 'ignore_ament_install']
[2.509s] Level 1:colcon.colcon_core.package_identification:_identify(Grey Wall) by extension 'ignore'
[2.509s] Level 1:colcon.colcon_core.package_identification:_identify(Grey Wall) by extension 'ignore_ament_install'
[2.509s] Level 1:colcon.colcon_core.package_identification:_identify(Grey Wall) by extensions ['colcon_pkg']
[2.509s] Level 1:colcon.colcon_core.package_identification:_identify(Grey Wall) by extension 'colcon_pkg'
[2.509s] Level 1:colcon.colcon_core.package_identification:_identify(Grey Wall) by extensions ['colcon_meta']
[2.509s] Level 1:colcon.colcon_core.package_identification:_identify(Grey Wall) by extension 'colcon_meta'
[2.509s] Level 1:colcon.colcon_core.package_identification:_identify(Grey Wall) by extensions ['ros']
[2.509s] Level 1:colcon.colcon_core.package_identification:_identify(Grey Wall) by extension 'ros'
[2.510s] Level 1:colcon.colcon_core.package_identification:_identify(Grey Wall) by extensions ['cmake', 'python']
[2.510s] Level 1:colcon.colcon_core.package_identification:_identify(Grey Wall) by extension 'cmake'
[2.510s] Level 1:colcon.colcon_core.package_identification:_identify(Grey Wall) by extension 'python'
[2.510s] Level 1:colcon.colcon_core.package_identification:_identify(Grey Wall) by extensions ['python_setup_py']
[2.510s] Level 1:colcon.colcon_core.package_identification:_identify(Grey Wall) by extension 'python_setup_py'
[2.510s] Level 1:colcon.colcon_core.package_identification:_identify(Grey Wall/materials) by extensions ['ignore', 'ignore_ament_install']
[2.511s] Level 1:colcon.colcon_core.package_identification:_identify(Grey Wall/materials) by extension 'ignore'
[2.511s] Level 1:colcon.colcon_core.package_identification:_identify(Grey Wall/materials) by extension 'ignore_ament_install'
[2.511s] Level 1:colcon.colcon_core.package_identification:_identify(Grey Wall/materials) by extensions ['colcon_pkg']
[2.511s] Level 1:colcon.colcon_core.package_identification:_identify(Grey Wall/materials) by extension 'colcon_pkg'
[2.511s] Level 1:colcon.colcon_core.package_identification:_identify(Grey Wall/materials) by extensions ['colcon_meta']
[2.511s] Level 1:colcon.colcon_core.package_identification:_identify(Grey Wall/materials) by extension 'colcon_meta'
[2.511s] Level 1:colcon.colcon_core.package_identification:_identify(Grey Wall/materials) by extensions ['ros']
[2.511s] Level 1:colcon.colcon_core.package_identification:_identify(Grey Wall/materials) by extension 'ros'
[2.511s] Level 1:colcon.colcon_core.package_identification:_identify(Grey Wall/materials) by extensions ['cmake', 'python']
[2.512s] Level 1:colcon.colcon_core.package_identification:_identify(Grey Wall/materials) by extension 'cmake'
[2.512s] Level 1:colcon.colcon_core.package_identification:_identify(Grey Wall/materials) by extension 'python'
[2.512s] Level 1:colcon.colcon_core.package_identification:_identify(Grey Wall/materials) by extensions ['python_setup_py']
[2.512s] Level 1:colcon.colcon_core.package_identification:_identify(Grey Wall/materials) by extension 'python_setup_py'
[2.512s] Level 1:colcon.colcon_core.package_identification:_identify(Grey Wall/materials/scripts) by extensions ['ignore', 'ignore_ament_install']
[2.512s] Level 1:colcon.colcon_core.package_identification:_identify(Grey Wall/materials/scripts) by extension 'ignore'
[2.512s] Level 1:colcon.colcon_core.package_identification:_identify(Grey Wall/materials/scripts) by extension 'ignore_ament_install'
[2.512s] Level 1:colcon.colcon_core.package_identification:_identify(Grey Wall/materials/scripts) by extensions ['colcon_pkg']
[2.512s] Level 1:colcon.colcon_core.package_identification:_identify(Grey Wall/materials/scripts) by extension 'colcon_pkg'
[2.512s] Level 1:colcon.colcon_core.package_identification:_identify(Grey Wall/materials/scripts) by extensions ['colcon_meta']
[2.512s] Level 1:colcon.colcon_core.package_identification:_identify(Grey Wall/materials/scripts) by extension 'colcon_meta'
[2.513s] Level 1:colcon.colcon_core.package_identification:_identify(Grey Wall/materials/scripts) by extensions ['ros']
[2.513s] Level 1:colcon.colcon_core.package_identification:_identify(Grey Wall/materials/scripts) by extension 'ros'
[2.513s] Level 1:colcon.colcon_core.package_identification:_identify(Grey Wall/materials/scripts) by extensions ['cmake', 'python']
[2.513s] Level 1:colcon.colcon_core.package_identification:_identify(Grey Wall/materials/scripts) by extension 'cmake'
[2.513s] Level 1:colcon.colcon_core.package_identification:_identify(Grey Wall/materials/scripts) by extension 'python'
[2.513s] Level 1:colcon.colcon_core.package_identification:_identify(Grey Wall/materials/scripts) by extensions ['python_setup_py']
[2.513s] Level 1:colcon.colcon_core.package_identification:_identify(Grey Wall/materials/scripts) by extension 'python_setup_py'
[2.513s] Level 1:colcon.colcon_core.package_identification:_identify(Grey Wall/materials/textures) by extensions ['ignore', 'ignore_ament_install']
[2.513s] Level 1:colcon.colcon_core.package_identification:_identify(Grey Wall/materials/textures) by extension 'ignore'
[2.513s] Level 1:colcon.colcon_core.package_identification:_identify(Grey Wall/materials/textures) by extension 'ignore_ament_install'
[2.514s] Level 1:colcon.colcon_core.package_identification:_identify(Grey Wall/materials/textures) by extensions ['colcon_pkg']
[2.514s] Level 1:colcon.colcon_core.package_identification:_identify(Grey Wall/materials/textures) by extension 'colcon_pkg'
[2.514s] Level 1:colcon.colcon_core.package_identification:_identify(Grey Wall/materials/textures) by extensions ['colcon_meta']
[2.514s] Level 1:colcon.colcon_core.package_identification:_identify(Grey Wall/materials/textures) by extension 'colcon_meta'
[2.514s] Level 1:colcon.colcon_core.package_identification:_identify(Grey Wall/materials/textures) by extensions ['ros']
[2.514s] Level 1:colcon.colcon_core.package_identification:_identify(Grey Wall/materials/textures) by extension 'ros'
[2.514s] Level 1:colcon.colcon_core.package_identification:_identify(Grey Wall/materials/textures) by extensions ['cmake', 'python']
[2.514s] Level 1:colcon.colcon_core.package_identification:_identify(Grey Wall/materials/textures) by extension 'cmake'
[2.514s] Level 1:colcon.colcon_core.package_identification:_identify(Grey Wall/materials/textures) by extension 'python'
[2.514s] Level 1:colcon.colcon_core.package_identification:_identify(Grey Wall/materials/textures) by extensions ['python_setup_py']
[2.514s] Level 1:colcon.colcon_core.package_identification:_identify(Grey Wall/materials/textures) by extension 'python_setup_py'
[2.514s] Level 1:colcon.colcon_core.package_identification:_identify(Grey Wall/thumbnails) by extensions ['ignore', 'ignore_ament_install']
[2.515s] Level 1:colcon.colcon_core.package_identification:_identify(Grey Wall/thumbnails) by extension 'ignore'
[2.515s] Level 1:colcon.colcon_core.package_identification:_identify(Grey Wall/thumbnails) by extension 'ignore_ament_install'
[2.515s] Level 1:colcon.colcon_core.package_identification:_identify(Grey Wall/thumbnails) by extensions ['colcon_pkg']
[2.515s] Level 1:colcon.colcon_core.package_identification:_identify(Grey Wall/thumbnails) by extension 'colcon_pkg'
[2.515s] Level 1:colcon.colcon_core.package_identification:_identify(Grey Wall/thumbnails) by extensions ['colcon_meta']
[2.515s] Level 1:colcon.colcon_core.package_identification:_identify(Grey Wall/thumbnails) by extension 'colcon_meta'
[2.515s] Level 1:colcon.colcon_core.package_identification:_identify(Grey Wall/thumbnails) by extensions ['ros']
[2.515s] Level 1:colcon.colcon_core.package_identification:_identify(Grey Wall/thumbnails) by extension 'ros'
[2.515s] Level 1:colcon.colcon_core.package_identification:_identify(Grey Wall/thumbnails) by extensions ['cmake', 'python']
[2.515s] Level 1:colcon.colcon_core.package_identification:_identify(Grey Wall/thumbnails) by extension 'cmake'
[2.515s] Level 1:colcon.colcon_core.package_identification:_identify(Grey Wall/thumbnails) by extension 'python'
[2.515s] Level 1:colcon.colcon_core.package_identification:_identify(Grey Wall/thumbnails) by extensions ['python_setup_py']
[2.516s] Level 1:colcon.colcon_core.package_identification:_identify(Grey Wall/thumbnails) by extension 'python_setup_py'
[2.516s] Level 1:colcon.colcon_core.package_identification:_identify(build) by extensions ['ignore', 'ignore_ament_install']
[2.516s] Level 1:colcon.colcon_core.package_identification:_identify(build) by extension 'ignore'
[2.516s] Level 1:colcon.colcon_core.package_identification:_identify(build) ignored
[2.516s] Level 1:colcon.colcon_core.package_identification:_identify(install) by extensions ['ignore', 'ignore_ament_install']
[2.516s] Level 1:colcon.colcon_core.package_identification:_identify(install) by extension 'ignore'
[2.516s] Level 1:colcon.colcon_core.package_identification:_identify(install) ignored
[2.517s] Level 1:colcon.colcon_core.package_identification:_identify(log) by extensions ['ignore', 'ignore_ament_install']
[2.517s] Level 1:colcon.colcon_core.package_identification:_identify(log) by extension 'ignore'
[2.517s] Level 1:colcon.colcon_core.package_identification:_identify(log) ignored
[2.517s] Level 1:colcon.colcon_core.package_identification:_identify(navi_test) by extensions ['ignore', 'ignore_ament_install']
[2.517s] Level 1:colcon.colcon_core.package_identification:_identify(navi_test) by extension 'ignore'
[2.517s] Level 1:colcon.colcon_core.package_identification:_identify(navi_test) by extension 'ignore_ament_install'
[2.517s] Level 1:colcon.colcon_core.package_identification:_identify(navi_test) by extensions ['colcon_pkg']
[2.517s] Level 1:colcon.colcon_core.package_identification:_identify(navi_test) by extension 'colcon_pkg'
[2.517s] Level 1:colcon.colcon_core.package_identification:_identify(navi_test) by extensions ['colcon_meta']
[2.517s] Level 1:colcon.colcon_core.package_identification:_identify(navi_test) by extension 'colcon_meta'
[2.518s] Level 1:colcon.colcon_core.package_identification:_identify(navi_test) by extensions ['ros']
[2.518s] Level 1:colcon.colcon_core.package_identification:_identify(navi_test) by extension 'ros'
[2.522s] DEBUG:colcon.colcon_core.package_identification:Package 'navi_test' with type 'ros.ament_cmake' and name 'navi_test'
[2.522s] Level 1:colcon.colcon_core.package_identification:_identify(navigation2_ignition_gazebo_example) by extensions ['ignore', 'ignore_ament_install']
[2.523s] Level 1:colcon.colcon_core.package_identification:_identify(navigation2_ignition_gazebo_example) by extension 'ignore'
[2.523s] Level 1:colcon.colcon_core.package_identification:_identify(navigation2_ignition_gazebo_example) by extension 'ignore_ament_install'
[2.523s] Level 1:colcon.colcon_core.package_identification:_identify(navigation2_ignition_gazebo_example) by extensions ['colcon_pkg']
[2.523s] Level 1:colcon.colcon_core.package_identification:_identify(navigation2_ignition_gazebo_example) by extension 'colcon_pkg'
[2.523s] Level 1:colcon.colcon_core.package_identification:_identify(navigation2_ignition_gazebo_example) by extensions ['colcon_meta']
[2.523s] Level 1:colcon.colcon_core.package_identification:_identify(navigation2_ignition_gazebo_example) by extension 'colcon_meta'
[2.523s] Level 1:colcon.colcon_core.package_identification:_identify(navigation2_ignition_gazebo_example) by extensions ['ros']
[2.523s] Level 1:colcon.colcon_core.package_identification:_identify(navigation2_ignition_gazebo_example) by extension 'ros'
[2.523s] Level 1:colcon.colcon_core.package_identification:_identify(navigation2_ignition_gazebo_example) by extensions ['cmake', 'python']
[2.524s] Level 1:colcon.colcon_core.package_identification:_identify(navigation2_ignition_gazebo_example) by extension 'cmake'
[2.524s] Level 1:colcon.colcon_core.package_identification:_identify(navigation2_ignition_gazebo_example) by extension 'python'
[2.524s] Level 1:colcon.colcon_core.package_identification:_identify(navigation2_ignition_gazebo_example) by extensions ['python_setup_py']
[2.524s] Level 1:colcon.colcon_core.package_identification:_identify(navigation2_ignition_gazebo_example) by extension 'python_setup_py'
[2.524s] Level 1:colcon.colcon_core.package_identification:_identify(navigation2_ignition_gazebo_example/rerun) by extensions ['ignore', 'ignore_ament_install']
[2.524s] Level 1:colcon.colcon_core.package_identification:_identify(navigation2_ignition_gazebo_example/rerun) by extension 'ignore'
[2.524s] Level 1:colcon.colcon_core.package_identification:_identify(navigation2_ignition_gazebo_example/rerun) ignored
[2.524s] Level 1:colcon.colcon_core.package_identification:_identify(navigation2_ignition_gazebo_example/src) by extensions ['ignore', 'ignore_ament_install']
[2.525s] Level 1:colcon.colcon_core.package_identification:_identify(navigation2_ignition_gazebo_example/src) by extension 'ignore'
[2.525s] Level 1:colcon.colcon_core.package_identification:_identify(navigation2_ignition_gazebo_example/src) by extension 'ignore_ament_install'
[2.525s] Level 1:colcon.colcon_core.package_identification:_identify(navigation2_ignition_gazebo_example/src) by extensions ['colcon_pkg']
[2.525s] Level 1:colcon.colcon_core.package_identification:_identify(navigation2_ignition_gazebo_example/src) by extension 'colcon_pkg'
[2.525s] Level 1:colcon.colcon_core.package_identification:_identify(navigation2_ignition_gazebo_example/src) by extensions ['colcon_meta']
[2.525s] Level 1:colcon.colcon_core.package_identification:_identify(navigation2_ignition_gazebo_example/src) by extension 'colcon_meta'
[2.525s] Level 1:colcon.colcon_core.package_identification:_identify(navigation2_ignition_gazebo_example/src) by extensions ['ros']
[2.525s] Level 1:colcon.colcon_core.package_identification:_identify(navigation2_ignition_gazebo_example/src) by extension 'ros'
[2.525s] Level 1:colcon.colcon_core.package_identification:_identify(navigation2_ignition_gazebo_example/src) by extensions ['cmake', 'python']
[2.525s] Level 1:colcon.colcon_core.package_identification:_identify(navigation2_ignition_gazebo_example/src) by extension 'cmake'
[2.525s] Level 1:colcon.colcon_core.package_identification:_identify(navigation2_ignition_gazebo_example/src) by extension 'python'
[2.526s] Level 1:colcon.colcon_core.package_identification:_identify(navigation2_ignition_gazebo_example/src) by extensions ['python_setup_py']
[2.526s] Level 1:colcon.colcon_core.package_identification:_identify(navigation2_ignition_gazebo_example/src) by extension 'python_setup_py'
[2.526s] Level 1:colcon.colcon_core.package_identification:_identify(navigation2_ignition_gazebo_example/src/gz_ros2_control) by extensions ['ignore', 'ignore_ament_install']
[2.526s] Level 1:colcon.colcon_core.package_identification:_identify(navigation2_ignition_gazebo_example/src/gz_ros2_control) by extension 'ignore'
[2.526s] Level 1:colcon.colcon_core.package_identification:_identify(navigation2_ignition_gazebo_example/src/gz_ros2_control) by extension 'ignore_ament_install'
[2.526s] Level 1:colcon.colcon_core.package_identification:_identify(navigation2_ignition_gazebo_example/src/gz_ros2_control) by extensions ['colcon_pkg']
[2.526s] Level 1:colcon.colcon_core.package_identification:_identify(navigation2_ignition_gazebo_example/src/gz_ros2_control) by extension 'colcon_pkg'
[2.526s] Level 1:colcon.colcon_core.package_identification:_identify(navigation2_ignition_gazebo_example/src/gz_ros2_control) by extensions ['colcon_meta']
[2.527s] Level 1:colcon.colcon_core.package_identification:_identify(navigation2_ignition_gazebo_example/src/gz_ros2_control) by extension 'colcon_meta'
[2.527s] Level 1:colcon.colcon_core.package_identification:_identify(navigation2_ignition_gazebo_example/src/gz_ros2_control) by extensions ['ros']
[2.527s] Level 1:colcon.colcon_core.package_identification:_identify(navigation2_ignition_gazebo_example/src/gz_ros2_control) by extension 'ros'
[2.527s] Level 1:colcon.colcon_core.package_identification:_identify(navigation2_ignition_gazebo_example/src/gz_ros2_control) by extensions ['cmake', 'python']
[2.527s] Level 1:colcon.colcon_core.package_identification:_identify(navigation2_ignition_gazebo_example/src/gz_ros2_control) by extension 'cmake'
[2.527s] Level 1:colcon.colcon_core.package_identification:_identify(navigation2_ignition_gazebo_example/src/gz_ros2_control) by extension 'python'
[2.527s] Level 1:colcon.colcon_core.package_identification:_identify(navigation2_ignition_gazebo_example/src/gz_ros2_control) by extensions ['python_setup_py']
[2.527s] Level 1:colcon.colcon_core.package_identification:_identify(navigation2_ignition_gazebo_example/src/gz_ros2_control) by extension 'python_setup_py'
[2.528s] Level 1:colcon.colcon_core.package_identification:_identify(navigation2_ignition_gazebo_example/src/gz_ros2_control/Dockerfile) by extensions ['ignore', 'ignore_ament_install']
[2.528s] Level 1:colcon.colcon_core.package_identification:_identify(navigation2_ignition_gazebo_example/src/gz_ros2_control/Dockerfile) by extension 'ignore'
[2.528s] Level 1:colcon.colcon_core.package_identification:_identify(navigation2_ignition_gazebo_example/src/gz_ros2_control/Dockerfile) by extension 'ignore_ament_install'
[2.528s] Level 1:colcon.colcon_core.package_identification:_identify(navigation2_ignition_gazebo_example/src/gz_ros2_control/Dockerfile) by extensions ['colcon_pkg']
[2.528s] Level 1:colcon.colcon_core.package_identification:_identify(navigation2_ignition_gazebo_example/src/gz_ros2_control/Dockerfile) by extension 'colcon_pkg'
[2.528s] Level 1:colcon.colcon_core.package_identification:_identify(navigation2_ignition_gazebo_example/src/gz_ros2_control/Dockerfile) by extensions ['colcon_meta']
[2.528s] Level 1:colcon.colcon_core.package_identification:_identify(navigation2_ignition_gazebo_example/src/gz_ros2_control/Dockerfile) by extension 'colcon_meta'
[2.529s] Level 1:colcon.colcon_core.package_identification:_identify(navigation2_ignition_gazebo_example/src/gz_ros2_control/Dockerfile) by extensions ['ros']
[2.529s] Level 1:colcon.colcon_core.package_identification:_identify(navigation2_ignition_gazebo_example/src/gz_ros2_control/Dockerfile) by extension 'ros'
[2.529s] Level 1:colcon.colcon_core.package_identification:_identify(navigation2_ignition_gazebo_example/src/gz_ros2_control/Dockerfile) by extensions ['cmake', 'python']
[2.529s] Level 1:colcon.colcon_core.package_identification:_identify(navigation2_ignition_gazebo_example/src/gz_ros2_control/Dockerfile) by extension 'cmake'
[2.529s] Level 1:colcon.colcon_core.package_identification:_identify(navigation2_ignition_gazebo_example/src/gz_ros2_control/Dockerfile) by extension 'python'
[2.529s] Level 1:colcon.colcon_core.package_identification:_identify(navigation2_ignition_gazebo_example/src/gz_ros2_control/Dockerfile) by extensions ['python_setup_py']
[2.529s] Level 1:colcon.colcon_core.package_identification:_identify(navigation2_ignition_gazebo_example/src/gz_ros2_control/Dockerfile) by extension 'python_setup_py'
[2.529s] Level 1:colcon.colcon_core.package_identification:_identify(navigation2_ignition_gazebo_example/src/gz_ros2_control/doc) by extensions ['ignore', 'ignore_ament_install']
[2.529s] Level 1:colcon.colcon_core.package_identification:_identify(navigation2_ignition_gazebo_example/src/gz_ros2_control/doc) by extension 'ignore'
[2.529s] Level 1:colcon.colcon_core.package_identification:_identify(navigation2_ignition_gazebo_example/src/gz_ros2_control/doc) by extension 'ignore_ament_install'
[2.530s] Level 1:colcon.colcon_core.package_identification:_identify(navigation2_ignition_gazebo_example/src/gz_ros2_control/doc) by extensions ['colcon_pkg']
[2.530s] Level 1:colcon.colcon_core.package_identification:_identify(navigation2_ignition_gazebo_example/src/gz_ros2_control/doc) by extension 'colcon_pkg'
[2.530s] Level 1:colcon.colcon_core.package_identification:_identify(navigation2_ignition_gazebo_example/src/gz_ros2_control/doc) by extensions ['colcon_meta']
[2.530s] Level 1:colcon.colcon_core.package_identification:_identify(navigation2_ignition_gazebo_example/src/gz_ros2_control/doc) by extension 'colcon_meta'
[2.530s] Level 1:colcon.colcon_core.package_identification:_identify(navigation2_ignition_gazebo_example/src/gz_ros2_control/doc) by extensions ['ros']
[2.530s] Level 1:colcon.colcon_core.package_identification:_identify(navigation2_ignition_gazebo_example/src/gz_ros2_control/doc) by extension 'ros'
[2.530s] Level 1:colcon.colcon_core.package_identification:_identify(navigation2_ignition_gazebo_example/src/gz_ros2_control/doc) by extensions ['cmake', 'python']
[2.530s] Level 1:colcon.colcon_core.package_identification:_identify(navigation2_ignition_gazebo_example/src/gz_ros2_control/doc) by extension 'cmake'
[2.530s] Level 1:colcon.colcon_core.package_identification:_identify(navigation2_ignition_gazebo_example/src/gz_ros2_control/doc) by extension 'python'
[2.530s] Level 1:colcon.colcon_core.package_identification:_identify(navigation2_ignition_gazebo_example/src/gz_ros2_control/doc) by extensions ['python_setup_py']
[2.530s] Level 1:colcon.colcon_core.package_identification:_identify(navigation2_ignition_gazebo_example/src/gz_ros2_control/doc) by extension 'python_setup_py'
[2.531s] Level 1:colcon.colcon_core.package_identification:_identify(navigation2_ignition_gazebo_example/src/gz_ros2_control/doc/img) by extensions ['ignore', 'ignore_ament_install']
[2.531s] Level 1:colcon.colcon_core.package_identification:_identify(navigation2_ignition_gazebo_example/src/gz_ros2_control/doc/img) by extension 'ignore'
[2.531s] Level 1:colcon.colcon_core.package_identification:_identify(navigation2_ignition_gazebo_example/src/gz_ros2_control/doc/img) by extension 'ignore_ament_install'
[2.531s] Level 1:colcon.colcon_core.package_identification:_identify(navigation2_ignition_gazebo_example/src/gz_ros2_control/doc/img) by extensions ['colcon_pkg']
[2.531s] Level 1:colcon.colcon_core.package_identification:_identify(navigation2_ignition_gazebo_example/src/gz_ros2_control/doc/img) by extension 'colcon_pkg'
[2.531s] Level 1:colcon.colcon_core.package_identification:_identify(navigation2_ignition_gazebo_example/src/gz_ros2_control/doc/img) by extensions ['colcon_meta']
[2.531s] Level 1:colcon.colcon_core.package_identification:_identify(navigation2_ignition_gazebo_example/src/gz_ros2_control/doc/img) by extension 'colcon_meta'
[2.531s] Level 1:colcon.colcon_core.package_identification:_identify(navigation2_ignition_gazebo_example/src/gz_ros2_control/doc/img) by extensions ['ros']
[2.531s] Level 1:colcon.colcon_core.package_identification:_identify(navigation2_ignition_gazebo_example/src/gz_ros2_control/doc/img) by extension 'ros'
[2.531s] Level 1:colcon.colcon_core.package_identification:_identify(navigation2_ignition_gazebo_example/src/gz_ros2_control/doc/img) by extensions ['cmake', 'python']
[2.531s] Level 1:colcon.colcon_core.package_identification:_identify(navigation2_ignition_gazebo_example/src/gz_ros2_control/doc/img) by extension 'cmake'
[2.531s] Level 1:colcon.colcon_core.package_identification:_identify(navigation2_ignition_gazebo_example/src/gz_ros2_control/doc/img) by extension 'python'
[2.532s] Level 1:colcon.colcon_core.package_identification:_identify(navigation2_ignition_gazebo_example/src/gz_ros2_control/doc/img) by extensions ['python_setup_py']
[2.532s] Level 1:colcon.colcon_core.package_identification:_identify(navigation2_ignition_gazebo_example/src/gz_ros2_control/doc/img) by extension 'python_setup_py'
[2.532s] Level 1:colcon.colcon_core.package_identification:_identify(navigation2_ignition_gazebo_example/src/gz_ros2_control/gz_ros2_control_tests) by extensions ['ignore', 'ignore_ament_install']
[2.532s] Level 1:colcon.colcon_core.package_identification:_identify(navigation2_ignition_gazebo_example/src/gz_ros2_control/gz_ros2_control_tests) by extension 'ignore'
[2.532s] Level 1:colcon.colcon_core.package_identification:_identify(navigation2_ignition_gazebo_example/src/gz_ros2_control/gz_ros2_control_tests) by extension 'ignore_ament_install'
[2.532s] Level 1:colcon.colcon_core.package_identification:_identify(navigation2_ignition_gazebo_example/src/gz_ros2_control/gz_ros2_control_tests) by extensions ['colcon_pkg']
[2.532s] Level 1:colcon.colcon_core.package_identification:_identify(navigation2_ignition_gazebo_example/src/gz_ros2_control/gz_ros2_control_tests) by extension 'colcon_pkg'
[2.532s] Level 1:colcon.colcon_core.package_identification:_identify(navigation2_ignition_gazebo_example/src/gz_ros2_control/gz_ros2_control_tests) by extensions ['colcon_meta']
[2.532s] Level 1:colcon.colcon_core.package_identification:_identify(navigation2_ignition_gazebo_example/src/gz_ros2_control/gz_ros2_control_tests) by extension 'colcon_meta'
[2.532s] Level 1:colcon.colcon_core.package_identification:_identify(navigation2_ignition_gazebo_example/src/gz_ros2_control/gz_ros2_control_tests) by extensions ['ros']
[2.533s] Level 1:colcon.colcon_core.package_identification:_identify(navigation2_ignition_gazebo_example/src/gz_ros2_control/gz_ros2_control_tests) by extension 'ros'
[2.539s] DEBUG:colcon.colcon_core.package_identification:Package 'navigation2_ignition_gazebo_example/src/gz_ros2_control/gz_ros2_control_tests' with type 'ros.ament_cmake' and name 'gz_ros2_control_tests'
[2.540s] Level 1:colcon.colcon_core.package_identification:_identify(navigation2_ignition_gazebo_example/src/gz_ros2_control/ign_ros2_control) by extensions ['ignore', 'ignore_ament_install']
[2.540s] Level 1:colcon.colcon_core.package_identification:_identify(navigation2_ignition_gazebo_example/src/gz_ros2_control/ign_ros2_control) by extension 'ignore'
[2.540s] Level 1:colcon.colcon_core.package_identification:_identify(navigation2_ignition_gazebo_example/src/gz_ros2_control/ign_ros2_control) by extension 'ignore_ament_install'
[2.540s] Level 1:colcon.colcon_core.package_identification:_identify(navigation2_ignition_gazebo_example/src/gz_ros2_control/ign_ros2_control) by extensions ['colcon_pkg']
[2.540s] Level 1:colcon.colcon_core.package_identification:_identify(navigation2_ignition_gazebo_example/src/gz_ros2_control/ign_ros2_control) by extension 'colcon_pkg'
[2.541s] Level 1:colcon.colcon_core.package_identification:_identify(navigation2_ignition_gazebo_example/src/gz_ros2_control/ign_ros2_control) by extensions ['colcon_meta']
[2.541s] Level 1:colcon.colcon_core.package_identification:_identify(navigation2_ignition_gazebo_example/src/gz_ros2_control/ign_ros2_control) by extension 'colcon_meta'
[2.541s] Level 1:colcon.colcon_core.package_identification:_identify(navigation2_ignition_gazebo_example/src/gz_ros2_control/ign_ros2_control) by extensions ['ros']
[2.541s] Level 1:colcon.colcon_core.package_identification:_identify(navigation2_ignition_gazebo_example/src/gz_ros2_control/ign_ros2_control) by extension 'ros'
[2.550s] DEBUG:colcon.colcon_core.package_identification:Package 'navigation2_ignition_gazebo_example/src/gz_ros2_control/ign_ros2_control' with type 'ros.ament_cmake' and name 'ign_ros2_control'
[2.550s] Level 1:colcon.colcon_core.package_identification:_identify(navigation2_ignition_gazebo_example/src/gz_ros2_control/ign_ros2_control_demos) by extensions ['ignore', 'ignore_ament_install']
[2.550s] Level 1:colcon.colcon_core.package_identification:_identify(navigation2_ignition_gazebo_example/src/gz_ros2_control/ign_ros2_control_demos) by extension 'ignore'
[2.551s] Level 1:colcon.colcon_core.package_identification:_identify(navigation2_ignition_gazebo_example/src/gz_ros2_control/ign_ros2_control_demos) by extension 'ignore_ament_install'
[2.551s] Level 1:colcon.colcon_core.package_identification:_identify(navigation2_ignition_gazebo_example/src/gz_ros2_control/ign_ros2_control_demos) by extensions ['colcon_pkg']
[2.551s] Level 1:colcon.colcon_core.package_identification:_identify(navigation2_ignition_gazebo_example/src/gz_ros2_control/ign_ros2_control_demos) by extension 'colcon_pkg'
[2.551s] Level 1:colcon.colcon_core.package_identification:_identify(navigation2_ignition_gazebo_example/src/gz_ros2_control/ign_ros2_control_demos) by extensions ['colcon_meta']
[2.551s] Level 1:colcon.colcon_core.package_identification:_identify(navigation2_ignition_gazebo_example/src/gz_ros2_control/ign_ros2_control_demos) by extension 'colcon_meta'
[2.551s] Level 1:colcon.colcon_core.package_identification:_identify(navigation2_ignition_gazebo_example/src/gz_ros2_control/ign_ros2_control_demos) by extensions ['ros']
[2.551s] Level 1:colcon.colcon_core.package_identification:_identify(navigation2_ignition_gazebo_example/src/gz_ros2_control/ign_ros2_control_demos) by extension 'ros'
[2.553s] DEBUG:colcon.colcon_core.package_identification:Package 'navigation2_ignition_gazebo_example/src/gz_ros2_control/ign_ros2_control_demos' with type 'ros.ament_cmake' and name 'ign_ros2_control_demos'
[2.553s] Level 1:colcon.colcon_core.package_identification:_identify(navigation2_ignition_gazebo_example/src/sam_bot_nav2_gz) by extensions ['ignore', 'ignore_ament_install']
[2.553s] Level 1:colcon.colcon_core.package_identification:_identify(navigation2_ignition_gazebo_example/src/sam_bot_nav2_gz) by extension 'ignore'
[2.553s] Level 1:colcon.colcon_core.package_identification:_identify(navigation2_ignition_gazebo_example/src/sam_bot_nav2_gz) by extension 'ignore_ament_install'
[2.553s] Level 1:colcon.colcon_core.package_identification:_identify(navigation2_ignition_gazebo_example/src/sam_bot_nav2_gz) by extensions ['colcon_pkg']
[2.554s] Level 1:colcon.colcon_core.package_identification:_identify(navigation2_ignition_gazebo_example/src/sam_bot_nav2_gz) by extension 'colcon_pkg'
[2.554s] Level 1:colcon.colcon_core.package_identification:_identify(navigation2_ignition_gazebo_example/src/sam_bot_nav2_gz) by extensions ['colcon_meta']
[2.554s] Level 1:colcon.colcon_core.package_identification:_identify(navigation2_ignition_gazebo_example/src/sam_bot_nav2_gz) by extension 'colcon_meta'
[2.554s] Level 1:colcon.colcon_core.package_identification:_identify(navigation2_ignition_gazebo_example/src/sam_bot_nav2_gz) by extensions ['ros']
[2.554s] Level 1:colcon.colcon_core.package_identification:_identify(navigation2_ignition_gazebo_example/src/sam_bot_nav2_gz) by extension 'ros'
[2.555s] DEBUG:colcon.colcon_core.package_identification:Package 'navigation2_ignition_gazebo_example/src/sam_bot_nav2_gz' with type 'ros.ament_cmake' and name 'sam_bot_nav2_gz'
[2.555s] Level 1:colcon.colcon_core.package_identification:_identify(src) by extensions ['ignore', 'ignore_ament_install']
[2.555s] Level 1:colcon.colcon_core.package_identification:_identify(src) by extension 'ignore'
[2.555s] Level 1:colcon.colcon_core.package_identification:_identify(src) by extension 'ignore_ament_install'
[2.555s] Level 1:colcon.colcon_core.package_identification:_identify(src) by extensions ['colcon_pkg']
[2.555s] Level 1:colcon.colcon_core.package_identification:_identify(src) by extension 'colcon_pkg'
[2.556s] Level 1:colcon.colcon_core.package_identification:_identify(src) by extensions ['colcon_meta']
[2.556s] Level 1:colcon.colcon_core.package_identification:_identify(src) by extension 'colcon_meta'
[2.556s] Level 1:colcon.colcon_core.package_identification:_identify(src) by extensions ['ros']
[2.556s] Level 1:colcon.colcon_core.package_identification:_identify(src) by extension 'ros'
[2.556s] Level 1:colcon.colcon_core.package_identification:_identify(src) by extensions ['cmake', 'python']
[2.556s] Level 1:colcon.colcon_core.package_identification:_identify(src) by extension 'cmake'
[2.556s] Level 1:colcon.colcon_core.package_identification:_identify(src) by extension 'python'
[2.556s] Level 1:colcon.colcon_core.package_identification:_identify(src) by extensions ['python_setup_py']
[2.556s] Level 1:colcon.colcon_core.package_identification:_identify(src) by extension 'python_setup_py'
[2.556s] Level 1:colcon.colcon_core.package_discovery:discover_packages(recursive) using defaults
[2.556s] Level 1:colcon.colcon_core.package_discovery:discover_packages(ignore) discover
[2.556s] Level 1:colcon.colcon_core.package_discovery:discover_packages(ignore) using defaults
[2.556s] Level 1:colcon.colcon_core.package_discovery:discover_packages(path) discover
[2.557s] Level 1:colcon.colcon_core.package_discovery:discover_packages(path) using defaults
[2.793s] Level 1:colcon.colcon_core.package_discovery:discover_packages(prefix_path) check parameters
[2.793s] Level 1:colcon.colcon_core.package_discovery:discover_packages(prefix_path) discover
[2.872s] DEBUG:colcon.colcon_installed_package_information.package_discovery:Found 5 installed packages in /home/e-yanthra/Documents/ar_ws/install
[2.911s] DEBUG:colcon.colcon_installed_package_information.package_discovery:Found 2 installed packages in /home/e-yanthra/asc/asc_ws/install
[2.951s] DEBUG:colcon.colcon_installed_package_information.package_discovery:Found 1 installed packages in /home/e-yanthra/robocon/install
[3.001s] DEBUG:colcon.colcon_installed_package_information.package_discovery:Found 2 installed packages in /home/e-yanthra/eyrc_hb/hb_task6_ws/install
[3.048s] DEBUG:colcon.colcon_installed_package_information.package_discovery:Found 3 installed packages in /home/e-yanthra/eyrc_hb/hb_task5_ws/install
[3.130s] DEBUG:colcon.colcon_installed_package_information.package_discovery:Found 2 installed packages in /home/e-yanthra/eyrc_hb/hb_task4_ws/install
[3.176s] DEBUG:colcon.colcon_installed_package_information.package_discovery:Found 5 installed packages in /home/e-yanthra/eyrc_hb/hb_task_2_ws/install
[3.223s] DEBUG:colcon.colcon_installed_package_information.package_discovery:Found 2 installed packages in /home/e-yanthra/eyrc_hb/hb_task1b_ws/install
[3.265s] DEBUG:colcon.colcon_installed_package_information.package_discovery:Found 2 installed packages in /home/e-yanthra/eyrc_hb/hb_task1a_ws/install
[3.304s] DEBUG:colcon.colcon_installed_package_information.package_discovery:Found 376 installed packages in /opt/ros/humble
[3.307s] Level 1:colcon.colcon_core.package_discovery:discover_packages(prefix_path) using defaults
[3.500s] Level 5:colcon.colcon_core.verb:set package 'ign_ros2_control' build argument 'cmake_args' from command line to 'None'
[3.500s] Level 5:colcon.colcon_core.verb:set package 'ign_ros2_control' build argument 'cmake_target' from command line to 'None'
[3.500s] Level 5:colcon.colcon_core.verb:set package 'ign_ros2_control' build argument 'cmake_target_skip_unavailable' from command line to 'False'
[3.500s] Level 5:colcon.colcon_core.verb:set package 'ign_ros2_control' build argument 'cmake_clean_cache' from command line to 'False'
[3.500s] Level 5:colcon.colcon_core.verb:set package 'ign_ros2_control' build argument 'cmake_clean_first' from command line to 'False'
[3.501s] Level 5:colcon.colcon_core.verb:set package 'ign_ros2_control' build argument 'cmake_force_configure' from command line to 'False'
[3.501s] Level 5:colcon.colcon_core.verb:set package 'ign_ros2_control' build argument 'ament_cmake_args' from command line to 'None'
[3.501s] Level 5:colcon.colcon_core.verb:set package 'ign_ros2_control' build argument 'catkin_cmake_args' from command line to 'None'
[3.501s] Level 5:colcon.colcon_core.verb:set package 'ign_ros2_control' build argument 'catkin_skip_building_tests' from command line to 'False'
[3.501s] DEBUG:colcon.colcon_core.verb:Building package 'ign_ros2_control' with the following arguments: {'ament_cmake_args': None, 'build_base': '/home/e-yanthra/Documents/ar_ws/build/ign_ros2_control', 'catkin_cmake_args': None, 'catkin_skip_building_tests': False, 'cmake_args': None, 'cmake_clean_cache': False, 'cmake_clean_first': False, 'cmake_force_configure': False, 'cmake_target': None, 'cmake_target_skip_unavailable': False, 'install_base': '/home/e-yanthra/Documents/ar_ws/install/ign_ros2_control', 'merge_install': False, 'path': '/home/e-yanthra/Documents/ar_ws/navigation2_ignition_gazebo_example/src/gz_ros2_control/ign_ros2_control', 'symlink_install': False, 'test_result_base': None}
[3.539s] Level 5:colcon.colcon_core.verb:set package 'navi_test' build argument 'cmake_args' from command line to 'None'
[3.539s] Level 5:colcon.colcon_core.verb:set package 'navi_test' build argument 'cmake_target' from command line to 'None'
[3.539s] Level 5:colcon.colcon_core.verb:set package 'navi_test' build argument 'cmake_target_skip_unavailable' from command line to 'False'
[3.539s] Level 5:colcon.colcon_core.verb:set package 'navi_test' build argument 'cmake_clean_cache' from command line to 'False'
[3.539s] Level 5:colcon.colcon_core.verb:set package 'navi_test' build argument 'cmake_clean_first' from command line to 'False'
[3.539s] Level 5:colcon.colcon_core.verb:set package 'navi_test' build argument 'cmake_force_configure' from command line to 'False'
[3.539s] Level 5:colcon.colcon_core.verb:set package 'navi_test' build argument 'ament_cmake_args' from command line to 'None'
[3.539s] Level 5:colcon.colcon_core.verb:set package 'navi_test' build argument 'catkin_cmake_args' from command line to 'None'
[3.540s] Level 5:colcon.colcon_core.verb:set package 'navi_test' build argument 'catkin_skip_building_tests' from command line to 'False'
[3.540s] DEBUG:colcon.colcon_core.verb:Building package 'navi_test' with the following arguments: {'ament_cmake_args': None, 'build_base': '/home/e-yanthra/Documents/ar_ws/build/navi_test', 'catkin_cmake_args': None, 'catkin_skip_building_tests': False, 'cmake_args': None, 'cmake_clean_cache': False, 'cmake_clean_first': False, 'cmake_force_configure': False, 'cmake_target': None, 'cmake_target_skip_unavailable': False, 'install_base': '/home/e-yanthra/Documents/ar_ws/install/navi_test', 'merge_install': False, 'path': '/home/e-yanthra/Documents/ar_ws/navi_test', 'symlink_install': False, 'test_result_base': None}
[3.577s] Level 5:colcon.colcon_core.verb:set package 'gz_ros2_control_tests' build argument 'cmake_args' from command line to 'None'
[3.577s] Level 5:colcon.colcon_core.verb:set package 'gz_ros2_control_tests' build argument 'cmake_target' from command line to 'None'
[3.578s] Level 5:colcon.colcon_core.verb:set package 'gz_ros2_control_tests' build argument 'cmake_target_skip_unavailable' from command line to 'False'
[3.578s] Level 5:colcon.colcon_core.verb:set package 'gz_ros2_control_tests' build argument 'cmake_clean_cache' from command line to 'False'
[3.578s] Level 5:colcon.colcon_core.verb:set package 'gz_ros2_control_tests' build argument 'cmake_clean_first' from command line to 'False'
[3.578s] Level 5:colcon.colcon_core.verb:set package 'gz_ros2_control_tests' build argument 'cmake_force_configure' from command line to 'False'
[3.578s] Level 5:colcon.colcon_core.verb:set package 'gz_ros2_control_tests' build argument 'ament_cmake_args' from command line to 'None'
[3.578s] Level 5:colcon.colcon_core.verb:set package 'gz_ros2_control_tests' build argument 'catkin_cmake_args' from command line to 'None'
[3.578s] Level 5:colcon.colcon_core.verb:set package 'gz_ros2_control_tests' build argument 'catkin_skip_building_tests' from command line to 'False'
[3.578s] DEBUG:colcon.colcon_core.verb:Building package 'gz_ros2_control_tests' with the following arguments: {'ament_cmake_args': None, 'build_base': '/home/e-yanthra/Documents/ar_ws/build/gz_ros2_control_tests', 'catkin_cmake_args': None, 'catkin_skip_building_tests': False, 'cmake_args': None, 'cmake_clean_cache': False, 'cmake_clean_first': False, 'cmake_force_configure': False, 'cmake_target': None, 'cmake_target_skip_unavailable': False, 'install_base': '/home/e-yanthra/Documents/ar_ws/install/gz_ros2_control_tests', 'merge_install': False, 'path': '/home/e-yanthra/Documents/ar_ws/navigation2_ignition_gazebo_example/src/gz_ros2_control/gz_ros2_control_tests', 'symlink_install': False, 'test_result_base': None}
[3.615s] Level 5:colcon.colcon_core.verb:set package 'ign_ros2_control_demos' build argument 'cmake_args' from command line to 'None'
[3.615s] Level 5:colcon.colcon_core.verb:set package 'ign_ros2_control_demos' build argument 'cmake_target' from command line to 'None'
[3.615s] Level 5:colcon.colcon_core.verb:set package 'ign_ros2_control_demos' build argument 'cmake_target_skip_unavailable' from command line to 'False'
[3.615s] Level 5:colcon.colcon_core.verb:set package 'ign_ros2_control_demos' build argument 'cmake_clean_cache' from command line to 'False'
[3.615s] Level 5:colcon.colcon_core.verb:set package 'ign_ros2_control_demos' build argument 'cmake_clean_first' from command line to 'False'
[3.615s] Level 5:colcon.colcon_core.verb:set package 'ign_ros2_control_demos' build argument 'cmake_force_configure' from command line to 'False'
[3.615s] Level 5:colcon.colcon_core.verb:set package 'ign_ros2_control_demos' build argument 'ament_cmake_args' from command line to 'None'
[3.615s] Level 5:colcon.colcon_core.verb:set package 'ign_ros2_control_demos' build argument 'catkin_cmake_args' from command line to 'None'
[3.615s] Level 5:colcon.colcon_core.verb:set package 'ign_ros2_control_demos' build argument 'catkin_skip_building_tests' from command line to 'False'
[3.615s] DEBUG:colcon.colcon_core.verb:Building package 'ign_ros2_control_demos' with the following arguments: {'ament_cmake_args': None, 'build_base': '/home/e-yanthra/Documents/ar_ws/build/ign_ros2_control_demos', 'catkin_cmake_args': None, 'catkin_skip_building_tests': False, 'cmake_args': None, 'cmake_clean_cache': False, 'cmake_clean_first': False, 'cmake_force_configure': False, 'cmake_target': None, 'cmake_target_skip_unavailable': False, 'install_base': '/home/e-yanthra/Documents/ar_ws/install/ign_ros2_control_demos', 'merge_install': False, 'path': '/home/e-yanthra/Documents/ar_ws/navigation2_ignition_gazebo_example/src/gz_ros2_control/ign_ros2_control_demos', 'symlink_install': False, 'test_result_base': None}
[3.652s] Level 5:colcon.colcon_core.verb:set package 'sam_bot_nav2_gz' build argument 'cmake_args' from command line to 'None'
[3.652s] Level 5:colcon.colcon_core.verb:set package 'sam_bot_nav2_gz' build argument 'cmake_target' from command line to 'None'
[3.652s] Level 5:colcon.colcon_core.verb:set package 'sam_bot_nav2_gz' build argument 'cmake_target_skip_unavailable' from command line to 'False'
[3.652s] Level 5:colcon.colcon_core.verb:set package 'sam_bot_nav2_gz' build argument 'cmake_clean_cache' from command line to 'False'
[3.652s] Level 5:colcon.colcon_core.verb:set package 'sam_bot_nav2_gz' build argument 'cmake_clean_first' from command line to 'False'
[3.652s] Level 5:colcon.colcon_core.verb:set package 'sam_bot_nav2_gz' build argument 'cmake_force_configure' from command line to 'False'
[3.652s] Level 5:colcon.colcon_core.verb:set package 'sam_bot_nav2_gz' build argument 'ament_cmake_args' from command line to 'None'
[3.652s] Level 5:colcon.colcon_core.verb:set package 'sam_bot_nav2_gz' build argument 'catkin_cmake_args' from command line to 'None'
[3.652s] Level 5:colcon.colcon_core.verb:set package 'sam_bot_nav2_gz' build argument 'catkin_skip_building_tests' from command line to 'False'
[3.652s] DEBUG:colcon.colcon_core.verb:Building package 'sam_bot_nav2_gz' with the following arguments: {'ament_cmake_args': None, 'build_base': '/home/e-yanthra/Documents/ar_ws/build/sam_bot_nav2_gz', 'catkin_cmake_args': None, 'catkin_skip_building_tests': False, 'cmake_args': None, 'cmake_clean_cache': False, 'cmake_clean_first': False, 'cmake_force_configure': False, 'cmake_target': None, 'cmake_target_skip_unavailable': False, 'install_base': '/home/e-yanthra/Documents/ar_ws/install/sam_bot_nav2_gz', 'merge_install': False, 'path': '/home/e-yanthra/Documents/ar_ws/navigation2_ignition_gazebo_example/src/sam_bot_nav2_gz', 'symlink_install': False, 'test_result_base': None}
[3.687s] INFO:colcon.colcon_core.executor:Executing jobs using 'parallel' executor
[3.724s] DEBUG:colcon.colcon_parallel_executor.executor.parallel:run_until_complete
[3.725s] INFO:colcon.colcon_ros.task.ament_cmake.build:Building ROS package in '/home/e-yanthra/Documents/ar_ws/navigation2_ignition_gazebo_example/src/gz_ros2_control/ign_ros2_control' with build type 'ament_cmake'
[3.727s] INFO:colcon.colcon_cmake.task.cmake.build:Building CMake package in '/home/e-yanthra/Documents/ar_ws/navigation2_ignition_gazebo_example/src/gz_ros2_control/ign_ros2_control'
[3.786s] INFO:colcon.colcon_core.plugin_system:Skipping extension 'colcon_core.shell.bat': Not used on non-Windows systems
[3.787s] INFO:colcon.colcon_core.shell:Skip shell extension 'powershell' for command environment: Not usable outside of PowerShell
[3.787s] DEBUG:colcon.colcon_core.shell:Skip shell extension 'dsv' for command environment
[4.206s] INFO:colcon.colcon_ros.task.ament_cmake.build:Building ROS package in '/home/e-yanthra/Documents/ar_ws/navi_test' with build type 'ament_cmake'
[4.206s] INFO:colcon.colcon_cmake.task.cmake.build:Building CMake package in '/home/e-yanthra/Documents/ar_ws/navi_test'
[4.266s] INFO:colcon.colcon_core.shell:Skip shell extension 'powershell' for command environment: Not usable outside of PowerShell
[4.267s] DEBUG:colcon.colcon_core.shell:Skip shell extension 'dsv' for command environment
[4.845s] DEBUG:colcon.colcon_core.event_handler.log_command:Invoking command in '/home/e-yanthra/Documents/ar_ws/build/ign_ros2_control': CMAKE_PREFIX_PATH=${CMAKE_PREFIX_PATH}:/home/e-yanthra/asc/asc_ws/install/locomotion:/home/e-yanthra/robocon/install/listener:/home/e-yanthra/eyrc_hb/hb_task6_ws/install/hb_task6:/home/e-yanthra/eyrc_hb/hb_task5_ws/install/hb_task5b:/home/e-yanthra/eyrc_hb/hb_task5_ws/install/hb_task4b:/home/e-yanthra/eyrc_hb/hb_task4_ws/install/hb_task4b:/home/e-yanthra/eyrc_hb/hb_task_2_ws/install/hb_task2b:/home/e-yanthra/eyrc_hb/hb_task_2_ws/install/hb_task2a:/home/e-yanthra/eyrc_hb/hb_task1b_ws/install/hb_task_1b:/home/e-yanthra/eyrc_hb/hb_task1a_ws/install/hb_task_1a:/opt/ros/humble /usr/bin/cmake --build /home/e-yanthra/Documents/ar_ws/build/ign_ros2_control -- -j8 -l8
[4.858s] DEBUG:colcon.colcon_core.event_handler.log_command:Invoking command in '/home/e-yanthra/Documents/ar_ws/build/navi_test': CMAKE_PREFIX_PATH=${CMAKE_PREFIX_PATH}:/home/e-yanthra/asc/asc_ws/install/locomotion:/home/e-yanthra/robocon/install/listener:/home/e-yanthra/eyrc_hb/hb_task6_ws/install/hb_task6:/home/e-yanthra/eyrc_hb/hb_task5_ws/install/hb_task5b:/home/e-yanthra/eyrc_hb/hb_task5_ws/install/hb_task4b:/home/e-yanthra/eyrc_hb/hb_task4_ws/install/hb_task4b:/home/e-yanthra/eyrc_hb/hb_task_2_ws/install/hb_task2b:/home/e-yanthra/eyrc_hb/hb_task_2_ws/install/hb_task2a:/home/e-yanthra/eyrc_hb/hb_task1b_ws/install/hb_task_1b:/home/e-yanthra/eyrc_hb/hb_task1a_ws/install/hb_task_1a:/opt/ros/humble /usr/bin/cmake --build /home/e-yanthra/Documents/ar_ws/build/navi_test -- -j8 -l8
[5.039s] DEBUG:colcon.colcon_core.event_handler.log_command:Invoked command in '/home/e-yanthra/Documents/ar_ws/build/navi_test' returned '2': CMAKE_PREFIX_PATH=${CMAKE_PREFIX_PATH}:/home/e-yanthra/asc/asc_ws/install/locomotion:/home/e-yanthra/robocon/install/listener:/home/e-yanthra/eyrc_hb/hb_task6_ws/install/hb_task6:/home/e-yanthra/eyrc_hb/hb_task5_ws/install/hb_task5b:/home/e-yanthra/eyrc_hb/hb_task5_ws/install/hb_task4b:/home/e-yanthra/eyrc_hb/hb_task4_ws/install/hb_task4b:/home/e-yanthra/eyrc_hb/hb_task_2_ws/install/hb_task2b:/home/e-yanthra/eyrc_hb/hb_task_2_ws/install/hb_task2a:/home/e-yanthra/eyrc_hb/hb_task1b_ws/install/hb_task_1b:/home/e-yanthra/eyrc_hb/hb_task1a_ws/install/hb_task_1a:/opt/ros/humble /usr/bin/cmake --build /home/e-yanthra/Documents/ar_ws/build/navi_test -- -j8 -l8
[5.061s] DEBUG:colcon.colcon_core.event_handler.log_command:Invoked command in '/home/e-yanthra/Documents/ar_ws/build/ign_ros2_control' returned '0': CMAKE_PREFIX_PATH=${CMAKE_PREFIX_PATH}:/home/e-yanthra/asc/asc_ws/install/locomotion:/home/e-yanthra/robocon/install/listener:/home/e-yanthra/eyrc_hb/hb_task6_ws/install/hb_task6:/home/e-yanthra/eyrc_hb/hb_task5_ws/install/hb_task5b:/home/e-yanthra/eyrc_hb/hb_task5_ws/install/hb_task4b:/home/e-yanthra/eyrc_hb/hb_task4_ws/install/hb_task4b:/home/e-yanthra/eyrc_hb/hb_task_2_ws/install/hb_task2b:/home/e-yanthra/eyrc_hb/hb_task_2_ws/install/hb_task2a:/home/e-yanthra/eyrc_hb/hb_task1b_ws/install/hb_task_1b:/home/e-yanthra/eyrc_hb/hb_task1a_ws/install/hb_task_1a:/opt/ros/humble /usr/bin/cmake --build /home/e-yanthra/Documents/ar_ws/build/ign_ros2_control -- -j8 -l8
[5.181s] Level 1:colcon.colcon_core.environment:create_environment_scripts_only(navi_test)
[5.226s] Level 1:colcon.colcon_core.environment:checking '/home/e-yanthra/Documents/ar_ws/install/navi_test' for CMake module files
[5.228s] Level 1:colcon.colcon_core.environment:checking '/home/e-yanthra/Documents/ar_ws/install/navi_test' for CMake config files
[5.229s] Level 1:colcon.colcon_core.shell:create_environment_hook('navi_test', 'cmake_prefix_path')
[5.265s] INFO:colcon.colcon_core.shell:Creating environment hook '/home/e-yanthra/Documents/ar_ws/install/navi_test/share/navi_test/hook/cmake_prefix_path.ps1'
[5.266s] INFO:colcon.colcon_core.shell:Creating environment descriptor '/home/e-yanthra/Documents/ar_ws/install/navi_test/share/navi_test/hook/cmake_prefix_path.dsv'
[5.267s] INFO:colcon.colcon_core.shell:Creating environment hook '/home/e-yanthra/Documents/ar_ws/install/navi_test/share/navi_test/hook/cmake_prefix_path.sh'
[5.269s] Level 1:colcon.colcon_core.environment:checking '/home/e-yanthra/Documents/ar_ws/install/navi_test/lib'
[5.269s] Level 1:colcon.colcon_core.environment:checking '/home/e-yanthra/Documents/ar_ws/install/navi_test/bin'
[5.269s] Level 1:colcon.colcon_core.environment:checking '/home/e-yanthra/Documents/ar_ws/install/navi_test/lib/pkgconfig/navi_test.pc'
[5.270s] Level 1:colcon.colcon_core.environment:checking '/home/e-yanthra/Documents/ar_ws/install/navi_test/lib/python3.10/site-packages'
[5.270s] Level 1:colcon.colcon_core.environment:checking '/home/e-yanthra/Documents/ar_ws/install/navi_test/bin'
[5.307s] INFO:colcon.colcon_core.shell:Creating package script '/home/e-yanthra/Documents/ar_ws/install/navi_test/share/navi_test/package.ps1'
[5.309s] INFO:colcon.colcon_core.shell:Creating package descriptor '/home/e-yanthra/Documents/ar_ws/install/navi_test/share/navi_test/package.dsv'
[5.311s] INFO:colcon.colcon_core.shell:Creating package script '/home/e-yanthra/Documents/ar_ws/install/navi_test/share/navi_test/package.sh'
[5.312s] INFO:colcon.colcon_core.shell:Creating package script '/home/e-yanthra/Documents/ar_ws/install/navi_test/share/navi_test/package.bash'
[5.314s] INFO:colcon.colcon_core.shell:Creating package script '/home/e-yanthra/Documents/ar_ws/install/navi_test/share/navi_test/package.zsh'
[5.315s] Level 1:colcon.colcon_core.environment:create_file_with_runtime_dependencies(/home/e-yanthra/Documents/ar_ws/install/navi_test/share/colcon-core/packages/navi_test)
[5.327s] DEBUG:colcon.colcon_parallel_executor.executor.parallel:closing loop
[5.327s] DEBUG:colcon.colcon_parallel_executor.executor.parallel:loop closed
[5.328s] DEBUG:colcon.colcon_parallel_executor.executor.parallel:run_until_complete finished with '2'
[5.328s] DEBUG:colcon.colcon_core.event_reactor:joining thread
[5.379s] INFO:colcon.colcon_core.plugin_system:Skipping extension 'colcon_notification.desktop_notification.notify_send': Could not find 'notify-send'
[5.379s] INFO:colcon.colcon_core.plugin_system:Skipping extension 'colcon_notification.desktop_notification.terminal_notifier': Not used on non-Darwin systems
[5.379s] INFO:colcon.colcon_core.plugin_system:Skipping extension 'colcon_notification.desktop_notification.win32': Not used on non-Windows systems
[5.379s] INFO:colcon.colcon_notification.desktop_notification:Sending desktop notification using 'notify2'
[5.394s] DEBUG:colcon.colcon_core.event_reactor:joined thread
[5.431s] INFO:colcon.colcon_core.shell:Creating prefix script '/home/e-yanthra/Documents/ar_ws/install/local_setup.ps1'
[5.433s] INFO:colcon.colcon_core.shell:Creating prefix util module '/home/e-yanthra/Documents/ar_ws/install/_local_setup_util_ps1.py'
[5.435s] INFO:colcon.colcon_core.shell:Creating prefix chain script '/home/e-yanthra/Documents/ar_ws/install/setup.ps1'
[5.479s] INFO:colcon.colcon_core.shell:Creating prefix script '/home/e-yanthra/Documents/ar_ws/install/local_setup.sh'
[5.481s] INFO:colcon.colcon_core.shell:Creating prefix util module '/home/e-yanthra/Documents/ar_ws/install/_local_setup_util_sh.py'
[5.482s] INFO:colcon.colcon_core.shell:Creating prefix chain script '/home/e-yanthra/Documents/ar_ws/install/setup.sh'
[5.523s] INFO:colcon.colcon_core.shell:Creating prefix script '/home/e-yanthra/Documents/ar_ws/install/local_setup.bash'
[5.524s] INFO:colcon.colcon_core.shell:Creating prefix chain script '/home/e-yanthra/Documents/ar_ws/install/setup.bash'
[5.566s] INFO:colcon.colcon_core.shell:Creating prefix script '/home/e-yanthra/Documents/ar_ws/install/local_setup.zsh'
[5.567s] INFO:colcon.colcon_core.shell:Creating prefix chain script '/home/e-yanthra/Documents/ar_ws/install/setup.zsh'
