[1.529s] Invoking command in '/home/e-yanthra/Documents/ar_ws/build/sam_bot_nav2_gz': CMAKE_PREFIX_PATH=/home/e-yanthra/Documents/ar_ws/install/ign_ros2_control:/home/e-yanthra/Documents/ar_ws/install/sam_bot_nav2_gz:/home/e-yanthra/Documents/ar_ws/install/navi_test:/home/e-yanthra/Documents/ar_ws/install/ign_ros2_control_demos:/home/e-yanthra/Documents/ar_ws/install/gz_ros2_control_tests:/home/e-yanthra/asc/asc_ws/install/rplidar_ros:/home/e-yanthra/eyrc_hb/hb_task6_ws/install/my_robot_interfaces:/home/e-yanthra/eyrc_hb/hb_task5_ws/install/my_robot_interfaces:/home/e-yanthra/eyrc_hb/hb_task4_ws/install/my_robot_interfaces:/home/e-yanthra/eyrc_hb/hb_task_2_ws/install/my_robot_interfaces:/home/e-yanthra/eyrc_hb/hb_task_2_ws/install/hb_world:/home/e-yanthra/eyrc_hb/hb_task_2_ws/install/hb_bot:/home/e-yanthra/eyrc_hb/hb_task1b_ws/install/my_robot_interfaces:/home/e-yanthra/eyrc_hb/hb_task1a_ws/install/turtlesim:/home/e-yanthra/asc/asc_ws/install/locomotion:/home/e-yanthra/robocon/install/listener:/home/e-yanthra/eyrc_hb/hb_task6_ws/install/hb_task6:/home/e-yanthra/eyrc_hb/hb_task5_ws/install/hb_task5b:/home/e-yanthra/eyrc_hb/hb_task5_ws/install/hb_task4b:/home/e-yanthra/eyrc_hb/hb_task4_ws/install/hb_task4b:/home/e-yanthra/eyrc_hb/hb_task_2_ws/install/hb_task2b:/home/e-yanthra/eyrc_hb/hb_task_2_ws/install/hb_task2a:/home/e-yanthra/eyrc_hb/hb_task1b_ws/install/hb_task_1b:/home/e-yanthra/eyrc_hb/hb_task1a_ws/install/hb_task_1a:/opt/ros/humble CONDA_PROMPT_MODIFIER=(base) /usr/bin/cmake --build /home/e-yanthra/Documents/ar_ws/build/sam_bot_nav2_gz -- -j8 -l8
[1.782s] Invoked command in '/home/e-yanthra/Documents/ar_ws/build/sam_bot_nav2_gz' returned '0': CMAKE_PREFIX_PATH=/home/e-yanthra/Documents/ar_ws/install/ign_ros2_control:/home/e-yanthra/Documents/ar_ws/install/sam_bot_nav2_gz:/home/e-yanthra/Documents/ar_ws/install/navi_test:/home/e-yanthra/Documents/ar_ws/install/ign_ros2_control_demos:/home/e-yanthra/Documents/ar_ws/install/gz_ros2_control_tests:/home/e-yanthra/asc/asc_ws/install/rplidar_ros:/home/e-yanthra/eyrc_hb/hb_task6_ws/install/my_robot_interfaces:/home/e-yanthra/eyrc_hb/hb_task5_ws/install/my_robot_interfaces:/home/e-yanthra/eyrc_hb/hb_task4_ws/install/my_robot_interfaces:/home/e-yanthra/eyrc_hb/hb_task_2_ws/install/my_robot_interfaces:/home/e-yanthra/eyrc_hb/hb_task_2_ws/install/hb_world:/home/e-yanthra/eyrc_hb/hb_task_2_ws/install/hb_bot:/home/e-yanthra/eyrc_hb/hb_task1b_ws/install/my_robot_interfaces:/home/e-yanthra/eyrc_hb/hb_task1a_ws/install/turtlesim:/home/e-yanthra/asc/asc_ws/install/locomotion:/home/e-yanthra/robocon/install/listener:/home/e-yanthra/eyrc_hb/hb_task6_ws/install/hb_task6:/home/e-yanthra/eyrc_hb/hb_task5_ws/install/hb_task5b:/home/e-yanthra/eyrc_hb/hb_task5_ws/install/hb_task4b:/home/e-yanthra/eyrc_hb/hb_task4_ws/install/hb_task4b:/home/e-yanthra/eyrc_hb/hb_task_2_ws/install/hb_task2b:/home/e-yanthra/eyrc_hb/hb_task_2_ws/install/hb_task2a:/home/e-yanthra/eyrc_hb/hb_task1b_ws/install/hb_task_1b:/home/e-yanthra/eyrc_hb/hb_task1a_ws/install/hb_task_1a:/opt/ros/humble CONDA_PROMPT_MODIFIER=(base) /usr/bin/cmake --build /home/e-yanthra/Documents/ar_ws/build/sam_bot_nav2_gz -- -j8 -l8
[1.945s] Invoking command in '/home/e-yanthra/Documents/ar_ws/build/sam_bot_nav2_gz': CMAKE_PREFIX_PATH=/home/e-yanthra/Documents/ar_ws/install/ign_ros2_control:/home/e-yanthra/Documents/ar_ws/install/sam_bot_nav2_gz:/home/e-yanthra/Documents/ar_ws/install/navi_test:/home/e-yanthra/Documents/ar_ws/install/ign_ros2_control_demos:/home/e-yanthra/Documents/ar_ws/install/gz_ros2_control_tests:/home/e-yanthra/asc/asc_ws/install/rplidar_ros:/home/e-yanthra/eyrc_hb/hb_task6_ws/install/my_robot_interfaces:/home/e-yanthra/eyrc_hb/hb_task5_ws/install/my_robot_interfaces:/home/e-yanthra/eyrc_hb/hb_task4_ws/install/my_robot_interfaces:/home/e-yanthra/eyrc_hb/hb_task_2_ws/install/my_robot_interfaces:/home/e-yanthra/eyrc_hb/hb_task_2_ws/install/hb_world:/home/e-yanthra/eyrc_hb/hb_task_2_ws/install/hb_bot:/home/e-yanthra/eyrc_hb/hb_task1b_ws/install/my_robot_interfaces:/home/e-yanthra/eyrc_hb/hb_task1a_ws/install/turtlesim:/home/e-yanthra/asc/asc_ws/install/locomotion:/home/e-yanthra/robocon/install/listener:/home/e-yanthra/eyrc_hb/hb_task6_ws/install/hb_task6:/home/e-yanthra/eyrc_hb/hb_task5_ws/install/hb_task5b:/home/e-yanthra/eyrc_hb/hb_task5_ws/install/hb_task4b:/home/e-yanthra/eyrc_hb/hb_task4_ws/install/hb_task4b:/home/e-yanthra/eyrc_hb/hb_task_2_ws/install/hb_task2b:/home/e-yanthra/eyrc_hb/hb_task_2_ws/install/hb_task2a:/home/e-yanthra/eyrc_hb/hb_task1b_ws/install/hb_task_1b:/home/e-yanthra/eyrc_hb/hb_task1a_ws/install/hb_task_1a:/opt/ros/humble CONDA_PROMPT_MODIFIER=(base) /usr/bin/cmake --install /home/e-yanthra/Documents/ar_ws/build/sam_bot_nav2_gz
[2.017s] -- Install configuration: ""
[2.017s] -- Up-to-date: /home/e-yanthra/Documents/ar_ws/install/sam_bot_nav2_gz/share/sam_bot_nav2_gz/src
[2.017s] -- Up-to-date: /home/e-yanthra/Documents/ar_ws/install/sam_bot_nav2_gz/share/sam_bot_nav2_gz/src/description
[2.033s] -- Up-to-date: /home/e-yanthra/Documents/ar_ws/install/sam_bot_nav2_gz/share/sam_bot_nav2_gz/src/description/sam_bot_description.urdf
[2.034s] -- Up-to-date: /home/e-yanthra/Documents/ar_ws/install/sam_bot_nav2_gz/share/sam_bot_nav2_gz/scripts
[2.034s] -- Up-to-date: /home/e-yanthra/Documents/ar_ws/install/sam_bot_nav2_gz/share/sam_bot_nav2_gz/scripts/follow_waypoints.py
[2.034s] -- Up-to-date: /home/e-yanthra/Documents/ar_ws/install/sam_bot_nav2_gz/share/sam_bot_nav2_gz/scripts/reach_goal.py
[2.035s] -- Up-to-date: /home/e-yanthra/Documents/ar_ws/install/sam_bot_nav2_gz/share/sam_bot_nav2_gz/scripts/__init__.py
[2.035s] -- Up-to-date: /home/e-yanthra/Documents/ar_ws/install/sam_bot_nav2_gz/share/sam_bot_nav2_gz/launch
[2.038s] -- Up-to-date: /home/e-yanthra/Documents/ar_ws/install/sam_bot_nav2_gz/share/sam_bot_nav2_gz/launch/display.launch.py
[2.039s] -- Up-to-date: /home/e-yanthra/Documents/ar_ws/install/sam_bot_nav2_gz/share/sam_bot_nav2_gz/launch/ar_test.launch.py
[2.039s] -- Up-to-date: /home/e-yanthra/Documents/ar_ws/install/sam_bot_nav2_gz/share/sam_bot_nav2_gz/launch/complete_navigation.launch.py
[2.056s] -- Up-to-date: /home/e-yanthra/Documents/ar_ws/install/sam_bot_nav2_gz/share/sam_bot_nav2_gz/rviz
[2.063s] -- Up-to-date: /home/e-yanthra/Documents/ar_ws/install/sam_bot_nav2_gz/share/sam_bot_nav2_gz/rviz/navigation_config.rviz
[2.064s] -- Up-to-date: /home/e-yanthra/Documents/ar_ws/install/sam_bot_nav2_gz/share/sam_bot_nav2_gz/rviz/urdf_config.rviz
[2.064s] -- Up-to-date: /home/e-yanthra/Documents/ar_ws/install/sam_bot_nav2_gz/share/sam_bot_nav2_gz/config
[2.064s] -- Up-to-date: /home/e-yanthra/Documents/ar_ws/install/sam_bot_nav2_gz/share/sam_bot_nav2_gz/config/nav2_params.yaml
[2.064s] -- Up-to-date: /home/e-yanthra/Documents/ar_ws/install/sam_bot_nav2_gz/share/sam_bot_nav2_gz/config/diff_drive_controller_velocity.yaml
[2.064s] -- Up-to-date: /home/e-yanthra/Documents/ar_ws/install/sam_bot_nav2_gz/share/sam_bot_nav2_gz/config/ekf.yaml
[2.064s] -- Up-to-date: /home/e-yanthra/Documents/ar_ws/install/sam_bot_nav2_gz/share/sam_bot_nav2_gz/world
[2.065s] -- Up-to-date: /home/e-yanthra/Documents/ar_ws/install/sam_bot_nav2_gz/share/sam_bot_nav2_gz/world/empty.sdf
[2.065s] -- Up-to-date: /home/e-yanthra/Documents/ar_ws/install/sam_bot_nav2_gz/share/sam_bot_nav2_gz/models
[2.065s] -- Up-to-date: /home/e-yanthra/Documents/ar_ws/install/sam_bot_nav2_gz/share/sam_bot_nav2_gz/models/Grey Wall Small
[2.065s] -- Up-to-date: /home/e-yanthra/Documents/ar_ws/install/sam_bot_nav2_gz/share/sam_bot_nav2_gz/models/Grey Wall Small/model.sdf
[2.065s] -- Up-to-date: /home/e-yanthra/Documents/ar_ws/install/sam_bot_nav2_gz/share/sam_bot_nav2_gz/models/Grey Wall Small/model-1_3.sdf
[2.065s] -- Up-to-date: /home/e-yanthra/Documents/ar_ws/install/sam_bot_nav2_gz/share/sam_bot_nav2_gz/models/Grey Wall Small/model-1_4.sdf
[2.066s] -- Up-to-date: /home/e-yanthra/Documents/ar_ws/install/sam_bot_nav2_gz/share/sam_bot_nav2_gz/models/Grey Wall Small/materials
[2.066s] -- Up-to-date: /home/e-yanthra/Documents/ar_ws/install/sam_bot_nav2_gz/share/sam_bot_nav2_gz/models/Grey Wall Small/materials/scripts
[2.066s] -- Up-to-date: /home/e-yanthra/Documents/ar_ws/install/sam_bot_nav2_gz/share/sam_bot_nav2_gz/models/Grey Wall Small/materials/scripts/grey_wall.material
[2.066s] -- Up-to-date: /home/e-yanthra/Documents/ar_ws/install/sam_bot_nav2_gz/share/sam_bot_nav2_gz/models/Grey Wall Small/materials/textures
[2.066s] -- Up-to-date: /home/e-yanthra/Documents/ar_ws/install/sam_bot_nav2_gz/share/sam_bot_nav2_gz/models/Grey Wall Small/materials/textures/grey_wall.png
[2.067s] -- Up-to-date: /home/e-yanthra/Documents/ar_ws/install/sam_bot_nav2_gz/share/sam_bot_nav2_gz/models/Grey Wall Small/model.config
[2.067s] -- Up-to-date: /home/e-yanthra/Documents/ar_ws/install/sam_bot_nav2_gz/share/sam_bot_nav2_gz/models/Grey Wall Small/thumbnails
[2.067s] -- Up-to-date: /home/e-yanthra/Documents/ar_ws/install/sam_bot_nav2_gz/share/sam_bot_nav2_gz/models/Grey Wall Small/thumbnails/2.png
[2.067s] -- Up-to-date: /home/e-yanthra/Documents/ar_ws/install/sam_bot_nav2_gz/share/sam_bot_nav2_gz/models/Grey Wall Small/thumbnails/5.png
[2.067s] -- Up-to-date: /home/e-yanthra/Documents/ar_ws/install/sam_bot_nav2_gz/share/sam_bot_nav2_gz/models/Grey Wall Small/thumbnails/1.png
[2.067s] -- Up-to-date: /home/e-yanthra/Documents/ar_ws/install/sam_bot_nav2_gz/share/sam_bot_nav2_gz/models/Grey Wall Small/thumbnails/4.png
[2.070s] -- Up-to-date: /home/e-yanthra/Documents/ar_ws/install/sam_bot_nav2_gz/share/sam_bot_nav2_gz/models/Grey Wall Small/thumbnails/3.png
[2.070s] -- Up-to-date: /home/e-yanthra/Documents/ar_ws/install/sam_bot_nav2_gz/share/sam_bot_nav2_gz/models/obstacle box
[2.076s] -- Up-to-date: /home/e-yanthra/Documents/ar_ws/install/sam_bot_nav2_gz/share/sam_bot_nav2_gz/models/obstacle box/model.sdf
[2.076s] -- Up-to-date: /home/e-yanthra/Documents/ar_ws/install/sam_bot_nav2_gz/share/sam_bot_nav2_gz/models/obstacle box/model-1_3.sdf
[2.077s] -- Up-to-date: /home/e-yanthra/Documents/ar_ws/install/sam_bot_nav2_gz/share/sam_bot_nav2_gz/models/obstacle box/model-1_4.sdf
[2.077s] -- Up-to-date: /home/e-yanthra/Documents/ar_ws/install/sam_bot_nav2_gz/share/sam_bot_nav2_gz/models/obstacle box/materials
[2.077s] -- Up-to-date: /home/e-yanthra/Documents/ar_ws/install/sam_bot_nav2_gz/share/sam_bot_nav2_gz/models/obstacle box/materials/scripts
[2.077s] -- Up-to-date: /home/e-yanthra/Documents/ar_ws/install/sam_bot_nav2_gz/share/sam_bot_nav2_gz/models/obstacle box/materials/scripts/grey_wall.material
[2.077s] -- Up-to-date: /home/e-yanthra/Documents/ar_ws/install/sam_bot_nav2_gz/share/sam_bot_nav2_gz/models/obstacle box/materials/textures
[2.078s] -- Up-to-date: /home/e-yanthra/Documents/ar_ws/install/sam_bot_nav2_gz/share/sam_bot_nav2_gz/models/obstacle box/materials/textures/grey_wall.png
[2.078s] -- Up-to-date: /home/e-yanthra/Documents/ar_ws/install/sam_bot_nav2_gz/share/sam_bot_nav2_gz/models/obstacle box/model.config
[2.078s] -- Up-to-date: /home/e-yanthra/Documents/ar_ws/install/sam_bot_nav2_gz/share/sam_bot_nav2_gz/models/obstacle box/thumbnails
[2.078s] -- Up-to-date: /home/e-yanthra/Documents/ar_ws/install/sam_bot_nav2_gz/share/sam_bot_nav2_gz/models/obstacle box/thumbnails/2.png
[2.078s] -- Up-to-date: /home/e-yanthra/Documents/ar_ws/install/sam_bot_nav2_gz/share/sam_bot_nav2_gz/models/obstacle box/thumbnails/5.png
[2.078s] -- Up-to-date: /home/e-yanthra/Documents/ar_ws/install/sam_bot_nav2_gz/share/sam_bot_nav2_gz/models/obstacle box/thumbnails/1.png
[2.079s] -- Up-to-date: /home/e-yanthra/Documents/ar_ws/install/sam_bot_nav2_gz/share/sam_bot_nav2_gz/models/obstacle box/thumbnails/4.png
[2.079s] -- Up-to-date: /home/e-yanthra/Documents/ar_ws/install/sam_bot_nav2_gz/share/sam_bot_nav2_gz/models/obstacle box/thumbnails/3.png
[2.082s] -- Up-to-date: /home/e-yanthra/Documents/ar_ws/install/sam_bot_nav2_gz/share/sam_bot_nav2_gz/models/Grey Wall
[2.083s] -- Up-to-date: /home/e-yanthra/Documents/ar_ws/install/sam_bot_nav2_gz/share/sam_bot_nav2_gz/models/Grey Wall/model.sdf
[2.083s] -- Up-to-date: /home/e-yanthra/Documents/ar_ws/install/sam_bot_nav2_gz/share/sam_bot_nav2_gz/models/Grey Wall/model-1_3.sdf
[2.083s] -- Up-to-date: /home/e-yanthra/Documents/ar_ws/install/sam_bot_nav2_gz/share/sam_bot_nav2_gz/models/Grey Wall/model-1_4.sdf
[2.083s] -- Up-to-date: /home/e-yanthra/Documents/ar_ws/install/sam_bot_nav2_gz/share/sam_bot_nav2_gz/models/Grey Wall/materials
[2.084s] -- Up-to-date: /home/e-yanthra/Documents/ar_ws/install/sam_bot_nav2_gz/share/sam_bot_nav2_gz/models/Grey Wall/materials/scripts
[2.089s] -- Up-to-date: /home/e-yanthra/Documents/ar_ws/install/sam_bot_nav2_gz/share/sam_bot_nav2_gz/models/Grey Wall/materials/scripts/grey_wall.material
[2.090s] -- Up-to-date: /home/e-yanthra/Documents/ar_ws/install/sam_bot_nav2_gz/share/sam_bot_nav2_gz/models/Grey Wall/materials/textures
[2.090s] -- Up-to-date: /home/e-yanthra/Documents/ar_ws/install/sam_bot_nav2_gz/share/sam_bot_nav2_gz/models/Grey Wall/materials/textures/grey_wall.png
[2.090s] -- Up-to-date: /home/e-yanthra/Documents/ar_ws/install/sam_bot_nav2_gz/share/sam_bot_nav2_gz/models/Grey Wall/model.config
[2.090s] -- Up-to-date: /home/e-yanthra/Documents/ar_ws/install/sam_bot_nav2_gz/share/sam_bot_nav2_gz/models/Grey Wall/thumbnails
[2.091s] -- Up-to-date: /home/e-yanthra/Documents/ar_ws/install/sam_bot_nav2_gz/share/sam_bot_nav2_gz/models/Grey Wall/thumbnails/2.png
[2.091s] -- Up-to-date: /home/e-yanthra/Documents/ar_ws/install/sam_bot_nav2_gz/share/sam_bot_nav2_gz/models/Grey Wall/thumbnails/5.png
[2.091s] -- Up-to-date: /home/e-yanthra/Documents/ar_ws/install/sam_bot_nav2_gz/share/sam_bot_nav2_gz/models/Grey Wall/thumbnails/1.png
[2.091s] -- Up-to-date: /home/e-yanthra/Documents/ar_ws/install/sam_bot_nav2_gz/share/sam_bot_nav2_gz/models/Grey Wall/thumbnails/4.png
[2.091s] -- Up-to-date: /home/e-yanthra/Documents/ar_ws/install/sam_bot_nav2_gz/share/sam_bot_nav2_gz/models/Grey Wall/thumbnails/3.png
[2.091s] -- Up-to-date: /home/e-yanthra/Documents/ar_ws/install/sam_bot_nav2_gz/share/sam_bot_nav2_gz/models/TurtlebotArena
[2.098s] -- Up-to-date: /home/e-yanthra/Documents/ar_ws/install/sam_bot_nav2_gz/share/sam_bot_nav2_gz/models/TurtlebotArena/model.sdf
[2.100s] -- Up-to-date: /home/e-yanthra/Documents/ar_ws/install/sam_bot_nav2_gz/share/sam_bot_nav2_gz/models/TurtlebotArena/meshes
[2.100s] -- Up-to-date: /home/e-yanthra/Documents/ar_ws/install/sam_bot_nav2_gz/share/sam_bot_nav2_gz/models/TurtlebotArena/meshes/hexagon.dae
[2.101s] -- Up-to-date: /home/e-yanthra/Documents/ar_ws/install/sam_bot_nav2_gz/share/sam_bot_nav2_gz/models/TurtlebotArena/meshes/wall.dae
[2.101s] -- Up-to-date: /home/e-yanthra/Documents/ar_ws/install/sam_bot_nav2_gz/share/sam_bot_nav2_gz/models/TurtlebotArena/model.config
[2.107s] -- Up-to-date: /home/e-yanthra/Documents/ar_ws/install/sam_bot_nav2_gz/lib/sam_bot_nav2_gz/reach_goal.py
[2.108s] -- Up-to-date: /home/e-yanthra/Documents/ar_ws/install/sam_bot_nav2_gz/lib/sam_bot_nav2_gz/follow_waypoints.py
[2.108s] -- Up-to-date: /home/e-yanthra/Documents/ar_ws/install/sam_bot_nav2_gz/share/ament_index/resource_index/package_run_dependencies/sam_bot_nav2_gz
[2.108s] -- Up-to-date: /home/e-yanthra/Documents/ar_ws/install/sam_bot_nav2_gz/share/ament_index/resource_index/parent_prefix_path/sam_bot_nav2_gz
[2.108s] -- Up-to-date: /home/e-yanthra/Documents/ar_ws/install/sam_bot_nav2_gz/share/sam_bot_nav2_gz/environment/ament_prefix_path.sh
[2.109s] -- Up-to-date: /home/e-yanthra/Documents/ar_ws/install/sam_bot_nav2_gz/share/sam_bot_nav2_gz/environment/ament_prefix_path.dsv
[2.109s] -- Up-to-date: /home/e-yanthra/Documents/ar_ws/install/sam_bot_nav2_gz/share/sam_bot_nav2_gz/environment/path.sh
[2.109s] -- Up-to-date: /home/e-yanthra/Documents/ar_ws/install/sam_bot_nav2_gz/share/sam_bot_nav2_gz/environment/path.dsv
[2.109s] -- Up-to-date: /home/e-yanthra/Documents/ar_ws/install/sam_bot_nav2_gz/share/sam_bot_nav2_gz/local_setup.bash
[2.109s] -- Up-to-date: /home/e-yanthra/Documents/ar_ws/install/sam_bot_nav2_gz/share/sam_bot_nav2_gz/local_setup.sh
[2.110s] -- Up-to-date: /home/e-yanthra/Documents/ar_ws/install/sam_bot_nav2_gz/share/sam_bot_nav2_gz/local_setup.zsh
[2.110s] -- Up-to-date: /home/e-yanthra/Documents/ar_ws/install/sam_bot_nav2_gz/share/sam_bot_nav2_gz/local_setup.dsv
[2.110s] -- Installing: /home/e-yanthra/Documents/ar_ws/install/sam_bot_nav2_gz/share/sam_bot_nav2_gz/package.dsv
[2.110s] -- Up-to-date: /home/e-yanthra/Documents/ar_ws/install/sam_bot_nav2_gz/share/ament_index/resource_index/packages/sam_bot_nav2_gz
[2.110s] -- Up-to-date: /home/e-yanthra/Documents/ar_ws/install/sam_bot_nav2_gz/share/sam_bot_nav2_gz/cmake/sam_bot_nav2_gzConfig.cmake
[2.110s] -- Up-to-date: /home/e-yanthra/Documents/ar_ws/install/sam_bot_nav2_gz/share/sam_bot_nav2_gz/cmake/sam_bot_nav2_gzConfig-version.cmake
[2.111s] -- Up-to-date: /home/e-yanthra/Documents/ar_ws/install/sam_bot_nav2_gz/share/sam_bot_nav2_gz/package.xml
[2.111s] Invoked command in '/home/e-yanthra/Documents/ar_ws/build/sam_bot_nav2_gz' returned '0': CMAKE_PREFIX_PATH=/home/e-yanthra/Documents/ar_ws/install/ign_ros2_control:/home/e-yanthra/Documents/ar_ws/install/sam_bot_nav2_gz:/home/e-yanthra/Documents/ar_ws/install/navi_test:/home/e-yanthra/Documents/ar_ws/install/ign_ros2_control_demos:/home/e-yanthra/Documents/ar_ws/install/gz_ros2_control_tests:/home/e-yanthra/asc/asc_ws/install/rplidar_ros:/home/e-yanthra/eyrc_hb/hb_task6_ws/install/my_robot_interfaces:/home/e-yanthra/eyrc_hb/hb_task5_ws/install/my_robot_interfaces:/home/e-yanthra/eyrc_hb/hb_task4_ws/install/my_robot_interfaces:/home/e-yanthra/eyrc_hb/hb_task_2_ws/install/my_robot_interfaces:/home/e-yanthra/eyrc_hb/hb_task_2_ws/install/hb_world:/home/e-yanthra/eyrc_hb/hb_task_2_ws/install/hb_bot:/home/e-yanthra/eyrc_hb/hb_task1b_ws/install/my_robot_interfaces:/home/e-yanthra/eyrc_hb/hb_task1a_ws/install/turtlesim:/home/e-yanthra/asc/asc_ws/install/locomotion:/home/e-yanthra/robocon/install/listener:/home/e-yanthra/eyrc_hb/hb_task6_ws/install/hb_task6:/home/e-yanthra/eyrc_hb/hb_task5_ws/install/hb_task5b:/home/e-yanthra/eyrc_hb/hb_task5_ws/install/hb_task4b:/home/e-yanthra/eyrc_hb/hb_task4_ws/install/hb_task4b:/home/e-yanthra/eyrc_hb/hb_task_2_ws/install/hb_task2b:/home/e-yanthra/eyrc_hb/hb_task_2_ws/install/hb_task2a:/home/e-yanthra/eyrc_hb/hb_task1b_ws/install/hb_task_1b:/home/e-yanthra/eyrc_hb/hb_task1a_ws/install/hb_task_1a:/opt/ros/humble CONDA_PROMPT_MODIFIER=(base) /usr/bin/cmake --install /home/e-yanthra/Documents/ar_ws/build/sam_bot_nav2_gz
