[0.969s] Invoking command in '/home/e-yanthra/Documents/ar_ws/build/sam_bot_nav2_gz': CMAKE_PREFIX_PATH=/home/e-yanthra/Documents/ar_ws/install/ign_ros2_control:/home/e-yanthra/Documents/ar_ws/install/sam_bot_nav2_gz:/home/e-yanthra/Documents/ar_ws/install/navi_test:/home/e-yanthra/Documents/ar_ws/install/ign_ros2_control_demos:/home/e-yanthra/Documents/ar_ws/install/gz_ros2_control_tests:/home/e-yanthra/asc/asc_ws/install/rplidar_ros:/home/e-yanthra/eyrc_hb/hb_task6_ws/install/my_robot_interfaces:/home/e-yanthra/eyrc_hb/hb_task5_ws/install/my_robot_interfaces:/home/e-yanthra/eyrc_hb/hb_task4_ws/install/my_robot_interfaces:/home/e-yanthra/eyrc_hb/hb_task_2_ws/install/my_robot_interfaces:/home/e-yanthra/eyrc_hb/hb_task_2_ws/install/hb_world:/home/e-yanthra/eyrc_hb/hb_task_2_ws/install/hb_bot:/home/e-yanthra/eyrc_hb/hb_task1b_ws/install/my_robot_interfaces:/home/e-yanthra/eyrc_hb/hb_task1a_ws/install/turtlesim:/home/e-yanthra/asc/asc_ws/install/locomotion:/home/e-yanthra/robocon/install/listener:/home/e-yanthra/eyrc_hb/hb_task6_ws/install/hb_task6:/home/e-yanthra/eyrc_hb/hb_task5_ws/install/hb_task5b:/home/e-yanthra/eyrc_hb/hb_task5_ws/install/hb_task4b:/home/e-yanthra/eyrc_hb/hb_task4_ws/install/hb_task4b:/home/e-yanthra/eyrc_hb/hb_task_2_ws/install/hb_task2b:/home/e-yanthra/eyrc_hb/hb_task_2_ws/install/hb_task2a:/home/e-yanthra/eyrc_hb/hb_task1b_ws/install/hb_task_1b:/home/e-yanthra/eyrc_hb/hb_task1a_ws/install/hb_task_1a:/opt/ros/humble CONDA_PROMPT_MODIFIER=(base) /usr/bin/cmake --build /home/e-yanthra/Documents/ar_ws/build/sam_bot_nav2_gz -- -j8 -l8
[1.145s] Invoked command in '/home/e-yanthra/Documents/ar_ws/build/sam_bot_nav2_gz' returned '0': CMAKE_PREFIX_PATH=/home/e-yanthra/Documents/ar_ws/install/ign_ros2_control:/home/e-yanthra/Documents/ar_ws/install/sam_bot_nav2_gz:/home/e-yanthra/Documents/ar_ws/install/navi_test:/home/e-yanthra/Documents/ar_ws/install/ign_ros2_control_demos:/home/e-yanthra/Documents/ar_ws/install/gz_ros2_control_tests:/home/e-yanthra/asc/asc_ws/install/rplidar_ros:/home/e-yanthra/eyrc_hb/hb_task6_ws/install/my_robot_interfaces:/home/e-yanthra/eyrc_hb/hb_task5_ws/install/my_robot_interfaces:/home/e-yanthra/eyrc_hb/hb_task4_ws/install/my_robot_interfaces:/home/e-yanthra/eyrc_hb/hb_task_2_ws/install/my_robot_interfaces:/home/e-yanthra/eyrc_hb/hb_task_2_ws/install/hb_world:/home/e-yanthra/eyrc_hb/hb_task_2_ws/install/hb_bot:/home/e-yanthra/eyrc_hb/hb_task1b_ws/install/my_robot_interfaces:/home/e-yanthra/eyrc_hb/hb_task1a_ws/install/turtlesim:/home/e-yanthra/asc/asc_ws/install/locomotion:/home/e-yanthra/robocon/install/listener:/home/e-yanthra/eyrc_hb/hb_task6_ws/install/hb_task6:/home/e-yanthra/eyrc_hb/hb_task5_ws/install/hb_task5b:/home/e-yanthra/eyrc_hb/hb_task5_ws/install/hb_task4b:/home/e-yanthra/eyrc_hb/hb_task4_ws/install/hb_task4b:/home/e-yanthra/eyrc_hb/hb_task_2_ws/install/hb_task2b:/home/e-yanthra/eyrc_hb/hb_task_2_ws/install/hb_task2a:/home/e-yanthra/eyrc_hb/hb_task1b_ws/install/hb_task_1b:/home/e-yanthra/eyrc_hb/hb_task1a_ws/install/hb_task_1a:/opt/ros/humble CONDA_PROMPT_MODIFIER=(base) /usr/bin/cmake --build /home/e-yanthra/Documents/ar_ws/build/sam_bot_nav2_gz -- -j8 -l8
[1.309s] Invoking command in '/home/e-yanthra/Documents/ar_ws/build/sam_bot_nav2_gz': CMAKE_PREFIX_PATH=/home/e-yanthra/Documents/ar_ws/install/ign_ros2_control:/home/e-yanthra/Documents/ar_ws/install/sam_bot_nav2_gz:/home/e-yanthra/Documents/ar_ws/install/navi_test:/home/e-yanthra/Documents/ar_ws/install/ign_ros2_control_demos:/home/e-yanthra/Documents/ar_ws/install/gz_ros2_control_tests:/home/e-yanthra/asc/asc_ws/install/rplidar_ros:/home/e-yanthra/eyrc_hb/hb_task6_ws/install/my_robot_interfaces:/home/e-yanthra/eyrc_hb/hb_task5_ws/install/my_robot_interfaces:/home/e-yanthra/eyrc_hb/hb_task4_ws/install/my_robot_interfaces:/home/e-yanthra/eyrc_hb/hb_task_2_ws/install/my_robot_interfaces:/home/e-yanthra/eyrc_hb/hb_task_2_ws/install/hb_world:/home/e-yanthra/eyrc_hb/hb_task_2_ws/install/hb_bot:/home/e-yanthra/eyrc_hb/hb_task1b_ws/install/my_robot_interfaces:/home/e-yanthra/eyrc_hb/hb_task1a_ws/install/turtlesim:/home/e-yanthra/asc/asc_ws/install/locomotion:/home/e-yanthra/robocon/install/listener:/home/e-yanthra/eyrc_hb/hb_task6_ws/install/hb_task6:/home/e-yanthra/eyrc_hb/hb_task5_ws/install/hb_task5b:/home/e-yanthra/eyrc_hb/hb_task5_ws/install/hb_task4b:/home/e-yanthra/eyrc_hb/hb_task4_ws/install/hb_task4b:/home/e-yanthra/eyrc_hb/hb_task_2_ws/install/hb_task2b:/home/e-yanthra/eyrc_hb/hb_task_2_ws/install/hb_task2a:/home/e-yanthra/eyrc_hb/hb_task1b_ws/install/hb_task_1b:/home/e-yanthra/eyrc_hb/hb_task1a_ws/install/hb_task_1a:/opt/ros/humble CONDA_PROMPT_MODIFIER=(base) /usr/bin/cmake --install /home/e-yanthra/Documents/ar_ws/build/sam_bot_nav2_gz
[1.331s] -- Install configuration: ""
[1.331s] -- Up-to-date: /home/e-yanthra/Documents/ar_ws/install/sam_bot_nav2_gz/share/sam_bot_nav2_gz/src
[1.337s] -- Up-to-date: /home/e-yanthra/Documents/ar_ws/install/sam_bot_nav2_gz/share/sam_bot_nav2_gz/src/description
[1.337s] -- Up-to-date: /home/e-yanthra/Documents/ar_ws/install/sam_bot_nav2_gz/share/sam_bot_nav2_gz/src/description/sam_bot_description.urdf
[1.338s] -- Up-to-date: /home/e-yanthra/Documents/ar_ws/install/sam_bot_nav2_gz/share/sam_bot_nav2_gz/scripts
[1.342s] -- Up-to-date: /home/e-yanthra/Documents/ar_ws/install/sam_bot_nav2_gz/share/sam_bot_nav2_gz/scripts/follow_waypoints.py
[1.367s] -- Up-to-date: /home/e-yanthra/Documents/ar_ws/install/sam_bot_nav2_gz/share/sam_bot_nav2_gz/scripts/reach_goal.py
[1.368s] -- Up-to-date: /home/e-yanthra/Documents/ar_ws/install/sam_bot_nav2_gz/share/sam_bot_nav2_gz/scripts/__init__.py
[1.368s] -- Up-to-date: /home/e-yanthra/Documents/ar_ws/install/sam_bot_nav2_gz/share/sam_bot_nav2_gz/launch
[1.368s] -- Up-to-date: /home/e-yanthra/Documents/ar_ws/install/sam_bot_nav2_gz/share/sam_bot_nav2_gz/launch/display.launch.py
[1.368s] -- Up-to-date: /home/e-yanthra/Documents/ar_ws/install/sam_bot_nav2_gz/share/sam_bot_nav2_gz/launch/ar_test.launch.py
[1.368s] -- Up-to-date: /home/e-yanthra/Documents/ar_ws/install/sam_bot_nav2_gz/share/sam_bot_nav2_gz/launch/complete_navigation.launch.py
[1.369s] -- Up-to-date: /home/e-yanthra/Documents/ar_ws/install/sam_bot_nav2_gz/share/sam_bot_nav2_gz/rviz
[1.369s] -- Up-to-date: /home/e-yanthra/Documents/ar_ws/install/sam_bot_nav2_gz/share/sam_bot_nav2_gz/rviz/navigation_config.rviz
[1.369s] -- Up-to-date: /home/e-yanthra/Documents/ar_ws/install/sam_bot_nav2_gz/share/sam_bot_nav2_gz/rviz/urdf_config.rviz
[1.369s] -- Up-to-date: /home/e-yanthra/Documents/ar_ws/install/sam_bot_nav2_gz/share/sam_bot_nav2_gz/config
[1.370s] -- Up-to-date: /home/e-yanthra/Documents/ar_ws/install/sam_bot_nav2_gz/share/sam_bot_nav2_gz/config/nav2_params.yaml
[1.370s] -- Up-to-date: /home/e-yanthra/Documents/ar_ws/install/sam_bot_nav2_gz/share/sam_bot_nav2_gz/config/diff_drive_controller_velocity.yaml
[1.370s] -- Up-to-date: /home/e-yanthra/Documents/ar_ws/install/sam_bot_nav2_gz/share/sam_bot_nav2_gz/config/ekf.yaml
[1.371s] -- Up-to-date: /home/e-yanthra/Documents/ar_ws/install/sam_bot_nav2_gz/share/sam_bot_nav2_gz/world
[1.372s] -- Up-to-date: /home/e-yanthra/Documents/ar_ws/install/sam_bot_nav2_gz/share/sam_bot_nav2_gz/world/empty.sdf
[1.373s] -- Up-to-date: /home/e-yanthra/Documents/ar_ws/install/sam_bot_nav2_gz/share/sam_bot_nav2_gz/models
[1.373s] -- Up-to-date: /home/e-yanthra/Documents/ar_ws/install/sam_bot_nav2_gz/share/sam_bot_nav2_gz/models/Grey Wall Small
[1.373s] -- Up-to-date: /home/e-yanthra/Documents/ar_ws/install/sam_bot_nav2_gz/share/sam_bot_nav2_gz/models/Grey Wall Small/model.sdf
[1.374s] -- Up-to-date: /home/e-yanthra/Documents/ar_ws/install/sam_bot_nav2_gz/share/sam_bot_nav2_gz/models/Grey Wall Small/model-1_3.sdf
[1.380s] -- Up-to-date: /home/e-yanthra/Documents/ar_ws/install/sam_bot_nav2_gz/share/sam_bot_nav2_gz/models/Grey Wall Small/model-1_4.sdf
[1.381s] -- Up-to-date: /home/e-yanthra/Documents/ar_ws/install/sam_bot_nav2_gz/share/sam_bot_nav2_gz/models/Grey Wall Small/materials
[1.381s] -- Up-to-date: /home/e-yanthra/Documents/ar_ws/install/sam_bot_nav2_gz/share/sam_bot_nav2_gz/models/Grey Wall Small/materials/scripts
[1.381s] -- Up-to-date: /home/e-yanthra/Documents/ar_ws/install/sam_bot_nav2_gz/share/sam_bot_nav2_gz/models/Grey Wall Small/materials/scripts/grey_wall.material
[1.382s] -- Up-to-date: /home/e-yanthra/Documents/ar_ws/install/sam_bot_nav2_gz/share/sam_bot_nav2_gz/models/Grey Wall Small/materials/textures
[1.382s] -- Up-to-date: /home/e-yanthra/Documents/ar_ws/install/sam_bot_nav2_gz/share/sam_bot_nav2_gz/models/Grey Wall Small/materials/textures/grey_wall.png
[1.382s] -- Up-to-date: /home/e-yanthra/Documents/ar_ws/install/sam_bot_nav2_gz/share/sam_bot_nav2_gz/models/Grey Wall Small/model.config
[1.382s] -- Up-to-date: /home/e-yanthra/Documents/ar_ws/install/sam_bot_nav2_gz/share/sam_bot_nav2_gz/models/Grey Wall Small/thumbnails
[1.382s] -- Up-to-date: /home/e-yanthra/Documents/ar_ws/install/sam_bot_nav2_gz/share/sam_bot_nav2_gz/models/Grey Wall Small/thumbnails/2.png
[1.383s] -- Up-to-date: /home/e-yanthra/Documents/ar_ws/install/sam_bot_nav2_gz/share/sam_bot_nav2_gz/models/Grey Wall Small/thumbnails/5.png
[1.383s] -- Up-to-date: /home/e-yanthra/Documents/ar_ws/install/sam_bot_nav2_gz/share/sam_bot_nav2_gz/models/Grey Wall Small/thumbnails/1.png
[1.392s] -- Up-to-date: /home/e-yanthra/Documents/ar_ws/install/sam_bot_nav2_gz/share/sam_bot_nav2_gz/models/Grey Wall Small/thumbnails/4.png
[1.393s] -- Up-to-date: /home/e-yanthra/Documents/ar_ws/install/sam_bot_nav2_gz/share/sam_bot_nav2_gz/models/Grey Wall Small/thumbnails/3.png
[1.393s] -- Up-to-date: /home/e-yanthra/Documents/ar_ws/install/sam_bot_nav2_gz/share/sam_bot_nav2_gz/models/obstacle box
[1.393s] -- Up-to-date: /home/e-yanthra/Documents/ar_ws/install/sam_bot_nav2_gz/share/sam_bot_nav2_gz/models/obstacle box/model.sdf
[1.393s] -- Up-to-date: /home/e-yanthra/Documents/ar_ws/install/sam_bot_nav2_gz/share/sam_bot_nav2_gz/models/obstacle box/model-1_3.sdf
[1.394s] -- Up-to-date: /home/e-yanthra/Documents/ar_ws/install/sam_bot_nav2_gz/share/sam_bot_nav2_gz/models/obstacle box/model-1_4.sdf
[1.394s] -- Up-to-date: /home/e-yanthra/Documents/ar_ws/install/sam_bot_nav2_gz/share/sam_bot_nav2_gz/models/obstacle box/materials
[1.394s] -- Up-to-date: /home/e-yanthra/Documents/ar_ws/install/sam_bot_nav2_gz/share/sam_bot_nav2_gz/models/obstacle box/materials/scripts
[1.394s] -- Up-to-date: /home/e-yanthra/Documents/ar_ws/install/sam_bot_nav2_gz/share/sam_bot_nav2_gz/models/obstacle box/materials/scripts/grey_wall.material
[1.394s] -- Up-to-date: /home/e-yanthra/Documents/ar_ws/install/sam_bot_nav2_gz/share/sam_bot_nav2_gz/models/obstacle box/materials/textures
[1.395s] -- Up-to-date: /home/e-yanthra/Documents/ar_ws/install/sam_bot_nav2_gz/share/sam_bot_nav2_gz/models/obstacle box/materials/textures/grey_wall.png
[1.395s] -- Up-to-date: /home/e-yanthra/Documents/ar_ws/install/sam_bot_nav2_gz/share/sam_bot_nav2_gz/models/obstacle box/model.config
[1.395s] -- Up-to-date: /home/e-yanthra/Documents/ar_ws/install/sam_bot_nav2_gz/share/sam_bot_nav2_gz/models/obstacle box/thumbnails
[1.413s] -- Up-to-date: /home/e-yanthra/Documents/ar_ws/install/sam_bot_nav2_gz/share/sam_bot_nav2_gz/models/obstacle box/thumbnails/2.png
[1.413s] -- Up-to-date: /home/e-yanthra/Documents/ar_ws/install/sam_bot_nav2_gz/share/sam_bot_nav2_gz/models/obstacle box/thumbnails/5.png
[1.414s] -- Up-to-date: /home/e-yanthra/Documents/ar_ws/install/sam_bot_nav2_gz/share/sam_bot_nav2_gz/models/obstacle box/thumbnails/1.png
[1.414s] -- Up-to-date: /home/e-yanthra/Documents/ar_ws/install/sam_bot_nav2_gz/share/sam_bot_nav2_gz/models/obstacle box/thumbnails/4.png
[1.414s] -- Up-to-date: /home/e-yanthra/Documents/ar_ws/install/sam_bot_nav2_gz/share/sam_bot_nav2_gz/models/obstacle box/thumbnails/3.png
[1.414s] -- Up-to-date: /home/e-yanthra/Documents/ar_ws/install/sam_bot_nav2_gz/share/sam_bot_nav2_gz/models/Grey Wall
[1.414s] -- Up-to-date: /home/e-yanthra/Documents/ar_ws/install/sam_bot_nav2_gz/share/sam_bot_nav2_gz/models/Grey Wall/model.sdf
[1.415s] -- Up-to-date: /home/e-yanthra/Documents/ar_ws/install/sam_bot_nav2_gz/share/sam_bot_nav2_gz/models/Grey Wall/model-1_3.sdf
[1.415s] -- Up-to-date: /home/e-yanthra/Documents/ar_ws/install/sam_bot_nav2_gz/share/sam_bot_nav2_gz/models/Grey Wall/model-1_4.sdf
[1.415s] -- Up-to-date: /home/e-yanthra/Documents/ar_ws/install/sam_bot_nav2_gz/share/sam_bot_nav2_gz/models/Grey Wall/materials
[1.416s] -- Up-to-date: /home/e-yanthra/Documents/ar_ws/install/sam_bot_nav2_gz/share/sam_bot_nav2_gz/models/Grey Wall/materials/scripts
[1.416s] -- Up-to-date: /home/e-yanthra/Documents/ar_ws/install/sam_bot_nav2_gz/share/sam_bot_nav2_gz/models/Grey Wall/materials/scripts/grey_wall.material
[1.416s] -- Up-to-date: /home/e-yanthra/Documents/ar_ws/install/sam_bot_nav2_gz/share/sam_bot_nav2_gz/models/Grey Wall/materials/textures
[1.416s] -- Up-to-date: /home/e-yanthra/Documents/ar_ws/install/sam_bot_nav2_gz/share/sam_bot_nav2_gz/models/Grey Wall/materials/textures/grey_wall.png
[1.416s] -- Up-to-date: /home/e-yanthra/Documents/ar_ws/install/sam_bot_nav2_gz/share/sam_bot_nav2_gz/models/Grey Wall/model.config
[1.417s] -- Up-to-date: /home/e-yanthra/Documents/ar_ws/install/sam_bot_nav2_gz/share/sam_bot_nav2_gz/models/Grey Wall/thumbnails
[1.417s] -- Up-to-date: /home/e-yanthra/Documents/ar_ws/install/sam_bot_nav2_gz/share/sam_bot_nav2_gz/models/Grey Wall/thumbnails/2.png
[1.417s] -- Up-to-date: /home/e-yanthra/Documents/ar_ws/install/sam_bot_nav2_gz/share/sam_bot_nav2_gz/models/Grey Wall/thumbnails/5.png
[1.417s] -- Up-to-date: /home/e-yanthra/Documents/ar_ws/install/sam_bot_nav2_gz/share/sam_bot_nav2_gz/models/Grey Wall/thumbnails/1.png
[1.418s] -- Up-to-date: /home/e-yanthra/Documents/ar_ws/install/sam_bot_nav2_gz/share/sam_bot_nav2_gz/models/Grey Wall/thumbnails/4.png
[1.418s] -- Up-to-date: /home/e-yanthra/Documents/ar_ws/install/sam_bot_nav2_gz/share/sam_bot_nav2_gz/models/Grey Wall/thumbnails/3.png
[1.418s] -- Up-to-date: /home/e-yanthra/Documents/ar_ws/install/sam_bot_nav2_gz/share/sam_bot_nav2_gz/models/TurtlebotArena
[1.418s] -- Up-to-date: /home/e-yanthra/Documents/ar_ws/install/sam_bot_nav2_gz/share/sam_bot_nav2_gz/models/TurtlebotArena/model.sdf
[1.425s] -- Up-to-date: /home/e-yanthra/Documents/ar_ws/install/sam_bot_nav2_gz/share/sam_bot_nav2_gz/models/TurtlebotArena/meshes
[1.433s] -- Up-to-date: /home/e-yanthra/Documents/ar_ws/install/sam_bot_nav2_gz/share/sam_bot_nav2_gz/models/TurtlebotArena/meshes/hexagon.dae
[1.433s] -- Up-to-date: /home/e-yanthra/Documents/ar_ws/install/sam_bot_nav2_gz/share/sam_bot_nav2_gz/models/TurtlebotArena/meshes/wall.dae
[1.433s] -- Up-to-date: /home/e-yanthra/Documents/ar_ws/install/sam_bot_nav2_gz/share/sam_bot_nav2_gz/models/TurtlebotArena/model.config
[1.434s] -- Up-to-date: /home/e-yanthra/Documents/ar_ws/install/sam_bot_nav2_gz/lib/sam_bot_nav2_gz/reach_goal.py
[1.434s] -- Up-to-date: /home/e-yanthra/Documents/ar_ws/install/sam_bot_nav2_gz/lib/sam_bot_nav2_gz/follow_waypoints.py
[1.434s] -- Up-to-date: /home/e-yanthra/Documents/ar_ws/install/sam_bot_nav2_gz/share/ament_index/resource_index/package_run_dependencies/sam_bot_nav2_gz
[1.434s] -- Up-to-date: /home/e-yanthra/Documents/ar_ws/install/sam_bot_nav2_gz/share/ament_index/resource_index/parent_prefix_path/sam_bot_nav2_gz
[1.434s] -- Up-to-date: /home/e-yanthra/Documents/ar_ws/install/sam_bot_nav2_gz/share/sam_bot_nav2_gz/environment/ament_prefix_path.sh
[1.435s] -- Up-to-date: /home/e-yanthra/Documents/ar_ws/install/sam_bot_nav2_gz/share/sam_bot_nav2_gz/environment/ament_prefix_path.dsv
[1.435s] -- Up-to-date: /home/e-yanthra/Documents/ar_ws/install/sam_bot_nav2_gz/share/sam_bot_nav2_gz/environment/path.sh
[1.440s] -- Up-to-date: /home/e-yanthra/Documents/ar_ws/install/sam_bot_nav2_gz/share/sam_bot_nav2_gz/environment/path.dsv
[1.440s] -- Up-to-date: /home/e-yanthra/Documents/ar_ws/install/sam_bot_nav2_gz/share/sam_bot_nav2_gz/local_setup.bash
[1.440s] -- Up-to-date: /home/e-yanthra/Documents/ar_ws/install/sam_bot_nav2_gz/share/sam_bot_nav2_gz/local_setup.sh
[1.441s] -- Up-to-date: /home/e-yanthra/Documents/ar_ws/install/sam_bot_nav2_gz/share/sam_bot_nav2_gz/local_setup.zsh
[1.441s] -- Up-to-date: /home/e-yanthra/Documents/ar_ws/install/sam_bot_nav2_gz/share/sam_bot_nav2_gz/local_setup.dsv
[1.441s] -- Installing: /home/e-yanthra/Documents/ar_ws/install/sam_bot_nav2_gz/share/sam_bot_nav2_gz/package.dsv
[1.449s] -- Up-to-date: /home/e-yanthra/Documents/ar_ws/install/sam_bot_nav2_gz/share/ament_index/resource_index/packages/sam_bot_nav2_gz
[1.450s] -- Up-to-date: /home/e-yanthra/Documents/ar_ws/install/sam_bot_nav2_gz/share/sam_bot_nav2_gz/cmake/sam_bot_nav2_gzConfig.cmake
[1.450s] -- Up-to-date: /home/e-yanthra/Documents/ar_ws/install/sam_bot_nav2_gz/share/sam_bot_nav2_gz/cmake/sam_bot_nav2_gzConfig-version.cmake
[1.450s] -- Up-to-date: /home/e-yanthra/Documents/ar_ws/install/sam_bot_nav2_gz/share/sam_bot_nav2_gz/package.xml
[1.451s] Invoked command in '/home/e-yanthra/Documents/ar_ws/build/sam_bot_nav2_gz' returned '0': CMAKE_PREFIX_PATH=/home/e-yanthra/Documents/ar_ws/install/ign_ros2_control:/home/e-yanthra/Documents/ar_ws/install/sam_bot_nav2_gz:/home/e-yanthra/Documents/ar_ws/install/navi_test:/home/e-yanthra/Documents/ar_ws/install/ign_ros2_control_demos:/home/e-yanthra/Documents/ar_ws/install/gz_ros2_control_tests:/home/e-yanthra/asc/asc_ws/install/rplidar_ros:/home/e-yanthra/eyrc_hb/hb_task6_ws/install/my_robot_interfaces:/home/e-yanthra/eyrc_hb/hb_task5_ws/install/my_robot_interfaces:/home/e-yanthra/eyrc_hb/hb_task4_ws/install/my_robot_interfaces:/home/e-yanthra/eyrc_hb/hb_task_2_ws/install/my_robot_interfaces:/home/e-yanthra/eyrc_hb/hb_task_2_ws/install/hb_world:/home/e-yanthra/eyrc_hb/hb_task_2_ws/install/hb_bot:/home/e-yanthra/eyrc_hb/hb_task1b_ws/install/my_robot_interfaces:/home/e-yanthra/eyrc_hb/hb_task1a_ws/install/turtlesim:/home/e-yanthra/asc/asc_ws/install/locomotion:/home/e-yanthra/robocon/install/listener:/home/e-yanthra/eyrc_hb/hb_task6_ws/install/hb_task6:/home/e-yanthra/eyrc_hb/hb_task5_ws/install/hb_task5b:/home/e-yanthra/eyrc_hb/hb_task5_ws/install/hb_task4b:/home/e-yanthra/eyrc_hb/hb_task4_ws/install/hb_task4b:/home/e-yanthra/eyrc_hb/hb_task_2_ws/install/hb_task2b:/home/e-yanthra/eyrc_hb/hb_task_2_ws/install/hb_task2a:/home/e-yanthra/eyrc_hb/hb_task1b_ws/install/hb_task_1b:/home/e-yanthra/eyrc_hb/hb_task1a_ws/install/hb_task_1a:/opt/ros/humble CONDA_PROMPT_MODIFIER=(base) /usr/bin/cmake --install /home/e-yanthra/Documents/ar_ws/build/sam_bot_nav2_gz
