[1.622s] Invoking command in '/home/e-yanthra/Documents/ar_ws/build/ign_ros2_control': CMAKE_PREFIX_PATH=${CMAKE_PREFIX_PATH}:/home/e-yanthra/asc/asc_ws/install/locomotion:/home/e-yanthra/robocon/install/listener:/home/e-yanthra/eyrc_hb/hb_task6_ws/install/hb_task6:/home/e-yanthra/eyrc_hb/hb_task5_ws/install/hb_task5b:/home/e-yanthra/eyrc_hb/hb_task5_ws/install/hb_task4b:/home/e-yanthra/eyrc_hb/hb_task4_ws/install/hb_task4b:/home/e-yanthra/eyrc_hb/hb_task_2_ws/install/hb_task2b:/home/e-yanthra/eyrc_hb/hb_task_2_ws/install/hb_task2a:/home/e-yanthra/eyrc_hb/hb_task1b_ws/install/hb_task_1b:/home/e-yanthra/eyrc_hb/hb_task1a_ws/install/hb_task_1a:/opt/ros/humble CONDA_PROMPT_MODIFIER=(base) /usr/bin/cmake --build /home/e-yanthra/Documents/ar_ws/build/ign_ros2_control -- -j8 -l8
[1.830s] [ 50%] Built target ign_ros2_control-system
[1.936s] [100%] Built target ign_hardware_plugins
[1.975s] Invoked command in '/home/e-yanthra/Documents/ar_ws/build/ign_ros2_control' returned '0': CMAKE_PREFIX_PATH=${CMAKE_PREFIX_PATH}:/home/e-yanthra/asc/asc_ws/install/locomotion:/home/e-yanthra/robocon/install/listener:/home/e-yanthra/eyrc_hb/hb_task6_ws/install/hb_task6:/home/e-yanthra/eyrc_hb/hb_task5_ws/install/hb_task5b:/home/e-yanthra/eyrc_hb/hb_task5_ws/install/hb_task4b:/home/e-yanthra/eyrc_hb/hb_task4_ws/install/hb_task4b:/home/e-yanthra/eyrc_hb/hb_task_2_ws/install/hb_task2b:/home/e-yanthra/eyrc_hb/hb_task_2_ws/install/hb_task2a:/home/e-yanthra/eyrc_hb/hb_task1b_ws/install/hb_task_1b:/home/e-yanthra/eyrc_hb/hb_task1a_ws/install/hb_task_1a:/opt/ros/humble CONDA_PROMPT_MODIFIER=(base) /usr/bin/cmake --build /home/e-yanthra/Documents/ar_ws/build/ign_ros2_control -- -j8 -l8
[2.145s] Invoking command in '/home/e-yanthra/Documents/ar_ws/build/ign_ros2_control': CMAKE_PREFIX_PATH=${CMAKE_PREFIX_PATH}:/home/e-yanthra/asc/asc_ws/install/locomotion:/home/e-yanthra/robocon/install/listener:/home/e-yanthra/eyrc_hb/hb_task6_ws/install/hb_task6:/home/e-yanthra/eyrc_hb/hb_task5_ws/install/hb_task5b:/home/e-yanthra/eyrc_hb/hb_task5_ws/install/hb_task4b:/home/e-yanthra/eyrc_hb/hb_task4_ws/install/hb_task4b:/home/e-yanthra/eyrc_hb/hb_task_2_ws/install/hb_task2b:/home/e-yanthra/eyrc_hb/hb_task_2_ws/install/hb_task2a:/home/e-yanthra/eyrc_hb/hb_task1b_ws/install/hb_task_1b:/home/e-yanthra/eyrc_hb/hb_task1a_ws/install/hb_task_1a:/opt/ros/humble CONDA_PROMPT_MODIFIER=(base) /usr/bin/cmake --install /home/e-yanthra/Documents/ar_ws/build/ign_ros2_control
[2.175s] -- Install configuration: ""
[2.180s] -- Up-to-date: /home/e-yanthra/Documents/ar_ws/install/ign_ros2_control/lib/libign_hardware_plugins.so
[2.182s] -- Up-to-date: /home/e-yanthra/Documents/ar_ws/install/ign_ros2_control/include
[2.185s] -- Up-to-date: /home/e-yanthra/Documents/ar_ws/install/ign_ros2_control/include/ign_ros2_control
[2.186s] -- Up-to-date: /home/e-yanthra/Documents/ar_ws/install/ign_ros2_control/include/ign_ros2_control/ign_system_interface.hpp
[2.187s] -- Up-to-date: /home/e-yanthra/Documents/ar_ws/install/ign_ros2_control/include/ign_ros2_control/ign_system.hpp
[2.187s] -- Up-to-date: /home/e-yanthra/Documents/ar_ws/install/ign_ros2_control/include/ign_ros2_control/ign_ros2_control_plugin.hpp
[2.187s] -- Up-to-date: /home/e-yanthra/Documents/ar_ws/install/ign_ros2_control/share/ign_ros2_control/environment/library_path.sh
[2.188s] -- Up-to-date: /home/e-yanthra/Documents/ar_ws/install/ign_ros2_control/share/ign_ros2_control/environment/library_path.dsv
[2.189s] -- Up-to-date: /home/e-yanthra/Documents/ar_ws/install/ign_ros2_control/lib/libign_ros2_control-system.so
[2.189s] -- Up-to-date: /home/e-yanthra/Documents/ar_ws/install/ign_ros2_control/share/ign_ros2_control/ign_hardware_plugins.xml
[2.190s] -- Up-to-date: /home/e-yanthra/Documents/ar_ws/install/ign_ros2_control/share/ament_index/resource_index/package_run_dependencies/ign_ros2_control
[2.190s] -- Up-to-date: /home/e-yanthra/Documents/ar_ws/install/ign_ros2_control/share/ament_index/resource_index/parent_prefix_path/ign_ros2_control
[2.190s] -- Up-to-date: /home/e-yanthra/Documents/ar_ws/install/ign_ros2_control/share/ign_ros2_control/environment/ament_prefix_path.sh
[2.190s] -- Up-to-date: /home/e-yanthra/Documents/ar_ws/install/ign_ros2_control/share/ign_ros2_control/environment/ament_prefix_path.dsv
[2.190s] -- Up-to-date: /home/e-yanthra/Documents/ar_ws/install/ign_ros2_control/share/ign_ros2_control/environment/path.sh
[2.191s] -- Up-to-date: /home/e-yanthra/Documents/ar_ws/install/ign_ros2_control/share/ign_ros2_control/environment/path.dsv
[2.191s] -- Up-to-date: /home/e-yanthra/Documents/ar_ws/install/ign_ros2_control/share/ign_ros2_control/local_setup.bash
[2.191s] -- Up-to-date: /home/e-yanthra/Documents/ar_ws/install/ign_ros2_control/share/ign_ros2_control/local_setup.sh
[2.192s] -- Up-to-date: /home/e-yanthra/Documents/ar_ws/install/ign_ros2_control/share/ign_ros2_control/local_setup.zsh
[2.192s] -- Up-to-date: /home/e-yanthra/Documents/ar_ws/install/ign_ros2_control/share/ign_ros2_control/local_setup.dsv
[2.192s] -- Installing: /home/e-yanthra/Documents/ar_ws/install/ign_ros2_control/share/ign_ros2_control/package.dsv
[2.192s] -- Up-to-date: /home/e-yanthra/Documents/ar_ws/install/ign_ros2_control/share/ament_index/resource_index/packages/ign_ros2_control
[2.192s] -- Up-to-date: /home/e-yanthra/Documents/ar_ws/install/ign_ros2_control/share/ament_index/resource_index/ign_ros2_control__pluginlib__plugin/ign_ros2_control
[2.193s] -- Up-to-date: /home/e-yanthra/Documents/ar_ws/install/ign_ros2_control/share/ign_ros2_control/cmake/ament_cmake_export_include_directories-extras.cmake
[2.194s] -- Up-to-date: /home/e-yanthra/Documents/ar_ws/install/ign_ros2_control/share/ign_ros2_control/cmake/ament_cmake_export_libraries-extras.cmake
[2.194s] -- Up-to-date: /home/e-yanthra/Documents/ar_ws/install/ign_ros2_control/share/ign_ros2_control/cmake/ign_ros2_controlConfig.cmake
[2.194s] -- Up-to-date: /home/e-yanthra/Documents/ar_ws/install/ign_ros2_control/share/ign_ros2_control/cmake/ign_ros2_controlConfig-version.cmake
[2.195s] -- Up-to-date: /home/e-yanthra/Documents/ar_ws/install/ign_ros2_control/share/ign_ros2_control/package.xml
[2.200s] Invoked command in '/home/e-yanthra/Documents/ar_ws/build/ign_ros2_control' returned '0': CMAKE_PREFIX_PATH=${CMAKE_PREFIX_PATH}:/home/e-yanthra/asc/asc_ws/install/locomotion:/home/e-yanthra/robocon/install/listener:/home/e-yanthra/eyrc_hb/hb_task6_ws/install/hb_task6:/home/e-yanthra/eyrc_hb/hb_task5_ws/install/hb_task5b:/home/e-yanthra/eyrc_hb/hb_task5_ws/install/hb_task4b:/home/e-yanthra/eyrc_hb/hb_task4_ws/install/hb_task4b:/home/e-yanthra/eyrc_hb/hb_task_2_ws/install/hb_task2b:/home/e-yanthra/eyrc_hb/hb_task_2_ws/install/hb_task2a:/home/e-yanthra/eyrc_hb/hb_task1b_ws/install/hb_task_1b:/home/e-yanthra/eyrc_hb/hb_task1a_ws/install/hb_task_1a:/opt/ros/humble CONDA_PROMPT_MODIFIER=(base) /usr/bin/cmake --install /home/e-yanthra/Documents/ar_ws/build/ign_ros2_control
