[0.783s] Invoking command in '/home/e-yanthra/Documents/ar_ws/build/sam_bot_nav2_gz': CMAKE_PREFIX_PATH=/home/e-yanthra/Documents/ar_ws/install/ign_ros2_control:/home/e-yanthra/Documents/ar_ws/install/sam_bot_nav2_gz:/home/e-yanthra/Documents/ar_ws/install/navi_test:/home/e-yanthra/Documents/ar_ws/install/ign_ros2_control_demos:/home/e-yanthra/Documents/ar_ws/install/gz_ros2_control_tests:/home/e-yanthra/asc/asc_ws/install/rplidar_ros:/home/e-yanthra/eyrc_hb/hb_task6_ws/install/my_robot_interfaces:/home/e-yanthra/eyrc_hb/hb_task5_ws/install/my_robot_interfaces:/home/e-yanthra/eyrc_hb/hb_task4_ws/install/my_robot_interfaces:/home/e-yanthra/eyrc_hb/hb_task_2_ws/install/my_robot_interfaces:/home/e-yanthra/eyrc_hb/hb_task_2_ws/install/hb_world:/home/e-yanthra/eyrc_hb/hb_task_2_ws/install/hb_bot:/home/e-yanthra/eyrc_hb/hb_task1b_ws/install/my_robot_interfaces:/home/e-yanthra/eyrc_hb/hb_task1a_ws/install/turtlesim:/home/e-yanthra/asc/asc_ws/install/locomotion:/home/e-yanthra/robocon/install/listener:/home/e-yanthra/eyrc_hb/hb_task6_ws/install/hb_task6:/home/e-yanthra/eyrc_hb/hb_task5_ws/install/hb_task5b:/home/e-yanthra/eyrc_hb/hb_task5_ws/install/hb_task4b:/home/e-yanthra/eyrc_hb/hb_task4_ws/install/hb_task4b:/home/e-yanthra/eyrc_hb/hb_task_2_ws/install/hb_task2b:/home/e-yanthra/eyrc_hb/hb_task_2_ws/install/hb_task2a:/home/e-yanthra/eyrc_hb/hb_task1b_ws/install/hb_task_1b:/home/e-yanthra/eyrc_hb/hb_task1a_ws/install/hb_task_1a:/opt/ros/humble /usr/bin/cmake --build /home/e-yanthra/Documents/ar_ws/build/sam_bot_nav2_gz -- -j8 -l8
[0.962s] Invoked command in '/home/e-yanthra/Documents/ar_ws/build/sam_bot_nav2_gz' returned '0': CMAKE_PREFIX_PATH=/home/e-yanthra/Documents/ar_ws/install/ign_ros2_control:/home/e-yanthra/Documents/ar_ws/install/sam_bot_nav2_gz:/home/e-yanthra/Documents/ar_ws/install/navi_test:/home/e-yanthra/Documents/ar_ws/install/ign_ros2_control_demos:/home/e-yanthra/Documents/ar_ws/install/gz_ros2_control_tests:/home/e-yanthra/asc/asc_ws/install/rplidar_ros:/home/e-yanthra/eyrc_hb/hb_task6_ws/install/my_robot_interfaces:/home/e-yanthra/eyrc_hb/hb_task5_ws/install/my_robot_interfaces:/home/e-yanthra/eyrc_hb/hb_task4_ws/install/my_robot_interfaces:/home/e-yanthra/eyrc_hb/hb_task_2_ws/install/my_robot_interfaces:/home/e-yanthra/eyrc_hb/hb_task_2_ws/install/hb_world:/home/e-yanthra/eyrc_hb/hb_task_2_ws/install/hb_bot:/home/e-yanthra/eyrc_hb/hb_task1b_ws/install/my_robot_interfaces:/home/e-yanthra/eyrc_hb/hb_task1a_ws/install/turtlesim:/home/e-yanthra/asc/asc_ws/install/locomotion:/home/e-yanthra/robocon/install/listener:/home/e-yanthra/eyrc_hb/hb_task6_ws/install/hb_task6:/home/e-yanthra/eyrc_hb/hb_task5_ws/install/hb_task5b:/home/e-yanthra/eyrc_hb/hb_task5_ws/install/hb_task4b:/home/e-yanthra/eyrc_hb/hb_task4_ws/install/hb_task4b:/home/e-yanthra/eyrc_hb/hb_task_2_ws/install/hb_task2b:/home/e-yanthra/eyrc_hb/hb_task_2_ws/install/hb_task2a:/home/e-yanthra/eyrc_hb/hb_task1b_ws/install/hb_task_1b:/home/e-yanthra/eyrc_hb/hb_task1a_ws/install/hb_task_1a:/opt/ros/humble /usr/bin/cmake --build /home/e-yanthra/Documents/ar_ws/build/sam_bot_nav2_gz -- -j8 -l8
[1.072s] Invoking command in '/home/e-yanthra/Documents/ar_ws/build/sam_bot_nav2_gz': CMAKE_PREFIX_PATH=/home/e-yanthra/Documents/ar_ws/install/ign_ros2_control:/home/e-yanthra/Documents/ar_ws/install/sam_bot_nav2_gz:/home/e-yanthra/Documents/ar_ws/install/navi_test:/home/e-yanthra/Documents/ar_ws/install/ign_ros2_control_demos:/home/e-yanthra/Documents/ar_ws/install/gz_ros2_control_tests:/home/e-yanthra/asc/asc_ws/install/rplidar_ros:/home/e-yanthra/eyrc_hb/hb_task6_ws/install/my_robot_interfaces:/home/e-yanthra/eyrc_hb/hb_task5_ws/install/my_robot_interfaces:/home/e-yanthra/eyrc_hb/hb_task4_ws/install/my_robot_interfaces:/home/e-yanthra/eyrc_hb/hb_task_2_ws/install/my_robot_interfaces:/home/e-yanthra/eyrc_hb/hb_task_2_ws/install/hb_world:/home/e-yanthra/eyrc_hb/hb_task_2_ws/install/hb_bot:/home/e-yanthra/eyrc_hb/hb_task1b_ws/install/my_robot_interfaces:/home/e-yanthra/eyrc_hb/hb_task1a_ws/install/turtlesim:/home/e-yanthra/asc/asc_ws/install/locomotion:/home/e-yanthra/robocon/install/listener:/home/e-yanthra/eyrc_hb/hb_task6_ws/install/hb_task6:/home/e-yanthra/eyrc_hb/hb_task5_ws/install/hb_task5b:/home/e-yanthra/eyrc_hb/hb_task5_ws/install/hb_task4b:/home/e-yanthra/eyrc_hb/hb_task4_ws/install/hb_task4b:/home/e-yanthra/eyrc_hb/hb_task_2_ws/install/hb_task2b:/home/e-yanthra/eyrc_hb/hb_task_2_ws/install/hb_task2a:/home/e-yanthra/eyrc_hb/hb_task1b_ws/install/hb_task_1b:/home/e-yanthra/eyrc_hb/hb_task1a_ws/install/hb_task_1a:/opt/ros/humble /usr/bin/cmake --install /home/e-yanthra/Documents/ar_ws/build/sam_bot_nav2_gz
[1.098s] -- Install configuration: ""
[1.102s] -- Up-to-date: /home/e-yanthra/Documents/ar_ws/install/sam_bot_nav2_gz/share/sam_bot_nav2_gz/src
[1.103s] -- Up-to-date: /home/e-yanthra/Documents/ar_ws/install/sam_bot_nav2_gz/share/sam_bot_nav2_gz/src/description
[1.103s] -- Up-to-date: /home/e-yanthra/Documents/ar_ws/install/sam_bot_nav2_gz/share/sam_bot_nav2_gz/src/description/sam_bot_description.urdf
[1.103s] -- Up-to-date: /home/e-yanthra/Documents/ar_ws/install/sam_bot_nav2_gz/share/sam_bot_nav2_gz/scripts
[1.108s] -- Up-to-date: /home/e-yanthra/Documents/ar_ws/install/sam_bot_nav2_gz/share/sam_bot_nav2_gz/scripts/follow_waypoints.py
[1.109s] -- Up-to-date: /home/e-yanthra/Documents/ar_ws/install/sam_bot_nav2_gz/share/sam_bot_nav2_gz/scripts/reach_goal.py
[1.111s] -- Up-to-date: /home/e-yanthra/Documents/ar_ws/install/sam_bot_nav2_gz/share/sam_bot_nav2_gz/scripts/__init__.py
[1.112s] -- Up-to-date: /home/e-yanthra/Documents/ar_ws/install/sam_bot_nav2_gz/share/sam_bot_nav2_gz/launch
[1.112s] -- Up-to-date: /home/e-yanthra/Documents/ar_ws/install/sam_bot_nav2_gz/share/sam_bot_nav2_gz/launch/display.launch.py
[1.112s] -- Up-to-date: /home/e-yanthra/Documents/ar_ws/install/sam_bot_nav2_gz/share/sam_bot_nav2_gz/launch/ar_test.launch.py
[1.112s] -- Up-to-date: /home/e-yanthra/Documents/ar_ws/install/sam_bot_nav2_gz/share/sam_bot_nav2_gz/launch/complete_navigation.launch.py
[1.113s] -- Up-to-date: /home/e-yanthra/Documents/ar_ws/install/sam_bot_nav2_gz/share/sam_bot_nav2_gz/rviz
[1.113s] -- Up-to-date: /home/e-yanthra/Documents/ar_ws/install/sam_bot_nav2_gz/share/sam_bot_nav2_gz/rviz/navigation_config.rviz
[1.113s] -- Up-to-date: /home/e-yanthra/Documents/ar_ws/install/sam_bot_nav2_gz/share/sam_bot_nav2_gz/rviz/urdf_config.rviz
[1.114s] -- Up-to-date: /home/e-yanthra/Documents/ar_ws/install/sam_bot_nav2_gz/share/sam_bot_nav2_gz/config
[1.114s] -- Up-to-date: /home/e-yanthra/Documents/ar_ws/install/sam_bot_nav2_gz/share/sam_bot_nav2_gz/config/nav2_params.yaml
[1.115s] -- Up-to-date: /home/e-yanthra/Documents/ar_ws/install/sam_bot_nav2_gz/share/sam_bot_nav2_gz/config/diff_drive_controller_velocity.yaml
[1.115s] -- Up-to-date: /home/e-yanthra/Documents/ar_ws/install/sam_bot_nav2_gz/share/sam_bot_nav2_gz/config/ekf.yaml
[1.116s] -- Up-to-date: /home/e-yanthra/Documents/ar_ws/install/sam_bot_nav2_gz/share/sam_bot_nav2_gz/world
[1.116s] -- Installing: /home/e-yanthra/Documents/ar_ws/install/sam_bot_nav2_gz/share/sam_bot_nav2_gz/world/empty.sdf
[1.116s] -- Up-to-date: /home/e-yanthra/Documents/ar_ws/install/sam_bot_nav2_gz/share/sam_bot_nav2_gz/models
[1.117s] -- Up-to-date: /home/e-yanthra/Documents/ar_ws/install/sam_bot_nav2_gz/share/sam_bot_nav2_gz/models/TurtlebotArena
[1.117s] -- Up-to-date: /home/e-yanthra/Documents/ar_ws/install/sam_bot_nav2_gz/share/sam_bot_nav2_gz/models/TurtlebotArena/model.sdf
[1.117s] -- Up-to-date: /home/e-yanthra/Documents/ar_ws/install/sam_bot_nav2_gz/share/sam_bot_nav2_gz/models/TurtlebotArena/meshes
[1.117s] -- Up-to-date: /home/e-yanthra/Documents/ar_ws/install/sam_bot_nav2_gz/share/sam_bot_nav2_gz/models/TurtlebotArena/meshes/hexagon.dae
[1.118s] -- Up-to-date: /home/e-yanthra/Documents/ar_ws/install/sam_bot_nav2_gz/share/sam_bot_nav2_gz/models/TurtlebotArena/meshes/wall.dae
[1.119s] -- Up-to-date: /home/e-yanthra/Documents/ar_ws/install/sam_bot_nav2_gz/share/sam_bot_nav2_gz/models/TurtlebotArena/model.config
[1.119s] -- Up-to-date: /home/e-yanthra/Documents/ar_ws/install/sam_bot_nav2_gz/lib/sam_bot_nav2_gz/reach_goal.py
[1.119s] -- Up-to-date: /home/e-yanthra/Documents/ar_ws/install/sam_bot_nav2_gz/lib/sam_bot_nav2_gz/follow_waypoints.py
[1.121s] -- Up-to-date: /home/e-yanthra/Documents/ar_ws/install/sam_bot_nav2_gz/share/ament_index/resource_index/package_run_dependencies/sam_bot_nav2_gz
[1.121s] -- Up-to-date: /home/e-yanthra/Documents/ar_ws/install/sam_bot_nav2_gz/share/ament_index/resource_index/parent_prefix_path/sam_bot_nav2_gz
[1.122s] -- Up-to-date: /home/e-yanthra/Documents/ar_ws/install/sam_bot_nav2_gz/share/sam_bot_nav2_gz/environment/ament_prefix_path.sh
[1.122s] -- Up-to-date: /home/e-yanthra/Documents/ar_ws/install/sam_bot_nav2_gz/share/sam_bot_nav2_gz/environment/ament_prefix_path.dsv
[1.122s] -- Up-to-date: /home/e-yanthra/Documents/ar_ws/install/sam_bot_nav2_gz/share/sam_bot_nav2_gz/environment/path.sh
[1.124s] -- Up-to-date: /home/e-yanthra/Documents/ar_ws/install/sam_bot_nav2_gz/share/sam_bot_nav2_gz/environment/path.dsv
[1.130s] -- Up-to-date: /home/e-yanthra/Documents/ar_ws/install/sam_bot_nav2_gz/share/sam_bot_nav2_gz/local_setup.bash
[1.131s] -- Up-to-date: /home/e-yanthra/Documents/ar_ws/install/sam_bot_nav2_gz/share/sam_bot_nav2_gz/local_setup.sh
[1.131s] -- Up-to-date: /home/e-yanthra/Documents/ar_ws/install/sam_bot_nav2_gz/share/sam_bot_nav2_gz/local_setup.zsh
[1.131s] -- Up-to-date: /home/e-yanthra/Documents/ar_ws/install/sam_bot_nav2_gz/share/sam_bot_nav2_gz/local_setup.dsv
[1.131s] -- Installing: /home/e-yanthra/Documents/ar_ws/install/sam_bot_nav2_gz/share/sam_bot_nav2_gz/package.dsv
[1.133s] -- Up-to-date: /home/e-yanthra/Documents/ar_ws/install/sam_bot_nav2_gz/share/ament_index/resource_index/packages/sam_bot_nav2_gz
[1.133s] -- Up-to-date: /home/e-yanthra/Documents/ar_ws/install/sam_bot_nav2_gz/share/sam_bot_nav2_gz/cmake/sam_bot_nav2_gzConfig.cmake
[1.134s] -- Up-to-date: /home/e-yanthra/Documents/ar_ws/install/sam_bot_nav2_gz/share/sam_bot_nav2_gz/cmake/sam_bot_nav2_gzConfig-version.cmake
[1.134s] -- Up-to-date: /home/e-yanthra/Documents/ar_ws/install/sam_bot_nav2_gz/share/sam_bot_nav2_gz/package.xml
[1.134s] Invoked command in '/home/e-yanthra/Documents/ar_ws/build/sam_bot_nav2_gz' returned '0': CMAKE_PREFIX_PATH=/home/e-yanthra/Documents/ar_ws/install/ign_ros2_control:/home/e-yanthra/Documents/ar_ws/install/sam_bot_nav2_gz:/home/e-yanthra/Documents/ar_ws/install/navi_test:/home/e-yanthra/Documents/ar_ws/install/ign_ros2_control_demos:/home/e-yanthra/Documents/ar_ws/install/gz_ros2_control_tests:/home/e-yanthra/asc/asc_ws/install/rplidar_ros:/home/e-yanthra/eyrc_hb/hb_task6_ws/install/my_robot_interfaces:/home/e-yanthra/eyrc_hb/hb_task5_ws/install/my_robot_interfaces:/home/e-yanthra/eyrc_hb/hb_task4_ws/install/my_robot_interfaces:/home/e-yanthra/eyrc_hb/hb_task_2_ws/install/my_robot_interfaces:/home/e-yanthra/eyrc_hb/hb_task_2_ws/install/hb_world:/home/e-yanthra/eyrc_hb/hb_task_2_ws/install/hb_bot:/home/e-yanthra/eyrc_hb/hb_task1b_ws/install/my_robot_interfaces:/home/e-yanthra/eyrc_hb/hb_task1a_ws/install/turtlesim:/home/e-yanthra/asc/asc_ws/install/locomotion:/home/e-yanthra/robocon/install/listener:/home/e-yanthra/eyrc_hb/hb_task6_ws/install/hb_task6:/home/e-yanthra/eyrc_hb/hb_task5_ws/install/hb_task5b:/home/e-yanthra/eyrc_hb/hb_task5_ws/install/hb_task4b:/home/e-yanthra/eyrc_hb/hb_task4_ws/install/hb_task4b:/home/e-yanthra/eyrc_hb/hb_task_2_ws/install/hb_task2b:/home/e-yanthra/eyrc_hb/hb_task_2_ws/install/hb_task2a:/home/e-yanthra/eyrc_hb/hb_task1b_ws/install/hb_task_1b:/home/e-yanthra/eyrc_hb/hb_task1a_ws/install/hb_task_1a:/opt/ros/humble /usr/bin/cmake --install /home/e-yanthra/Documents/ar_ws/build/sam_bot_nav2_gz
