[0.896s] Invoking command in '/home/e-yanthra/Documents/ar_ws/build/ign_ros2_control': CMAKE_PREFIX_PATH=${CMAKE_PREFIX_PATH}:/home/e-yanthra/asc/asc_ws/install/locomotion:/home/e-yanthra/robocon/install/listener:/home/e-yanthra/eyrc_hb/hb_task6_ws/install/hb_task6:/home/e-yanthra/eyrc_hb/hb_task5_ws/install/hb_task5b:/home/e-yanthra/eyrc_hb/hb_task5_ws/install/hb_task4b:/home/e-yanthra/eyrc_hb/hb_task4_ws/install/hb_task4b:/home/e-yanthra/eyrc_hb/hb_task_2_ws/install/hb_task2b:/home/e-yanthra/eyrc_hb/hb_task_2_ws/install/hb_task2a:/home/e-yanthra/eyrc_hb/hb_task1b_ws/install/hb_task_1b:/home/e-yanthra/eyrc_hb/hb_task1a_ws/install/hb_task_1a:/opt/ros/humble CONDA_PROMPT_MODIFIER=(base) /usr/bin/cmake /home/e-yanthra/Documents/ar_ws/navigation2_ignition_gazebo_example/src/gz_ros2_control/ign_ros2_control -DCMAKE_INSTALL_PREFIX=/home/e-yanthra/Documents/ar_ws/install/ign_ros2_control
[1.029s] -- The C compiler identification is GNU 11.4.0
[1.161s] -- The CXX compiler identification is GNU 11.4.0
[1.176s] -- Detecting C compiler ABI info
[1.321s] -- Detecting C compiler ABI info - done
[1.341s] -- Check for working C compiler: /usr/bin/cc - skipped
[1.342s] -- Detecting C compile features
[1.343s] -- Detecting C compile features - done
[1.350s] -- Detecting CXX compiler ABI info
[1.538s] -- Detecting CXX compiler ABI info - done
[1.560s] -- Check for working CXX compiler: /usr/bin/c++ - skipped
[1.561s] -- Detecting CXX compile features
[1.561s] -- Detecting CXX compile features - done
[1.570s] -- Found ament_cmake: 1.3.5 (/opt/ros/humble/share/ament_cmake/cmake)
[2.548s] -- Found Python3: /usr/bin/python3.10 (found version "3.10.12") found components: Interpreter 
[2.790s] -- Found ament_index_cpp: 1.4.0 (/opt/ros/humble/share/ament_index_cpp/cmake)
[2.799s] -- Found controller_manager: 2.41.0 (/opt/ros/humble/share/controller_manager/cmake)
[2.982s] -- Found rosidl_generator_c: 3.1.5 (/opt/ros/humble/share/rosidl_generator_c/cmake)
[3.000s] -- Found rosidl_adapter: 3.1.5 (/opt/ros/humble/share/rosidl_adapter/cmake)
[3.035s] -- Found rosidl_generator_cpp: 3.1.5 (/opt/ros/humble/share/rosidl_generator_cpp/cmake)
[3.078s] -- Using all available rosidl_typesupport_c: rosidl_typesupport_fastrtps_c;rosidl_typesupport_introspection_c
[3.140s] -- Using all available rosidl_typesupport_cpp: rosidl_typesupport_fastrtps_cpp;rosidl_typesupport_introspection_cpp
[4.737s] -- Found rmw_implementation_cmake: 6.1.1 (/opt/ros/humble/share/rmw_implementation_cmake/cmake)
[4.749s] -- Found rmw_fastrtps_cpp: 6.2.4 (/opt/ros/humble/share/rmw_fastrtps_cpp/cmake)
[5.006s] -- Found OpenSSL: /usr/lib/x86_64-linux-gnu/libcrypto.so (found version "3.0.2")  
[5.073s] -- Found FastRTPS: /opt/ros/humble/include  
[5.186s] -- Using RMW implementation 'rmw_fastrtps_cpp' as default
[5.221s] -- Looking for pthread.h
[5.390s] -- Looking for pthread.h - found
[5.390s] -- Performing Test CMAKE_HAVE_LIBC_PTHREAD
[5.559s] -- Performing Test CMAKE_HAVE_LIBC_PTHREAD - Success
[5.562s] -- Found Threads: TRUE  
[7.096s] -- Found yaml_cpp_vendor: 8.0.2 (/opt/ros/humble/share/yaml_cpp_vendor/cmake)
[7.113s] -- Looking for ignition-gazebo6 -- found version 6.16.0
[7.140s] -- Searching for dependencies of ignition-gazebo6
[7.148s] -- Looking for sdformat12 -- found version 12.7.2
[7.149s] -- Searching for dependencies of sdformat12
[7.161s] -- Checking for module 'tinyxml2'
[7.193s] --   Found tinyxml2, version 9.0.0
[7.281s] -- Looking for ignition-math6 -- found version 6.15.1
[7.281s] -- Searching for dependencies of ignition-math6
[7.292s] -- Looking for ignition-utils1 -- found version 1.5.1
[7.292s] -- Searching for dependencies of ignition-utils1
[7.303s] -- Looking for ignition-plugin1 -- found version 1.4.0
[7.304s] -- Searching for dependencies of ignition-plugin1
[7.305s] -- Searching for <ignition-plugin1> component [loader]
[7.314s] -- Looking for ignition-plugin1-loader -- found version 1.4.0
[7.315s] -- Searching for dependencies of ignition-plugin1-loader
[7.316s] -- Searching for <ignition-plugin1> component [register]
[7.325s] -- Looking for ignition-plugin1-register -- found version 1.4.0
[7.326s] -- Searching for dependencies of ignition-plugin1-register
[7.336s] -- Looking for ignition-transport11 -- found version 11.4.1
[7.337s] -- Searching for dependencies of ignition-transport11
[7.405s] -- Found Protobuf: /usr/lib/x86_64-linux-gnu/libprotobuf.so (found version "3.12.4") 
[7.433s] -- Config-file not installed for ZeroMQ -- checking for pkg-config
[7.444s] -- Checking for module 'libzmq >= 4'
[7.480s] --   Found libzmq , version 4.3.4
[7.564s] -- Found ZeroMQ: TRUE (Required is at least version "4") 
[7.581s] -- Checking for module 'uuid'
[7.617s] --   Found uuid, version 2.37.2
[7.698s] -- Found UUID: TRUE  
[7.700s] -- Looking for ignition-utils1 -- found version 1.5.1
[7.701s] -- Searching for dependencies of ignition-utils1
[7.702s] -- Searching for <ignition-utils1> component [cli]
[7.714s] -- Looking for ignition-utils1-cli -- found version 1.5.1
[7.716s] -- Searching for dependencies of ignition-utils1-cli
[7.728s] -- Looking for ignition-msgs8 -- found version 8.7.0
[7.729s] -- Searching for dependencies of ignition-msgs8
[7.781s] -- Found Protobuf: /usr/lib/x86_64-linux-gnu/libprotobuf.so (found suitable version "3.12.4", minimum required is "3") 
[7.783s] -- Looking for ignition-math6 -- found version 6.15.1
[7.802s] -- Searching for <ignition-transport11> component [log]
[7.811s] -- Looking for ignition-transport11-log -- found version 11.4.1
[7.812s] -- Searching for dependencies of ignition-transport11-log
[7.813s] -- Searching for <ignition-transport11> component [parameters]
[7.822s] -- Looking for ignition-transport11-parameters -- found version 11.4.1
[7.823s] -- Searching for dependencies of ignition-transport11-parameters
[7.826s] -- Looking for ignition-msgs8 -- found version 8.7.0
[7.834s] -- Looking for ignition-common4 -- found version 4.7.0
[7.835s] -- Searching for dependencies of ignition-common4
[7.836s] -- Looking for dlfcn.h - found
[7.839s] -- Looking for libdl - found
[7.841s] -- Found DL: TRUE  
[7.865s] -- Searching for <ignition-common4> component [profiler]
[7.878s] -- Looking for ignition-common4-profiler -- found version 4.7.0
[7.880s] -- Searching for dependencies of ignition-common4-profiler
[7.881s] -- Searching for <ignition-common4> component [events]
[7.894s] -- Looking for ignition-common4-events -- found version 4.7.0
[7.896s] -- Searching for dependencies of ignition-common4-events
[7.897s] -- Looking for ignition-math6 -- found version 6.15.1
[7.898s] -- Searching for <ignition-common4> component [av]
[7.909s] -- Looking for ignition-common4-av -- found version 4.7.0
[7.910s] -- Searching for dependencies of ignition-common4-av
[7.922s] -- Checking for module 'libswscale'
[7.954s] --   Found libswscale, version 5.9.100
[8.034s] -- Found SWSCALE: TRUE  
[8.046s] -- Checking for module 'libavdevice >= 56.4.100'
[8.079s] --   Found libavdevice , version 58.13.100
[8.173s] -- Found AVDEVICE: TRUE (Required is at least version "56.4.100") 
[8.185s] -- Checking for module 'libavformat'
[8.218s] --   Found libavformat, version 58.76.100
[8.300s] -- Found AVFORMAT: TRUE  
[8.312s] -- Checking for module 'libavcodec'
[8.344s] --   Found libavcodec, version 58.134.100
[8.426s] -- Found AVCODEC: TRUE  
[8.438s] -- Checking for module 'libavutil'
[8.469s] --   Found libavutil, version 56.70.100
[8.546s] -- Found AVUTIL: TRUE  
[8.557s] -- Looking for ignition-fuel_tools7 -- found version 7.3.0
[8.557s] -- Searching for dependencies of ignition-fuel_tools7
[8.748s] -- Found CURL: /usr/lib/x86_64-linux-gnu/libcurl.so (found version "7.81.0")  
[8.776s] -- Checking for module 'jsoncpp'
[8.807s] --   Found jsoncpp, version 1.9.5
[8.880s] -- Found JSONCPP: TRUE  
[8.893s] -- Checking for module 'libzip'
[8.924s] --   Found libzip, version 1.7.3
[8.997s] -- Found ZIP: TRUE  
[8.998s] -- Looking for ignition-common4 -- found version 4.7.0
[8.999s] -- Looking for ignition-math6 -- found version 6.15.1
[9.000s] -- Looking for ignition-msgs8 -- found version 8.7.0
[9.010s] -- Looking for ignition-gui6 -- found version 6.8.0
[9.011s] -- Searching for dependencies of ignition-gui6
[9.068s] -- Looking for ignition-math6 -- found version 6.15.1
[9.069s] -- Looking for ignition-common4 -- found version 4.7.0
[9.070s] -- Looking for ignition-plugin1 -- found version 1.4.0
[9.072s] -- Looking for ignition-transport11 -- found version 11.4.1
[9.081s] -- Looking for ignition-rendering6 -- found version 6.6.3
[9.082s] -- Searching for dependencies of ignition-rendering6
[9.083s] -- Looking for ignition-math6 -- found version 6.15.1
[9.084s] -- Searching for dependencies of ignition-math6
[9.084s] -- Searching for <ignition-math6> component [eigen3]
[9.092s] -- Looking for ignition-math6-eigen3 -- found version 6.15.1
[9.093s] -- Searching for dependencies of ignition-math6-eigen3
[9.115s] -- Looking for ignition-common4 -- found version 4.7.0
[9.116s] -- Searching for dependencies of ignition-common4
[9.116s] -- Looking for dlfcn.h - found
[9.116s] -- Looking for libdl - found
[9.135s] -- Searching for <ignition-common4> component [graphics]
[9.143s] -- Looking for ignition-common4-graphics -- found version 4.7.0
[9.144s] -- Searching for dependencies of ignition-common4-graphics
[9.145s] -- Looking for ignition-math6 -- found version 6.15.1
[9.145s] -- Looking for ignition-utils1 -- found version 1.5.1
[9.147s] -- Searching for <ignition-common4> component [events]
[9.148s] -- Looking for ignition-plugin1 -- found version 1.4.0
[9.149s] -- Searching for dependencies of ignition-plugin1
[9.149s] -- Searching for <ignition-plugin1> component [all]
[9.159s] -- Looking for all libraries of ignition-plugin1 -- found version 1.4.0
[9.160s] -- Looking for ignition-plugin1 -- found version 1.4.0
[9.164s] -- Looking for ignition-msgs8 -- found version 8.7.0
[9.234s] -- Looking for ignition-physics5 -- found version 5.3.2
[9.235s] -- Searching for dependencies of ignition-physics5
[9.236s] -- Looking for ignition-math6 -- found version 6.15.1
[9.236s] -- Looking for ignition-plugin1 -- found version 1.4.0
[9.237s] -- Looking for ignition-utils1 -- found version 1.5.1
[9.239s] -- Searching for <ignition-physics5> component [heightmap]
[9.247s] -- Looking for ignition-physics5-heightmap -- found version 5.3.2
[9.248s] -- Searching for dependencies of ignition-physics5-heightmap
[9.249s] -- Looking for ignition-common4 -- found version 4.7.0
[9.250s] -- Searching for <ignition-physics5> component [mesh]
[9.260s] -- Looking for ignition-physics5-mesh -- found version 5.3.2
[9.260s] -- Searching for dependencies of ignition-physics5-mesh
[9.261s] -- Looking for ignition-common4 -- found version 4.7.0
[9.262s] -- Searching for <ignition-physics5> component [sdf]
[9.270s] -- Looking for ignition-physics5-sdf -- found version 5.3.2
[9.272s] -- Searching for dependencies of ignition-physics5-sdf
[9.273s] -- Looking for sdformat12 -- found version 12.7.2
[9.284s] -- Looking for ignition-sensors6 -- found version 6.8.0
[9.285s] -- Searching for dependencies of ignition-sensors6
[9.331s] -- Found Protobuf: /usr/lib/x86_64-linux-gnu/libprotobuf.so (found version "3.12.4") 
[9.332s] -- Looking for ignition-math6 -- found version 6.15.1
[9.333s] -- Looking for ignition-common4 -- found version 4.7.0
[9.334s] -- Looking for ignition-transport11 -- found version 11.4.1
[9.335s] -- Looking for ignition-rendering6 -- found version 6.6.3
[9.336s] -- Looking for ignition-msgs8 -- found version 8.7.0
[9.336s] -- Looking for sdformat12 -- found version 12.7.2
[9.337s] -- Searching for <ignition-sensors6> component [air_pressure]
[9.346s] -- Looking for ignition-sensors6-air_pressure -- found version 6.8.0
[9.347s] -- Searching for dependencies of ignition-sensors6-air_pressure
[9.347s] -- Searching for <ignition-sensors6> component [altimeter]
[9.355s] -- Looking for ignition-sensors6-altimeter -- found version 6.8.0
[9.356s] -- Searching for dependencies of ignition-sensors6-altimeter
[9.357s] -- Searching for <ignition-sensors6> component [imu]
[9.365s] -- Looking for ignition-sensors6-imu -- found version 6.8.0
[9.366s] -- Searching for dependencies of ignition-sensors6-imu
[9.367s] -- Searching for <ignition-sensors6> component [force_torque]
[9.375s] -- Looking for ignition-sensors6-force_torque -- found version 6.8.0
[9.376s] -- Searching for dependencies of ignition-sensors6-force_torque
[9.377s] -- Searching for <ignition-sensors6> component [logical_camera]
[9.385s] -- Looking for ignition-sensors6-logical_camera -- found version 6.8.0
[9.386s] -- Searching for dependencies of ignition-sensors6-logical_camera
[9.387s] -- Searching for <ignition-sensors6> component [magnetometer]
[9.395s] -- Looking for ignition-sensors6-magnetometer -- found version 6.8.0
[9.396s] -- Searching for dependencies of ignition-sensors6-magnetometer
[9.397s] -- Searching for <ignition-sensors6> component [navsat]
[9.405s] -- Looking for ignition-sensors6-navsat -- found version 6.8.0
[9.406s] -- Searching for dependencies of ignition-sensors6-navsat
[9.407s] -- Searching for <ignition-sensors6> component [rendering]
[9.415s] -- Looking for ignition-sensors6-rendering -- found version 6.8.0
[9.416s] -- Searching for dependencies of ignition-sensors6-rendering
[9.417s] -- Searching for <ignition-sensors6> component [lidar]
[9.425s] -- Looking for ignition-sensors6-lidar -- found version 6.8.0
[9.426s] -- Searching for dependencies of ignition-sensors6-lidar
[9.427s] -- Looking for ignition-sensors6 -- found version 6.8.0
[9.428s] -- Searching for <ignition-sensors6> component [gpu_lidar]
[9.436s] -- Looking for ignition-sensors6-gpu_lidar -- found version 6.8.0
[9.437s] -- Searching for dependencies of ignition-sensors6-gpu_lidar
[9.438s] -- Looking for ignition-sensors6 -- found version 6.8.0
[9.439s] -- Searching for <ignition-sensors6> component [camera]
[9.447s] -- Looking for ignition-sensors6-camera -- found version 6.8.0
[9.447s] -- Searching for dependencies of ignition-sensors6-camera
[9.448s] -- Looking for ignition-sensors6 -- found version 6.8.0
[9.449s] -- Searching for <ignition-sensors6> component [boundingbox_camera]
[9.457s] -- Looking for ignition-sensors6-boundingbox_camera -- found version 6.8.0
[9.458s] -- Searching for dependencies of ignition-sensors6-boundingbox_camera
[9.459s] -- Searching for <ignition-sensors6> component [segmentation_camera]
[9.467s] -- Looking for ignition-sensors6-segmentation_camera -- found version 6.8.0
[9.468s] -- Searching for dependencies of ignition-sensors6-segmentation_camera
[9.469s] -- Searching for <ignition-sensors6> component [depth_camera]
[9.477s] -- Looking for ignition-sensors6-depth_camera -- found version 6.8.0
[9.478s] -- Searching for dependencies of ignition-sensors6-depth_camera
[9.479s] -- Looking for ignition-sensors6 -- found version 6.8.0
[9.480s] -- Searching for <ignition-sensors6> component [rgbd_camera]
[9.490s] -- Looking for ignition-sensors6-rgbd_camera -- found version 6.8.0
[9.491s] -- Searching for dependencies of ignition-sensors6-rgbd_camera
[9.491s] -- Looking for ignition-sensors6 -- found version 6.8.0
[9.492s] -- Searching for <ignition-sensors6> component [thermal_camera]
[9.500s] -- Looking for ignition-sensors6-thermal_camera -- found version 6.8.0
[9.501s] -- Searching for dependencies of ignition-sensors6-thermal_camera
[9.502s] -- Looking for ignition-sensors6 -- found version 6.8.0
[9.504s] -- Looking for ignition-rendering6 -- found version 6.6.3
[9.505s] -- Looking for ignition-math6 -- found version 6.15.1
[9.513s] -- Looking for ignition-utils1 -- found version 1.5.1
[9.558s] -- Compiling against Ignition Fortress
[9.558s] -- Looking for ignition-plugin1 -- found version 1.4.0
[10.580s] -- Found ament_lint_auto: 0.12.8 (/opt/ros/humble/share/ament_lint_auto/cmake)
[10.805s] -- Added test 'copyright' to check source files copyright and LICENSE
[10.808s] -- Added test 'cppcheck' to perform static code analysis on C / C++ code
[10.809s] -- Configured cppcheck include dirs: /home/e-yanthra/Documents/ar_ws/navigation2_ignition_gazebo_example/src/gz_ros2_control/ign_ros2_control/include
[10.809s] -- Configured cppcheck exclude dirs and/or files: 
[10.811s] -- Added test 'cpplint' to check C / C++ code against the Google style
[10.811s] -- Configured cpplint exclude dirs and/or files: 
[10.813s] -- Added test 'lint_cmake' to check CMake code style
[10.816s] -- Added test 'uncrustify' to check C / C++ code style
[10.816s] -- Configured uncrustify additional arguments: 
[10.817s] -- Added test 'xmllint' to check XML markup files
[10.823s] -- Configuring done
[10.954s] [33mCMake Warning at CMakeLists.txt:53 (add_library):
[10.954s]   Cannot generate a safe runtime search path for target
[10.955s]   ign_ros2_control-system because files in some directories may conflict with
[10.955s]   libraries in implicit directories:
[10.955s] 
[10.955s]     runtime library [libuuid.so.1] in /usr/lib/x86_64-linux-gnu may be hidden by files in:
[10.955s]       /home/e-yanthra/miniconda3/lib
[10.956s] 
[10.956s]   Some of these libraries may not be found correctly.
[10.956s] 
[10.956s] [0m
[10.988s] [33mCMake Warning at CMakeLists.txt:73 (add_library):
[10.988s]   Cannot generate a safe runtime search path for target ign_hardware_plugins
[10.988s]   because files in some directories may conflict with libraries in implicit
[10.989s]   directories:
[10.989s] 
[10.989s]     runtime library [libuuid.so.1] in /usr/lib/x86_64-linux-gnu may be hidden by files in:
[10.989s]       /home/e-yanthra/miniconda3/lib
[10.990s] 
[10.990s]   Some of these libraries may not be found correctly.
[10.990s] 
[10.990s] [0m
[10.992s] -- Generating done
[10.998s] -- Build files have been written to: /home/e-yanthra/Documents/ar_ws/build/ign_ros2_control
[11.027s] Invoked command in '/home/e-yanthra/Documents/ar_ws/build/ign_ros2_control' returned '0': CMAKE_PREFIX_PATH=${CMAKE_PREFIX_PATH}:/home/e-yanthra/asc/asc_ws/install/locomotion:/home/e-yanthra/robocon/install/listener:/home/e-yanthra/eyrc_hb/hb_task6_ws/install/hb_task6:/home/e-yanthra/eyrc_hb/hb_task5_ws/install/hb_task5b:/home/e-yanthra/eyrc_hb/hb_task5_ws/install/hb_task4b:/home/e-yanthra/eyrc_hb/hb_task4_ws/install/hb_task4b:/home/e-yanthra/eyrc_hb/hb_task_2_ws/install/hb_task2b:/home/e-yanthra/eyrc_hb/hb_task_2_ws/install/hb_task2a:/home/e-yanthra/eyrc_hb/hb_task1b_ws/install/hb_task_1b:/home/e-yanthra/eyrc_hb/hb_task1a_ws/install/hb_task_1a:/opt/ros/humble CONDA_PROMPT_MODIFIER=(base) /usr/bin/cmake /home/e-yanthra/Documents/ar_ws/navigation2_ignition_gazebo_example/src/gz_ros2_control/ign_ros2_control -DCMAKE_INSTALL_PREFIX=/home/e-yanthra/Documents/ar_ws/install/ign_ros2_control
[11.031s] Invoking command in '/home/e-yanthra/Documents/ar_ws/build/ign_ros2_control': CMAKE_PREFIX_PATH=${CMAKE_PREFIX_PATH}:/home/e-yanthra/asc/asc_ws/install/locomotion:/home/e-yanthra/robocon/install/listener:/home/e-yanthra/eyrc_hb/hb_task6_ws/install/hb_task6:/home/e-yanthra/eyrc_hb/hb_task5_ws/install/hb_task5b:/home/e-yanthra/eyrc_hb/hb_task5_ws/install/hb_task4b:/home/e-yanthra/eyrc_hb/hb_task4_ws/install/hb_task4b:/home/e-yanthra/eyrc_hb/hb_task_2_ws/install/hb_task2b:/home/e-yanthra/eyrc_hb/hb_task_2_ws/install/hb_task2a:/home/e-yanthra/eyrc_hb/hb_task1b_ws/install/hb_task_1b:/home/e-yanthra/eyrc_hb/hb_task1a_ws/install/hb_task_1a:/opt/ros/humble CONDA_PROMPT_MODIFIER=(base) /usr/bin/cmake --build /home/e-yanthra/Documents/ar_ws/build/ign_ros2_control -- -j8 -l8
[11.152s] [ 50%] [32mBuilding CXX object CMakeFiles/ign_ros2_control-system.dir/src/ign_ros2_control_plugin.cpp.o[0m
[11.153s] [ 50%] [32mBuilding CXX object CMakeFiles/ign_hardware_plugins.dir/src/ign_system.cpp.o[0m
[33.246s] [ 75%] [32m[1mLinking CXX shared library libign_hardware_plugins.so[0m
[34.038s] [100%] [32m[1mLinking CXX shared library libign_ros2_control-system.so[0m
[34.739s] [100%] Built target ign_hardware_plugins
[35.590s] [100%] Built target ign_ros2_control-system
[35.614s] Invoked command in '/home/e-yanthra/Documents/ar_ws/build/ign_ros2_control' returned '0': CMAKE_PREFIX_PATH=${CMAKE_PREFIX_PATH}:/home/e-yanthra/asc/asc_ws/install/locomotion:/home/e-yanthra/robocon/install/listener:/home/e-yanthra/eyrc_hb/hb_task6_ws/install/hb_task6:/home/e-yanthra/eyrc_hb/hb_task5_ws/install/hb_task5b:/home/e-yanthra/eyrc_hb/hb_task5_ws/install/hb_task4b:/home/e-yanthra/eyrc_hb/hb_task4_ws/install/hb_task4b:/home/e-yanthra/eyrc_hb/hb_task_2_ws/install/hb_task2b:/home/e-yanthra/eyrc_hb/hb_task_2_ws/install/hb_task2a:/home/e-yanthra/eyrc_hb/hb_task1b_ws/install/hb_task_1b:/home/e-yanthra/eyrc_hb/hb_task1a_ws/install/hb_task_1a:/opt/ros/humble CONDA_PROMPT_MODIFIER=(base) /usr/bin/cmake --build /home/e-yanthra/Documents/ar_ws/build/ign_ros2_control -- -j8 -l8
[35.685s] Invoking command in '/home/e-yanthra/Documents/ar_ws/build/ign_ros2_control': CMAKE_PREFIX_PATH=${CMAKE_PREFIX_PATH}:/home/e-yanthra/asc/asc_ws/install/locomotion:/home/e-yanthra/robocon/install/listener:/home/e-yanthra/eyrc_hb/hb_task6_ws/install/hb_task6:/home/e-yanthra/eyrc_hb/hb_task5_ws/install/hb_task5b:/home/e-yanthra/eyrc_hb/hb_task5_ws/install/hb_task4b:/home/e-yanthra/eyrc_hb/hb_task4_ws/install/hb_task4b:/home/e-yanthra/eyrc_hb/hb_task_2_ws/install/hb_task2b:/home/e-yanthra/eyrc_hb/hb_task_2_ws/install/hb_task2a:/home/e-yanthra/eyrc_hb/hb_task1b_ws/install/hb_task_1b:/home/e-yanthra/eyrc_hb/hb_task1a_ws/install/hb_task_1a:/opt/ros/humble CONDA_PROMPT_MODIFIER=(base) /usr/bin/cmake --install /home/e-yanthra/Documents/ar_ws/build/ign_ros2_control
[35.702s] -- Install configuration: ""
[35.703s] -- Installing: /home/e-yanthra/Documents/ar_ws/install/ign_ros2_control/lib/libign_hardware_plugins.so
[35.710s] -- Set runtime path of "/home/e-yanthra/Documents/ar_ws/install/ign_ros2_control/lib/libign_hardware_plugins.so" to ""
[35.710s] -- Installing: /home/e-yanthra/Documents/ar_ws/install/ign_ros2_control/include
[35.710s] -- Installing: /home/e-yanthra/Documents/ar_ws/install/ign_ros2_control/include/ign_ros2_control
[35.711s] -- Installing: /home/e-yanthra/Documents/ar_ws/install/ign_ros2_control/include/ign_ros2_control/ign_system_interface.hpp
[35.711s] -- Installing: /home/e-yanthra/Documents/ar_ws/install/ign_ros2_control/include/ign_ros2_control/ign_system.hpp
[35.711s] -- Installing: /home/e-yanthra/Documents/ar_ws/install/ign_ros2_control/include/ign_ros2_control/ign_ros2_control_plugin.hpp
[35.711s] -- Installing: /home/e-yanthra/Documents/ar_ws/install/ign_ros2_control/share/ign_ros2_control/environment/library_path.sh
[35.711s] -- Installing: /home/e-yanthra/Documents/ar_ws/install/ign_ros2_control/share/ign_ros2_control/environment/library_path.dsv
[35.711s] -- Installing: /home/e-yanthra/Documents/ar_ws/install/ign_ros2_control/lib/libign_ros2_control-system.so
[35.718s] -- Set runtime path of "/home/e-yanthra/Documents/ar_ws/install/ign_ros2_control/lib/libign_ros2_control-system.so" to ""
[35.718s] -- Installing: /home/e-yanthra/Documents/ar_ws/install/ign_ros2_control/share/ign_ros2_control/ign_hardware_plugins.xml
[35.718s] -- Installing: /home/e-yanthra/Documents/ar_ws/install/ign_ros2_control/share/ament_index/resource_index/package_run_dependencies/ign_ros2_control
[35.719s] -- Installing: /home/e-yanthra/Documents/ar_ws/install/ign_ros2_control/share/ament_index/resource_index/parent_prefix_path/ign_ros2_control
[35.719s] -- Installing: /home/e-yanthra/Documents/ar_ws/install/ign_ros2_control/share/ign_ros2_control/environment/ament_prefix_path.sh
[35.719s] -- Installing: /home/e-yanthra/Documents/ar_ws/install/ign_ros2_control/share/ign_ros2_control/environment/ament_prefix_path.dsv
[35.719s] -- Installing: /home/e-yanthra/Documents/ar_ws/install/ign_ros2_control/share/ign_ros2_control/environment/path.sh
[35.720s] -- Installing: /home/e-yanthra/Documents/ar_ws/install/ign_ros2_control/share/ign_ros2_control/environment/path.dsv
[35.720s] -- Installing: /home/e-yanthra/Documents/ar_ws/install/ign_ros2_control/share/ign_ros2_control/local_setup.bash
[35.720s] -- Installing: /home/e-yanthra/Documents/ar_ws/install/ign_ros2_control/share/ign_ros2_control/local_setup.sh
[35.720s] -- Installing: /home/e-yanthra/Documents/ar_ws/install/ign_ros2_control/share/ign_ros2_control/local_setup.zsh
[35.720s] -- Installing: /home/e-yanthra/Documents/ar_ws/install/ign_ros2_control/share/ign_ros2_control/local_setup.dsv
[35.721s] -- Installing: /home/e-yanthra/Documents/ar_ws/install/ign_ros2_control/share/ign_ros2_control/package.dsv
[35.721s] -- Installing: /home/e-yanthra/Documents/ar_ws/install/ign_ros2_control/share/ament_index/resource_index/packages/ign_ros2_control
[35.721s] -- Installing: /home/e-yanthra/Documents/ar_ws/install/ign_ros2_control/share/ament_index/resource_index/ign_ros2_control__pluginlib__plugin/ign_ros2_control
[35.721s] -- Installing: /home/e-yanthra/Documents/ar_ws/install/ign_ros2_control/share/ign_ros2_control/cmake/ament_cmake_export_include_directories-extras.cmake
[35.722s] -- Installing: /home/e-yanthra/Documents/ar_ws/install/ign_ros2_control/share/ign_ros2_control/cmake/ament_cmake_export_libraries-extras.cmake
[35.722s] -- Installing: /home/e-yanthra/Documents/ar_ws/install/ign_ros2_control/share/ign_ros2_control/cmake/ign_ros2_controlConfig.cmake
[35.722s] -- Installing: /home/e-yanthra/Documents/ar_ws/install/ign_ros2_control/share/ign_ros2_control/cmake/ign_ros2_controlConfig-version.cmake
[35.722s] -- Installing: /home/e-yanthra/Documents/ar_ws/install/ign_ros2_control/share/ign_ros2_control/package.xml
[35.725s] Invoked command in '/home/e-yanthra/Documents/ar_ws/build/ign_ros2_control' returned '0': CMAKE_PREFIX_PATH=${CMAKE_PREFIX_PATH}:/home/e-yanthra/asc/asc_ws/install/locomotion:/home/e-yanthra/robocon/install/listener:/home/e-yanthra/eyrc_hb/hb_task6_ws/install/hb_task6:/home/e-yanthra/eyrc_hb/hb_task5_ws/install/hb_task5b:/home/e-yanthra/eyrc_hb/hb_task5_ws/install/hb_task4b:/home/e-yanthra/eyrc_hb/hb_task4_ws/install/hb_task4b:/home/e-yanthra/eyrc_hb/hb_task_2_ws/install/hb_task2b:/home/e-yanthra/eyrc_hb/hb_task_2_ws/install/hb_task2a:/home/e-yanthra/eyrc_hb/hb_task1b_ws/install/hb_task_1b:/home/e-yanthra/eyrc_hb/hb_task1a_ws/install/hb_task_1a:/opt/ros/humble CONDA_PROMPT_MODIFIER=(base) /usr/bin/cmake --install /home/e-yanthra/Documents/ar_ws/build/ign_ros2_control
