[2.552s] DEBUG:colcon:Command line arguments: ['/usr/bin/colcon', 'build']
[2.553s] DEBUG:colcon:Parsed command line arguments: Namespace(log_base=None, log_level=None, verb_name='build', build_base='build', install_base='install', merge_install=False, symlink_install=False, test_result_base=None, continue_on_error=False, executor='parallel', parallel_workers=8, event_handlers=None, ignore_user_meta=False, metas=['./colcon.meta'], base_paths=['.'], packages_ignore=None, packages_ignore_regex=None, paths=None, packages_up_to=None, packages_up_to_regex=None, packages_above=None, packages_above_and_dependencies=None, packages_above_depth=None, packages_select_by_dep=None, packages_skip_by_dep=None, packages_skip_up_to=None, packages_select_build_failed=False, packages_skip_build_finished=False, packages_select_test_failures=False, packages_skip_test_passed=False, packages_select=None, packages_skip=None, packages_select_regex=None, packages_skip_regex=None, packages_start=None, packages_end=None, allow_overriding=[], cmake_args=None, cmake_target=None, cmake_target_skip_unavailable=False, cmake_clean_cache=False, cmake_clean_first=False, cmake_force_configure=False, ament_cmake_args=None, catkin_cmake_args=None, catkin_skip_building_tests=False, verb_parser=<colcon_defaults.argument_parser.defaults.DefaultArgumentsDecorator object at 0x7fb1976c01f0>, verb_extension=<colcon_core.verb.build.BuildVerb object at 0x7fb1977fbe80>, main=<bound method BuildVerb.main of <colcon_core.verb.build.BuildVerb object at 0x7fb1977fbe80>>)
[2.704s] Level 1:colcon.colcon_core.package_discovery:discover_packages(colcon_meta) check parameters
[2.705s] Level 1:colcon.colcon_core.package_discovery:discover_packages(recursive) check parameters
[2.705s] Level 1:colcon.colcon_core.package_discovery:discover_packages(ignore) check parameters
[2.705s] Level 1:colcon.colcon_core.package_discovery:discover_packages(path) check parameters
[2.705s] Level 1:colcon.colcon_core.package_discovery:discover_packages(colcon_meta) discover
[2.705s] Level 1:colcon.colcon_core.package_discovery:discover_packages(recursive) discover
[2.705s] INFO:colcon.colcon_core.package_discovery:Crawling recursively for packages in '/home/e-yanthra/Documents/ar_ws'
[2.705s] Level 1:colcon.colcon_core.package_identification:_identify(.) by extensions ['ignore', 'ignore_ament_install']
[2.706s] Level 1:colcon.colcon_core.package_identification:_identify(.) by extension 'ignore'
[2.706s] Level 1:colcon.colcon_core.package_identification:_identify(.) by extension 'ignore_ament_install'
[2.706s] Level 1:colcon.colcon_core.package_identification:_identify(.) by extensions ['colcon_pkg']
[2.706s] Level 1:colcon.colcon_core.package_identification:_identify(.) by extension 'colcon_pkg'
[2.706s] Level 1:colcon.colcon_core.package_identification:_identify(.) by extensions ['colcon_meta']
[2.706s] Level 1:colcon.colcon_core.package_identification:_identify(.) by extension 'colcon_meta'
[2.706s] Level 1:colcon.colcon_core.package_identification:_identify(.) by extensions ['ros']
[2.706s] Level 1:colcon.colcon_core.package_identification:_identify(.) by extension 'ros'
[2.738s] Level 1:colcon.colcon_core.package_identification:_identify(.) by extensions ['cmake', 'python']
[2.738s] Level 1:colcon.colcon_core.package_identification:_identify(.) by extension 'cmake'
[2.739s] Level 1:colcon.colcon_core.package_identification:_identify(.) by extension 'python'
[2.739s] Level 1:colcon.colcon_core.package_identification:_identify(.) by extensions ['python_setup_py']
[2.739s] Level 1:colcon.colcon_core.package_identification:_identify(.) by extension 'python_setup_py'
[2.739s] Level 1:colcon.colcon_core.package_identification:_identify(Grey Wall) by extensions ['ignore', 'ignore_ament_install']
[2.739s] Level 1:colcon.colcon_core.package_identification:_identify(Grey Wall) by extension 'ignore'
[2.739s] Level 1:colcon.colcon_core.package_identification:_identify(Grey Wall) by extension 'ignore_ament_install'
[2.739s] Level 1:colcon.colcon_core.package_identification:_identify(Grey Wall) by extensions ['colcon_pkg']
[2.739s] Level 1:colcon.colcon_core.package_identification:_identify(Grey Wall) by extension 'colcon_pkg'
[2.739s] Level 1:colcon.colcon_core.package_identification:_identify(Grey Wall) by extensions ['colcon_meta']
[2.740s] Level 1:colcon.colcon_core.package_identification:_identify(Grey Wall) by extension 'colcon_meta'
[2.740s] Level 1:colcon.colcon_core.package_identification:_identify(Grey Wall) by extensions ['ros']
[2.740s] Level 1:colcon.colcon_core.package_identification:_identify(Grey Wall) by extension 'ros'
[2.740s] Level 1:colcon.colcon_core.package_identification:_identify(Grey Wall) by extensions ['cmake', 'python']
[2.740s] Level 1:colcon.colcon_core.package_identification:_identify(Grey Wall) by extension 'cmake'
[2.740s] Level 1:colcon.colcon_core.package_identification:_identify(Grey Wall) by extension 'python'
[2.740s] Level 1:colcon.colcon_core.package_identification:_identify(Grey Wall) by extensions ['python_setup_py']
[2.740s] Level 1:colcon.colcon_core.package_identification:_identify(Grey Wall) by extension 'python_setup_py'
[2.740s] Level 1:colcon.colcon_core.package_identification:_identify(Grey Wall/materials) by extensions ['ignore', 'ignore_ament_install']
[2.741s] Level 1:colcon.colcon_core.package_identification:_identify(Grey Wall/materials) by extension 'ignore'
[2.741s] Level 1:colcon.colcon_core.package_identification:_identify(Grey Wall/materials) by extension 'ignore_ament_install'
[2.741s] Level 1:colcon.colcon_core.package_identification:_identify(Grey Wall/materials) by extensions ['colcon_pkg']
[2.741s] Level 1:colcon.colcon_core.package_identification:_identify(Grey Wall/materials) by extension 'colcon_pkg'
[2.741s] Level 1:colcon.colcon_core.package_identification:_identify(Grey Wall/materials) by extensions ['colcon_meta']
[2.741s] Level 1:colcon.colcon_core.package_identification:_identify(Grey Wall/materials) by extension 'colcon_meta'
[2.741s] Level 1:colcon.colcon_core.package_identification:_identify(Grey Wall/materials) by extensions ['ros']
[2.741s] Level 1:colcon.colcon_core.package_identification:_identify(Grey Wall/materials) by extension 'ros'
[2.741s] Level 1:colcon.colcon_core.package_identification:_identify(Grey Wall/materials) by extensions ['cmake', 'python']
[2.741s] Level 1:colcon.colcon_core.package_identification:_identify(Grey Wall/materials) by extension 'cmake'
[2.741s] Level 1:colcon.colcon_core.package_identification:_identify(Grey Wall/materials) by extension 'python'
[2.741s] Level 1:colcon.colcon_core.package_identification:_identify(Grey Wall/materials) by extensions ['python_setup_py']
[2.741s] Level 1:colcon.colcon_core.package_identification:_identify(Grey Wall/materials) by extension 'python_setup_py'
[2.742s] Level 1:colcon.colcon_core.package_identification:_identify(Grey Wall/materials/scripts) by extensions ['ignore', 'ignore_ament_install']
[2.742s] Level 1:colcon.colcon_core.package_identification:_identify(Grey Wall/materials/scripts) by extension 'ignore'
[2.742s] Level 1:colcon.colcon_core.package_identification:_identify(Grey Wall/materials/scripts) by extension 'ignore_ament_install'
[2.742s] Level 1:colcon.colcon_core.package_identification:_identify(Grey Wall/materials/scripts) by extensions ['colcon_pkg']
[2.742s] Level 1:colcon.colcon_core.package_identification:_identify(Grey Wall/materials/scripts) by extension 'colcon_pkg'
[2.742s] Level 1:colcon.colcon_core.package_identification:_identify(Grey Wall/materials/scripts) by extensions ['colcon_meta']
[2.742s] Level 1:colcon.colcon_core.package_identification:_identify(Grey Wall/materials/scripts) by extension 'colcon_meta'
[2.742s] Level 1:colcon.colcon_core.package_identification:_identify(Grey Wall/materials/scripts) by extensions ['ros']
[2.742s] Level 1:colcon.colcon_core.package_identification:_identify(Grey Wall/materials/scripts) by extension 'ros'
[2.742s] Level 1:colcon.colcon_core.package_identification:_identify(Grey Wall/materials/scripts) by extensions ['cmake', 'python']
[2.743s] Level 1:colcon.colcon_core.package_identification:_identify(Grey Wall/materials/scripts) by extension 'cmake'
[2.743s] Level 1:colcon.colcon_core.package_identification:_identify(Grey Wall/materials/scripts) by extension 'python'
[2.743s] Level 1:colcon.colcon_core.package_identification:_identify(Grey Wall/materials/scripts) by extensions ['python_setup_py']
[2.743s] Level 1:colcon.colcon_core.package_identification:_identify(Grey Wall/materials/scripts) by extension 'python_setup_py'
[2.743s] Level 1:colcon.colcon_core.package_identification:_identify(Grey Wall/materials/textures) by extensions ['ignore', 'ignore_ament_install']
[2.743s] Level 1:colcon.colcon_core.package_identification:_identify(Grey Wall/materials/textures) by extension 'ignore'
[2.743s] Level 1:colcon.colcon_core.package_identification:_identify(Grey Wall/materials/textures) by extension 'ignore_ament_install'
[2.743s] Level 1:colcon.colcon_core.package_identification:_identify(Grey Wall/materials/textures) by extensions ['colcon_pkg']
[2.743s] Level 1:colcon.colcon_core.package_identification:_identify(Grey Wall/materials/textures) by extension 'colcon_pkg'
[2.743s] Level 1:colcon.colcon_core.package_identification:_identify(Grey Wall/materials/textures) by extensions ['colcon_meta']
[2.744s] Level 1:colcon.colcon_core.package_identification:_identify(Grey Wall/materials/textures) by extension 'colcon_meta'
[2.744s] Level 1:colcon.colcon_core.package_identification:_identify(Grey Wall/materials/textures) by extensions ['ros']
[2.744s] Level 1:colcon.colcon_core.package_identification:_identify(Grey Wall/materials/textures) by extension 'ros'
[2.744s] Level 1:colcon.colcon_core.package_identification:_identify(Grey Wall/materials/textures) by extensions ['cmake', 'python']
[2.744s] Level 1:colcon.colcon_core.package_identification:_identify(Grey Wall/materials/textures) by extension 'cmake'
[2.744s] Level 1:colcon.colcon_core.package_identification:_identify(Grey Wall/materials/textures) by extension 'python'
[2.744s] Level 1:colcon.colcon_core.package_identification:_identify(Grey Wall/materials/textures) by extensions ['python_setup_py']
[2.744s] Level 1:colcon.colcon_core.package_identification:_identify(Grey Wall/materials/textures) by extension 'python_setup_py'
[2.745s] Level 1:colcon.colcon_core.package_identification:_identify(Grey Wall/thumbnails) by extensions ['ignore', 'ignore_ament_install']
[2.745s] Level 1:colcon.colcon_core.package_identification:_identify(Grey Wall/thumbnails) by extension 'ignore'
[2.745s] Level 1:colcon.colcon_core.package_identification:_identify(Grey Wall/thumbnails) by extension 'ignore_ament_install'
[2.745s] Level 1:colcon.colcon_core.package_identification:_identify(Grey Wall/thumbnails) by extensions ['colcon_pkg']
[2.745s] Level 1:colcon.colcon_core.package_identification:_identify(Grey Wall/thumbnails) by extension 'colcon_pkg'
[2.745s] Level 1:colcon.colcon_core.package_identification:_identify(Grey Wall/thumbnails) by extensions ['colcon_meta']
[2.745s] Level 1:colcon.colcon_core.package_identification:_identify(Grey Wall/thumbnails) by extension 'colcon_meta'
[2.745s] Level 1:colcon.colcon_core.package_identification:_identify(Grey Wall/thumbnails) by extensions ['ros']
[2.745s] Level 1:colcon.colcon_core.package_identification:_identify(Grey Wall/thumbnails) by extension 'ros'
[2.746s] Level 1:colcon.colcon_core.package_identification:_identify(Grey Wall/thumbnails) by extensions ['cmake', 'python']
[2.746s] Level 1:colcon.colcon_core.package_identification:_identify(Grey Wall/thumbnails) by extension 'cmake'
[2.746s] Level 1:colcon.colcon_core.package_identification:_identify(Grey Wall/thumbnails) by extension 'python'
[2.746s] Level 1:colcon.colcon_core.package_identification:_identify(Grey Wall/thumbnails) by extensions ['python_setup_py']
[2.746s] Level 1:colcon.colcon_core.package_identification:_identify(Grey Wall/thumbnails) by extension 'python_setup_py'
[2.746s] Level 1:colcon.colcon_core.package_identification:_identify(build) by extensions ['ignore', 'ignore_ament_install']
[2.746s] Level 1:colcon.colcon_core.package_identification:_identify(build) by extension 'ignore'
[2.746s] Level 1:colcon.colcon_core.package_identification:_identify(build) ignored
[2.746s] Level 1:colcon.colcon_core.package_identification:_identify(install) by extensions ['ignore', 'ignore_ament_install']
[2.747s] Level 1:colcon.colcon_core.package_identification:_identify(install) by extension 'ignore'
[2.747s] Level 1:colcon.colcon_core.package_identification:_identify(install) ignored
[2.747s] Level 1:colcon.colcon_core.package_identification:_identify(log) by extensions ['ignore', 'ignore_ament_install']
[2.747s] Level 1:colcon.colcon_core.package_identification:_identify(log) by extension 'ignore'
[2.747s] Level 1:colcon.colcon_core.package_identification:_identify(log) ignored
[2.747s] Level 1:colcon.colcon_core.package_identification:_identify(navi_test) by extensions ['ignore', 'ignore_ament_install']
[2.748s] Level 1:colcon.colcon_core.package_identification:_identify(navi_test) by extension 'ignore'
[2.748s] Level 1:colcon.colcon_core.package_identification:_identify(navi_test) by extension 'ignore_ament_install'
[2.748s] Level 1:colcon.colcon_core.package_identification:_identify(navi_test) by extensions ['colcon_pkg']
[2.748s] Level 1:colcon.colcon_core.package_identification:_identify(navi_test) by extension 'colcon_pkg'
[2.748s] Level 1:colcon.colcon_core.package_identification:_identify(navi_test) by extensions ['colcon_meta']
[2.748s] Level 1:colcon.colcon_core.package_identification:_identify(navi_test) by extension 'colcon_meta'
[2.748s] Level 1:colcon.colcon_core.package_identification:_identify(navi_test) by extensions ['ros']
[2.748s] Level 1:colcon.colcon_core.package_identification:_identify(navi_test) by extension 'ros'
[2.754s] DEBUG:colcon.colcon_core.package_identification:Package 'navi_test' with type 'ros.ament_cmake' and name 'navi_test'
[2.755s] Level 1:colcon.colcon_core.package_identification:_identify(navigation2_ignition_gazebo_example) by extensions ['ignore', 'ignore_ament_install']
[2.755s] Level 1:colcon.colcon_core.package_identification:_identify(navigation2_ignition_gazebo_example) by extension 'ignore'
[2.755s] Level 1:colcon.colcon_core.package_identification:_identify(navigation2_ignition_gazebo_example) by extension 'ignore_ament_install'
[2.755s] Level 1:colcon.colcon_core.package_identification:_identify(navigation2_ignition_gazebo_example) by extensions ['colcon_pkg']
[2.755s] Level 1:colcon.colcon_core.package_identification:_identify(navigation2_ignition_gazebo_example) by extension 'colcon_pkg'
[2.755s] Level 1:colcon.colcon_core.package_identification:_identify(navigation2_ignition_gazebo_example) by extensions ['colcon_meta']
[2.755s] Level 1:colcon.colcon_core.package_identification:_identify(navigation2_ignition_gazebo_example) by extension 'colcon_meta'
[2.756s] Level 1:colcon.colcon_core.package_identification:_identify(navigation2_ignition_gazebo_example) by extensions ['ros']
[2.756s] Level 1:colcon.colcon_core.package_identification:_identify(navigation2_ignition_gazebo_example) by extension 'ros'
[2.756s] Level 1:colcon.colcon_core.package_identification:_identify(navigation2_ignition_gazebo_example) by extensions ['cmake', 'python']
[2.756s] Level 1:colcon.colcon_core.package_identification:_identify(navigation2_ignition_gazebo_example) by extension 'cmake'
[2.756s] Level 1:colcon.colcon_core.package_identification:_identify(navigation2_ignition_gazebo_example) by extension 'python'
[2.756s] Level 1:colcon.colcon_core.package_identification:_identify(navigation2_ignition_gazebo_example) by extensions ['python_setup_py']
[2.756s] Level 1:colcon.colcon_core.package_identification:_identify(navigation2_ignition_gazebo_example) by extension 'python_setup_py'
[2.756s] Level 1:colcon.colcon_core.package_identification:_identify(navigation2_ignition_gazebo_example/rerun) by extensions ['ignore', 'ignore_ament_install']
[2.756s] Level 1:colcon.colcon_core.package_identification:_identify(navigation2_ignition_gazebo_example/rerun) by extension 'ignore'
[2.756s] Level 1:colcon.colcon_core.package_identification:_identify(navigation2_ignition_gazebo_example/rerun) ignored
[2.757s] Level 1:colcon.colcon_core.package_identification:_identify(navigation2_ignition_gazebo_example/src) by extensions ['ignore', 'ignore_ament_install']
[2.757s] Level 1:colcon.colcon_core.package_identification:_identify(navigation2_ignition_gazebo_example/src) by extension 'ignore'
[2.757s] Level 1:colcon.colcon_core.package_identification:_identify(navigation2_ignition_gazebo_example/src) by extension 'ignore_ament_install'
[2.757s] Level 1:colcon.colcon_core.package_identification:_identify(navigation2_ignition_gazebo_example/src) by extensions ['colcon_pkg']
[2.757s] Level 1:colcon.colcon_core.package_identification:_identify(navigation2_ignition_gazebo_example/src) by extension 'colcon_pkg'
[2.757s] Level 1:colcon.colcon_core.package_identification:_identify(navigation2_ignition_gazebo_example/src) by extensions ['colcon_meta']
[2.757s] Level 1:colcon.colcon_core.package_identification:_identify(navigation2_ignition_gazebo_example/src) by extension 'colcon_meta'
[2.757s] Level 1:colcon.colcon_core.package_identification:_identify(navigation2_ignition_gazebo_example/src) by extensions ['ros']
[2.757s] Level 1:colcon.colcon_core.package_identification:_identify(navigation2_ignition_gazebo_example/src) by extension 'ros'
[2.758s] Level 1:colcon.colcon_core.package_identification:_identify(navigation2_ignition_gazebo_example/src) by extensions ['cmake', 'python']
[2.758s] Level 1:colcon.colcon_core.package_identification:_identify(navigation2_ignition_gazebo_example/src) by extension 'cmake'
[2.758s] Level 1:colcon.colcon_core.package_identification:_identify(navigation2_ignition_gazebo_example/src) by extension 'python'
[2.758s] Level 1:colcon.colcon_core.package_identification:_identify(navigation2_ignition_gazebo_example/src) by extensions ['python_setup_py']
[2.758s] Level 1:colcon.colcon_core.package_identification:_identify(navigation2_ignition_gazebo_example/src) by extension 'python_setup_py'
[2.758s] Level 1:colcon.colcon_core.package_identification:_identify(navigation2_ignition_gazebo_example/src/gz_ros2_control) by extensions ['ignore', 'ignore_ament_install']
[2.758s] Level 1:colcon.colcon_core.package_identification:_identify(navigation2_ignition_gazebo_example/src/gz_ros2_control) by extension 'ignore'
[2.758s] Level 1:colcon.colcon_core.package_identification:_identify(navigation2_ignition_gazebo_example/src/gz_ros2_control) by extension 'ignore_ament_install'
[2.758s] Level 1:colcon.colcon_core.package_identification:_identify(navigation2_ignition_gazebo_example/src/gz_ros2_control) by extensions ['colcon_pkg']
[2.758s] Level 1:colcon.colcon_core.package_identification:_identify(navigation2_ignition_gazebo_example/src/gz_ros2_control) by extension 'colcon_pkg'
[2.758s] Level 1:colcon.colcon_core.package_identification:_identify(navigation2_ignition_gazebo_example/src/gz_ros2_control) by extensions ['colcon_meta']
[2.759s] Level 1:colcon.colcon_core.package_identification:_identify(navigation2_ignition_gazebo_example/src/gz_ros2_control) by extension 'colcon_meta'
[2.759s] Level 1:colcon.colcon_core.package_identification:_identify(navigation2_ignition_gazebo_example/src/gz_ros2_control) by extensions ['ros']
[2.759s] Level 1:colcon.colcon_core.package_identification:_identify(navigation2_ignition_gazebo_example/src/gz_ros2_control) by extension 'ros'
[2.759s] Level 1:colcon.colcon_core.package_identification:_identify(navigation2_ignition_gazebo_example/src/gz_ros2_control) by extensions ['cmake', 'python']
[2.759s] Level 1:colcon.colcon_core.package_identification:_identify(navigation2_ignition_gazebo_example/src/gz_ros2_control) by extension 'cmake'
[2.759s] Level 1:colcon.colcon_core.package_identification:_identify(navigation2_ignition_gazebo_example/src/gz_ros2_control) by extension 'python'
[2.759s] Level 1:colcon.colcon_core.package_identification:_identify(navigation2_ignition_gazebo_example/src/gz_ros2_control) by extensions ['python_setup_py']
[2.759s] Level 1:colcon.colcon_core.package_identification:_identify(navigation2_ignition_gazebo_example/src/gz_ros2_control) by extension 'python_setup_py'
[2.759s] Level 1:colcon.colcon_core.package_identification:_identify(navigation2_ignition_gazebo_example/src/gz_ros2_control/Dockerfile) by extensions ['ignore', 'ignore_ament_install']
[2.760s] Level 1:colcon.colcon_core.package_identification:_identify(navigation2_ignition_gazebo_example/src/gz_ros2_control/Dockerfile) by extension 'ignore'
[2.760s] Level 1:colcon.colcon_core.package_identification:_identify(navigation2_ignition_gazebo_example/src/gz_ros2_control/Dockerfile) by extension 'ignore_ament_install'
[2.760s] Level 1:colcon.colcon_core.package_identification:_identify(navigation2_ignition_gazebo_example/src/gz_ros2_control/Dockerfile) by extensions ['colcon_pkg']
[2.760s] Level 1:colcon.colcon_core.package_identification:_identify(navigation2_ignition_gazebo_example/src/gz_ros2_control/Dockerfile) by extension 'colcon_pkg'
[2.760s] Level 1:colcon.colcon_core.package_identification:_identify(navigation2_ignition_gazebo_example/src/gz_ros2_control/Dockerfile) by extensions ['colcon_meta']
[2.760s] Level 1:colcon.colcon_core.package_identification:_identify(navigation2_ignition_gazebo_example/src/gz_ros2_control/Dockerfile) by extension 'colcon_meta'
[2.760s] Level 1:colcon.colcon_core.package_identification:_identify(navigation2_ignition_gazebo_example/src/gz_ros2_control/Dockerfile) by extensions ['ros']
[2.760s] Level 1:colcon.colcon_core.package_identification:_identify(navigation2_ignition_gazebo_example/src/gz_ros2_control/Dockerfile) by extension 'ros'
[2.760s] Level 1:colcon.colcon_core.package_identification:_identify(navigation2_ignition_gazebo_example/src/gz_ros2_control/Dockerfile) by extensions ['cmake', 'python']
[2.760s] Level 1:colcon.colcon_core.package_identification:_identify(navigation2_ignition_gazebo_example/src/gz_ros2_control/Dockerfile) by extension 'cmake'
[2.760s] Level 1:colcon.colcon_core.package_identification:_identify(navigation2_ignition_gazebo_example/src/gz_ros2_control/Dockerfile) by extension 'python'
[2.761s] Level 1:colcon.colcon_core.package_identification:_identify(navigation2_ignition_gazebo_example/src/gz_ros2_control/Dockerfile) by extensions ['python_setup_py']
[2.761s] Level 1:colcon.colcon_core.package_identification:_identify(navigation2_ignition_gazebo_example/src/gz_ros2_control/Dockerfile) by extension 'python_setup_py'
[2.761s] Level 1:colcon.colcon_core.package_identification:_identify(navigation2_ignition_gazebo_example/src/gz_ros2_control/doc) by extensions ['ignore', 'ignore_ament_install']
[2.761s] Level 1:colcon.colcon_core.package_identification:_identify(navigation2_ignition_gazebo_example/src/gz_ros2_control/doc) by extension 'ignore'
[2.761s] Level 1:colcon.colcon_core.package_identification:_identify(navigation2_ignition_gazebo_example/src/gz_ros2_control/doc) by extension 'ignore_ament_install'
[2.761s] Level 1:colcon.colcon_core.package_identification:_identify(navigation2_ignition_gazebo_example/src/gz_ros2_control/doc) by extensions ['colcon_pkg']
[2.761s] Level 1:colcon.colcon_core.package_identification:_identify(navigation2_ignition_gazebo_example/src/gz_ros2_control/doc) by extension 'colcon_pkg'
[2.761s] Level 1:colcon.colcon_core.package_identification:_identify(navigation2_ignition_gazebo_example/src/gz_ros2_control/doc) by extensions ['colcon_meta']
[2.761s] Level 1:colcon.colcon_core.package_identification:_identify(navigation2_ignition_gazebo_example/src/gz_ros2_control/doc) by extension 'colcon_meta'
[2.761s] Level 1:colcon.colcon_core.package_identification:_identify(navigation2_ignition_gazebo_example/src/gz_ros2_control/doc) by extensions ['ros']
[2.762s] Level 1:colcon.colcon_core.package_identification:_identify(navigation2_ignition_gazebo_example/src/gz_ros2_control/doc) by extension 'ros'
[2.762s] Level 1:colcon.colcon_core.package_identification:_identify(navigation2_ignition_gazebo_example/src/gz_ros2_control/doc) by extensions ['cmake', 'python']
[2.762s] Level 1:colcon.colcon_core.package_identification:_identify(navigation2_ignition_gazebo_example/src/gz_ros2_control/doc) by extension 'cmake'
[2.762s] Level 1:colcon.colcon_core.package_identification:_identify(navigation2_ignition_gazebo_example/src/gz_ros2_control/doc) by extension 'python'
[2.762s] Level 1:colcon.colcon_core.package_identification:_identify(navigation2_ignition_gazebo_example/src/gz_ros2_control/doc) by extensions ['python_setup_py']
[2.762s] Level 1:colcon.colcon_core.package_identification:_identify(navigation2_ignition_gazebo_example/src/gz_ros2_control/doc) by extension 'python_setup_py'
[2.762s] Level 1:colcon.colcon_core.package_identification:_identify(navigation2_ignition_gazebo_example/src/gz_ros2_control/doc/img) by extensions ['ignore', 'ignore_ament_install']
[2.762s] Level 1:colcon.colcon_core.package_identification:_identify(navigation2_ignition_gazebo_example/src/gz_ros2_control/doc/img) by extension 'ignore'
[2.762s] Level 1:colcon.colcon_core.package_identification:_identify(navigation2_ignition_gazebo_example/src/gz_ros2_control/doc/img) by extension 'ignore_ament_install'
[2.762s] Level 1:colcon.colcon_core.package_identification:_identify(navigation2_ignition_gazebo_example/src/gz_ros2_control/doc/img) by extensions ['colcon_pkg']
[2.763s] Level 1:colcon.colcon_core.package_identification:_identify(navigation2_ignition_gazebo_example/src/gz_ros2_control/doc/img) by extension 'colcon_pkg'
[2.763s] Level 1:colcon.colcon_core.package_identification:_identify(navigation2_ignition_gazebo_example/src/gz_ros2_control/doc/img) by extensions ['colcon_meta']
[2.763s] Level 1:colcon.colcon_core.package_identification:_identify(navigation2_ignition_gazebo_example/src/gz_ros2_control/doc/img) by extension 'colcon_meta'
[2.763s] Level 1:colcon.colcon_core.package_identification:_identify(navigation2_ignition_gazebo_example/src/gz_ros2_control/doc/img) by extensions ['ros']
[2.763s] Level 1:colcon.colcon_core.package_identification:_identify(navigation2_ignition_gazebo_example/src/gz_ros2_control/doc/img) by extension 'ros'
[2.763s] Level 1:colcon.colcon_core.package_identification:_identify(navigation2_ignition_gazebo_example/src/gz_ros2_control/doc/img) by extensions ['cmake', 'python']
[2.763s] Level 1:colcon.colcon_core.package_identification:_identify(navigation2_ignition_gazebo_example/src/gz_ros2_control/doc/img) by extension 'cmake'
[2.763s] Level 1:colcon.colcon_core.package_identification:_identify(navigation2_ignition_gazebo_example/src/gz_ros2_control/doc/img) by extension 'python'
[2.763s] Level 1:colcon.colcon_core.package_identification:_identify(navigation2_ignition_gazebo_example/src/gz_ros2_control/doc/img) by extensions ['python_setup_py']
[2.763s] Level 1:colcon.colcon_core.package_identification:_identify(navigation2_ignition_gazebo_example/src/gz_ros2_control/doc/img) by extension 'python_setup_py'
[2.763s] Level 1:colcon.colcon_core.package_identification:_identify(navigation2_ignition_gazebo_example/src/gz_ros2_control/gz_ros2_control_tests) by extensions ['ignore', 'ignore_ament_install']
[2.764s] Level 1:colcon.colcon_core.package_identification:_identify(navigation2_ignition_gazebo_example/src/gz_ros2_control/gz_ros2_control_tests) by extension 'ignore'
[2.764s] Level 1:colcon.colcon_core.package_identification:_identify(navigation2_ignition_gazebo_example/src/gz_ros2_control/gz_ros2_control_tests) by extension 'ignore_ament_install'
[2.764s] Level 1:colcon.colcon_core.package_identification:_identify(navigation2_ignition_gazebo_example/src/gz_ros2_control/gz_ros2_control_tests) by extensions ['colcon_pkg']
[2.764s] Level 1:colcon.colcon_core.package_identification:_identify(navigation2_ignition_gazebo_example/src/gz_ros2_control/gz_ros2_control_tests) by extension 'colcon_pkg'
[2.764s] Level 1:colcon.colcon_core.package_identification:_identify(navigation2_ignition_gazebo_example/src/gz_ros2_control/gz_ros2_control_tests) by extensions ['colcon_meta']
[2.764s] Level 1:colcon.colcon_core.package_identification:_identify(navigation2_ignition_gazebo_example/src/gz_ros2_control/gz_ros2_control_tests) by extension 'colcon_meta'
[2.764s] Level 1:colcon.colcon_core.package_identification:_identify(navigation2_ignition_gazebo_example/src/gz_ros2_control/gz_ros2_control_tests) by extensions ['ros']
[2.764s] Level 1:colcon.colcon_core.package_identification:_identify(navigation2_ignition_gazebo_example/src/gz_ros2_control/gz_ros2_control_tests) by extension 'ros'
[2.773s] DEBUG:colcon.colcon_core.package_identification:Package 'navigation2_ignition_gazebo_example/src/gz_ros2_control/gz_ros2_control_tests' with type 'ros.ament_cmake' and name 'gz_ros2_control_tests'
[2.773s] Level 1:colcon.colcon_core.package_identification:_identify(navigation2_ignition_gazebo_example/src/gz_ros2_control/ign_ros2_control) by extensions ['ignore', 'ignore_ament_install']
[2.773s] Level 1:colcon.colcon_core.package_identification:_identify(navigation2_ignition_gazebo_example/src/gz_ros2_control/ign_ros2_control) by extension 'ignore'
[2.773s] Level 1:colcon.colcon_core.package_identification:_identify(navigation2_ignition_gazebo_example/src/gz_ros2_control/ign_ros2_control) by extension 'ignore_ament_install'
[2.774s] Level 1:colcon.colcon_core.package_identification:_identify(navigation2_ignition_gazebo_example/src/gz_ros2_control/ign_ros2_control) by extensions ['colcon_pkg']
[2.774s] Level 1:colcon.colcon_core.package_identification:_identify(navigation2_ignition_gazebo_example/src/gz_ros2_control/ign_ros2_control) by extension 'colcon_pkg'
[2.774s] Level 1:colcon.colcon_core.package_identification:_identify(navigation2_ignition_gazebo_example/src/gz_ros2_control/ign_ros2_control) by extensions ['colcon_meta']
[2.774s] Level 1:colcon.colcon_core.package_identification:_identify(navigation2_ignition_gazebo_example/src/gz_ros2_control/ign_ros2_control) by extension 'colcon_meta'
[2.774s] Level 1:colcon.colcon_core.package_identification:_identify(navigation2_ignition_gazebo_example/src/gz_ros2_control/ign_ros2_control) by extensions ['ros']
[2.774s] Level 1:colcon.colcon_core.package_identification:_identify(navigation2_ignition_gazebo_example/src/gz_ros2_control/ign_ros2_control) by extension 'ros'
[2.783s] DEBUG:colcon.colcon_core.package_identification:Package 'navigation2_ignition_gazebo_example/src/gz_ros2_control/ign_ros2_control' with type 'ros.ament_cmake' and name 'ign_ros2_control'
[2.784s] Level 1:colcon.colcon_core.package_identification:_identify(navigation2_ignition_gazebo_example/src/gz_ros2_control/ign_ros2_control_demos) by extensions ['ignore', 'ignore_ament_install']
[2.784s] Level 1:colcon.colcon_core.package_identification:_identify(navigation2_ignition_gazebo_example/src/gz_ros2_control/ign_ros2_control_demos) by extension 'ignore'
[2.784s] Level 1:colcon.colcon_core.package_identification:_identify(navigation2_ignition_gazebo_example/src/gz_ros2_control/ign_ros2_control_demos) by extension 'ignore_ament_install'
[2.785s] Level 1:colcon.colcon_core.package_identification:_identify(navigation2_ignition_gazebo_example/src/gz_ros2_control/ign_ros2_control_demos) by extensions ['colcon_pkg']
[2.785s] Level 1:colcon.colcon_core.package_identification:_identify(navigation2_ignition_gazebo_example/src/gz_ros2_control/ign_ros2_control_demos) by extension 'colcon_pkg'
[2.785s] Level 1:colcon.colcon_core.package_identification:_identify(navigation2_ignition_gazebo_example/src/gz_ros2_control/ign_ros2_control_demos) by extensions ['colcon_meta']
[2.785s] Level 1:colcon.colcon_core.package_identification:_identify(navigation2_ignition_gazebo_example/src/gz_ros2_control/ign_ros2_control_demos) by extension 'colcon_meta'
[2.785s] Level 1:colcon.colcon_core.package_identification:_identify(navigation2_ignition_gazebo_example/src/gz_ros2_control/ign_ros2_control_demos) by extensions ['ros']
[2.785s] Level 1:colcon.colcon_core.package_identification:_identify(navigation2_ignition_gazebo_example/src/gz_ros2_control/ign_ros2_control_demos) by extension 'ros'
[2.787s] DEBUG:colcon.colcon_core.package_identification:Package 'navigation2_ignition_gazebo_example/src/gz_ros2_control/ign_ros2_control_demos' with type 'ros.ament_cmake' and name 'ign_ros2_control_demos'
[2.787s] Level 1:colcon.colcon_core.package_identification:_identify(navigation2_ignition_gazebo_example/src/sam_bot_nav2_gz) by extensions ['ignore', 'ignore_ament_install']
[2.787s] Level 1:colcon.colcon_core.package_identification:_identify(navigation2_ignition_gazebo_example/src/sam_bot_nav2_gz) by extension 'ignore'
[2.788s] Level 1:colcon.colcon_core.package_identification:_identify(navigation2_ignition_gazebo_example/src/sam_bot_nav2_gz) by extension 'ignore_ament_install'
[2.788s] Level 1:colcon.colcon_core.package_identification:_identify(navigation2_ignition_gazebo_example/src/sam_bot_nav2_gz) by extensions ['colcon_pkg']
[2.788s] Level 1:colcon.colcon_core.package_identification:_identify(navigation2_ignition_gazebo_example/src/sam_bot_nav2_gz) by extension 'colcon_pkg'
[2.788s] Level 1:colcon.colcon_core.package_identification:_identify(navigation2_ignition_gazebo_example/src/sam_bot_nav2_gz) by extensions ['colcon_meta']
[2.788s] Level 1:colcon.colcon_core.package_identification:_identify(navigation2_ignition_gazebo_example/src/sam_bot_nav2_gz) by extension 'colcon_meta'
[2.788s] Level 1:colcon.colcon_core.package_identification:_identify(navigation2_ignition_gazebo_example/src/sam_bot_nav2_gz) by extensions ['ros']
[2.788s] Level 1:colcon.colcon_core.package_identification:_identify(navigation2_ignition_gazebo_example/src/sam_bot_nav2_gz) by extension 'ros'
[2.790s] DEBUG:colcon.colcon_core.package_identification:Package 'navigation2_ignition_gazebo_example/src/sam_bot_nav2_gz' with type 'ros.ament_cmake' and name 'sam_bot_nav2_gz'
[2.790s] Level 1:colcon.colcon_core.package_identification:_identify(src) by extensions ['ignore', 'ignore_ament_install']
[2.791s] Level 1:colcon.colcon_core.package_identification:_identify(src) by extension 'ignore'
[2.791s] Level 1:colcon.colcon_core.package_identification:_identify(src) by extension 'ignore_ament_install'
[2.791s] Level 1:colcon.colcon_core.package_identification:_identify(src) by extensions ['colcon_pkg']
[2.791s] Level 1:colcon.colcon_core.package_identification:_identify(src) by extension 'colcon_pkg'
[2.791s] Level 1:colcon.colcon_core.package_identification:_identify(src) by extensions ['colcon_meta']
[2.791s] Level 1:colcon.colcon_core.package_identification:_identify(src) by extension 'colcon_meta'
[2.792s] Level 1:colcon.colcon_core.package_identification:_identify(src) by extensions ['ros']
[2.792s] Level 1:colcon.colcon_core.package_identification:_identify(src) by extension 'ros'
[2.792s] Level 1:colcon.colcon_core.package_identification:_identify(src) by extensions ['cmake', 'python']
[2.792s] Level 1:colcon.colcon_core.package_identification:_identify(src) by extension 'cmake'
[2.792s] Level 1:colcon.colcon_core.package_identification:_identify(src) by extension 'python'
[2.792s] Level 1:colcon.colcon_core.package_identification:_identify(src) by extensions ['python_setup_py']
[2.792s] Level 1:colcon.colcon_core.package_identification:_identify(src) by extension 'python_setup_py'
[2.792s] Level 1:colcon.colcon_core.package_discovery:discover_packages(recursive) using defaults
[2.793s] Level 1:colcon.colcon_core.package_discovery:discover_packages(ignore) discover
[2.793s] Level 1:colcon.colcon_core.package_discovery:discover_packages(ignore) using defaults
[2.793s] Level 1:colcon.colcon_core.package_discovery:discover_packages(path) discover
[2.793s] Level 1:colcon.colcon_core.package_discovery:discover_packages(path) using defaults
[3.035s] Level 1:colcon.colcon_core.package_discovery:discover_packages(prefix_path) check parameters
[3.035s] Level 1:colcon.colcon_core.package_discovery:discover_packages(prefix_path) discover
[3.115s] DEBUG:colcon.colcon_installed_package_information.package_discovery:Found 5 installed packages in /home/e-yanthra/Documents/ar_ws/install
[3.156s] DEBUG:colcon.colcon_installed_package_information.package_discovery:Found 2 installed packages in /home/e-yanthra/asc/asc_ws/install
[3.211s] DEBUG:colcon.colcon_installed_package_information.package_discovery:Found 1 installed packages in /home/e-yanthra/robocon/install
[3.255s] DEBUG:colcon.colcon_installed_package_information.package_discovery:Found 2 installed packages in /home/e-yanthra/eyrc_hb/hb_task6_ws/install
[3.296s] DEBUG:colcon.colcon_installed_package_information.package_discovery:Found 3 installed packages in /home/e-yanthra/eyrc_hb/hb_task5_ws/install
[3.355s] DEBUG:colcon.colcon_installed_package_information.package_discovery:Found 2 installed packages in /home/e-yanthra/eyrc_hb/hb_task4_ws/install
[3.395s] DEBUG:colcon.colcon_installed_package_information.package_discovery:Found 5 installed packages in /home/e-yanthra/eyrc_hb/hb_task_2_ws/install
[3.432s] DEBUG:colcon.colcon_installed_package_information.package_discovery:Found 2 installed packages in /home/e-yanthra/eyrc_hb/hb_task1b_ws/install
[3.469s] DEBUG:colcon.colcon_installed_package_information.package_discovery:Found 2 installed packages in /home/e-yanthra/eyrc_hb/hb_task1a_ws/install
[3.509s] DEBUG:colcon.colcon_installed_package_information.package_discovery:Found 376 installed packages in /opt/ros/humble
[3.513s] Level 1:colcon.colcon_core.package_discovery:discover_packages(prefix_path) using defaults
[3.728s] Level 5:colcon.colcon_core.verb:set package 'ign_ros2_control' build argument 'cmake_args' from command line to 'None'
[3.728s] Level 5:colcon.colcon_core.verb:set package 'ign_ros2_control' build argument 'cmake_target' from command line to 'None'
[3.728s] Level 5:colcon.colcon_core.verb:set package 'ign_ros2_control' build argument 'cmake_target_skip_unavailable' from command line to 'False'
[3.728s] Level 5:colcon.colcon_core.verb:set package 'ign_ros2_control' build argument 'cmake_clean_cache' from command line to 'False'
[3.728s] Level 5:colcon.colcon_core.verb:set package 'ign_ros2_control' build argument 'cmake_clean_first' from command line to 'False'
[3.728s] Level 5:colcon.colcon_core.verb:set package 'ign_ros2_control' build argument 'cmake_force_configure' from command line to 'False'
[3.728s] Level 5:colcon.colcon_core.verb:set package 'ign_ros2_control' build argument 'ament_cmake_args' from command line to 'None'
[3.728s] Level 5:colcon.colcon_core.verb:set package 'ign_ros2_control' build argument 'catkin_cmake_args' from command line to 'None'
[3.728s] Level 5:colcon.colcon_core.verb:set package 'ign_ros2_control' build argument 'catkin_skip_building_tests' from command line to 'False'
[3.728s] DEBUG:colcon.colcon_core.verb:Building package 'ign_ros2_control' with the following arguments: {'ament_cmake_args': None, 'build_base': '/home/e-yanthra/Documents/ar_ws/build/ign_ros2_control', 'catkin_cmake_args': None, 'catkin_skip_building_tests': False, 'cmake_args': None, 'cmake_clean_cache': False, 'cmake_clean_first': False, 'cmake_force_configure': False, 'cmake_target': None, 'cmake_target_skip_unavailable': False, 'install_base': '/home/e-yanthra/Documents/ar_ws/install/ign_ros2_control', 'merge_install': False, 'path': '/home/e-yanthra/Documents/ar_ws/navigation2_ignition_gazebo_example/src/gz_ros2_control/ign_ros2_control', 'symlink_install': False, 'test_result_base': None}
[3.770s] Level 5:colcon.colcon_core.verb:set package 'navi_test' build argument 'cmake_args' from command line to 'None'
[3.770s] Level 5:colcon.colcon_core.verb:set package 'navi_test' build argument 'cmake_target' from command line to 'None'
[3.770s] Level 5:colcon.colcon_core.verb:set package 'navi_test' build argument 'cmake_target_skip_unavailable' from command line to 'False'
[3.770s] Level 5:colcon.colcon_core.verb:set package 'navi_test' build argument 'cmake_clean_cache' from command line to 'False'
[3.770s] Level 5:colcon.colcon_core.verb:set package 'navi_test' build argument 'cmake_clean_first' from command line to 'False'
[3.770s] Level 5:colcon.colcon_core.verb:set package 'navi_test' build argument 'cmake_force_configure' from command line to 'False'
[3.770s] Level 5:colcon.colcon_core.verb:set package 'navi_test' build argument 'ament_cmake_args' from command line to 'None'
[3.770s] Level 5:colcon.colcon_core.verb:set package 'navi_test' build argument 'catkin_cmake_args' from command line to 'None'
[3.770s] Level 5:colcon.colcon_core.verb:set package 'navi_test' build argument 'catkin_skip_building_tests' from command line to 'False'
[3.770s] DEBUG:colcon.colcon_core.verb:Building package 'navi_test' with the following arguments: {'ament_cmake_args': None, 'build_base': '/home/e-yanthra/Documents/ar_ws/build/navi_test', 'catkin_cmake_args': None, 'catkin_skip_building_tests': False, 'cmake_args': None, 'cmake_clean_cache': False, 'cmake_clean_first': False, 'cmake_force_configure': False, 'cmake_target': None, 'cmake_target_skip_unavailable': False, 'install_base': '/home/e-yanthra/Documents/ar_ws/install/navi_test', 'merge_install': False, 'path': '/home/e-yanthra/Documents/ar_ws/navi_test', 'symlink_install': False, 'test_result_base': None}
[3.807s] Level 5:colcon.colcon_core.verb:set package 'gz_ros2_control_tests' build argument 'cmake_args' from command line to 'None'
[3.808s] Level 5:colcon.colcon_core.verb:set package 'gz_ros2_control_tests' build argument 'cmake_target' from command line to 'None'
[3.808s] Level 5:colcon.colcon_core.verb:set package 'gz_ros2_control_tests' build argument 'cmake_target_skip_unavailable' from command line to 'False'
[3.808s] Level 5:colcon.colcon_core.verb:set package 'gz_ros2_control_tests' build argument 'cmake_clean_cache' from command line to 'False'
[3.808s] Level 5:colcon.colcon_core.verb:set package 'gz_ros2_control_tests' build argument 'cmake_clean_first' from command line to 'False'
[3.808s] Level 5:colcon.colcon_core.verb:set package 'gz_ros2_control_tests' build argument 'cmake_force_configure' from command line to 'False'
[3.808s] Level 5:colcon.colcon_core.verb:set package 'gz_ros2_control_tests' build argument 'ament_cmake_args' from command line to 'None'
[3.808s] Level 5:colcon.colcon_core.verb:set package 'gz_ros2_control_tests' build argument 'catkin_cmake_args' from command line to 'None'
[3.808s] Level 5:colcon.colcon_core.verb:set package 'gz_ros2_control_tests' build argument 'catkin_skip_building_tests' from command line to 'False'
[3.808s] DEBUG:colcon.colcon_core.verb:Building package 'gz_ros2_control_tests' with the following arguments: {'ament_cmake_args': None, 'build_base': '/home/e-yanthra/Documents/ar_ws/build/gz_ros2_control_tests', 'catkin_cmake_args': None, 'catkin_skip_building_tests': False, 'cmake_args': None, 'cmake_clean_cache': False, 'cmake_clean_first': False, 'cmake_force_configure': False, 'cmake_target': None, 'cmake_target_skip_unavailable': False, 'install_base': '/home/e-yanthra/Documents/ar_ws/install/gz_ros2_control_tests', 'merge_install': False, 'path': '/home/e-yanthra/Documents/ar_ws/navigation2_ignition_gazebo_example/src/gz_ros2_control/gz_ros2_control_tests', 'symlink_install': False, 'test_result_base': None}
[3.847s] Level 5:colcon.colcon_core.verb:set package 'ign_ros2_control_demos' build argument 'cmake_args' from command line to 'None'
[3.847s] Level 5:colcon.colcon_core.verb:set package 'ign_ros2_control_demos' build argument 'cmake_target' from command line to 'None'
[3.847s] Level 5:colcon.colcon_core.verb:set package 'ign_ros2_control_demos' build argument 'cmake_target_skip_unavailable' from command line to 'False'
[3.847s] Level 5:colcon.colcon_core.verb:set package 'ign_ros2_control_demos' build argument 'cmake_clean_cache' from command line to 'False'
[3.847s] Level 5:colcon.colcon_core.verb:set package 'ign_ros2_control_demos' build argument 'cmake_clean_first' from command line to 'False'
[3.847s] Level 5:colcon.colcon_core.verb:set package 'ign_ros2_control_demos' build argument 'cmake_force_configure' from command line to 'False'
[3.847s] Level 5:colcon.colcon_core.verb:set package 'ign_ros2_control_demos' build argument 'ament_cmake_args' from command line to 'None'
[3.847s] Level 5:colcon.colcon_core.verb:set package 'ign_ros2_control_demos' build argument 'catkin_cmake_args' from command line to 'None'
[3.847s] Level 5:colcon.colcon_core.verb:set package 'ign_ros2_control_demos' build argument 'catkin_skip_building_tests' from command line to 'False'
[3.847s] DEBUG:colcon.colcon_core.verb:Building package 'ign_ros2_control_demos' with the following arguments: {'ament_cmake_args': None, 'build_base': '/home/e-yanthra/Documents/ar_ws/build/ign_ros2_control_demos', 'catkin_cmake_args': None, 'catkin_skip_building_tests': False, 'cmake_args': None, 'cmake_clean_cache': False, 'cmake_clean_first': False, 'cmake_force_configure': False, 'cmake_target': None, 'cmake_target_skip_unavailable': False, 'install_base': '/home/e-yanthra/Documents/ar_ws/install/ign_ros2_control_demos', 'merge_install': False, 'path': '/home/e-yanthra/Documents/ar_ws/navigation2_ignition_gazebo_example/src/gz_ros2_control/ign_ros2_control_demos', 'symlink_install': False, 'test_result_base': None}
[3.885s] Level 5:colcon.colcon_core.verb:set package 'sam_bot_nav2_gz' build argument 'cmake_args' from command line to 'None'
[3.885s] Level 5:colcon.colcon_core.verb:set package 'sam_bot_nav2_gz' build argument 'cmake_target' from command line to 'None'
[3.885s] Level 5:colcon.colcon_core.verb:set package 'sam_bot_nav2_gz' build argument 'cmake_target_skip_unavailable' from command line to 'False'
[3.885s] Level 5:colcon.colcon_core.verb:set package 'sam_bot_nav2_gz' build argument 'cmake_clean_cache' from command line to 'False'
[3.885s] Level 5:colcon.colcon_core.verb:set package 'sam_bot_nav2_gz' build argument 'cmake_clean_first' from command line to 'False'
[3.885s] Level 5:colcon.colcon_core.verb:set package 'sam_bot_nav2_gz' build argument 'cmake_force_configure' from command line to 'False'
[3.885s] Level 5:colcon.colcon_core.verb:set package 'sam_bot_nav2_gz' build argument 'ament_cmake_args' from command line to 'None'
[3.885s] Level 5:colcon.colcon_core.verb:set package 'sam_bot_nav2_gz' build argument 'catkin_cmake_args' from command line to 'None'
[3.885s] Level 5:colcon.colcon_core.verb:set package 'sam_bot_nav2_gz' build argument 'catkin_skip_building_tests' from command line to 'False'
[3.885s] DEBUG:colcon.colcon_core.verb:Building package 'sam_bot_nav2_gz' with the following arguments: {'ament_cmake_args': None, 'build_base': '/home/e-yanthra/Documents/ar_ws/build/sam_bot_nav2_gz', 'catkin_cmake_args': None, 'catkin_skip_building_tests': False, 'cmake_args': None, 'cmake_clean_cache': False, 'cmake_clean_first': False, 'cmake_force_configure': False, 'cmake_target': None, 'cmake_target_skip_unavailable': False, 'install_base': '/home/e-yanthra/Documents/ar_ws/install/sam_bot_nav2_gz', 'merge_install': False, 'path': '/home/e-yanthra/Documents/ar_ws/navigation2_ignition_gazebo_example/src/sam_bot_nav2_gz', 'symlink_install': False, 'test_result_base': None}
[3.920s] INFO:colcon.colcon_core.executor:Executing jobs using 'parallel' executor
[3.959s] DEBUG:colcon.colcon_parallel_executor.executor.parallel:run_until_complete
[3.959s] INFO:colcon.colcon_ros.task.ament_cmake.build:Building ROS package in '/home/e-yanthra/Documents/ar_ws/navigation2_ignition_gazebo_example/src/gz_ros2_control/ign_ros2_control' with build type 'ament_cmake'
[3.960s] INFO:colcon.colcon_cmake.task.cmake.build:Building CMake package in '/home/e-yanthra/Documents/ar_ws/navigation2_ignition_gazebo_example/src/gz_ros2_control/ign_ros2_control'
[4.004s] INFO:colcon.colcon_core.plugin_system:Skipping extension 'colcon_core.shell.bat': Not used on non-Windows systems
[4.005s] INFO:colcon.colcon_core.shell:Skip shell extension 'powershell' for command environment: Not usable outside of PowerShell
[4.005s] DEBUG:colcon.colcon_core.shell:Skip shell extension 'dsv' for command environment
[4.453s] INFO:colcon.colcon_ros.task.ament_cmake.build:Building ROS package in '/home/e-yanthra/Documents/ar_ws/navi_test' with build type 'ament_cmake'
[4.453s] INFO:colcon.colcon_cmake.task.cmake.build:Building CMake package in '/home/e-yanthra/Documents/ar_ws/navi_test'
[4.496s] INFO:colcon.colcon_core.shell:Skip shell extension 'powershell' for command environment: Not usable outside of PowerShell
[4.496s] DEBUG:colcon.colcon_core.shell:Skip shell extension 'dsv' for command environment
[4.956s] DEBUG:colcon.colcon_core.event_handler.log_command:Invoking command in '/home/e-yanthra/Documents/ar_ws/build/ign_ros2_control': CMAKE_PREFIX_PATH=${CMAKE_PREFIX_PATH}:/home/e-yanthra/asc/asc_ws/install/locomotion:/home/e-yanthra/robocon/install/listener:/home/e-yanthra/eyrc_hb/hb_task6_ws/install/hb_task6:/home/e-yanthra/eyrc_hb/hb_task5_ws/install/hb_task5b:/home/e-yanthra/eyrc_hb/hb_task5_ws/install/hb_task4b:/home/e-yanthra/eyrc_hb/hb_task4_ws/install/hb_task4b:/home/e-yanthra/eyrc_hb/hb_task_2_ws/install/hb_task2b:/home/e-yanthra/eyrc_hb/hb_task_2_ws/install/hb_task2a:/home/e-yanthra/eyrc_hb/hb_task1b_ws/install/hb_task_1b:/home/e-yanthra/eyrc_hb/hb_task1a_ws/install/hb_task_1a:/opt/ros/humble /usr/bin/cmake --build /home/e-yanthra/Documents/ar_ws/build/ign_ros2_control -- -j8 -l8
[4.968s] DEBUG:colcon.colcon_core.event_handler.log_command:Invoking command in '/home/e-yanthra/Documents/ar_ws/build/navi_test': CMAKE_PREFIX_PATH=${CMAKE_PREFIX_PATH}:/home/e-yanthra/asc/asc_ws/install/locomotion:/home/e-yanthra/robocon/install/listener:/home/e-yanthra/eyrc_hb/hb_task6_ws/install/hb_task6:/home/e-yanthra/eyrc_hb/hb_task5_ws/install/hb_task5b:/home/e-yanthra/eyrc_hb/hb_task5_ws/install/hb_task4b:/home/e-yanthra/eyrc_hb/hb_task4_ws/install/hb_task4b:/home/e-yanthra/eyrc_hb/hb_task_2_ws/install/hb_task2b:/home/e-yanthra/eyrc_hb/hb_task_2_ws/install/hb_task2a:/home/e-yanthra/eyrc_hb/hb_task1b_ws/install/hb_task_1b:/home/e-yanthra/eyrc_hb/hb_task1a_ws/install/hb_task_1a:/opt/ros/humble /usr/bin/cmake --build /home/e-yanthra/Documents/ar_ws/build/navi_test -- -j8 -l8
[5.164s] DEBUG:colcon.colcon_core.event_handler.log_command:Invoked command in '/home/e-yanthra/Documents/ar_ws/build/ign_ros2_control' returned '0': CMAKE_PREFIX_PATH=${CMAKE_PREFIX_PATH}:/home/e-yanthra/asc/asc_ws/install/locomotion:/home/e-yanthra/robocon/install/listener:/home/e-yanthra/eyrc_hb/hb_task6_ws/install/hb_task6:/home/e-yanthra/eyrc_hb/hb_task5_ws/install/hb_task5b:/home/e-yanthra/eyrc_hb/hb_task5_ws/install/hb_task4b:/home/e-yanthra/eyrc_hb/hb_task4_ws/install/hb_task4b:/home/e-yanthra/eyrc_hb/hb_task_2_ws/install/hb_task2b:/home/e-yanthra/eyrc_hb/hb_task_2_ws/install/hb_task2a:/home/e-yanthra/eyrc_hb/hb_task1b_ws/install/hb_task_1b:/home/e-yanthra/eyrc_hb/hb_task1a_ws/install/hb_task_1a:/opt/ros/humble /usr/bin/cmake --build /home/e-yanthra/Documents/ar_ws/build/ign_ros2_control -- -j8 -l8
[5.291s] DEBUG:colcon.colcon_core.event_handler.log_command:Invoking command in '/home/e-yanthra/Documents/ar_ws/build/ign_ros2_control': CMAKE_PREFIX_PATH=${CMAKE_PREFIX_PATH}:/home/e-yanthra/asc/asc_ws/install/locomotion:/home/e-yanthra/robocon/install/listener:/home/e-yanthra/eyrc_hb/hb_task6_ws/install/hb_task6:/home/e-yanthra/eyrc_hb/hb_task5_ws/install/hb_task5b:/home/e-yanthra/eyrc_hb/hb_task5_ws/install/hb_task4b:/home/e-yanthra/eyrc_hb/hb_task4_ws/install/hb_task4b:/home/e-yanthra/eyrc_hb/hb_task_2_ws/install/hb_task2b:/home/e-yanthra/eyrc_hb/hb_task_2_ws/install/hb_task2a:/home/e-yanthra/eyrc_hb/hb_task1b_ws/install/hb_task_1b:/home/e-yanthra/eyrc_hb/hb_task1a_ws/install/hb_task_1a:/opt/ros/humble /usr/bin/cmake --install /home/e-yanthra/Documents/ar_ws/build/ign_ros2_control
[5.322s] Level 1:colcon.colcon_core.environment:create_environment_scripts_only(ign_ros2_control)
[5.324s] DEBUG:colcon.colcon_core.event_handler.log_command:Invoked command in '/home/e-yanthra/Documents/ar_ws/build/ign_ros2_control' returned '0': CMAKE_PREFIX_PATH=${CMAKE_PREFIX_PATH}:/home/e-yanthra/asc/asc_ws/install/locomotion:/home/e-yanthra/robocon/install/listener:/home/e-yanthra/eyrc_hb/hb_task6_ws/install/hb_task6:/home/e-yanthra/eyrc_hb/hb_task5_ws/install/hb_task5b:/home/e-yanthra/eyrc_hb/hb_task5_ws/install/hb_task4b:/home/e-yanthra/eyrc_hb/hb_task4_ws/install/hb_task4b:/home/e-yanthra/eyrc_hb/hb_task_2_ws/install/hb_task2b:/home/e-yanthra/eyrc_hb/hb_task_2_ws/install/hb_task2a:/home/e-yanthra/eyrc_hb/hb_task1b_ws/install/hb_task_1b:/home/e-yanthra/eyrc_hb/hb_task1a_ws/install/hb_task_1a:/opt/ros/humble /usr/bin/cmake --install /home/e-yanthra/Documents/ar_ws/build/ign_ros2_control
[5.375s] Level 1:colcon.colcon_core.environment:checking '/home/e-yanthra/Documents/ar_ws/install/ign_ros2_control' for CMake module files
[5.376s] Level 1:colcon.colcon_core.environment:checking '/home/e-yanthra/Documents/ar_ws/install/ign_ros2_control' for CMake config files
[5.377s] Level 1:colcon.colcon_core.shell:create_environment_hook('ign_ros2_control', 'cmake_prefix_path')
[5.422s] INFO:colcon.colcon_core.shell:Creating environment hook '/home/e-yanthra/Documents/ar_ws/install/ign_ros2_control/share/ign_ros2_control/hook/cmake_prefix_path.ps1'
[5.423s] INFO:colcon.colcon_core.shell:Creating environment descriptor '/home/e-yanthra/Documents/ar_ws/install/ign_ros2_control/share/ign_ros2_control/hook/cmake_prefix_path.dsv'
[5.424s] INFO:colcon.colcon_core.shell:Creating environment hook '/home/e-yanthra/Documents/ar_ws/install/ign_ros2_control/share/ign_ros2_control/hook/cmake_prefix_path.sh'
[5.426s] Level 1:colcon.colcon_core.environment:checking '/home/e-yanthra/Documents/ar_ws/install/ign_ros2_control/lib'
[5.427s] Level 1:colcon.colcon_core.shell:create_environment_hook('ign_ros2_control', 'ld_library_path_lib')
[5.474s] INFO:colcon.colcon_core.shell:Creating environment hook '/home/e-yanthra/Documents/ar_ws/install/ign_ros2_control/share/ign_ros2_control/hook/ld_library_path_lib.ps1'
[5.475s] INFO:colcon.colcon_core.shell:Creating environment descriptor '/home/e-yanthra/Documents/ar_ws/install/ign_ros2_control/share/ign_ros2_control/hook/ld_library_path_lib.dsv'
[5.476s] INFO:colcon.colcon_core.shell:Creating environment hook '/home/e-yanthra/Documents/ar_ws/install/ign_ros2_control/share/ign_ros2_control/hook/ld_library_path_lib.sh'
[5.477s] Level 1:colcon.colcon_core.environment:checking '/home/e-yanthra/Documents/ar_ws/install/ign_ros2_control/bin'
[5.478s] Level 1:colcon.colcon_core.environment:checking '/home/e-yanthra/Documents/ar_ws/install/ign_ros2_control/lib/pkgconfig/ign_ros2_control.pc'
[5.478s] Level 1:colcon.colcon_core.environment:checking '/home/e-yanthra/Documents/ar_ws/install/ign_ros2_control/lib/python3.10/site-packages'
[5.479s] Level 1:colcon.colcon_core.environment:checking '/home/e-yanthra/Documents/ar_ws/install/ign_ros2_control/bin'
[5.524s] INFO:colcon.colcon_core.shell:Creating package script '/home/e-yanthra/Documents/ar_ws/install/ign_ros2_control/share/ign_ros2_control/package.ps1'
[5.526s] INFO:colcon.colcon_core.shell:Creating package descriptor '/home/e-yanthra/Documents/ar_ws/install/ign_ros2_control/share/ign_ros2_control/package.dsv'
[5.527s] INFO:colcon.colcon_core.shell:Creating package script '/home/e-yanthra/Documents/ar_ws/install/ign_ros2_control/share/ign_ros2_control/package.sh'
[5.529s] INFO:colcon.colcon_core.shell:Creating package script '/home/e-yanthra/Documents/ar_ws/install/ign_ros2_control/share/ign_ros2_control/package.bash'
[5.530s] INFO:colcon.colcon_core.shell:Creating package script '/home/e-yanthra/Documents/ar_ws/install/ign_ros2_control/share/ign_ros2_control/package.zsh'
[5.532s] Level 1:colcon.colcon_core.environment:create_file_with_runtime_dependencies(/home/e-yanthra/Documents/ar_ws/install/ign_ros2_control/share/colcon-core/packages/ign_ros2_control)
[5.668s] Level 1:colcon.colcon_core.environment:create_environment_scripts_only(ign_ros2_control)
[5.713s] Level 1:colcon.colcon_core.environment:checking '/home/e-yanthra/Documents/ar_ws/install/ign_ros2_control' for CMake module files
[5.714s] Level 1:colcon.colcon_core.environment:checking '/home/e-yanthra/Documents/ar_ws/install/ign_ros2_control' for CMake config files
[5.714s] Level 1:colcon.colcon_core.shell:create_environment_hook('ign_ros2_control', 'cmake_prefix_path')
[5.753s] INFO:colcon.colcon_core.shell:Creating environment hook '/home/e-yanthra/Documents/ar_ws/install/ign_ros2_control/share/ign_ros2_control/hook/cmake_prefix_path.ps1'
[5.754s] INFO:colcon.colcon_core.shell:Creating environment descriptor '/home/e-yanthra/Documents/ar_ws/install/ign_ros2_control/share/ign_ros2_control/hook/cmake_prefix_path.dsv'
[5.755s] INFO:colcon.colcon_core.shell:Creating environment hook '/home/e-yanthra/Documents/ar_ws/install/ign_ros2_control/share/ign_ros2_control/hook/cmake_prefix_path.sh'
[5.756s] Level 1:colcon.colcon_core.environment:checking '/home/e-yanthra/Documents/ar_ws/install/ign_ros2_control/lib'
[5.756s] Level 1:colcon.colcon_core.shell:create_environment_hook('ign_ros2_control', 'ld_library_path_lib')
[5.796s] INFO:colcon.colcon_core.shell:Creating environment hook '/home/e-yanthra/Documents/ar_ws/install/ign_ros2_control/share/ign_ros2_control/hook/ld_library_path_lib.ps1'
[5.797s] INFO:colcon.colcon_core.shell:Creating environment descriptor '/home/e-yanthra/Documents/ar_ws/install/ign_ros2_control/share/ign_ros2_control/hook/ld_library_path_lib.dsv'
[5.797s] INFO:colcon.colcon_core.shell:Creating environment hook '/home/e-yanthra/Documents/ar_ws/install/ign_ros2_control/share/ign_ros2_control/hook/ld_library_path_lib.sh'
[5.798s] Level 1:colcon.colcon_core.environment:checking '/home/e-yanthra/Documents/ar_ws/install/ign_ros2_control/bin'
[5.798s] Level 1:colcon.colcon_core.environment:checking '/home/e-yanthra/Documents/ar_ws/install/ign_ros2_control/lib/pkgconfig/ign_ros2_control.pc'
[5.799s] Level 1:colcon.colcon_core.environment:checking '/home/e-yanthra/Documents/ar_ws/install/ign_ros2_control/lib/python3.10/site-packages'
[5.799s] Level 1:colcon.colcon_core.environment:checking '/home/e-yanthra/Documents/ar_ws/install/ign_ros2_control/bin'
[5.846s] INFO:colcon.colcon_core.shell:Creating package script '/home/e-yanthra/Documents/ar_ws/install/ign_ros2_control/share/ign_ros2_control/package.ps1'
[5.847s] INFO:colcon.colcon_core.shell:Creating package descriptor '/home/e-yanthra/Documents/ar_ws/install/ign_ros2_control/share/ign_ros2_control/package.dsv'
[5.848s] INFO:colcon.colcon_core.shell:Creating package script '/home/e-yanthra/Documents/ar_ws/install/ign_ros2_control/share/ign_ros2_control/package.sh'
[5.849s] INFO:colcon.colcon_core.shell:Creating package script '/home/e-yanthra/Documents/ar_ws/install/ign_ros2_control/share/ign_ros2_control/package.bash'
[5.850s] INFO:colcon.colcon_core.shell:Creating package script '/home/e-yanthra/Documents/ar_ws/install/ign_ros2_control/share/ign_ros2_control/package.zsh'
[5.851s] Level 1:colcon.colcon_core.environment:create_file_with_runtime_dependencies(/home/e-yanthra/Documents/ar_ws/install/ign_ros2_control/share/colcon-core/packages/ign_ros2_control)
[5.852s] INFO:colcon.colcon_ros.task.ament_cmake.build:Building ROS package in '/home/e-yanthra/Documents/ar_ws/navigation2_ignition_gazebo_example/src/gz_ros2_control/gz_ros2_control_tests' with build type 'ament_cmake'
[5.852s] INFO:colcon.colcon_cmake.task.cmake.build:Building CMake package in '/home/e-yanthra/Documents/ar_ws/navigation2_ignition_gazebo_example/src/gz_ros2_control/gz_ros2_control_tests'
[5.902s] INFO:colcon.colcon_core.shell:Skip shell extension 'powershell' for command environment: Not usable outside of PowerShell
[5.902s] DEBUG:colcon.colcon_core.shell:Skip shell extension 'dsv' for command environment
[6.377s] INFO:colcon.colcon_ros.task.ament_cmake.build:Building ROS package in '/home/e-yanthra/Documents/ar_ws/navigation2_ignition_gazebo_example/src/gz_ros2_control/ign_ros2_control_demos' with build type 'ament_cmake'
[6.378s] INFO:colcon.colcon_cmake.task.cmake.build:Building CMake package in '/home/e-yanthra/Documents/ar_ws/navigation2_ignition_gazebo_example/src/gz_ros2_control/ign_ros2_control_demos'
[6.424s] INFO:colcon.colcon_core.shell:Skip shell extension 'powershell' for command environment: Not usable outside of PowerShell
[6.424s] DEBUG:colcon.colcon_core.shell:Skip shell extension 'dsv' for command environment
[6.943s] INFO:colcon.colcon_ros.task.ament_cmake.build:Building ROS package in '/home/e-yanthra/Documents/ar_ws/navigation2_ignition_gazebo_example/src/sam_bot_nav2_gz' with build type 'ament_cmake'
[6.944s] INFO:colcon.colcon_cmake.task.cmake.build:Building CMake package in '/home/e-yanthra/Documents/ar_ws/navigation2_ignition_gazebo_example/src/sam_bot_nav2_gz'
[6.986s] INFO:colcon.colcon_core.shell:Skip shell extension 'powershell' for command environment: Not usable outside of PowerShell
[6.986s] DEBUG:colcon.colcon_core.shell:Skip shell extension 'dsv' for command environment
[7.448s] DEBUG:colcon.colcon_core.event_handler.log_command:Invoking command in '/home/e-yanthra/Documents/ar_ws/build/gz_ros2_control_tests': CMAKE_PREFIX_PATH=/home/e-yanthra/Documents/ar_ws/install/ign_ros2_control:/home/e-yanthra/Documents/ar_ws/install/sam_bot_nav2_gz:/home/e-yanthra/Documents/ar_ws/install/navi_test:/home/e-yanthra/Documents/ar_ws/install/ign_ros2_control_demos:/home/e-yanthra/Documents/ar_ws/install/gz_ros2_control_tests:/home/e-yanthra/asc/asc_ws/install/rplidar_ros:/home/e-yanthra/eyrc_hb/hb_task6_ws/install/my_robot_interfaces:/home/e-yanthra/eyrc_hb/hb_task5_ws/install/my_robot_interfaces:/home/e-yanthra/eyrc_hb/hb_task4_ws/install/my_robot_interfaces:/home/e-yanthra/eyrc_hb/hb_task_2_ws/install/my_robot_interfaces:/home/e-yanthra/eyrc_hb/hb_task_2_ws/install/hb_world:/home/e-yanthra/eyrc_hb/hb_task_2_ws/install/hb_bot:/home/e-yanthra/eyrc_hb/hb_task1b_ws/install/my_robot_interfaces:/home/e-yanthra/eyrc_hb/hb_task1a_ws/install/turtlesim:/home/e-yanthra/asc/asc_ws/install/locomotion:/home/e-yanthra/robocon/install/listener:/home/e-yanthra/eyrc_hb/hb_task6_ws/install/hb_task6:/home/e-yanthra/eyrc_hb/hb_task5_ws/install/hb_task5b:/home/e-yanthra/eyrc_hb/hb_task5_ws/install/hb_task4b:/home/e-yanthra/eyrc_hb/hb_task4_ws/install/hb_task4b:/home/e-yanthra/eyrc_hb/hb_task_2_ws/install/hb_task2b:/home/e-yanthra/eyrc_hb/hb_task_2_ws/install/hb_task2a:/home/e-yanthra/eyrc_hb/hb_task1b_ws/install/hb_task_1b:/home/e-yanthra/eyrc_hb/hb_task1a_ws/install/hb_task_1a:/opt/ros/humble /usr/bin/cmake --build /home/e-yanthra/Documents/ar_ws/build/gz_ros2_control_tests -- -j8 -l8
[7.464s] DEBUG:colcon.colcon_core.event_handler.log_command:Invoking command in '/home/e-yanthra/Documents/ar_ws/build/ign_ros2_control_demos': CMAKE_PREFIX_PATH=/home/e-yanthra/Documents/ar_ws/install/ign_ros2_control:/home/e-yanthra/Documents/ar_ws/install/sam_bot_nav2_gz:/home/e-yanthra/Documents/ar_ws/install/navi_test:/home/e-yanthra/Documents/ar_ws/install/ign_ros2_control_demos:/home/e-yanthra/Documents/ar_ws/install/gz_ros2_control_tests:/home/e-yanthra/asc/asc_ws/install/rplidar_ros:/home/e-yanthra/eyrc_hb/hb_task6_ws/install/my_robot_interfaces:/home/e-yanthra/eyrc_hb/hb_task5_ws/install/my_robot_interfaces:/home/e-yanthra/eyrc_hb/hb_task4_ws/install/my_robot_interfaces:/home/e-yanthra/eyrc_hb/hb_task_2_ws/install/my_robot_interfaces:/home/e-yanthra/eyrc_hb/hb_task_2_ws/install/hb_world:/home/e-yanthra/eyrc_hb/hb_task_2_ws/install/hb_bot:/home/e-yanthra/eyrc_hb/hb_task1b_ws/install/my_robot_interfaces:/home/e-yanthra/eyrc_hb/hb_task1a_ws/install/turtlesim:/home/e-yanthra/asc/asc_ws/install/locomotion:/home/e-yanthra/robocon/install/listener:/home/e-yanthra/eyrc_hb/hb_task6_ws/install/hb_task6:/home/e-yanthra/eyrc_hb/hb_task5_ws/install/hb_task5b:/home/e-yanthra/eyrc_hb/hb_task5_ws/install/hb_task4b:/home/e-yanthra/eyrc_hb/hb_task4_ws/install/hb_task4b:/home/e-yanthra/eyrc_hb/hb_task_2_ws/install/hb_task2b:/home/e-yanthra/eyrc_hb/hb_task_2_ws/install/hb_task2a:/home/e-yanthra/eyrc_hb/hb_task1b_ws/install/hb_task_1b:/home/e-yanthra/eyrc_hb/hb_task1a_ws/install/hb_task_1a:/opt/ros/humble /usr/bin/cmake --build /home/e-yanthra/Documents/ar_ws/build/ign_ros2_control_demos -- -j8 -l8
[7.467s] DEBUG:colcon.colcon_core.event_handler.log_command:Invoking command in '/home/e-yanthra/Documents/ar_ws/build/sam_bot_nav2_gz': CMAKE_PREFIX_PATH=/home/e-yanthra/Documents/ar_ws/install/ign_ros2_control:/home/e-yanthra/Documents/ar_ws/install/sam_bot_nav2_gz:/home/e-yanthra/Documents/ar_ws/install/navi_test:/home/e-yanthra/Documents/ar_ws/install/ign_ros2_control_demos:/home/e-yanthra/Documents/ar_ws/install/gz_ros2_control_tests:/home/e-yanthra/asc/asc_ws/install/rplidar_ros:/home/e-yanthra/eyrc_hb/hb_task6_ws/install/my_robot_interfaces:/home/e-yanthra/eyrc_hb/hb_task5_ws/install/my_robot_interfaces:/home/e-yanthra/eyrc_hb/hb_task4_ws/install/my_robot_interfaces:/home/e-yanthra/eyrc_hb/hb_task_2_ws/install/my_robot_interfaces:/home/e-yanthra/eyrc_hb/hb_task_2_ws/install/hb_world:/home/e-yanthra/eyrc_hb/hb_task_2_ws/install/hb_bot:/home/e-yanthra/eyrc_hb/hb_task1b_ws/install/my_robot_interfaces:/home/e-yanthra/eyrc_hb/hb_task1a_ws/install/turtlesim:/home/e-yanthra/asc/asc_ws/install/locomotion:/home/e-yanthra/robocon/install/listener:/home/e-yanthra/eyrc_hb/hb_task6_ws/install/hb_task6:/home/e-yanthra/eyrc_hb/hb_task5_ws/install/hb_task5b:/home/e-yanthra/eyrc_hb/hb_task5_ws/install/hb_task4b:/home/e-yanthra/eyrc_hb/hb_task4_ws/install/hb_task4b:/home/e-yanthra/eyrc_hb/hb_task_2_ws/install/hb_task2b:/home/e-yanthra/eyrc_hb/hb_task_2_ws/install/hb_task2a:/home/e-yanthra/eyrc_hb/hb_task1b_ws/install/hb_task_1b:/home/e-yanthra/eyrc_hb/hb_task1a_ws/install/hb_task_1a:/opt/ros/humble /usr/bin/cmake --build /home/e-yanthra/Documents/ar_ws/build/sam_bot_nav2_gz -- -j8 -l8
[7.584s] DEBUG:colcon.colcon_core.event_handler.log_command:Invoked command in '/home/e-yanthra/Documents/ar_ws/build/sam_bot_nav2_gz' returned '0': CMAKE_PREFIX_PATH=/home/e-yanthra/Documents/ar_ws/install/ign_ros2_control:/home/e-yanthra/Documents/ar_ws/install/sam_bot_nav2_gz:/home/e-yanthra/Documents/ar_ws/install/navi_test:/home/e-yanthra/Documents/ar_ws/install/ign_ros2_control_demos:/home/e-yanthra/Documents/ar_ws/install/gz_ros2_control_tests:/home/e-yanthra/asc/asc_ws/install/rplidar_ros:/home/e-yanthra/eyrc_hb/hb_task6_ws/install/my_robot_interfaces:/home/e-yanthra/eyrc_hb/hb_task5_ws/install/my_robot_interfaces:/home/e-yanthra/eyrc_hb/hb_task4_ws/install/my_robot_interfaces:/home/e-yanthra/eyrc_hb/hb_task_2_ws/install/my_robot_interfaces:/home/e-yanthra/eyrc_hb/hb_task_2_ws/install/hb_world:/home/e-yanthra/eyrc_hb/hb_task_2_ws/install/hb_bot:/home/e-yanthra/eyrc_hb/hb_task1b_ws/install/my_robot_interfaces:/home/e-yanthra/eyrc_hb/hb_task1a_ws/install/turtlesim:/home/e-yanthra/asc/asc_ws/install/locomotion:/home/e-yanthra/robocon/install/listener:/home/e-yanthra/eyrc_hb/hb_task6_ws/install/hb_task6:/home/e-yanthra/eyrc_hb/hb_task5_ws/install/hb_task5b:/home/e-yanthra/eyrc_hb/hb_task5_ws/install/hb_task4b:/home/e-yanthra/eyrc_hb/hb_task4_ws/install/hb_task4b:/home/e-yanthra/eyrc_hb/hb_task_2_ws/install/hb_task2b:/home/e-yanthra/eyrc_hb/hb_task_2_ws/install/hb_task2a:/home/e-yanthra/eyrc_hb/hb_task1b_ws/install/hb_task_1b:/home/e-yanthra/eyrc_hb/hb_task1a_ws/install/hb_task_1a:/opt/ros/humble /usr/bin/cmake --build /home/e-yanthra/Documents/ar_ws/build/sam_bot_nav2_gz -- -j8 -l8
[7.629s] DEBUG:colcon.colcon_core.event_handler.log_command:Invoked command in '/home/e-yanthra/Documents/ar_ws/build/navi_test' returned '2': CMAKE_PREFIX_PATH=${CMAKE_PREFIX_PATH}:/home/e-yanthra/asc/asc_ws/install/locomotion:/home/e-yanthra/robocon/install/listener:/home/e-yanthra/eyrc_hb/hb_task6_ws/install/hb_task6:/home/e-yanthra/eyrc_hb/hb_task5_ws/install/hb_task5b:/home/e-yanthra/eyrc_hb/hb_task5_ws/install/hb_task4b:/home/e-yanthra/eyrc_hb/hb_task4_ws/install/hb_task4b:/home/e-yanthra/eyrc_hb/hb_task_2_ws/install/hb_task2b:/home/e-yanthra/eyrc_hb/hb_task_2_ws/install/hb_task2a:/home/e-yanthra/eyrc_hb/hb_task1b_ws/install/hb_task_1b:/home/e-yanthra/eyrc_hb/hb_task1a_ws/install/hb_task_1a:/opt/ros/humble /usr/bin/cmake --build /home/e-yanthra/Documents/ar_ws/build/navi_test -- -j8 -l8
[7.680s] DEBUG:colcon.colcon_core.event_handler.log_command:Invoked command in '/home/e-yanthra/Documents/ar_ws/build/gz_ros2_control_tests' returned '0': CMAKE_PREFIX_PATH=/home/e-yanthra/Documents/ar_ws/install/ign_ros2_control:/home/e-yanthra/Documents/ar_ws/install/sam_bot_nav2_gz:/home/e-yanthra/Documents/ar_ws/install/navi_test:/home/e-yanthra/Documents/ar_ws/install/ign_ros2_control_demos:/home/e-yanthra/Documents/ar_ws/install/gz_ros2_control_tests:/home/e-yanthra/asc/asc_ws/install/rplidar_ros:/home/e-yanthra/eyrc_hb/hb_task6_ws/install/my_robot_interfaces:/home/e-yanthra/eyrc_hb/hb_task5_ws/install/my_robot_interfaces:/home/e-yanthra/eyrc_hb/hb_task4_ws/install/my_robot_interfaces:/home/e-yanthra/eyrc_hb/hb_task_2_ws/install/my_robot_interfaces:/home/e-yanthra/eyrc_hb/hb_task_2_ws/install/hb_world:/home/e-yanthra/eyrc_hb/hb_task_2_ws/install/hb_bot:/home/e-yanthra/eyrc_hb/hb_task1b_ws/install/my_robot_interfaces:/home/e-yanthra/eyrc_hb/hb_task1a_ws/install/turtlesim:/home/e-yanthra/asc/asc_ws/install/locomotion:/home/e-yanthra/robocon/install/listener:/home/e-yanthra/eyrc_hb/hb_task6_ws/install/hb_task6:/home/e-yanthra/eyrc_hb/hb_task5_ws/install/hb_task5b:/home/e-yanthra/eyrc_hb/hb_task5_ws/install/hb_task4b:/home/e-yanthra/eyrc_hb/hb_task4_ws/install/hb_task4b:/home/e-yanthra/eyrc_hb/hb_task_2_ws/install/hb_task2b:/home/e-yanthra/eyrc_hb/hb_task_2_ws/install/hb_task2a:/home/e-yanthra/eyrc_hb/hb_task1b_ws/install/hb_task_1b:/home/e-yanthra/eyrc_hb/hb_task1a_ws/install/hb_task_1a:/opt/ros/humble /usr/bin/cmake --build /home/e-yanthra/Documents/ar_ws/build/gz_ros2_control_tests -- -j8 -l8
[7.716s] DEBUG:colcon.colcon_core.event_handler.log_command:Invoking command in '/home/e-yanthra/Documents/ar_ws/build/sam_bot_nav2_gz': CMAKE_PREFIX_PATH=/home/e-yanthra/Documents/ar_ws/install/ign_ros2_control:/home/e-yanthra/Documents/ar_ws/install/sam_bot_nav2_gz:/home/e-yanthra/Documents/ar_ws/install/navi_test:/home/e-yanthra/Documents/ar_ws/install/ign_ros2_control_demos:/home/e-yanthra/Documents/ar_ws/install/gz_ros2_control_tests:/home/e-yanthra/asc/asc_ws/install/rplidar_ros:/home/e-yanthra/eyrc_hb/hb_task6_ws/install/my_robot_interfaces:/home/e-yanthra/eyrc_hb/hb_task5_ws/install/my_robot_interfaces:/home/e-yanthra/eyrc_hb/hb_task4_ws/install/my_robot_interfaces:/home/e-yanthra/eyrc_hb/hb_task_2_ws/install/my_robot_interfaces:/home/e-yanthra/eyrc_hb/hb_task_2_ws/install/hb_world:/home/e-yanthra/eyrc_hb/hb_task_2_ws/install/hb_bot:/home/e-yanthra/eyrc_hb/hb_task1b_ws/install/my_robot_interfaces:/home/e-yanthra/eyrc_hb/hb_task1a_ws/install/turtlesim:/home/e-yanthra/asc/asc_ws/install/locomotion:/home/e-yanthra/robocon/install/listener:/home/e-yanthra/eyrc_hb/hb_task6_ws/install/hb_task6:/home/e-yanthra/eyrc_hb/hb_task5_ws/install/hb_task5b:/home/e-yanthra/eyrc_hb/hb_task5_ws/install/hb_task4b:/home/e-yanthra/eyrc_hb/hb_task4_ws/install/hb_task4b:/home/e-yanthra/eyrc_hb/hb_task_2_ws/install/hb_task2b:/home/e-yanthra/eyrc_hb/hb_task_2_ws/install/hb_task2a:/home/e-yanthra/eyrc_hb/hb_task1b_ws/install/hb_task_1b:/home/e-yanthra/eyrc_hb/hb_task1a_ws/install/hb_task_1a:/opt/ros/humble /usr/bin/cmake --install /home/e-yanthra/Documents/ar_ws/build/sam_bot_nav2_gz
[7.757s] Level 1:colcon.colcon_core.environment:create_environment_scripts_only(sam_bot_nav2_gz)
[7.791s] DEBUG:colcon.colcon_core.event_handler.log_command:Invoked command in '/home/e-yanthra/Documents/ar_ws/build/sam_bot_nav2_gz' returned '0': CMAKE_PREFIX_PATH=/home/e-yanthra/Documents/ar_ws/install/ign_ros2_control:/home/e-yanthra/Documents/ar_ws/install/sam_bot_nav2_gz:/home/e-yanthra/Documents/ar_ws/install/navi_test:/home/e-yanthra/Documents/ar_ws/install/ign_ros2_control_demos:/home/e-yanthra/Documents/ar_ws/install/gz_ros2_control_tests:/home/e-yanthra/asc/asc_ws/install/rplidar_ros:/home/e-yanthra/eyrc_hb/hb_task6_ws/install/my_robot_interfaces:/home/e-yanthra/eyrc_hb/hb_task5_ws/install/my_robot_interfaces:/home/e-yanthra/eyrc_hb/hb_task4_ws/install/my_robot_interfaces:/home/e-yanthra/eyrc_hb/hb_task_2_ws/install/my_robot_interfaces:/home/e-yanthra/eyrc_hb/hb_task_2_ws/install/hb_world:/home/e-yanthra/eyrc_hb/hb_task_2_ws/install/hb_bot:/home/e-yanthra/eyrc_hb/hb_task1b_ws/install/my_robot_interfaces:/home/e-yanthra/eyrc_hb/hb_task1a_ws/install/turtlesim:/home/e-yanthra/asc/asc_ws/install/locomotion:/home/e-yanthra/robocon/install/listener:/home/e-yanthra/eyrc_hb/hb_task6_ws/install/hb_task6:/home/e-yanthra/eyrc_hb/hb_task5_ws/install/hb_task5b:/home/e-yanthra/eyrc_hb/hb_task5_ws/install/hb_task4b:/home/e-yanthra/eyrc_hb/hb_task4_ws/install/hb_task4b:/home/e-yanthra/eyrc_hb/hb_task_2_ws/install/hb_task2b:/home/e-yanthra/eyrc_hb/hb_task_2_ws/install/hb_task2a:/home/e-yanthra/eyrc_hb/hb_task1b_ws/install/hb_task_1b:/home/e-yanthra/eyrc_hb/hb_task1a_ws/install/hb_task_1a:/opt/ros/humble /usr/bin/cmake --install /home/e-yanthra/Documents/ar_ws/build/sam_bot_nav2_gz
[7.834s] Level 1:colcon.colcon_core.environment:checking '/home/e-yanthra/Documents/ar_ws/install/sam_bot_nav2_gz' for CMake module files
[7.836s] Level 1:colcon.colcon_core.environment:checking '/home/e-yanthra/Documents/ar_ws/install/sam_bot_nav2_gz' for CMake config files
[7.838s] Level 1:colcon.colcon_core.shell:create_environment_hook('sam_bot_nav2_gz', 'cmake_prefix_path')
[7.887s] INFO:colcon.colcon_core.shell:Creating environment hook '/home/e-yanthra/Documents/ar_ws/install/sam_bot_nav2_gz/share/sam_bot_nav2_gz/hook/cmake_prefix_path.ps1'
[7.888s] INFO:colcon.colcon_core.shell:Creating environment descriptor '/home/e-yanthra/Documents/ar_ws/install/sam_bot_nav2_gz/share/sam_bot_nav2_gz/hook/cmake_prefix_path.dsv'
[7.889s] INFO:colcon.colcon_core.shell:Creating environment hook '/home/e-yanthra/Documents/ar_ws/install/sam_bot_nav2_gz/share/sam_bot_nav2_gz/hook/cmake_prefix_path.sh'
[7.890s] Level 1:colcon.colcon_core.environment:checking '/home/e-yanthra/Documents/ar_ws/install/sam_bot_nav2_gz/lib'
[7.890s] Level 1:colcon.colcon_core.environment:checking '/home/e-yanthra/Documents/ar_ws/install/sam_bot_nav2_gz/bin'
[7.891s] Level 1:colcon.colcon_core.environment:checking '/home/e-yanthra/Documents/ar_ws/install/sam_bot_nav2_gz/lib/pkgconfig/sam_bot_nav2_gz.pc'
[7.891s] Level 1:colcon.colcon_core.environment:checking '/home/e-yanthra/Documents/ar_ws/install/sam_bot_nav2_gz/lib/python3.10/site-packages'
[7.892s] Level 1:colcon.colcon_core.environment:checking '/home/e-yanthra/Documents/ar_ws/install/sam_bot_nav2_gz/bin'
[7.934s] INFO:colcon.colcon_core.shell:Creating package script '/home/e-yanthra/Documents/ar_ws/install/sam_bot_nav2_gz/share/sam_bot_nav2_gz/package.ps1'
[7.935s] INFO:colcon.colcon_core.shell:Creating package descriptor '/home/e-yanthra/Documents/ar_ws/install/sam_bot_nav2_gz/share/sam_bot_nav2_gz/package.dsv'
[7.937s] INFO:colcon.colcon_core.shell:Creating package script '/home/e-yanthra/Documents/ar_ws/install/sam_bot_nav2_gz/share/sam_bot_nav2_gz/package.sh'
[7.938s] INFO:colcon.colcon_core.shell:Creating package script '/home/e-yanthra/Documents/ar_ws/install/sam_bot_nav2_gz/share/sam_bot_nav2_gz/package.bash'
[7.938s] INFO:colcon.colcon_core.shell:Creating package script '/home/e-yanthra/Documents/ar_ws/install/sam_bot_nav2_gz/share/sam_bot_nav2_gz/package.zsh'
[7.939s] Level 1:colcon.colcon_core.environment:create_file_with_runtime_dependencies(/home/e-yanthra/Documents/ar_ws/install/sam_bot_nav2_gz/share/colcon-core/packages/sam_bot_nav2_gz)
[7.999s] Level 1:colcon.colcon_core.environment:create_environment_scripts_only(navi_test)
[8.041s] Level 1:colcon.colcon_core.environment:checking '/home/e-yanthra/Documents/ar_ws/install/navi_test' for CMake module files
[8.042s] Level 1:colcon.colcon_core.environment:checking '/home/e-yanthra/Documents/ar_ws/install/navi_test' for CMake config files
[8.042s] Level 1:colcon.colcon_core.shell:create_environment_hook('navi_test', 'cmake_prefix_path')
[8.086s] INFO:colcon.colcon_core.shell:Creating environment hook '/home/e-yanthra/Documents/ar_ws/install/navi_test/share/navi_test/hook/cmake_prefix_path.ps1'
[8.087s] INFO:colcon.colcon_core.shell:Creating environment descriptor '/home/e-yanthra/Documents/ar_ws/install/navi_test/share/navi_test/hook/cmake_prefix_path.dsv'
[8.088s] INFO:colcon.colcon_core.shell:Creating environment hook '/home/e-yanthra/Documents/ar_ws/install/navi_test/share/navi_test/hook/cmake_prefix_path.sh'
[8.089s] Level 1:colcon.colcon_core.environment:checking '/home/e-yanthra/Documents/ar_ws/install/navi_test/lib'
[8.090s] Level 1:colcon.colcon_core.environment:checking '/home/e-yanthra/Documents/ar_ws/install/navi_test/bin'
[8.090s] Level 1:colcon.colcon_core.environment:checking '/home/e-yanthra/Documents/ar_ws/install/navi_test/lib/pkgconfig/navi_test.pc'
[8.090s] Level 1:colcon.colcon_core.environment:checking '/home/e-yanthra/Documents/ar_ws/install/navi_test/lib/python3.10/site-packages'
[8.091s] Level 1:colcon.colcon_core.environment:checking '/home/e-yanthra/Documents/ar_ws/install/navi_test/bin'
[8.129s] INFO:colcon.colcon_core.shell:Creating package script '/home/e-yanthra/Documents/ar_ws/install/navi_test/share/navi_test/package.ps1'
[8.130s] INFO:colcon.colcon_core.shell:Creating package descriptor '/home/e-yanthra/Documents/ar_ws/install/navi_test/share/navi_test/package.dsv'
[8.131s] INFO:colcon.colcon_core.shell:Creating package script '/home/e-yanthra/Documents/ar_ws/install/navi_test/share/navi_test/package.sh'
[8.132s] INFO:colcon.colcon_core.shell:Creating package script '/home/e-yanthra/Documents/ar_ws/install/navi_test/share/navi_test/package.bash'
[8.133s] INFO:colcon.colcon_core.shell:Creating package script '/home/e-yanthra/Documents/ar_ws/install/navi_test/share/navi_test/package.zsh'
[8.134s] Level 1:colcon.colcon_core.environment:create_file_with_runtime_dependencies(/home/e-yanthra/Documents/ar_ws/install/navi_test/share/colcon-core/packages/navi_test)
[8.141s] DEBUG:colcon.colcon_core.event_handler.log_command:Invoking command in '/home/e-yanthra/Documents/ar_ws/build/gz_ros2_control_tests': CMAKE_PREFIX_PATH=/home/e-yanthra/Documents/ar_ws/install/ign_ros2_control:/home/e-yanthra/Documents/ar_ws/install/sam_bot_nav2_gz:/home/e-yanthra/Documents/ar_ws/install/navi_test:/home/e-yanthra/Documents/ar_ws/install/ign_ros2_control_demos:/home/e-yanthra/Documents/ar_ws/install/gz_ros2_control_tests:/home/e-yanthra/asc/asc_ws/install/rplidar_ros:/home/e-yanthra/eyrc_hb/hb_task6_ws/install/my_robot_interfaces:/home/e-yanthra/eyrc_hb/hb_task5_ws/install/my_robot_interfaces:/home/e-yanthra/eyrc_hb/hb_task4_ws/install/my_robot_interfaces:/home/e-yanthra/eyrc_hb/hb_task_2_ws/install/my_robot_interfaces:/home/e-yanthra/eyrc_hb/hb_task_2_ws/install/hb_world:/home/e-yanthra/eyrc_hb/hb_task_2_ws/install/hb_bot:/home/e-yanthra/eyrc_hb/hb_task1b_ws/install/my_robot_interfaces:/home/e-yanthra/eyrc_hb/hb_task1a_ws/install/turtlesim:/home/e-yanthra/asc/asc_ws/install/locomotion:/home/e-yanthra/robocon/install/listener:/home/e-yanthra/eyrc_hb/hb_task6_ws/install/hb_task6:/home/e-yanthra/eyrc_hb/hb_task5_ws/install/hb_task5b:/home/e-yanthra/eyrc_hb/hb_task5_ws/install/hb_task4b:/home/e-yanthra/eyrc_hb/hb_task4_ws/install/hb_task4b:/home/e-yanthra/eyrc_hb/hb_task_2_ws/install/hb_task2b:/home/e-yanthra/eyrc_hb/hb_task_2_ws/install/hb_task2a:/home/e-yanthra/eyrc_hb/hb_task1b_ws/install/hb_task_1b:/home/e-yanthra/eyrc_hb/hb_task1a_ws/install/hb_task_1a:/opt/ros/humble /usr/bin/cmake --install /home/e-yanthra/Documents/ar_ws/build/gz_ros2_control_tests
[8.152s] DEBUG:colcon.colcon_parallel_executor.executor.parallel:closing loop
[8.152s] DEBUG:colcon.colcon_parallel_executor.executor.parallel:loop closed
[8.153s] DEBUG:colcon.colcon_parallel_executor.executor.parallel:run_until_complete finished with '2'
[8.153s] DEBUG:colcon.colcon_core.event_reactor:joining thread
[8.208s] INFO:colcon.colcon_core.plugin_system:Skipping extension 'colcon_notification.desktop_notification.notify_send': Could not find 'notify-send'
[8.209s] INFO:colcon.colcon_core.plugin_system:Skipping extension 'colcon_notification.desktop_notification.terminal_notifier': Not used on non-Darwin systems
[8.209s] INFO:colcon.colcon_core.plugin_system:Skipping extension 'colcon_notification.desktop_notification.win32': Not used on non-Windows systems
[8.209s] INFO:colcon.colcon_notification.desktop_notification:Sending desktop notification using 'notify2'
[8.227s] DEBUG:colcon.colcon_core.event_reactor:joined thread
[8.270s] INFO:colcon.colcon_core.shell:Creating prefix script '/home/e-yanthra/Documents/ar_ws/install/local_setup.ps1'
[8.273s] INFO:colcon.colcon_core.shell:Creating prefix util module '/home/e-yanthra/Documents/ar_ws/install/_local_setup_util_ps1.py'
[8.275s] INFO:colcon.colcon_core.shell:Creating prefix chain script '/home/e-yanthra/Documents/ar_ws/install/setup.ps1'
[8.320s] INFO:colcon.colcon_core.shell:Creating prefix script '/home/e-yanthra/Documents/ar_ws/install/local_setup.sh'
[8.321s] INFO:colcon.colcon_core.shell:Creating prefix util module '/home/e-yanthra/Documents/ar_ws/install/_local_setup_util_sh.py'
[8.323s] INFO:colcon.colcon_core.shell:Creating prefix chain script '/home/e-yanthra/Documents/ar_ws/install/setup.sh'
[8.369s] INFO:colcon.colcon_core.shell:Creating prefix script '/home/e-yanthra/Documents/ar_ws/install/local_setup.bash'
[8.370s] INFO:colcon.colcon_core.shell:Creating prefix chain script '/home/e-yanthra/Documents/ar_ws/install/setup.bash'
[8.413s] INFO:colcon.colcon_core.shell:Creating prefix script '/home/e-yanthra/Documents/ar_ws/install/local_setup.zsh'
[8.414s] INFO:colcon.colcon_core.shell:Creating prefix chain script '/home/e-yanthra/Documents/ar_ws/install/setup.zsh'
